2026-04-12 18:40:33,850 P1479894 INFO ---- Model: ----mestgad-9b30aea5----train : True----evaluate : False
2026-04-12 18:40:33,854 P1479894 INFO read Tranform data
2026-04-12 18:40:49,560 P1479894 INFO read Graph edge data
2026-04-12 18:40:53,783 P1479894 INFO model : init weight
2026-04-12 18:40:53,785 P1479894 INFO Using GPU...
2026-04-12 18:40:53,792 P1479894 INFO optimizer : using AdaBelief
2026-04-12 18:40:53,792 P1479894 INFO ----------------------------------------------------------------------------------------------------
2026-04-12 18:40:53,792 P1479894 INFO 0/300 starting... lr: 0.001 para:1.0
2026-04-12 18:41:41,464 P1479894 INFO Epoch 0/300, all_loss:49.45605 cls_loss:274.52213 rec_loss:49.53092 [47.60s]; best loss:49.45605, patience : 0
2026-04-12 18:41:41,465 P1479894 INFO ----------------------------------------------------------------------------------------------------
2026-04-12 18:41:41,465 P1479894 INFO 1/300 starting... lr: 0.001 para:0.5
2026-04-12 18:42:28,472 P1479894 INFO Epoch 1/300, all_loss:28.00183 cls_loss:13.52642 rec_loss:42.63313 [46.98s]; best loss:28.00183, patience : 0
2026-04-12 18:42:28,473 P1479894 INFO ----------------------------------------------------------------------------------------------------
2026-04-12 18:42:28,473 P1479894 INFO 2/300 starting... lr: 0.001 para:0.3333333432674408
2026-04-12 18:43:15,301 P1479894 INFO Epoch 2/300, all_loss:128.87497 cls_loss:172.67561 rec_loss:41.51226 [46.83s]; best loss:28.00183, patience : 1
2026-04-12 18:43:17,699 P1479894 INFO pr:0.0000  rc:0.0000  auc:0.7626 ap:0.7074 f1: 0.0000 pred_right: 39000 pred_wrong: 0  actu_right: 38603 actu_wrong: 397
2026-04-12 18:43:18,743 P1479894 INFO pr:0.0000  rc:0.0000  auc:0.8106 ap:0.6945 f1: 0.0000 pred_right: 16500 pred_wrong: 0  actu_right: 16371 actu_wrong: 129
2026-04-12 18:43:18,752 P1479894 INFO ----------------------------------------------------------------------------------------------------
2026-04-12 18:43:18,752 P1479894 INFO 3/300 starting... lr: 0.001 para:0.25
2026-04-12 18:44:05,489 P1479894 INFO Epoch 3/300, all_loss:114.69222 cls_loss:139.23145 rec_loss:41.39508 [46.74s]; best loss:28.00183, patience : 1
2026-04-12 18:44:07,921 P1479894 INFO pr:0.9615  rc:0.1266  auc:0.8038 ap:0.7785 f1: 0.2237 pred_right: 38948 pred_wrong:52 actu_right: 38605 actu_wrong: 395
2026-04-12 18:44:08,934 P1479894 INFO pr:1.0000  rc:0.1550  auc:0.8731 ap:0.7994 f1: 0.2685 pred_right: 16480 pred_wrong:20 actu_right: 16371 actu_wrong: 129
2026-04-12 18:44:08,943 P1479894 INFO ----------------------------------------------------------------------------------------------------
2026-04-12 18:44:08,943 P1479894 INFO 4/300 starting... lr: 0.001 para:0.20000000298023224
2026-04-12 18:44:55,454 P1479894 INFO Epoch 4/300, all_loss:9.88921 cls_loss:2.11645 rec_loss:41.38202 [46.48s]; best loss:9.88921, patience : 0
2026-04-12 18:44:57,887 P1479894 INFO pr:0.9649  rc:0.2778  auc:0.8927 ap:0.8316 f1: 0.4314 pred_right: 38886 pred_wrong:114 actu_right: 38604 actu_wrong: 396
2026-04-12 18:44:58,827 P1479894 INFO pr:0.9375  rc:0.2326  auc:0.9261 ap:0.8243 f1: 0.3727 pred_right: 16468 pred_wrong:32 actu_right: 16371 actu_wrong: 129
2026-04-12 18:44:58,836 P1479894 INFO ----------------------------------------------------------------------------------------------------
2026-04-12 18:44:58,836 P1479894 INFO 5/300 starting... lr: 0.001 para:0.1666666716337204
2026-04-12 18:45:45,293 P1479894 INFO Epoch 5/300, all_loss:18.44063 cls_loss:13.96603 rec_loss:41.29614 [46.46s]; best loss:9.88921, patience : 1
2026-04-12 18:45:47,645 P1479894 INFO pr:0.9623  rc:0.5823  auc:0.9433 ap:0.8757 f1: 0.7256 pred_right: 38761 pred_wrong:239 actu_right: 38605 actu_wrong: 395
2026-04-12 18:45:48,659 P1479894 INFO pr:0.9474  rc:0.5581  auc:0.9697 ap:0.8746 f1: 0.7024 pred_right: 16424 pred_wrong:76 actu_right: 16371 actu_wrong: 129
2026-04-12 18:45:48,668 P1479894 INFO ----------------------------------------------------------------------------------------------------
2026-04-12 18:45:48,668 P1479894 INFO 6/300 starting... lr: 0.001 para:0.1428571492433548
2026-04-12 18:46:35,028 P1479894 INFO Epoch 6/300, all_loss:7.39810 cls_loss:1.85962 rec_loss:41.19198 [46.33s]; best loss:7.39810, patience : 0
2026-04-12 18:46:37,369 P1479894 INFO pr:0.9780  rc:0.4484  auc:0.9561 ap:0.9034 f1: 0.6149 pred_right: 38818 pred_wrong:182 actu_right: 38603 actu_wrong: 397
2026-04-12 18:46:38,308 P1479894 INFO pr:0.9500  rc:0.4419  auc:0.9827 ap:0.9312 f1: 0.6032 pred_right: 16440 pred_wrong:60 actu_right: 16371 actu_wrong: 129
2026-04-12 18:46:38,309 P1479894 INFO ----------------------------------------------------------------------------------------------------
2026-04-12 18:46:38,309 P1479894 INFO 7/300 starting... lr: 0.001 para:0.125
2026-04-12 18:47:24,920 P1479894 INFO Epoch 7/300, all_loss:6.19642 cls_loss:1.31106 rec_loss:41.03743 [46.59s]; best loss:6.19642, patience : 0
2026-04-12 18:47:27,268 P1479894 INFO pr:0.9088  rc:0.6272  auc:0.9586 ap:0.9038 f1: 0.7422 pred_right: 38726 pred_wrong:274 actu_right: 38603 actu_wrong: 397
2026-04-12 18:47:28,289 P1479894 INFO pr:0.9000  rc:0.6977  auc:0.9913 ap:0.9236 f1: 0.7860 pred_right: 16400 pred_wrong:100 actu_right: 16371 actu_wrong: 129
2026-04-12 18:47:28,298 P1479894 INFO ----------------------------------------------------------------------------------------------------
2026-04-12 18:47:28,298 P1479894 INFO 8/300 starting... lr: 0.001 para:0.1111111119389534
2026-04-12 18:48:14,754 P1479894 INFO Epoch 8/300, all_loss:77.14220 cls_loss:81.75822 rec_loss:40.93797 [46.46s]; best loss:6.19642, patience : 1
2026-04-12 18:48:17,124 P1479894 INFO pr:0.9585  rc:0.7576  auc:0.9634 ap:0.9524 f1: 0.8463 pred_right: 38687 pred_wrong:313 actu_right: 38604 actu_wrong: 396
2026-04-12 18:48:18,075 P1479894 INFO pr:0.9730  rc:0.8372  auc:0.9842 ap:0.9659 f1: 0.9000 pred_right: 16389 pred_wrong:111 actu_right: 16371 actu_wrong: 129
2026-04-12 18:48:18,085 P1479894 INFO ----------------------------------------------------------------------------------------------------
2026-04-12 18:48:18,085 P1479894 INFO 9/300 starting... lr: 0.001 para:0.10000000149011612
2026-04-12 18:49:04,641 P1479894 INFO Epoch 9/300, all_loss:6.21578 cls_loss:2.46071 rec_loss:40.81588 [46.55s]; best loss:6.19642, patience : 1
2026-04-12 18:49:07,065 P1479894 INFO pr:0.7183  rc:0.9118  auc:0.9772 ap:0.8853 f1: 0.8036 pred_right: 38496 pred_wrong:504 actu_right: 38603 actu_wrong: 397
2026-04-12 18:49:08,086 P1479894 INFO pr:0.6359  rc:0.9612  auc:0.9987 ap:0.8913 f1: 0.7654 pred_right: 16305 pred_wrong:195 actu_right: 16371 actu_wrong: 129
2026-04-12 18:49:08,086 P1479894 INFO ----------------------------------------------------------------------------------------------------
2026-04-12 18:49:08,086 P1479894 INFO 10/300 starting... lr: 0.001 para:0.09090909361839294
2026-04-12 18:49:54,462 P1479894 INFO Epoch 10/300, all_loss:5.54580 cls_loss:2.11877 rec_loss:40.70101 [46.35s]; best loss:5.54580, patience : 0
2026-04-12 18:49:56,803 P1479894 INFO pr:0.9574  rc:0.8510  auc:0.9438 ap:0.9480 f1: 0.9011 pred_right: 38648 pred_wrong:352 actu_right: 38604 actu_wrong: 396
2026-04-12 18:49:57,738 P1479894 INFO pr:0.9528  rc:0.9380  auc:0.9921 ap:0.9852 f1: 0.9453 pred_right: 16373 pred_wrong:127 actu_right: 16371 actu_wrong: 129
2026-04-12 18:49:57,748 P1479894 INFO ----------------------------------------------------------------------------------------------------
2026-04-12 18:49:57,748 P1479894 INFO 11/300 starting... lr: 0.001 para:0.0833333358168602
2026-04-12 18:50:44,385 P1479894 INFO Epoch 11/300, all_loss:4.47764 cls_loss:1.28173 rec_loss:40.59804 [46.61s]; best loss:4.47764, patience : 0
2026-04-12 18:50:46,837 P1479894 INFO pr:0.9808  rc:0.7733  auc:0.9623 ap:0.9611 f1: 0.8648 pred_right: 38687 pred_wrong:313 actu_right: 38603 actu_wrong: 397
2026-04-12 18:50:47,861 P1479894 INFO pr:0.9744  rc:0.8837  auc:0.9845 ap:0.9823 f1: 0.9268 pred_right: 16383 pred_wrong:117 actu_right: 16371 actu_wrong: 129
2026-04-12 18:50:47,861 P1479894 INFO ----------------------------------------------------------------------------------------------------
2026-04-12 18:50:47,861 P1479894 INFO 12/300 starting... lr: 0.001 para:0.07692307978868484
2026-04-12 18:51:34,140 P1479894 INFO Epoch 12/300, all_loss:3.96950 cls_loss:1.00982 rec_loss:40.53143 [46.25s]; best loss:3.96950, patience : 0
2026-04-12 18:51:36,498 P1479894 INFO pr:0.9446  rc:0.9446  auc:0.9852 ap:0.9686 f1: 0.9446 pred_right: 38603 pred_wrong:397 actu_right: 38603 actu_wrong: 397
2026-04-12 18:51:37,448 P1479894 INFO pr:0.9209  rc:0.9922  auc:0.9998 ap:0.9783 f1: 0.9552 pred_right: 16361 pred_wrong:139 actu_right: 16371 actu_wrong: 129
2026-04-12 18:51:37,458 P1479894 INFO ----------------------------------------------------------------------------------------------------
2026-04-12 18:51:37,458 P1479894 INFO 13/300 starting... lr: 0.001 para:0.0714285746216774
2026-04-12 18:52:23,956 P1479894 INFO Epoch 13/300, all_loss:3.98761 cls_loss:1.26622 rec_loss:40.49192 [46.50s]; best loss:3.96950, patience : 1
2026-04-12 18:52:26,467 P1479894 INFO pr:0.9568  rc:0.8939  auc:0.9710 ap:0.9697 f1: 0.9243 pred_right: 38630 pred_wrong:370 actu_right: 38604 actu_wrong: 396
2026-04-12 18:52:27,498 P1479894 INFO pr:0.9538  rc:0.9612  auc:0.9845 ap:0.9778 f1: 0.9575 pred_right: 16370 pred_wrong:130 actu_right: 16371 actu_wrong: 129
2026-04-12 18:52:27,498 P1479894 INFO ----------------------------------------------------------------------------------------------------
2026-04-12 18:52:27,498 P1479894 INFO 14/300 starting... lr: 0.001 para:0.06666667014360428
2026-04-12 18:53:13,818 P1479894 INFO Epoch 14/300, all_loss:3.66466 cls_loss:1.12420 rec_loss:40.43780 [46.29s]; best loss:3.66466, patience : 0
2026-04-12 18:53:16,159 P1479894 INFO pr:0.9458  rc:0.8791  auc:0.9740 ap:0.9576 f1: 0.9112 pred_right: 38631 pred_wrong:369 actu_right: 38603 actu_wrong: 397
2026-04-12 18:53:17,118 P1479894 INFO pr:0.9389  rc:0.9535  auc:0.9923 ap:0.9627 f1: 0.9462 pred_right: 16369 pred_wrong:131 actu_right: 16371 actu_wrong: 129
2026-04-12 18:53:17,118 P1479894 INFO ----------------------------------------------------------------------------------------------------
2026-04-12 18:53:17,118 P1479894 INFO 15/300 starting... lr: 0.001 para:0.0625
2026-04-12 18:54:03,703 P1479894 INFO Epoch 15/300, all_loss:3.32266 cls_loss:0.93607 rec_loss:40.40871 [46.56s]; best loss:3.32266, patience : 0
2026-04-12 18:54:06,147 P1479894 INFO pr:0.9578  rc:0.9144  auc:0.9756 ap:0.9731 f1: 0.9356 pred_right: 38621 pred_wrong:379 actu_right: 38603 actu_wrong: 397
2026-04-12 18:54:07,197 P1479894 INFO pr:0.9538  rc:0.9612  auc:0.9927 ap:0.9884 f1: 0.9575 pred_right: 16370 pred_wrong:130 actu_right: 16371 actu_wrong: 129
2026-04-12 18:54:07,197 P1479894 INFO ----------------------------------------------------------------------------------------------------
2026-04-12 18:54:07,197 P1479894 INFO 16/300 starting... lr: 0.001 para:0.05882352963089943
2026-04-12 18:54:53,469 P1479894 INFO Epoch 16/300, all_loss:3.37891 cls_loss:1.15379 rec_loss:40.34840 [46.27s]; best loss:3.32266, patience : 1
2026-04-12 18:54:55,834 P1479894 INFO pr:0.9299  rc:0.9018  auc:0.9742 ap:0.9483 f1: 0.9156 pred_right: 38615 pred_wrong:385 actu_right: 38603 actu_wrong: 397
2026-04-12 18:54:56,801 P1479894 INFO pr:0.9254  rc:0.9612  auc:0.9920 ap:0.9541 f1: 0.9430 pred_right: 16366 pred_wrong:134 actu_right: 16371 actu_wrong: 129
2026-04-12 18:54:56,801 P1479894 INFO ----------------------------------------------------------------------------------------------------
2026-04-12 18:54:56,801 P1479894 INFO 17/300 starting... lr: 0.001 para:0.0555555559694767
2026-04-12 18:55:43,265 P1479894 INFO Epoch 17/300, all_loss:3.74819 cls_loss:1.67941 rec_loss:40.36554 [46.46s]; best loss:3.32266, patience : 2
2026-04-12 18:55:45,803 P1479894 INFO pr:0.9455  rc:0.9192  auc:0.9739 ap:0.9711 f1: 0.9321 pred_right: 38615 pred_wrong:385 actu_right: 38604 actu_wrong: 396
2026-04-12 18:55:46,875 P1479894 INFO pr:0.9407  rc:0.9845  auc:0.9922 ap:0.9732 f1: 0.9621 pred_right: 16365 pred_wrong:135 actu_right: 16371 actu_wrong: 129
2026-04-12 18:55:46,876 P1479894 INFO ----------------------------------------------------------------------------------------------------
2026-04-12 18:55:46,876 P1479894 INFO 18/300 starting... lr: 0.001 para:0.05263157933950424
2026-04-12 18:56:33,174 P1479894 INFO Epoch 18/300, all_loss:2.98361 cls_loss:0.99693 rec_loss:40.27229 [46.27s]; best loss:2.98361, patience : 0
2026-04-12 18:56:35,505 P1479894 INFO pr:0.9877  rc:0.8060  auc:0.9649 ap:0.9625 f1: 0.8877 pred_right: 38676 pred_wrong:324 actu_right: 38603 actu_wrong: 397
2026-04-12 18:56:36,471 P1479894 INFO pr:0.9746  rc:0.8915  auc:0.9927 ap:0.9638 f1: 0.9312 pred_right: 16382 pred_wrong:118 actu_right: 16371 actu_wrong: 129
2026-04-12 18:56:36,471 P1479894 INFO ----------------------------------------------------------------------------------------------------
2026-04-12 18:56:36,471 P1479894 INFO 19/300 starting... lr: 0.001 para:0.05000000074505806
2026-04-12 18:57:22,893 P1479894 INFO Epoch 19/300, all_loss:2.81582 cls_loss:0.92757 rec_loss:40.30138 [46.40s]; best loss:2.81582, patience : 0
2026-04-12 18:57:25,481 P1479894 INFO pr:0.9605  rc:0.9194  auc:0.9703 ap:0.9717 f1: 0.9395 pred_right: 38620 pred_wrong:380 actu_right: 38603 actu_wrong: 397
2026-04-12 18:57:26,555 P1479894 INFO pr:0.9535  rc:0.9535  auc:0.9849 ap:0.9768 f1: 0.9535 pred_right: 16371 pred_wrong:129 actu_right: 16371 actu_wrong: 129
2026-04-12 18:57:26,556 P1479894 INFO ----------------------------------------------------------------------------------------------------
2026-04-12 18:57:26,556 P1479894 INFO 20/300 starting... lr: 0.001 para:0.0476190485060215
2026-04-12 18:58:12,983 P1479894 INFO Epoch 20/300, all_loss:251.31758 cls_loss:261.95383 rec_loss:40.28176 [46.43s]; best loss:2.81582, patience : 1
2026-04-12 18:58:15,350 P1479894 INFO pr:0.9736  rc:0.8363  auc:0.9774 ap:0.9589 f1: 0.8997 pred_right: 38659 pred_wrong:341 actu_right: 38603 actu_wrong: 397
2026-04-12 18:58:16,311 P1479894 INFO pr:0.9426  rc:0.8915  auc:0.9938 ap:0.9519 f1: 0.9163 pred_right: 16378 pred_wrong:122 actu_right: 16371 actu_wrong: 129
2026-04-12 18:58:16,312 P1479894 INFO ----------------------------------------------------------------------------------------------------
2026-04-12 18:58:16,312 P1479894 INFO 21/300 starting... lr: 0.001 para:0.04545454680919647
2026-04-12 18:59:02,699 P1479894 INFO Epoch 21/300, all_loss:2.73136 cls_loss:1.03034 rec_loss:40.22242 [46.36s]; best loss:2.73136, patience : 0
2026-04-12 18:59:05,256 P1479894 INFO pr:0.9505  rc:0.9194  auc:0.9730 ap:0.9738 f1: 0.9347 pred_right: 38616 pred_wrong:384 actu_right: 38603 actu_wrong: 397
2026-04-12 18:59:06,261 P1479894 INFO pr:0.9545  rc:0.9767  auc:0.9925 ap:0.9804 f1: 0.9655 pred_right: 16368 pred_wrong:132 actu_right: 16371 actu_wrong: 129
2026-04-12 18:59:06,261 P1479894 INFO ----------------------------------------------------------------------------------------------------
2026-04-12 18:59:06,261 P1479894 INFO 22/300 starting... lr: 0.001 para:0.043478261679410934
2026-04-12 18:59:52,546 P1479894 INFO Epoch 22/300, all_loss:3.61020 cls_loss:2.03047 rec_loss:40.21449 [46.28s]; best loss:2.73136, patience : 1
2026-04-12 18:59:54,913 P1479894 INFO pr:0.9833  rc:0.8914  auc:0.9730 ap:0.9738 f1: 0.9351 pred_right: 38641 pred_wrong:359 actu_right: 38604 actu_wrong: 396
2026-04-12 18:59:55,930 P1479894 INFO pr:0.9524  rc:0.9302  auc:0.9856 ap:0.9803 f1: 0.9412 pred_right: 16374 pred_wrong:126 actu_right: 16371 actu_wrong: 129
2026-04-12 18:59:55,930 P1479894 INFO ----------------------------------------------------------------------------------------------------
2026-04-12 18:59:55,930 P1479894 INFO 23/300 starting... lr: 0.001 para:0.0416666679084301
2026-04-12 19:00:42,310 P1479894 INFO Epoch 23/300, all_loss:3.62170 cls_loss:2.11665 rec_loss:40.16832 [46.38s]; best loss:2.73136, patience : 2
2026-04-12 19:00:44,860 P1479894 INFO pr:0.9912  rc:0.8514  auc:0.9701 ap:0.9703 f1: 0.9160 pred_right: 38659 pred_wrong:341 actu_right: 38603 actu_wrong: 397
2026-04-12 19:00:45,869 P1479894 INFO pr:0.9752  rc:0.9147  auc:0.9859 ap:0.9752 f1: 0.9440 pred_right: 16379 pred_wrong:121 actu_right: 16371 actu_wrong: 129
2026-04-12 19:00:45,870 P1479894 INFO ----------------------------------------------------------------------------------------------------
2026-04-12 19:00:45,870 P1479894 INFO 24/300 starting... lr: 0.001 para:0.03999999910593033
2026-04-12 19:01:32,077 P1479894 INFO Epoch 24/300, all_loss:2.76843 cls_loss:1.29216 rec_loss:40.20988 [46.21s]; best loss:2.73136, patience : 2
2026-04-12 19:01:34,449 P1479894 INFO pr:0.9551  rc:0.9141  auc:0.9643 ap:0.9682 f1: 0.9342 pred_right: 38621 pred_wrong:379 actu_right: 38604 actu_wrong: 396
2026-04-12 19:01:35,468 P1479894 INFO pr:0.9542  rc:0.9690  auc:0.9927 ap:0.9804 f1: 0.9615 pred_right: 16369 pred_wrong:131 actu_right: 16371 actu_wrong: 129
2026-04-12 19:01:35,469 P1479894 INFO ----------------------------------------------------------------------------------------------------
2026-04-12 19:01:35,469 P1479894 INFO 25/300 starting... lr: 0.001 para:0.03846153989434242
2026-04-12 19:02:21,658 P1479894 INFO Epoch 25/300, all_loss:3.33879 cls_loss:1.94805 rec_loss:40.19896 [46.19s]; best loss:2.73136, patience : 3
2026-04-12 19:02:24,131 P1479894 INFO pr:0.9429  rc:0.9144  auc:0.9851 ap:0.9551 f1: 0.9284 pred_right: 38615 pred_wrong:385 actu_right: 38603 actu_wrong: 397
2026-04-12 19:02:25,102 P1479894 INFO pr:0.9091  rc:0.9302  auc:0.9995 ap:0.9533 f1: 0.9195 pred_right: 16368 pred_wrong:132 actu_right: 16371 actu_wrong: 129
2026-04-12 19:02:25,102 P1479894 INFO ----------------------------------------------------------------------------------------------------
2026-04-12 19:02:25,102 P1479894 INFO 26/300 starting... lr: 0.001 para:0.03703703731298447
2026-04-12 19:03:11,406 P1479894 INFO Epoch 26/300, all_loss:2.21001 cls_loss:0.83383 rec_loss:40.16290 [46.28s]; best loss:2.21001, patience : 0
2026-04-12 19:03:13,767 P1479894 INFO pr:0.9704  rc:0.9093  auc:0.9781 ap:0.9737 f1: 0.9389 pred_right: 38628 pred_wrong:372 actu_right: 38603 actu_wrong: 397
2026-04-12 19:03:14,834 P1479894 INFO pr:0.9609  rc:0.9535  auc:0.9934 ap:0.9754 f1: 0.9572 pred_right: 16372 pred_wrong:128 actu_right: 16371 actu_wrong: 129
2026-04-12 19:03:14,835 P1479894 INFO ----------------------------------------------------------------------------------------------------
2026-04-12 19:03:14,835 P1479894 INFO 27/300 starting... lr: 0.001 para:0.0357142873108387
2026-04-12 19:04:01,173 P1479894 INFO Epoch 27/300, all_loss:2.37739 cls_loss:1.06226 rec_loss:40.13833 [46.34s]; best loss:2.21001, patience : 1
2026-04-12 19:04:03,632 P1479894 INFO pr:0.9835  rc:0.8992  auc:0.9890 ap:0.9796 f1: 0.9395 pred_right: 38637 pred_wrong:363 actu_right: 38603 actu_wrong: 397
2026-04-12 19:04:04,600 P1479894 INFO pr:0.9680  rc:0.9380  auc:0.9938 ap:0.9782 f1: 0.9528 pred_right: 16375 pred_wrong:125 actu_right: 16371 actu_wrong: 129
2026-04-12 19:04:04,601 P1479894 INFO ----------------------------------------------------------------------------------------------------
2026-04-12 19:04:04,601 P1479894 INFO 28/300 starting... lr: 0.001 para:0.03448275849223137
2026-04-12 19:04:50,985 P1479894 INFO Epoch 28/300, all_loss:2.70662 cls_loss:1.45493 rec_loss:40.08693 [46.38s]; best loss:2.21001, patience : 2
2026-04-12 19:04:53,381 P1479894 INFO pr:0.9912  rc:0.8463  auc:0.9704 ap:0.9700 f1: 0.9130 pred_right: 38661 pred_wrong:339 actu_right: 38603 actu_wrong: 397
2026-04-12 19:04:54,495 P1479894 INFO pr:0.9748  rc:0.8992  auc:0.9863 ap:0.9675 f1: 0.9355 pred_right: 16381 pred_wrong:119 actu_right: 16371 actu_wrong: 129
2026-04-12 19:04:54,495 P1479894 INFO ----------------------------------------------------------------------------------------------------
2026-04-12 19:04:54,495 P1479894 INFO 29/300 starting... lr: 0.001 para:0.03333333507180214
2026-04-12 19:05:40,962 P1479894 INFO Epoch 29/300, all_loss:2.75928 cls_loss:1.55288 rec_loss:40.15811 [46.47s]; best loss:2.21001, patience : 3
2026-04-12 19:05:43,343 P1479894 INFO pr:0.9699  rc:0.8942  auc:0.9744 ap:0.9597 f1: 0.9305 pred_right: 38634 pred_wrong:366 actu_right: 38603 actu_wrong: 397
2026-04-12 19:05:44,313 P1479894 INFO pr:0.9449  rc:0.9302  auc:0.9933 ap:0.9598 f1: 0.9375 pred_right: 16373 pred_wrong:127 actu_right: 16371 actu_wrong: 129
2026-04-12 19:05:44,314 P1479894 INFO ----------------------------------------------------------------------------------------------------
2026-04-12 19:05:44,314 P1479894 INFO 30/300 starting... lr: 0.001 para:0.032258063554763794
2026-04-12 19:06:30,872 P1479894 INFO Epoch 30/300, all_loss:1.66708 cls_loss:0.46875 rec_loss:40.11072 [46.53s]; best loss:1.66708, patience : 0
2026-04-12 19:06:33,263 P1479894 INFO pr:0.9565  rc:0.9421  auc:0.9843 ap:0.9708 f1: 0.9492 pred_right: 38609 pred_wrong:391 actu_right: 38603 actu_wrong: 397
2026-04-12 19:06:34,319 P1479894 INFO pr:0.9130  rc:0.9767  auc:0.9997 ap:0.9700 f1: 0.9438 pred_right: 16362 pred_wrong:138 actu_right: 16371 actu_wrong: 129
2026-04-12 19:06:34,329 P1479894 INFO ----------------------------------------------------------------------------------------------------
2026-04-12 19:06:34,329 P1479894 INFO 31/300 starting... lr: 0.001 para:0.03125
2026-04-12 19:07:20,820 P1479894 INFO Epoch 31/300, all_loss:2.61344 cls_loss:1.48725 rec_loss:40.09985 [46.49s]; best loss:1.66708, patience : 1
2026-04-12 19:07:23,191 P1479894 INFO pr:0.9491  rc:0.9419  auc:0.9850 ap:0.9658 f1: 0.9455 pred_right: 38607 pred_wrong:393 actu_right: 38604 actu_wrong: 396
2026-04-12 19:07:24,167 P1479894 INFO pr:0.9124  rc:0.9690  auc:0.9996 ap:0.9611 f1: 0.9398 pred_right: 16363 pred_wrong:137 actu_right: 16371 actu_wrong: 129
2026-04-12 19:07:24,168 P1479894 INFO ----------------------------------------------------------------------------------------------------
2026-04-12 19:07:24,168 P1479894 INFO 32/300 starting... lr: 0.001 para:0.03030303120613098
2026-04-12 19:08:10,674 P1479894 INFO Epoch 32/300, all_loss:2.04528 cls_loss:0.93917 rec_loss:40.09549 [46.51s]; best loss:1.66708, patience : 1
2026-04-12 19:08:13,107 P1479894 INFO pr:0.9831  rc:0.8788  auc:0.9576 ap:0.9632 f1: 0.9280 pred_right: 38646 pred_wrong:354 actu_right: 38604 actu_wrong: 396
2026-04-12 19:08:14,172 P1479894 INFO pr:0.9528  rc:0.9380  auc:0.9930 ap:0.9774 f1: 0.9453 pred_right: 16373 pred_wrong:127 actu_right: 16371 actu_wrong: 129
2026-04-12 19:08:14,173 P1479894 INFO ----------------------------------------------------------------------------------------------------
2026-04-12 19:08:14,173 P1479894 INFO 33/300 starting... lr: 0.001 para:0.029411764815449715
2026-04-12 19:09:00,506 P1479894 INFO Epoch 33/300, all_loss:2.65512 cls_loss:1.60287 rec_loss:40.11449 [46.33s]; best loss:1.66708, patience : 2
2026-04-12 19:09:02,873 P1479894 INFO pr:0.9706  rc:0.9167  auc:0.9732 ap:0.9717 f1: 0.9429 pred_right: 38626 pred_wrong:374 actu_right: 38604 actu_wrong: 396
2026-04-12 19:09:03,837 P1479894 INFO pr:0.9457  rc:0.9457  auc:0.9877 ap:0.9746 f1: 0.9457 pred_right: 16371 pred_wrong:129 actu_right: 16371 actu_wrong: 129
2026-04-12 19:09:03,838 P1479894 INFO ----------------------------------------------------------------------------------------------------
2026-04-12 19:09:03,838 P1479894 INFO 34/300 starting... lr: 0.001 para:0.02857142873108387
2026-04-12 19:09:50,244 P1479894 INFO Epoch 34/300, all_loss:2.43110 cls_loss:1.40605 rec_loss:40.09837 [46.40s]; best loss:1.66708, patience : 2
2026-04-12 19:09:52,664 P1479894 INFO pr:0.9636  rc:0.9345  auc:0.9852 ap:0.9785 f1: 0.9488 pred_right: 38615 pred_wrong:385 actu_right: 38603 actu_wrong: 397
2026-04-12 19:09:53,730 P1479894 INFO pr:0.9191  rc:0.9690  auc:0.9997 ap:0.9782 f1: 0.9434 pred_right: 16364 pred_wrong:136 actu_right: 16371 actu_wrong: 129
2026-04-12 19:09:53,731 P1479894 INFO ----------------------------------------------------------------------------------------------------
2026-04-12 19:09:53,731 P1479894 INFO 35/300 starting... lr: 0.001 para:0.02777777798473835
2026-04-12 19:10:40,125 P1479894 INFO Epoch 35/300, all_loss:1.45143 cls_loss:0.43115 rec_loss:40.05724 [46.37s]; best loss:1.45143, patience : 0
2026-04-12 19:10:42,484 P1479894 INFO pr:0.9739  rc:0.9395  auc:0.9917 ap:0.9814 f1: 0.9564 pred_right: 38617 pred_wrong:383 actu_right: 38603 actu_wrong: 397
2026-04-12 19:10:43,456 P1479894 INFO pr:0.9398  rc:0.9690  auc:0.9933 ap:0.9830 f1: 0.9542 pred_right: 16367 pred_wrong:133 actu_right: 16371 actu_wrong: 129
2026-04-12 19:10:43,466 P1479894 INFO ----------------------------------------------------------------------------------------------------
2026-04-12 19:10:43,467 P1479894 INFO 36/300 starting... lr: 0.001 para:0.027027027681469917
2026-04-12 19:11:29,900 P1479894 INFO Epoch 36/300, all_loss:2.32488 cls_loss:1.35679 rec_loss:40.15232 [46.43s]; best loss:1.45143, patience : 1
2026-04-12 19:11:32,352 P1479894 INFO pr:0.9887  rc:0.8816  auc:0.9719 ap:0.9702 f1: 0.9321 pred_right: 38646 pred_wrong:354 actu_right: 38603 actu_wrong: 397
2026-04-12 19:11:33,410 P1479894 INFO pr:0.9600  rc:0.9302  auc:0.9935 ap:0.9780 f1: 0.9449 pred_right: 16375 pred_wrong:125 actu_right: 16371 actu_wrong: 129
2026-04-12 19:11:33,411 P1479894 INFO ----------------------------------------------------------------------------------------------------
2026-04-12 19:11:33,411 P1479894 INFO 37/300 starting... lr: 0.001 para:0.02631578966975212
2026-04-12 19:12:19,635 P1479894 INFO Epoch 37/300, all_loss:1.99110 cls_loss:1.04506 rec_loss:40.05121 [46.22s]; best loss:1.45143, patience : 1
2026-04-12 19:12:22,019 P1479894 INFO pr:0.9831  rc:0.8788  auc:0.9649 ap:0.9654 f1: 0.9280 pred_right: 38646 pred_wrong:354 actu_right: 38604 actu_wrong: 396
2026-04-12 19:12:22,992 P1479894 INFO pr:0.9535  rc:0.9535  auc:0.9939 ap:0.9867 f1: 0.9535 pred_right: 16371 pred_wrong:129 actu_right: 16371 actu_wrong: 129
2026-04-12 19:12:22,993 P1479894 INFO ----------------------------------------------------------------------------------------------------
2026-04-12 19:12:22,993 P1479894 INFO 38/300 starting... lr: 0.001 para:0.025641025975346565
2026-04-12 19:13:09,283 P1479894 INFO Epoch 38/300, all_loss:2.30291 cls_loss:1.39276 rec_loss:40.02560 [46.29s]; best loss:1.45143, patience : 2
2026-04-12 19:13:11,769 P1479894 INFO pr:0.9714  rc:0.9419  auc:0.9853 ap:0.9715 f1: 0.9564 pred_right: 38616 pred_wrong:384 actu_right: 38604 actu_wrong: 396
2026-04-12 19:13:12,831 P1479894 INFO pr:0.9265  rc:0.9767  auc:0.9937 ap:0.9739 f1: 0.9509 pred_right: 16364 pred_wrong:136 actu_right: 16371 actu_wrong: 129
2026-04-12 19:13:12,832 P1479894 INFO ----------------------------------------------------------------------------------------------------
2026-04-12 19:13:12,832 P1479894 INFO 39/300 starting... lr: 0.001 para:0.02500000037252903
2026-04-12 19:13:59,120 P1479894 INFO Epoch 39/300, all_loss:3.25474 cls_loss:2.39474 rec_loss:40.01140 [46.29s]; best loss:1.45143, patience : 3
2026-04-12 19:14:01,494 P1479894 INFO pr:0.8180  rc:0.8489  auc:0.9804 ap:0.8627 f1: 0.8331 pred_right: 38588 pred_wrong:412 actu_right: 38603 actu_wrong: 397
2026-04-12 19:14:02,463 P1479894 INFO pr:0.8615  rc:0.8682  auc:0.9929 ap:0.9122 f1: 0.8649 pred_right: 16370 pred_wrong:130 actu_right: 16371 actu_wrong: 129
2026-04-12 19:14:02,463 P1479894 INFO ----------------------------------------------------------------------------------------------------
2026-04-12 19:14:02,463 P1479894 INFO 40/300 starting... lr: 0.001 para:0.024390242993831635
2026-04-12 19:14:48,686 P1479894 INFO Epoch 40/300, all_loss:2.76477 cls_loss:1.91488 rec_loss:40.05739 [46.22s]; best loss:1.45143, patience : 3
2026-04-12 19:14:51,161 P1479894 INFO pr:0.9889  rc:0.8942  auc:0.9730 ap:0.9704 f1: 0.9392 pred_right: 38641 pred_wrong:359 actu_right: 38603 actu_wrong: 397
2026-04-12 19:14:52,224 P1479894 INFO pr:0.9680  rc:0.9380  auc:0.9872 ap:0.9729 f1: 0.9528 pred_right: 16375 pred_wrong:125 actu_right: 16371 actu_wrong: 129
2026-04-12 19:14:52,224 P1479894 INFO ----------------------------------------------------------------------------------------------------
2026-04-12 19:14:52,224 P1479894 INFO 41/300 starting... lr: 0.001 para:0.02380952425301075
2026-04-12 19:15:38,477 P1479894 INFO Epoch 41/300, all_loss:2.28109 cls_loss:1.44256 rec_loss:40.03857 [46.25s]; best loss:1.45143, patience : 3
2026-04-12 19:15:40,861 P1479894 INFO pr:0.9782  rc:0.9043  auc:0.9672 ap:0.9674 f1: 0.9398 pred_right: 38633 pred_wrong:367 actu_right: 38603 actu_wrong: 397
2026-04-12 19:15:41,834 P1479894 INFO pr:0.9248  rc:0.9535  auc:0.9861 ap:0.9706 f1: 0.9389 pred_right: 16367 pred_wrong:133 actu_right: 16371 actu_wrong: 129
2026-04-12 19:15:41,834 P1479894 INFO ----------------------------------------------------------------------------------------------------
2026-04-12 19:15:41,834 P1479894 INFO 42/300 starting... lr: 0.001 para:0.023255813866853714
2026-04-12 19:16:28,173 P1479894 INFO Epoch 42/300, all_loss:1.74230 cls_loss:0.91303 rec_loss:40.02946 [46.34s]; best loss:1.45143, patience : 3
2026-04-12 19:16:30,698 P1479894 INFO pr:0.9628  rc:0.9141  auc:0.9857 ap:0.9694 f1: 0.9378 pred_right: 38624 pred_wrong:376 actu_right: 38604 actu_wrong: 396
2026-04-12 19:16:31,770 P1479894 INFO pr:0.8963  rc:0.9380  auc:0.9996 ap:0.9619 f1: 0.9167 pred_right: 16365 pred_wrong:135 actu_right: 16371 actu_wrong: 129
2026-04-12 19:16:31,771 P1479894 INFO ----------------------------------------------------------------------------------------------------
2026-04-12 19:16:31,771 P1479894 INFO 43/300 starting... lr: 0.001 para:0.022727273404598236
2026-04-12 19:17:18,070 P1479894 INFO Epoch 43/300, all_loss:1.38936 cls_loss:0.57245 rec_loss:40.05571 [46.27s]; best loss:1.38936, patience : 0
2026-04-12 19:17:20,421 P1479894 INFO pr:0.9912  rc:0.8539  auc:0.9607 ap:0.9613 f1: 0.9175 pred_right: 38658 pred_wrong:342 actu_right: 38603 actu_wrong: 397
2026-04-12 19:17:21,387 P1479894 INFO pr:0.9444  rc:0.9225  auc:0.9880 ap:0.9727 f1: 0.9333 pred_right: 16374 pred_wrong:126 actu_right: 16371 actu_wrong: 129
2026-04-12 19:17:21,387 P1479894 INFO ----------------------------------------------------------------------------------------------------
2026-04-12 19:17:21,387 P1479894 INFO 44/300 starting... lr: 0.001 para:0.02222222276031971
2026-04-12 19:18:07,852 P1479894 INFO Epoch 44/300, all_loss:2.43992 cls_loss:1.66793 rec_loss:40.02808 [46.46s]; best loss:1.38936, patience : 1
2026-04-12 19:18:10,439 P1479894 INFO pr:0.9704  rc:0.9116  auc:0.9684 ap:0.9687 f1: 0.9401 pred_right: 38628 pred_wrong:372 actu_right: 38604 actu_wrong: 396
2026-04-12 19:18:11,448 P1479894 INFO pr:0.9058  rc:0.9690  auc:0.9880 ap:0.9652 f1: 0.9363 pred_right: 16362 pred_wrong:138 actu_right: 16371 actu_wrong: 129
2026-04-12 19:18:11,448 P1479894 INFO ----------------------------------------------------------------------------------------------------
2026-04-12 19:18:11,448 P1479894 INFO 45/300 starting... lr: 0.001 para:0.021739130839705467
2026-04-12 19:18:57,713 P1479894 INFO Epoch 45/300, all_loss:1.69785 cls_loss:0.92817 rec_loss:40.03437 [46.26s]; best loss:1.38936, patience : 1
2026-04-12 19:19:00,092 P1479894 INFO pr:0.9782  rc:0.9043  auc:0.9604 ap:0.9619 f1: 0.9398 pred_right: 38633 pred_wrong:367 actu_right: 38603 actu_wrong: 397
2026-04-12 19:19:01,121 P1479894 INFO pr:0.9259  rc:0.9690  auc:0.9878 ap:0.9632 f1: 0.9470 pred_right: 16365 pred_wrong:135 actu_right: 16371 actu_wrong: 129
2026-04-12 19:19:01,121 P1479894 INFO ----------------------------------------------------------------------------------------------------
2026-04-12 19:19:01,121 P1479894 INFO 46/300 starting... lr: 0.001 para:0.021276595070958138
2026-04-12 19:19:47,442 P1479894 INFO Epoch 46/300, all_loss:5.59557 cls_loss:4.92898 rec_loss:40.04022 [46.32s]; best loss:1.38936, patience : 2
2026-04-12 19:19:49,985 P1479894 INFO pr:0.9635  rc:0.9320  auc:0.9796 ap:0.9755 f1: 0.9475 pred_right: 38616 pred_wrong:384 actu_right: 38603 actu_wrong: 397
2026-04-12 19:19:50,996 P1479894 INFO pr:0.8671  rc:0.9612  auc:0.9937 ap:0.9734 f1: 0.9118 pred_right: 16357 pred_wrong:143 actu_right: 16371 actu_wrong: 129
2026-04-12 19:19:50,997 P1479894 INFO ----------------------------------------------------------------------------------------------------
2026-04-12 19:19:50,997 P1479894 INFO 47/300 starting... lr: 0.001 para:0.02083333395421505
2026-04-12 19:20:37,242 P1479894 INFO Epoch 47/300, all_loss:1.53992 cls_loss:0.80292 rec_loss:40.04128 [46.24s]; best loss:1.38936, patience : 2
2026-04-12 19:20:39,609 P1479894 INFO pr:0.9783  rc:0.9091  auc:0.9828 ap:0.9735 f1: 0.9424 pred_right: 38632 pred_wrong:368 actu_right: 38604 actu_wrong: 396
2026-04-12 19:20:40,626 P1479894 INFO pr:0.9160  rc:0.9302  auc:0.9917 ap:0.9687 f1: 0.9231 pred_right: 16369 pred_wrong:131 actu_right: 16371 actu_wrong: 129
2026-04-12 19:20:40,626 P1479894 INFO ----------------------------------------------------------------------------------------------------
2026-04-12 19:20:40,626 P1479894 INFO 48/300 starting... lr: 0.001 para:0.020408162847161293
2026-04-12 19:21:27,029 P1479894 INFO Epoch 48/300, all_loss:1.99377 cls_loss:1.28387 rec_loss:40.01120 [46.40s]; best loss:1.38936, patience : 3
2026-04-12 19:21:29,613 P1479894 INFO pr:0.9463  rc:0.9320  auc:0.9775 ap:0.9698 f1: 0.9391 pred_right: 38609 pred_wrong:391 actu_right: 38603 actu_wrong: 397
2026-04-12 19:21:30,673 P1479894 INFO pr:0.8552  rc:0.9612  auc:0.9876 ap:0.9702 f1: 0.9051 pred_right: 16355 pred_wrong:145 actu_right: 16371 actu_wrong: 129
2026-04-12 19:21:30,673 P1479894 INFO ----------------------------------------------------------------------------------------------------
2026-04-12 19:21:30,673 P1479894 INFO 49/300 starting... lr: 0.001 para:0.019999999552965164
2026-04-12 19:22:16,801 P1479894 INFO Epoch 49/300, all_loss:3.54113 cls_loss:2.87763 rec_loss:40.07562 [46.13s]; best loss:1.38936, patience : 4
2026-04-12 19:22:19,136 P1479894 INFO pr:0.8854  rc:0.9345  auc:0.9754 ap:0.9423 f1: 0.9093 pred_right: 38581 pred_wrong:419 actu_right: 38603 actu_wrong: 397
2026-04-12 19:22:20,104 P1479894 INFO pr:0.8857  rc:0.9612  auc:0.9894 ap:0.9585 f1: 0.9219 pred_right: 16360 pred_wrong:140 actu_right: 16371 actu_wrong: 129
2026-04-12 19:22:20,105 P1479894 INFO ----------------------------------------------------------------------------------------------------
2026-04-12 19:22:20,105 P1479894 INFO 50/300 starting... lr: 0.001 para:0.019607843831181526
2026-04-12 19:23:06,319 P1479894 INFO Epoch 50/300, all_loss:1.80641 cls_loss:1.12444 rec_loss:40.00863 [46.21s]; best loss:1.38936, patience : 4
2026-04-12 19:23:08,839 P1479894 INFO pr:0.9591  rc:0.9446  auc:0.9781 ap:0.9765 f1: 0.9518 pred_right: 38609 pred_wrong:391 actu_right: 38603 actu_wrong: 397
2026-04-12 19:23:09,841 P1479894 INFO pr:0.8993  rc:0.9690  auc:0.9880 ap:0.9655 f1: 0.9328 pred_right: 16361 pred_wrong:139 actu_right: 16371 actu_wrong: 129
2026-04-12 19:23:09,841 P1479894 INFO ----------------------------------------------------------------------------------------------------
2026-04-12 19:23:09,841 P1479894 INFO 51/300 starting... lr: 0.001 para:0.01923076994717121
2026-04-12 19:23:55,997 P1479894 INFO Epoch 51/300, all_loss:1.61178 cls_loss:0.94141 rec_loss:39.98502 [46.15s]; best loss:1.38936, patience : 4
2026-04-12 19:23:58,339 P1479894 INFO pr:0.9789  rc:0.9345  auc:0.9788 ap:0.9781 f1: 0.9562 pred_right: 38621 pred_wrong:379 actu_right: 38603 actu_wrong: 397
2026-04-12 19:23:59,353 P1479894 INFO pr:0.9065  rc:0.9767  auc:0.9938 ap:0.9730 f1: 0.9403 pred_right: 16361 pred_wrong:139 actu_right: 16371 actu_wrong: 129
2026-04-12 19:23:59,354 P1479894 INFO ----------------------------------------------------------------------------------------------------
2026-04-12 19:23:59,354 P1479894 INFO 52/300 starting... lr: 0.001 para:0.01886792480945587
2026-04-12 19:24:45,727 P1479894 INFO Epoch 52/300, all_loss:1.48985 cls_loss:0.83199 rec_loss:39.96261 [46.37s]; best loss:1.38936, patience : 4
2026-04-12 19:24:48,283 P1479894 INFO pr:0.9944  rc:0.8967  auc:0.9734 ap:0.9752 f1: 0.9430 pred_right: 38642 pred_wrong:358 actu_right: 38603 actu_wrong: 397
2026-04-12 19:24:49,248 P1479894 INFO pr:0.9531  rc:0.9457  auc:0.9916 ap:0.9792 f1: 0.9494 pred_right: 16372 pred_wrong:128 actu_right: 16371 actu_wrong: 129
2026-04-12 19:24:49,248 P1479894 INFO ----------------------------------------------------------------------------------------------------
2026-04-12 19:24:49,248 P1479894 INFO 53/300 starting... lr: 0.001 para:0.018518518656492233
2026-04-12 19:25:35,657 P1479894 INFO Epoch 53/300, all_loss:2.04217 cls_loss:1.40846 rec_loss:39.97348 [46.41s]; best loss:1.38936, patience : 5
2026-04-12 19:25:38,021 P1479894 INFO pr:0.9837  rc:0.9144  auc:0.9703 ap:0.9707 f1: 0.9478 pred_right: 38631 pred_wrong:369 actu_right: 38603 actu_wrong: 397
2026-04-12 19:25:39,086 P1479894 INFO pr:0.9323  rc:0.9612  auc:0.9862 ap:0.9667 f1: 0.9466 pred_right: 16367 pred_wrong:133 actu_right: 16371 actu_wrong: 129
2026-04-12 19:25:39,086 P1479894 INFO ----------------------------------------------------------------------------------------------------
2026-04-12 19:25:39,086 P1479894 INFO 54/300 starting... lr: 0.001 para:0.0181818176060915
2026-04-12 19:26:25,555 P1479894 INFO Epoch 54/300, all_loss:2.34223 cls_loss:1.72749 rec_loss:39.96350 [46.47s]; best loss:1.38936, patience : 6
2026-04-12 19:26:27,981 P1479894 INFO pr:0.9806  rc:0.8892  auc:0.9558 ap:0.9654 f1: 0.9326 pred_right: 38640 pred_wrong:360 actu_right: 38603 actu_wrong: 397
2026-04-12 19:26:28,951 P1479894 INFO pr:0.9394  rc:0.9612  auc:0.9862 ap:0.9741 f1: 0.9502 pred_right: 16368 pred_wrong:132 actu_right: 16371 actu_wrong: 129
2026-04-12 19:26:28,951 P1479894 INFO ----------------------------------------------------------------------------------------------------
2026-04-12 19:26:28,951 P1479894 INFO 55/300 starting... lr: 0.001 para:0.01785714365541935
2026-04-12 19:27:15,492 P1479894 INFO Epoch 55/300, all_loss:1.97881 cls_loss:1.36959 rec_loss:39.99171 [46.54s]; best loss:1.38936, patience : 6
2026-04-12 19:27:17,872 P1479894 INFO pr:0.9787  rc:0.9270  auc:0.9803 ap:0.9766 f1: 0.9521 pred_right: 38624 pred_wrong:376 actu_right: 38603 actu_wrong: 397
2026-04-12 19:27:18,932 P1479894 INFO pr:0.9265  rc:0.9767  auc:0.9978 ap:0.9749 f1: 0.9509 pred_right: 16364 pred_wrong:136 actu_right: 16371 actu_wrong: 129
2026-04-12 19:27:18,932 P1479894 INFO ----------------------------------------------------------------------------------------------------
2026-04-12 19:27:18,932 P1479894 INFO 56/300 starting... lr: 0.001 para:0.017543859779834747
2026-04-12 19:28:05,576 P1479894 INFO Epoch 56/300, all_loss:1.08038 cls_loss:0.46843 rec_loss:39.93567 [46.62s]; best loss:1.08038, patience : 0
2026-04-12 19:28:07,966 P1479894 INFO pr:0.9836  rc:0.9068  auc:0.9743 ap:0.9762 f1: 0.9436 pred_right: 38634 pred_wrong:366 actu_right: 38603 actu_wrong: 397
2026-04-12 19:28:08,929 P1479894 INFO pr:0.9308  rc:0.9380  auc:0.9936 ap:0.9735 f1: 0.9344 pred_right: 16370 pred_wrong:130 actu_right: 16371 actu_wrong: 129
2026-04-12 19:28:08,929 P1479894 INFO ----------------------------------------------------------------------------------------------------
2026-04-12 19:28:08,929 P1479894 INFO 57/300 starting... lr: 0.001 para:0.017241379246115685
2026-04-12 19:28:55,662 P1479894 INFO Epoch 57/300, all_loss:1.73628 cls_loss:1.14830 rec_loss:39.91754 [46.73s]; best loss:1.08038, patience : 1
2026-04-12 19:28:58,090 P1479894 INFO pr:0.9662  rc:0.9394  auc:0.9809 ap:0.9763 f1: 0.9526 pred_right: 38615 pred_wrong:385 actu_right: 38604 actu_wrong: 396
2026-04-12 19:28:59,148 P1479894 INFO pr:0.8873  rc:0.9767  auc:0.9938 ap:0.9655 f1: 0.9299 pred_right: 16358 pred_wrong:142 actu_right: 16371 actu_wrong: 129
2026-04-12 19:28:59,148 P1479894 INFO ----------------------------------------------------------------------------------------------------
2026-04-12 19:28:59,149 P1479894 INFO 58/300 starting... lr: 0.001 para:0.016949152573943138
2026-04-12 19:29:45,472 P1479894 INFO Epoch 58/300, all_loss:2.59639 cls_loss:2.03461 rec_loss:39.92670 [46.32s]; best loss:1.08038, patience : 2
2026-04-12 19:29:47,850 P1479894 INFO pr:0.9812  rc:0.9194  auc:0.9744 ap:0.9732 f1: 0.9493 pred_right: 38628 pred_wrong:372 actu_right: 38603 actu_wrong: 397
2026-04-12 19:29:48,820 P1479894 INFO pr:0.9173  rc:0.9457  auc:0.9881 ap:0.9681 f1: 0.9313 pred_right: 16367 pred_wrong:133 actu_right: 16371 actu_wrong: 129
2026-04-12 19:29:48,820 P1479894 INFO ----------------------------------------------------------------------------------------------------
2026-04-12 19:29:48,820 P1479894 INFO 59/300 starting... lr: 0.001 para:0.01666666753590107
2026-04-12 19:30:35,443 P1479894 INFO Epoch 59/300, all_loss:1.58175 cls_loss:1.01399 rec_loss:39.90706 [46.62s]; best loss:1.08038, patience : 2
2026-04-12 19:30:37,834 P1479894 INFO pr:0.9763  rc:0.9320  auc:0.9803 ap:0.9787 f1: 0.9536 pred_right: 38621 pred_wrong:379 actu_right: 38603 actu_wrong: 397
2026-04-12 19:30:38,899 P1479894 INFO pr:0.9254  rc:0.9612  auc:0.9940 ap:0.9774 f1: 0.9430 pred_right: 16366 pred_wrong:134 actu_right: 16371 actu_wrong: 129
2026-04-12 19:30:38,899 P1479894 INFO ----------------------------------------------------------------------------------------------------
2026-04-12 19:30:38,899 P1479894 INFO 60/300 starting... lr: 0.001 para:0.016393441706895828
2026-04-12 19:31:25,279 P1479894 INFO Epoch 60/300, all_loss:1.82598 cls_loss:1.27258 rec_loss:39.93764 [46.38s]; best loss:1.08038, patience : 3
2026-04-12 19:31:27,641 P1479894 INFO pr:0.9785  rc:0.9169  auc:0.9764 ap:0.9768 f1: 0.9467 pred_right: 38628 pred_wrong:372 actu_right: 38603 actu_wrong: 397
2026-04-12 19:31:28,613 P1479894 INFO pr:0.9111  rc:0.9535  auc:0.9918 ap:0.9726 f1: 0.9318 pred_right: 16365 pred_wrong:135 actu_right: 16371 actu_wrong: 129
2026-04-12 19:31:28,614 P1479894 INFO ----------------------------------------------------------------------------------------------------
2026-04-12 19:31:28,614 P1479894 INFO 61/300 starting... lr: 0.001 para:0.016129031777381897
2026-04-12 19:32:15,221 P1479894 INFO Epoch 61/300, all_loss:1.80552 cls_loss:1.26234 rec_loss:39.92731 [46.61s]; best loss:1.08038, patience : 3
2026-04-12 19:32:17,657 P1479894 INFO pr:0.9807  rc:0.8942  auc:0.9745 ap:0.9765 f1: 0.9354 pred_right: 38638 pred_wrong:362 actu_right: 38603 actu_wrong: 397
2026-04-12 19:32:18,717 P1479894 INFO pr:0.9462  rc:0.9535  auc:0.9939 ap:0.9774 f1: 0.9498 pred_right: 16370 pred_wrong:130 actu_right: 16371 actu_wrong: 129
2026-04-12 19:32:18,718 P1479894 INFO ----------------------------------------------------------------------------------------------------
2026-04-12 19:32:18,718 P1479894 INFO 62/300 starting... lr: 0.001 para:0.01587301678955555
2026-04-12 19:33:05,018 P1479894 INFO Epoch 62/300, all_loss:2.13739 cls_loss:1.60986 rec_loss:39.91282 [46.30s]; best loss:1.08038, patience : 4
2026-04-12 19:33:07,391 P1479894 INFO pr:0.8571  rc:0.9521  auc:0.9832 ap:0.9661 f1: 0.9021 pred_right: 38559 pred_wrong:441 actu_right: 38603 actu_wrong: 397
2026-04-12 19:33:08,367 P1479894 INFO pr:0.7730  rc:0.9767  auc:0.9935 ap:0.9395 f1: 0.8630 pred_right: 16337 pred_wrong:163 actu_right: 16371 actu_wrong: 129
2026-04-12 19:33:08,368 P1479894 INFO ----------------------------------------------------------------------------------------------------
2026-04-12 19:33:08,368 P1479894 INFO 63/300 starting... lr: 0.001 para:0.015625
2026-04-12 19:33:54,967 P1479894 INFO Epoch 63/300, all_loss:1.68466 cls_loss:1.16020 rec_loss:39.87527 [46.60s]; best loss:1.08038, patience : 4
2026-04-12 19:33:57,407 P1479894 INFO pr:0.9545  rc:0.9521  auc:0.9812 ap:0.9737 f1: 0.9533 pred_right: 38604 pred_wrong:396 actu_right: 38603 actu_wrong: 397
2026-04-12 19:33:58,473 P1479894 INFO pr:0.8873  rc:0.9767  auc:0.9936 ap:0.9571 f1: 0.9299 pred_right: 16358 pred_wrong:142 actu_right: 16371 actu_wrong: 129
2026-04-12 19:33:58,474 P1479894 INFO ----------------------------------------------------------------------------------------------------
2026-04-12 19:33:58,474 P1479894 INFO 64/300 starting... lr: 0.001 para:0.015384615398943424
2026-04-12 19:34:44,873 P1479894 INFO Epoch 64/300, all_loss:1.38109 cls_loss:0.86077 rec_loss:39.91121 [46.40s]; best loss:1.08038, patience : 4
2026-04-12 19:34:47,238 P1479894 INFO pr:0.9610  rc:0.9320  auc:0.9813 ap:0.9705 f1: 0.9463 pred_right: 38615 pred_wrong:385 actu_right: 38603 actu_wrong: 397
2026-04-12 19:34:48,208 P1479894 INFO pr:0.9118  rc:0.9612  auc:0.9938 ap:0.9654 f1: 0.9358 pred_right: 16364 pred_wrong:136 actu_right: 16371 actu_wrong: 129
2026-04-12 19:34:48,209 P1479894 INFO ----------------------------------------------------------------------------------------------------
2026-04-12 19:34:48,209 P1479894 INFO 65/300 starting... lr: 0.001 para:0.01515151560306549
2026-04-12 19:35:34,950 P1479894 INFO Epoch 65/300, all_loss:1.25513 cls_loss:0.74273 rec_loss:39.87135 [46.74s]; best loss:1.08038, patience : 4
2026-04-12 19:35:37,408 P1479894 INFO pr:0.9761  rc:0.9244  auc:0.9775 ap:0.9761 f1: 0.9495 pred_right: 38624 pred_wrong:376 actu_right: 38603 actu_wrong: 397
2026-04-12 19:35:38,475 P1479894 INFO pr:0.9248  rc:0.9535  auc:0.9897 ap:0.9690 f1: 0.9389 pred_right: 16367 pred_wrong:133 actu_right: 16371 actu_wrong: 129
2026-04-12 19:35:38,475 P1479894 INFO ----------------------------------------------------------------------------------------------------
2026-04-12 19:35:38,476 P1479894 INFO 66/300 starting... lr: 0.001 para:0.014925372786819935
2026-04-12 19:36:24,773 P1479894 INFO Epoch 66/300, all_loss:1.80942 cls_loss:1.31405 rec_loss:39.89468 [46.30s]; best loss:1.08038, patience : 5
2026-04-12 19:36:27,142 P1479894 INFO pr:0.9595  rc:0.9547  auc:0.9832 ap:0.9734 f1: 0.9571 pred_right: 38605 pred_wrong:395 actu_right: 38603 actu_wrong: 397
2026-04-12 19:36:28,101 P1479894 INFO pr:0.8750  rc:0.9767  auc:0.9938 ap:0.9656 f1: 0.9231 pred_right: 16356 pred_wrong:144 actu_right: 16371 actu_wrong: 129
2026-04-12 19:36:28,112 P1479894 INFO ----------------------------------------------------------------------------------------------------
2026-04-12 19:36:28,112 P1479894 INFO 67/300 starting... lr: 0.001 para:0.014705882407724857
2026-04-12 19:37:14,480 P1479894 INFO Epoch 67/300, all_loss:2.97750 cls_loss:2.50883 rec_loss:39.84939 [46.37s]; best loss:1.08038, patience : 6
2026-04-12 19:37:16,933 P1479894 INFO pr:0.9766  rc:0.9446  auc:0.9810 ap:0.9771 f1: 0.9603 pred_right: 38616 pred_wrong:384 actu_right: 38603 actu_wrong: 397
2026-04-12 19:37:18,009 P1479894 INFO pr:0.9398  rc:0.9690  auc:0.9940 ap:0.9777 f1: 0.9542 pred_right: 16367 pred_wrong:133 actu_right: 16371 actu_wrong: 129
2026-04-12 19:37:18,020 P1479894 INFO ----------------------------------------------------------------------------------------------------
2026-04-12 19:37:18,020 P1479894 INFO 68/300 starting... lr: 0.001 para:0.014492753893136978
2026-04-12 19:38:04,330 P1479894 INFO Epoch 68/300, all_loss:1.55931 cls_loss:1.07792 rec_loss:39.84529 [46.31s]; best loss:1.08038, patience : 6
2026-04-12 19:38:06,685 P1479894 INFO pr:0.9841  rc:0.9369  auc:0.9836 ap:0.9812 f1: 0.9599 pred_right: 38623 pred_wrong:377 actu_right: 38604 actu_wrong: 396
2026-04-12 19:38:07,646 P1479894 INFO pr:0.9130  rc:0.9767  auc:0.9939 ap:0.9669 f1: 0.9438 pred_right: 16362 pred_wrong:138 actu_right: 16371 actu_wrong: 129
2026-04-12 19:38:07,647 P1479894 INFO ----------------------------------------------------------------------------------------------------
2026-04-12 19:38:07,647 P1479894 INFO 69/300 starting... lr: 0.001 para:0.014285714365541935
2026-04-12 19:38:53,956 P1479894 INFO Epoch 69/300, all_loss:1.49630 cls_loss:1.02184 rec_loss:39.86609 [46.31s]; best loss:1.08038, patience : 6
2026-04-12 19:38:56,508 P1479894 INFO pr:0.9886  rc:0.8741  auc:0.9690 ap:0.9720 f1: 0.9278 pred_right: 38649 pred_wrong:351 actu_right: 38603 actu_wrong: 397
2026-04-12 19:38:57,572 P1479894 INFO pr:0.9308  rc:0.9380  auc:0.9862 ap:0.9716 f1: 0.9344 pred_right: 16370 pred_wrong:130 actu_right: 16371 actu_wrong: 129
2026-04-12 19:38:57,572 P1479894 INFO ----------------------------------------------------------------------------------------------------
2026-04-12 19:38:57,572 P1479894 INFO 70/300 starting... lr: 0.001 para:0.014084506779909134
2026-04-12 19:39:43,854 P1479894 INFO Epoch 70/300, all_loss:3.20599 cls_loss:2.76313 rec_loss:39.91796 [46.28s]; best loss:1.08038, patience : 7
2026-04-12 19:39:46,212 P1479894 INFO pr:0.9757  rc:0.9118  auc:0.9647 ap:0.9679 f1: 0.9427 pred_right: 38629 pred_wrong:371 actu_right: 38603 actu_wrong: 397
2026-04-12 19:39:47,176 P1479894 INFO pr:0.9197  rc:0.9767  auc:0.9940 ap:0.9751 f1: 0.9474 pred_right: 16363 pred_wrong:137 actu_right: 16371 actu_wrong: 129
2026-04-12 19:39:47,177 P1479894 INFO ----------------------------------------------------------------------------------------------------
2026-04-12 19:39:47,177 P1479894 INFO 71/300 starting... lr: 0.001 para:0.013888888992369175
2026-04-12 19:40:33,564 P1479894 INFO Epoch 71/300, all_loss:2.05130 cls_loss:1.59970 rec_loss:39.90683 [46.39s]; best loss:1.08038, patience : 7
2026-04-12 19:40:36,048 P1479894 INFO pr:0.9829  rc:0.8690  auc:0.9652 ap:0.9717 f1: 0.9225 pred_right: 38649 pred_wrong:351 actu_right: 38603 actu_wrong: 397
2026-04-12 19:40:37,110 P1479894 INFO pr:0.9380  rc:0.9380  auc:0.9940 ap:0.9803 f1: 0.9380 pred_right: 16371 pred_wrong:129 actu_right: 16371 actu_wrong: 129
2026-04-12 19:40:37,111 P1479894 INFO ----------------------------------------------------------------------------------------------------
2026-04-12 19:40:37,111 P1479894 INFO 72/300 starting... lr: 0.001 para:0.013698630034923553
2026-04-12 19:41:23,347 P1479894 INFO Epoch 72/300, all_loss:1.25199 cls_loss:0.79742 rec_loss:39.85204 [46.24s]; best loss:1.08038, patience : 7
2026-04-12 19:41:25,687 P1479894 INFO pr:0.9686  rc:0.9343  auc:0.9737 ap:0.9683 f1: 0.9512 pred_right: 38618 pred_wrong:382 actu_right: 38604 actu_wrong: 396
2026-04-12 19:41:26,639 P1479894 INFO pr:0.9265  rc:0.9767  auc:0.9939 ap:0.9702 f1: 0.9509 pred_right: 16364 pred_wrong:136 actu_right: 16371 actu_wrong: 129
2026-04-12 19:41:26,639 P1479894 INFO ----------------------------------------------------------------------------------------------------
2026-04-12 19:41:26,639 P1479894 INFO 73/300 starting... lr: 0.001 para:0.013513513840734959
2026-04-12 19:42:13,038 P1479894 INFO Epoch 73/300, all_loss:1.99146 cls_loss:1.55350 rec_loss:39.91274 [46.40s]; best loss:1.08038, patience : 8
2026-04-12 19:42:15,549 P1479894 INFO pr:0.9891  rc:0.9144  auc:0.9661 ap:0.9720 f1: 0.9503 pred_right: 38633 pred_wrong:367 actu_right: 38603 actu_wrong: 397
2026-04-12 19:42:16,679 P1479894 INFO pr:0.9466  rc:0.9612  auc:0.9887 ap:0.9820 f1: 0.9538 pred_right: 16369 pred_wrong:131 actu_right: 16371 actu_wrong: 129
2026-04-12 19:42:16,679 P1479894 INFO ----------------------------------------------------------------------------------------------------
2026-04-12 19:42:16,679 P1479894 INFO 74/300 starting... lr: 0.001 para:0.013333333656191826
2026-04-12 19:43:02,905 P1479894 INFO Epoch 74/300, all_loss:1.22039 cls_loss:0.77948 rec_loss:39.87915 [46.22s]; best loss:1.08038, patience : 8
2026-04-12 19:43:05,260 P1479894 INFO pr:0.9684  rc:0.9270  auc:0.9837 ap:0.9749 f1: 0.9472 pred_right: 38620 pred_wrong:380 actu_right: 38603 actu_wrong: 397
2026-04-12 19:43:06,219 P1479894 INFO pr:0.9248  rc:0.9535  auc:0.9939 ap:0.9718 f1: 0.9389 pred_right: 16367 pred_wrong:133 actu_right: 16371 actu_wrong: 129
2026-04-12 19:43:06,219 P1479894 INFO ----------------------------------------------------------------------------------------------------
2026-04-12 19:43:06,219 P1479894 INFO 75/300 starting... lr: 0.001 para:0.01315789483487606
2026-04-12 19:43:52,455 P1479894 INFO Epoch 75/300, all_loss:2.08330 cls_loss:1.66067 rec_loss:39.89280 [46.23s]; best loss:1.08038, patience : 9
2026-04-12 19:43:54,954 P1479894 INFO pr:0.9548  rc:0.9596  auc:0.9888 ap:0.9766 f1: 0.9572 pred_right: 38602 pred_wrong:398 actu_right: 38604 actu_wrong: 396
2026-04-12 19:43:56,012 P1479894 INFO pr:0.8759  rc:0.9845  auc:0.9996 ap:0.9600 f1: 0.9270 pred_right: 16355 pred_wrong:145 actu_right: 16371 actu_wrong: 129
2026-04-12 19:43:56,013 P1479894 INFO ----------------------------------------------------------------------------------------------------
2026-04-12 19:43:56,013 P1479894 INFO 76/300 starting... lr: 0.001 para:0.012987012974917889
2026-04-12 19:44:42,173 P1479894 INFO Epoch 76/300, all_loss:1.78309 cls_loss:1.36345 rec_loss:39.86789 [46.16s]; best loss:1.08038, patience : 9
2026-04-12 19:44:44,526 P1479894 INFO pr:0.9867  rc:0.9370  auc:0.9790 ap:0.9756 f1: 0.9612 pred_right: 38623 pred_wrong:377 actu_right: 38603 actu_wrong: 397
2026-04-12 19:44:45,489 P1479894 INFO pr:0.9051  rc:0.9612  auc:0.9881 ap:0.9618 f1: 0.9323 pred_right: 16363 pred_wrong:137 actu_right: 16371 actu_wrong: 129
2026-04-12 19:44:45,499 P1479894 INFO ----------------------------------------------------------------------------------------------------
2026-04-12 19:44:45,499 P1479894 INFO 77/300 starting... lr: 0.001 para:0.012820512987673283
2026-04-12 19:45:31,784 P1479894 INFO Epoch 77/300, all_loss:2.10524 cls_loss:1.69665 rec_loss:39.83950 [46.28s]; best loss:1.08038, patience : 10
2026-04-12 19:45:34,322 P1479894 INFO pr:0.8124  rc:0.9597  auc:0.9848 ap:0.9157 f1: 0.8799 pred_right: 38531 pred_wrong:469 actu_right: 38603 actu_wrong: 397
2026-04-12 19:45:35,328 P1479894 INFO pr:0.7812  rc:0.9690  auc:0.9935 ap:0.9312 f1: 0.8651 pred_right: 16340 pred_wrong:160 actu_right: 16371 actu_wrong: 129
2026-04-12 19:45:35,328 P1479894 INFO ----------------------------------------------------------------------------------------------------
2026-04-12 19:45:35,329 P1479894 INFO 78/300 starting... lr: 0.001 para:0.012658228166401386
2026-04-12 19:46:21,095 P1479894 INFO Epoch 78/300, all_loss:1.01573 cls_loss:0.59874 rec_loss:39.89426 [45.74s]; best loss:1.01573, patience : 0
2026-04-12 19:46:23,443 P1479894 INFO pr:0.9813  rc:0.9268  auc:0.9775 ap:0.9787 f1: 0.9532 pred_right: 38626 pred_wrong:374 actu_right: 38604 actu_wrong: 396
2026-04-12 19:46:24,502 P1479894 INFO pr:0.9254  rc:0.9612  auc:0.9882 ap:0.9700 f1: 0.9430 pred_right: 16366 pred_wrong:134 actu_right: 16371 actu_wrong: 129
2026-04-12 19:46:24,503 P1479894 INFO ----------------------------------------------------------------------------------------------------
2026-04-12 19:46:24,503 P1479894 INFO 79/300 starting... lr: 0.001 para:0.012500000186264515
2026-04-12 19:47:10,732 P1479894 INFO Epoch 79/300, all_loss:1.50014 cls_loss:1.09510 rec_loss:39.93308 [46.23s]; best loss:1.01573, patience : 1
2026-04-12 19:47:13,254 P1479894 INFO pr:0.9943  rc:0.8813  auc:0.9621 ap:0.9728 f1: 0.9344 pred_right: 38649 pred_wrong:351 actu_right: 38604 actu_wrong: 396
2026-04-12 19:47:14,217 P1479894 INFO pr:0.9466  rc:0.9612  auc:0.9844 ap:0.9811 f1: 0.9538 pred_right: 16369 pred_wrong:131 actu_right: 16371 actu_wrong: 129
2026-04-12 19:47:14,218 P1479894 INFO ----------------------------------------------------------------------------------------------------
2026-04-12 19:47:14,218 P1479894 INFO 80/300 starting... lr: 0.001 para:0.012345679104328156
2026-04-12 19:48:00,553 P1479894 INFO Epoch 80/300, all_loss:0.96638 cls_loss:0.56029 rec_loss:39.96897 [46.31s]; best loss:0.96638, patience : 0
2026-04-12 19:48:02,894 P1479894 INFO pr:0.9789  rc:0.9345  auc:0.9798 ap:0.9760 f1: 0.9562 pred_right: 38621 pred_wrong:379 actu_right: 38603 actu_wrong: 397
2026-04-12 19:48:03,961 P1479894 INFO pr:0.9124  rc:0.9690  auc:0.9882 ap:0.9557 f1: 0.9398 pred_right: 16363 pred_wrong:137 actu_right: 16371 actu_wrong: 129
2026-04-12 19:48:03,962 P1479894 INFO ----------------------------------------------------------------------------------------------------
2026-04-12 19:48:03,962 P1479894 INFO 81/300 starting... lr: 0.001 para:0.012195121496915817
2026-04-12 19:48:50,419 P1479894 INFO Epoch 81/300, all_loss:0.80457 cls_loss:0.40408 rec_loss:39.84042 [46.43s]; best loss:0.80457, patience : 0
2026-04-12 19:48:52,858 P1479894 INFO pr:0.9714  rc:0.9421  auc:0.9814 ap:0.9724 f1: 0.9565 pred_right: 38615 pred_wrong:385 actu_right: 38603 actu_wrong: 397
2026-04-12 19:48:53,820 P1479894 INFO pr:0.9197  rc:0.9767  auc:0.9938 ap:0.9590 f1: 0.9474 pred_right: 16363 pred_wrong:137 actu_right: 16371 actu_wrong: 129
2026-04-12 19:48:53,820 P1479894 INFO ----------------------------------------------------------------------------------------------------
2026-04-12 19:48:53,821 P1479894 INFO 82/300 starting... lr: 0.001 para:0.012048192322254181
2026-04-12 19:49:40,116 P1479894 INFO Epoch 82/300, all_loss:1.85862 cls_loss:1.47663 rec_loss:39.85719 [46.29s]; best loss:0.80457, patience : 1
2026-04-12 19:49:42,485 P1479894 INFO pr:0.9767  rc:0.9520  auc:0.9859 ap:0.9794 f1: 0.9642 pred_right: 38614 pred_wrong:386 actu_right: 38604 actu_wrong: 396
2026-04-12 19:49:43,545 P1479894 INFO pr:0.9197  rc:0.9767  auc:0.9939 ap:0.9632 f1: 0.9474 pred_right: 16363 pred_wrong:137 actu_right: 16371 actu_wrong: 129
2026-04-12 19:49:43,555 P1479894 INFO ----------------------------------------------------------------------------------------------------
2026-04-12 19:49:43,555 P1479894 INFO 83/300 starting... lr: 0.001 para:0.011904762126505375
2026-04-12 19:50:29,921 P1479894 INFO Epoch 83/300, all_loss:1.14147 cls_loss:0.75645 rec_loss:39.85455 [46.36s]; best loss:0.80457, patience : 1
2026-04-12 19:50:32,352 P1479894 INFO pr:0.9714  rc:0.9421  auc:0.9873 ap:0.9813 f1: 0.9565 pred_right: 38615 pred_wrong:385 actu_right: 38603 actu_wrong: 397
2026-04-12 19:50:33,331 P1479894 INFO pr:0.8811  rc:0.9767  auc:0.9939 ap:0.9638 f1: 0.9265 pred_right: 16357 pred_wrong:143 actu_right: 16371 actu_wrong: 129
2026-04-12 19:50:33,332 P1479894 INFO ----------------------------------------------------------------------------------------------------
2026-04-12 19:50:33,332 P1479894 INFO 84/300 starting... lr: 0.001 para:0.0117647061124444
2026-04-12 19:51:19,729 P1479894 INFO Epoch 84/300, all_loss:1.02163 cls_loss:0.64056 rec_loss:39.86872 [46.40s]; best loss:0.80457, patience : 1
2026-04-12 19:51:22,104 P1479894 INFO pr:0.9790  rc:0.9395  auc:0.9829 ap:0.9783 f1: 0.9589 pred_right: 38619 pred_wrong:381 actu_right: 38603 actu_wrong: 397
2026-04-12 19:51:23,164 P1479894 INFO pr:0.9398  rc:0.9690  auc:0.9940 ap:0.9743 f1: 0.9542 pred_right: 16367 pred_wrong:133 actu_right: 16371 actu_wrong: 129
2026-04-12 19:51:23,165 P1479894 INFO ----------------------------------------------------------------------------------------------------
2026-04-12 19:51:23,165 P1479894 INFO 85/300 starting... lr: 0.001 para:0.011627906933426857
2026-04-12 19:52:09,560 P1479894 INFO Epoch 85/300, all_loss:1.58122 cls_loss:1.21228 rec_loss:39.85762 [46.39s]; best loss:0.80457, patience : 2
2026-04-12 19:52:12,000 P1479894 INFO pr:0.9766  rc:0.9471  auc:0.9869 ap:0.9820 f1: 0.9616 pred_right: 38615 pred_wrong:385 actu_right: 38603 actu_wrong: 397
2026-04-12 19:52:12,974 P1479894 INFO pr:0.9259  rc:0.9690  auc:0.9940 ap:0.9784 f1: 0.9470 pred_right: 16365 pred_wrong:135 actu_right: 16371 actu_wrong: 129
2026-04-12 19:52:12,975 P1479894 INFO ----------------------------------------------------------------------------------------------------
2026-04-12 19:52:12,975 P1479894 INFO 86/300 starting... lr: 0.001 para:0.01149425283074379
2026-04-12 19:52:59,477 P1479894 INFO Epoch 86/300, all_loss:0.52822 cls_loss:0.15212 rec_loss:39.86834 [46.48s]; best loss:0.52822, patience : 0
2026-04-12 19:53:01,947 P1479894 INFO pr:0.9373  rc:0.9421  auc:0.9831 ap:0.9744 f1: 0.9397 pred_right: 38601 pred_wrong:399 actu_right: 38603 actu_wrong: 397
2026-04-12 19:53:03,007 P1479894 INFO pr:0.8212  rc:0.9612  auc:0.9862 ap:0.9674 f1: 0.8857 pred_right: 16349 pred_wrong:151 actu_right: 16371 actu_wrong: 129
2026-04-12 19:53:03,007 P1479894 INFO ----------------------------------------------------------------------------------------------------
2026-04-12 19:53:03,007 P1479894 INFO 87/300 starting... lr: 0.001 para:0.011363636702299118
2026-04-12 19:53:49,237 P1479894 INFO Epoch 87/300, all_loss:2.38131 cls_loss:2.03016 rec_loss:40.00632 [46.23s]; best loss:0.52822, patience : 1
2026-04-12 19:53:51,608 P1479894 INFO pr:0.9837  rc:0.9093  auc:0.9725 ap:0.9748 f1: 0.9450 pred_right: 38633 pred_wrong:367 actu_right: 38603 actu_wrong: 397
2026-04-12 19:53:52,582 P1479894 INFO pr:0.9535  rc:0.9535  auc:0.9900 ap:0.9734 f1: 0.9535 pred_right: 16371 pred_wrong:129 actu_right: 16371 actu_wrong: 129
2026-04-12 19:53:52,582 P1479894 INFO ----------------------------------------------------------------------------------------------------
2026-04-12 19:53:52,582 P1479894 INFO 88/300 starting... lr: 0.001 para:0.01123595517128706
2026-04-12 19:54:39,048 P1479894 INFO Epoch 88/300, all_loss:1.01868 cls_loss:0.65857 rec_loss:39.86448 [46.46s]; best loss:0.52822, patience : 1
2026-04-12 19:54:41,484 P1479894 INFO pr:0.9791  rc:0.9446  auc:0.9800 ap:0.9788 f1: 0.9615 pred_right: 38617 pred_wrong:383 actu_right: 38603 actu_wrong: 397
2026-04-12 19:54:42,591 P1479894 INFO pr:0.9265  rc:0.9767  auc:0.9920 ap:0.9733 f1: 0.9509 pred_right: 16364 pred_wrong:136 actu_right: 16371 actu_wrong: 129
2026-04-12 19:54:42,592 P1479894 INFO ----------------------------------------------------------------------------------------------------
2026-04-12 19:54:42,592 P1479894 INFO 89/300 starting... lr: 0.001 para:0.011111111380159855
2026-04-12 19:55:28,742 P1479894 INFO Epoch 89/300, all_loss:2.31830 cls_loss:1.97766 rec_loss:39.87257 [46.15s]; best loss:0.52822, patience : 2
2026-04-12 19:55:31,106 P1479894 INFO pr:0.8651  rc:0.9043  auc:0.9758 ap:0.9216 f1: 0.8842 pred_right: 38585 pred_wrong:415 actu_right: 38603 actu_wrong: 397
2026-04-12 19:55:32,076 P1479894 INFO pr:0.8786  rc:0.9535  auc:0.9937 ap:0.9508 f1: 0.9145 pred_right: 16360 pred_wrong:140 actu_right: 16371 actu_wrong: 129
2026-04-12 19:55:32,077 P1479894 INFO ----------------------------------------------------------------------------------------------------
2026-04-12 19:55:32,077 P1479894 INFO 90/300 starting... lr: 0.001 para:0.010989011265337467
2026-04-12 19:56:18,468 P1479894 INFO Epoch 90/300, all_loss:29.03224 cls_loss:28.99348 rec_loss:39.83846 [46.39s]; best loss:0.52822, patience : 3
2026-04-12 19:56:20,892 P1479894 INFO pr:0.9841  rc:0.9370  auc:0.9799 ap:0.9794 f1: 0.9600 pred_right: 38622 pred_wrong:378 actu_right: 38603 actu_wrong: 397
2026-04-12 19:56:21,952 P1479894 INFO pr:0.9265  rc:0.9767  auc:0.9920 ap:0.9760 f1: 0.9509 pred_right: 16364 pred_wrong:136 actu_right: 16371 actu_wrong: 129
2026-04-12 19:56:21,952 P1479894 INFO ----------------------------------------------------------------------------------------------------
2026-04-12 19:56:21,952 P1479894 INFO 91/300 starting... lr: 0.001 para:0.010869565419852734
2026-04-12 19:57:08,207 P1479894 INFO Epoch 91/300, all_loss:1.28627 cls_loss:0.94411 rec_loss:39.82130 [46.25s]; best loss:0.52822, patience : 3
2026-04-12 19:57:10,578 P1479894 INFO pr:0.9866  rc:0.9318  auc:0.9799 ap:0.9796 f1: 0.9584 pred_right: 38626 pred_wrong:374 actu_right: 38604 actu_wrong: 396
2026-04-12 19:57:11,542 P1479894 INFO pr:0.9470  rc:0.9690  auc:0.9921 ap:0.9775 f1: 0.9579 pred_right: 16368 pred_wrong:132 actu_right: 16371 actu_wrong: 129
2026-04-12 19:57:11,543 P1479894 INFO ----------------------------------------------------------------------------------------------------
2026-04-12 19:57:11,543 P1479894 INFO 92/300 starting... lr: 0.001 para:0.01075268816202879
2026-04-12 19:57:57,874 P1479894 INFO Epoch 92/300, all_loss:1.60967 cls_loss:1.27543 rec_loss:39.83931 [46.33s]; best loss:0.52822, patience : 4
2026-04-12 19:58:00,442 P1479894 INFO pr:0.9892  rc:0.9244  auc:0.9758 ap:0.9775 f1: 0.9557 pred_right: 38629 pred_wrong:371 actu_right: 38603 actu_wrong: 397
2026-04-12 19:58:01,503 P1479894 INFO pr:0.9394  rc:0.9612  auc:0.9921 ap:0.9800 f1: 0.9502 pred_right: 16368 pred_wrong:132 actu_right: 16371 actu_wrong: 129
2026-04-12 19:58:01,504 P1479894 INFO ----------------------------------------------------------------------------------------------------
2026-04-12 19:58:01,504 P1479894 INFO 93/300 starting... lr: 0.001 para:0.010638297535479069
2026-04-12 19:58:47,858 P1479894 INFO Epoch 93/300, all_loss:0.56031 cls_loss:0.21959 rec_loss:39.80826 [46.35s]; best loss:0.52822, patience : 4
2026-04-12 19:58:50,218 P1479894 INFO pr:0.9790  rc:0.9419  auc:0.9808 ap:0.9753 f1: 0.9601 pred_right: 38619 pred_wrong:381 actu_right: 38604 actu_wrong: 396
2026-04-12 19:58:51,234 P1479894 INFO pr:0.8993  rc:0.9690  auc:0.9881 ap:0.9665 f1: 0.9328 pred_right: 16361 pred_wrong:139 actu_right: 16371 actu_wrong: 129
2026-04-12 19:58:51,235 P1479894 INFO ----------------------------------------------------------------------------------------------------
2026-04-12 19:58:51,235 P1479894 INFO 94/300 starting... lr: 0.001 para:0.010526316240429878
2026-04-12 19:59:37,623 P1479894 INFO Epoch 94/300, all_loss:0.72912 cls_loss:0.39444 rec_loss:39.82981 [46.39s]; best loss:0.52822, patience : 5
2026-04-12 19:59:40,110 P1479894 INFO pr:0.9640  rc:0.9446  auc:0.9802 ap:0.9724 f1: 0.9542 pred_right: 38611 pred_wrong:389 actu_right: 38603 actu_wrong: 397
2026-04-12 19:59:41,171 P1479894 INFO pr:0.8993  rc:0.9690  auc:0.9938 ap:0.9606 f1: 0.9328 pred_right: 16361 pred_wrong:139 actu_right: 16371 actu_wrong: 129
2026-04-12 19:59:41,171 P1479894 INFO ----------------------------------------------------------------------------------------------------
2026-04-12 19:59:41,171 P1479894 INFO 95/300 starting... lr: 0.001 para:0.010416666977107525
2026-04-12 20:00:27,354 P1479894 INFO Epoch 95/300, all_loss:1.21469 cls_loss:0.88967 rec_loss:39.81301 [46.18s]; best loss:0.52822, patience : 6
2026-04-12 20:00:29,705 P1479894 INFO pr:0.9789  rc:0.9345  auc:0.9775 ap:0.9758 f1: 0.9562 pred_right: 38621 pred_wrong:379 actu_right: 38603 actu_wrong: 397
2026-04-12 20:00:30,667 P1479894 INFO pr:0.9328  rc:0.9690  auc:0.9901 ap:0.9758 f1: 0.9506 pred_right: 16366 pred_wrong:134 actu_right: 16371 actu_wrong: 129
2026-04-12 20:00:30,667 P1479894 INFO ----------------------------------------------------------------------------------------------------
2026-04-12 20:00:30,667 P1479894 INFO 96/300 starting... lr: 0.001 para:0.010309278033673763
2026-04-12 20:01:16,947 P1479894 INFO Epoch 96/300, all_loss:1.01410 cls_loss:0.69137 rec_loss:39.79853 [46.28s]; best loss:0.52822, patience : 6
2026-04-12 20:01:19,433 P1479894 INFO pr:0.9468  rc:0.9444  auc:0.9789 ap:0.9592 f1: 0.9456 pred_right: 38605 pred_wrong:395 actu_right: 38604 actu_wrong: 396
2026-04-12 20:01:20,508 P1479894 INFO pr:0.8865  rc:0.9690  auc:0.9899 ap:0.9501 f1: 0.9259 pred_right: 16359 pred_wrong:141 actu_right: 16371 actu_wrong: 129
2026-04-12 20:01:20,509 P1479894 INFO ----------------------------------------------------------------------------------------------------
2026-04-12 20:01:20,509 P1479894 INFO 97/300 starting... lr: 0.001 para:0.010204081423580647
2026-04-12 20:02:06,854 P1479894 INFO Epoch 97/300, all_loss:0.94921 cls_loss:0.62946 rec_loss:39.84824 [46.34s]; best loss:0.52822, patience : 6
2026-04-12 20:02:09,208 P1479894 INFO pr:0.9779  rc:0.8917  auc:0.9558 ap:0.9611 f1: 0.9328 pred_right: 38638 pred_wrong:362 actu_right: 38603 actu_wrong: 397
2026-04-12 20:02:10,174 P1479894 INFO pr:0.9185  rc:0.9612  auc:0.9939 ap:0.9692 f1: 0.9394 pred_right: 16365 pred_wrong:135 actu_right: 16371 actu_wrong: 129
2026-04-12 20:02:10,175 P1479894 INFO ----------------------------------------------------------------------------------------------------
2026-04-12 20:02:10,175 P1479894 INFO 98/300 starting... lr: 0.001 para:0.010101010091602802
2026-04-12 20:02:56,456 P1479894 INFO Epoch 98/300, all_loss:1.32435 cls_loss:1.01279 rec_loss:39.82018 [46.28s]; best loss:0.52822, patience : 7
2026-04-12 20:02:58,956 P1479894 INFO pr:0.9790  rc:0.9395  auc:0.9775 ap:0.9724 f1: 0.9589 pred_right: 38619 pred_wrong:381 actu_right: 38603 actu_wrong: 397
2026-04-12 20:03:00,017 P1479894 INFO pr:0.9197  rc:0.9767  auc:0.9920 ap:0.9654 f1: 0.9474 pred_right: 16363 pred_wrong:137 actu_right: 16371 actu_wrong: 129
2026-04-12 20:03:00,018 P1479894 INFO ----------------------------------------------------------------------------------------------------
2026-04-12 20:03:00,018 P1479894 INFO 99/300 starting... lr: 0.001 para:0.01
2026-04-12 20:03:46,343 P1479894 INFO Epoch 99/300, all_loss:0.33526 cls_loss:0.01746 rec_loss:39.84025 [46.30s]; best loss:0.33526, patience : 0
2026-04-12 20:03:48,683 P1479894 INFO pr:0.9594  rc:0.9521  auc:0.9874 ap:0.9749 f1: 0.9558 pred_right: 38606 pred_wrong:394 actu_right: 38603 actu_wrong: 397
2026-04-12 20:03:49,642 P1479894 INFO pr:0.9007  rc:0.9845  auc:0.9977 ap:0.9636 f1: 0.9407 pred_right: 16359 pred_wrong:141 actu_right: 16371 actu_wrong: 129
2026-04-12 20:03:49,642 P1479894 INFO ----------------------------------------------------------------------------------------------------
2026-04-12 20:03:49,642 P1479894 INFO 100/300 starting... lr: 0.0009000000000000001 para:0.01
2026-04-12 20:04:35,928 P1479894 INFO Epoch 100/300, all_loss:0.39780 cls_loss:0.08123 rec_loss:39.78114 [46.28s]; best loss:0.33526, patience : 1
2026-04-12 20:04:38,455 P1479894 INFO pr:0.9690  rc:0.9470  auc:0.9786 ap:0.9758 f1: 0.9579 pred_right: 38613 pred_wrong:387 actu_right: 38604 actu_wrong: 396
2026-04-12 20:04:39,425 P1479894 INFO pr:0.8630  rc:0.9767  auc:0.9919 ap:0.9578 f1: 0.9164 pred_right: 16354 pred_wrong:146 actu_right: 16371 actu_wrong: 129
2026-04-12 20:04:39,425 P1479894 INFO ----------------------------------------------------------------------------------------------------
2026-04-12 20:04:39,425 P1479894 INFO 101/300 starting... lr: 0.0009000000000000001 para:0.01
2026-04-12 20:05:25,458 P1479894 INFO Epoch 101/300, all_loss:0.93296 cls_loss:0.62176 rec_loss:39.78386 [46.03s]; best loss:0.33526, patience : 2
2026-04-12 20:05:27,802 P1479894 INFO pr:0.9793  rc:0.9521  auc:0.9816 ap:0.9789 f1: 0.9655 pred_right: 38614 pred_wrong:386 actu_right: 38603 actu_wrong: 397
2026-04-12 20:05:28,868 P1479894 INFO pr:0.9197  rc:0.9767  auc:0.9902 ap:0.9720 f1: 0.9474 pred_right: 16363 pred_wrong:137 actu_right: 16371 actu_wrong: 129
2026-04-12 20:05:28,879 P1479894 INFO ----------------------------------------------------------------------------------------------------
2026-04-12 20:05:28,879 P1479894 INFO 102/300 starting... lr: 0.0009000000000000001 para:0.01
2026-04-12 20:06:15,161 P1479894 INFO Epoch 102/300, all_loss:0.64092 cls_loss:0.32706 rec_loss:39.75527 [46.28s]; best loss:0.33526, patience : 2
2026-04-12 20:06:17,612 P1479894 INFO pr:0.9815  rc:0.9370  auc:0.9762 ap:0.9747 f1: 0.9588 pred_right: 38621 pred_wrong:379 actu_right: 38603 actu_wrong: 397
2026-04-12 20:06:18,572 P1479894 INFO pr:0.9333  rc:0.9767  auc:0.9903 ap:0.9704 f1: 0.9545 pred_right: 16365 pred_wrong:135 actu_right: 16371 actu_wrong: 129
2026-04-12 20:06:18,572 P1479894 INFO ----------------------------------------------------------------------------------------------------
2026-04-12 20:06:18,572 P1479894 INFO 103/300 starting... lr: 0.0009000000000000001 para:0.01
2026-04-12 20:07:04,845 P1479894 INFO Epoch 103/300, all_loss:1.00102 cls_loss:0.69030 rec_loss:39.80437 [46.27s]; best loss:0.33526, patience : 3
2026-04-12 20:07:07,219 P1479894 INFO pr:0.9791  rc:0.9444  auc:0.9814 ap:0.9786 f1: 0.9614 pred_right: 38618 pred_wrong:382 actu_right: 38604 actu_wrong: 396
2026-04-12 20:07:08,284 P1479894 INFO pr:0.9333  rc:0.9767  auc:0.9939 ap:0.9687 f1: 0.9545 pred_right: 16365 pred_wrong:135 actu_right: 16371 actu_wrong: 129
2026-04-12 20:07:08,284 P1479894 INFO ----------------------------------------------------------------------------------------------------
2026-04-12 20:07:08,284 P1479894 INFO 104/300 starting... lr: 0.0009000000000000001 para:0.01
2026-04-12 20:07:54,577 P1479894 INFO Epoch 104/300, all_loss:0.49078 cls_loss:0.17555 rec_loss:39.74152 [46.29s]; best loss:0.33526, patience : 3
2026-04-12 20:07:56,992 P1479894 INFO pr:0.9691  rc:0.9519  auc:0.9821 ap:0.9772 f1: 0.9604 pred_right: 38612 pred_wrong:388 actu_right: 38605 actu_wrong: 395
2026-04-12 20:07:57,963 P1479894 INFO pr:0.9130  rc:0.9767  auc:0.9938 ap:0.9686 f1: 0.9438 pred_right: 16362 pred_wrong:138 actu_right: 16371 actu_wrong: 129
2026-04-12 20:07:57,964 P1479894 INFO ----------------------------------------------------------------------------------------------------
2026-04-12 20:07:57,964 P1479894 INFO 105/300 starting... lr: 0.0009000000000000001 para:0.01
2026-04-12 20:08:44,485 P1479894 INFO Epoch 105/300, all_loss:0.49503 cls_loss:0.17990 rec_loss:39.73524 [46.52s]; best loss:0.33526, patience : 4
2026-04-12 20:08:46,869 P1479894 INFO pr:0.9668  rc:0.9521  auc:0.9825 ap:0.9724 f1: 0.9594 pred_right: 38609 pred_wrong:391 actu_right: 38603 actu_wrong: 397
2026-04-12 20:08:47,928 P1479894 INFO pr:0.9058  rc:0.9690  auc:0.9996 ap:0.9716 f1: 0.9363 pred_right: 16362 pred_wrong:138 actu_right: 16371 actu_wrong: 129
2026-04-12 20:08:47,928 P1479894 INFO ----------------------------------------------------------------------------------------------------
2026-04-12 20:08:47,928 P1479894 INFO 106/300 starting... lr: 0.0009000000000000001 para:0.01
2026-04-12 20:09:34,224 P1479894 INFO Epoch 106/300, all_loss:1.42769 cls_loss:1.12151 rec_loss:39.78203 [46.29s]; best loss:0.33526, patience : 5
2026-04-12 20:09:36,600 P1479894 INFO pr:0.9817  rc:0.9446  auc:0.9818 ap:0.9806 f1: 0.9628 pred_right: 38618 pred_wrong:382 actu_right: 38603 actu_wrong: 397
2026-04-12 20:09:37,562 P1479894 INFO pr:0.9333  rc:0.9767  auc:0.9941 ap:0.9783 f1: 0.9545 pred_right: 16365 pred_wrong:135 actu_right: 16371 actu_wrong: 129
2026-04-12 20:09:37,563 P1479894 INFO ----------------------------------------------------------------------------------------------------
2026-04-12 20:09:37,563 P1479894 INFO 107/300 starting... lr: 0.0009000000000000001 para:0.01
2026-04-12 20:10:23,875 P1479894 INFO Epoch 107/300, all_loss:0.42987 cls_loss:0.11403 rec_loss:39.74170 [46.31s]; best loss:0.33526, patience : 5
2026-04-12 20:10:26,303 P1479894 INFO pr:0.9594  rc:0.9521  auc:0.9869 ap:0.9788 f1: 0.9558 pred_right: 38606 pred_wrong:394 actu_right: 38603 actu_wrong: 397
2026-04-12 20:10:27,414 P1479894 INFO pr:0.8581  rc:0.9845  auc:0.9976 ap:0.9580 f1: 0.9170 pred_right: 16352 pred_wrong:148 actu_right: 16371 actu_wrong: 129
2026-04-12 20:10:27,414 P1479894 INFO ----------------------------------------------------------------------------------------------------
2026-04-12 20:10:27,414 P1479894 INFO 108/300 starting... lr: 0.0009000000000000001 para:0.01
2026-04-12 20:11:13,707 P1479894 INFO Epoch 108/300, all_loss:1.04030 cls_loss:0.73023 rec_loss:39.77974 [46.29s]; best loss:0.33526, patience : 6
2026-04-12 20:11:16,164 P1479894 INFO pr:0.9789  rc:0.9370  auc:0.9770 ap:0.9787 f1: 0.9575 pred_right: 38620 pred_wrong:380 actu_right: 38603 actu_wrong: 397
2026-04-12 20:11:17,141 P1479894 INFO pr:0.9254  rc:0.9612  auc:0.9960 ap:0.9825 f1: 0.9430 pred_right: 16366 pred_wrong:134 actu_right: 16371 actu_wrong: 129
2026-04-12 20:11:17,141 P1479894 INFO ----------------------------------------------------------------------------------------------------
2026-04-12 20:11:17,141 P1479894 INFO 109/300 starting... lr: 0.0009000000000000001 para:0.01
2026-04-12 20:12:03,502 P1479894 INFO Epoch 109/300, all_loss:0.75183 cls_loss:0.43946 rec_loss:39.71848 [46.36s]; best loss:0.33526, patience : 6
2026-04-12 20:12:05,872 P1479894 INFO pr:0.9791  rc:0.9421  auc:0.9793 ap:0.9789 f1: 0.9602 pred_right: 38618 pred_wrong:382 actu_right: 38603 actu_wrong: 397
2026-04-12 20:12:06,933 P1479894 INFO pr:0.9270  rc:0.9845  auc:0.9999 ap:0.9847 f1: 0.9549 pred_right: 16363 pred_wrong:137 actu_right: 16371 actu_wrong: 129
2026-04-12 20:12:06,934 P1479894 INFO ----------------------------------------------------------------------------------------------------
2026-04-12 20:12:06,934 P1479894 INFO 110/300 starting... lr: 0.0009000000000000001 para:0.01
2026-04-12 20:12:53,288 P1479894 INFO Epoch 110/300, all_loss:1.14590 cls_loss:0.83757 rec_loss:39.71270 [46.35s]; best loss:0.33526, patience : 7
2026-04-12 20:12:55,709 P1479894 INFO pr:0.9791  rc:0.9446  auc:0.9817 ap:0.9794 f1: 0.9615 pred_right: 38617 pred_wrong:383 actu_right: 38603 actu_wrong: 397
2026-04-12 20:12:56,681 P1479894 INFO pr:0.9058  rc:0.9690  auc:0.9925 ap:0.9702 f1: 0.9363 pred_right: 16362 pred_wrong:138 actu_right: 16371 actu_wrong: 129
2026-04-12 20:12:56,682 P1479894 INFO ----------------------------------------------------------------------------------------------------
2026-04-12 20:12:56,682 P1479894 INFO 111/300 starting... lr: 0.0009000000000000001 para:0.01
2026-04-12 20:13:43,109 P1479894 INFO Epoch 111/300, all_loss:0.84476 cls_loss:0.53329 rec_loss:39.72334 [46.43s]; best loss:0.33526, patience : 7
2026-04-12 20:13:45,476 P1479894 INFO pr:0.9863  rc:0.9093  auc:0.9747 ap:0.9768 f1: 0.9463 pred_right: 38634 pred_wrong:366 actu_right: 38603 actu_wrong: 397
2026-04-12 20:13:46,536 P1479894 INFO pr:0.9462  rc:0.9535  auc:0.9959 ap:0.9802 f1: 0.9498 pred_right: 16370 pred_wrong:130 actu_right: 16371 actu_wrong: 129
2026-04-12 20:13:46,536 P1479894 INFO ----------------------------------------------------------------------------------------------------
2026-04-12 20:13:46,536 P1479894 INFO 112/300 starting... lr: 0.0009000000000000001 para:0.01
2026-04-12 20:14:32,821 P1479894 INFO Epoch 112/300, all_loss:0.72115 cls_loss:0.40818 rec_loss:39.75045 [46.28s]; best loss:0.33526, patience : 7
2026-04-12 20:14:35,309 P1479894 INFO pr:0.9841  rc:0.9345  auc:0.9819 ap:0.9788 f1: 0.9587 pred_right: 38623 pred_wrong:377 actu_right: 38603 actu_wrong: 397
2026-04-12 20:14:36,276 P1479894 INFO pr:0.9248  rc:0.9535  auc:0.9978 ap:0.9714 f1: 0.9389 pred_right: 16367 pred_wrong:133 actu_right: 16371 actu_wrong: 129
2026-04-12 20:14:36,276 P1479894 INFO ----------------------------------------------------------------------------------------------------
2026-04-12 20:14:36,276 P1479894 INFO 113/300 starting... lr: 0.0009000000000000001 para:0.01
2026-04-12 20:15:22,664 P1479894 INFO Epoch 113/300, all_loss:2.13941 cls_loss:1.84082 rec_loss:39.74426 [46.39s]; best loss:0.33526, patience : 8
2026-04-12 20:15:25,025 P1479894 INFO pr:0.9730  rc:0.9068  auc:0.9650 ap:0.9663 f1: 0.9387 pred_right: 38630 pred_wrong:370 actu_right: 38603 actu_wrong: 397
2026-04-12 20:15:26,090 P1479894 INFO pr:0.9124  rc:0.9690  auc:0.9918 ap:0.9583 f1: 0.9398 pred_right: 16363 pred_wrong:137 actu_right: 16371 actu_wrong: 129
2026-04-12 20:15:26,091 P1479894 INFO ----------------------------------------------------------------------------------------------------
2026-04-12 20:15:26,091 P1479894 INFO 114/300 starting... lr: 0.0009000000000000001 para:0.01
2026-04-12 20:16:12,377 P1479894 INFO Epoch 114/300, all_loss:1.26336 cls_loss:0.95552 rec_loss:39.78287 [46.29s]; best loss:0.33526, patience : 8
2026-04-12 20:16:14,766 P1479894 INFO pr:0.9669  rc:0.9596  auc:0.9871 ap:0.9785 f1: 0.9632 pred_right: 38607 pred_wrong:393 actu_right: 38604 actu_wrong: 396
2026-04-12 20:16:15,725 P1479894 INFO pr:0.8759  rc:0.9845  auc:0.9978 ap:0.9593 f1: 0.9270 pred_right: 16355 pred_wrong:145 actu_right: 16371 actu_wrong: 129
2026-04-12 20:16:15,725 P1479894 INFO ----------------------------------------------------------------------------------------------------
2026-04-12 20:16:15,725 P1479894 INFO 115/300 starting... lr: 0.0009000000000000001 para:0.01
2026-04-12 20:17:02,005 P1479894 INFO Epoch 115/300, all_loss:1.18630 cls_loss:0.87797 rec_loss:39.75447 [46.28s]; best loss:0.33526, patience : 8
2026-04-12 20:17:04,371 P1479894 INFO pr:0.9791  rc:0.9421  auc:0.9819 ap:0.9797 f1: 0.9602 pred_right: 38618 pred_wrong:382 actu_right: 38603 actu_wrong: 397
2026-04-12 20:17:05,421 P1479894 INFO pr:0.9338  rc:0.9845  auc:0.9979 ap:0.9736 f1: 0.9585 pred_right: 16364 pred_wrong:136 actu_right: 16371 actu_wrong: 129
2026-04-12 20:17:05,422 P1479894 INFO ----------------------------------------------------------------------------------------------------
2026-04-12 20:17:05,422 P1479894 INFO 116/300 starting... lr: 0.0009000000000000001 para:0.01
2026-04-12 20:17:51,587 P1479894 INFO Epoch 116/300, all_loss:0.47005 cls_loss:0.15473 rec_loss:39.73164 [46.16s]; best loss:0.33526, patience : 8
2026-04-12 20:17:53,925 P1479894 INFO pr:0.9792  rc:0.9495  auc:0.9785 ap:0.9750 f1: 0.9641 pred_right: 38616 pred_wrong:384 actu_right: 38604 actu_wrong: 396
2026-04-12 20:17:54,874 P1479894 INFO pr:0.9197  rc:0.9767  auc:0.9940 ap:0.9719 f1: 0.9474 pred_right: 16363 pred_wrong:137 actu_right: 16371 actu_wrong: 129
2026-04-12 20:17:54,874 P1479894 INFO ----------------------------------------------------------------------------------------------------
2026-04-12 20:17:54,874 P1479894 INFO 117/300 starting... lr: 0.0009000000000000001 para:0.01
2026-04-12 20:18:41,167 P1479894 INFO Epoch 117/300, all_loss:0.50237 cls_loss:0.18758 rec_loss:39.71048 [46.29s]; best loss:0.33526, patience : 9
2026-04-12 20:18:43,577 P1479894 INFO pr:0.9548  rc:0.9572  auc:0.9868 ap:0.9773 f1: 0.9560 pred_right: 38602 pred_wrong:398 actu_right: 38603 actu_wrong: 397
2026-04-12 20:18:44,629 P1479894 INFO pr:0.8690  rc:0.9767  auc:0.9977 ap:0.9580 f1: 0.9197 pred_right: 16355 pred_wrong:145 actu_right: 16371 actu_wrong: 129
2026-04-12 20:18:44,629 P1479894 INFO ----------------------------------------------------------------------------------------------------
2026-04-12 20:18:44,629 P1479894 INFO 118/300 starting... lr: 0.0009000000000000001 para:0.01
2026-04-12 20:19:30,923 P1479894 INFO Epoch 118/300, all_loss:0.63813 cls_loss:0.32457 rec_loss:39.72453 [46.29s]; best loss:0.33526, patience : 10
2026-04-12 20:19:33,292 P1479894 INFO pr:0.9842  rc:0.9419  auc:0.9846 ap:0.9833 f1: 0.9626 pred_right: 38621 pred_wrong:379 actu_right: 38604 actu_wrong: 396
2026-04-12 20:19:34,299 P1479894 INFO pr:0.9474  rc:0.9767  auc:0.9927 ap:0.9776 f1: 0.9618 pred_right: 16367 pred_wrong:133 actu_right: 16371 actu_wrong: 129
2026-04-12 20:19:34,299 P1479894 INFO ----------------------------------------------------------------------------------------------------
2026-04-12 20:19:34,300 P1479894 INFO 119/300 starting... lr: 0.0009000000000000001 para:0.01
2026-04-12 20:20:20,920 P1479894 INFO Epoch 119/300, all_loss:0.35948 cls_loss:0.04321 rec_loss:39.71349 [46.62s]; best loss:0.33526, patience : 10
2026-04-12 20:20:23,328 P1479894 INFO pr:0.9842  rc:0.9444  auc:0.9791 ap:0.9773 f1: 0.9639 pred_right: 38620 pred_wrong:380 actu_right: 38604 actu_wrong: 396
2026-04-12 20:20:24,395 P1479894 INFO pr:0.9403  rc:0.9767  auc:0.9921 ap:0.9738 f1: 0.9582 pred_right: 16366 pred_wrong:134 actu_right: 16371 actu_wrong: 129
2026-04-12 20:20:24,395 P1479894 INFO ----------------------------------------------------------------------------------------------------
2026-04-12 20:20:24,395 P1479894 INFO 120/300 starting... lr: 0.0009000000000000001 para:0.01
2026-04-12 20:21:10,649 P1479894 INFO Epoch 120/300, all_loss:0.52384 cls_loss:0.20956 rec_loss:39.68191 [46.25s]; best loss:0.33526, patience : 11
2026-04-12 20:21:13,033 P1479894 INFO pr:0.9840  rc:0.9343  auc:0.9768 ap:0.9755 f1: 0.9585 pred_right: 38624 pred_wrong:376 actu_right: 38604 actu_wrong: 396
2026-04-12 20:21:14,006 P1479894 INFO pr:0.9259  rc:0.9690  auc:0.9919 ap:0.9680 f1: 0.9470 pred_right: 16365 pred_wrong:135 actu_right: 16371 actu_wrong: 129
2026-04-12 20:21:14,007 P1479894 INFO ----------------------------------------------------------------------------------------------------
2026-04-12 20:21:14,007 P1479894 INFO 121/300 starting... lr: 0.0009000000000000001 para:0.01
2026-04-12 20:22:00,452 P1479894 INFO Epoch 121/300, all_loss:0.52408 cls_loss:0.20989 rec_loss:39.67398 [46.44s]; best loss:0.33526, patience : 12
2026-04-12 20:22:02,865 P1479894 INFO pr:0.9792  rc:0.9471  auc:0.9839 ap:0.9795 f1: 0.9629 pred_right: 38616 pred_wrong:384 actu_right: 38603 actu_wrong: 397
2026-04-12 20:22:03,924 P1479894 INFO pr:0.9124  rc:0.9690  auc:0.9958 ap:0.9632 f1: 0.9398 pred_right: 16363 pred_wrong:137 actu_right: 16371 actu_wrong: 129
2026-04-12 20:22:03,925 P1479894 INFO ----------------------------------------------------------------------------------------------------
2026-04-12 20:22:03,925 P1479894 INFO 122/300 starting... lr: 0.0009000000000000001 para:0.01
2026-04-12 20:22:50,288 P1479894 INFO Epoch 122/300, all_loss:0.67921 cls_loss:0.36648 rec_loss:39.68462 [46.36s]; best loss:0.33526, patience : 13
2026-04-12 20:22:52,677 P1479894 INFO pr:0.9840  rc:0.9343  auc:0.9787 ap:0.9789 f1: 0.9585 pred_right: 38624 pred_wrong:376 actu_right: 38604 actu_wrong: 396
2026-04-12 20:22:53,658 P1479894 INFO pr:0.9394  rc:0.9612  auc:0.9939 ap:0.9735 f1: 0.9502 pred_right: 16368 pred_wrong:132 actu_right: 16371 actu_wrong: 129
2026-04-12 20:22:53,659 P1479894 INFO ----------------------------------------------------------------------------------------------------
2026-04-12 20:22:53,659 P1479894 INFO 123/300 starting... lr: 0.0009000000000000001 para:0.01
2026-04-12 20:23:40,178 P1479894 INFO Epoch 123/300, all_loss:0.72490 cls_loss:0.41204 rec_loss:39.74342 [46.52s]; best loss:0.33526, patience : 14
2026-04-12 20:23:42,593 P1479894 INFO pr:0.9841  rc:0.9345  auc:0.9787 ap:0.9761 f1: 0.9587 pred_right: 38623 pred_wrong:377 actu_right: 38603 actu_wrong: 397
2026-04-12 20:23:43,664 P1479894 INFO pr:0.9333  rc:0.9767  auc:0.9920 ap:0.9683 f1: 0.9545 pred_right: 16365 pred_wrong:135 actu_right: 16371 actu_wrong: 129
2026-04-12 20:23:43,664 P1479894 INFO ----------------------------------------------------------------------------------------------------
2026-04-12 20:23:43,664 P1479894 INFO 124/300 starting... lr: 0.0009000000000000001 para:0.01
2026-04-12 20:24:29,925 P1479894 INFO Early stop at epoch: 124
2026-04-12 20:24:29,925 P1479894 INFO saving model...
2026-04-12 20:24:29,925 P1479894 INFO mestgad - loss  best score:0.3352603316307068 at epoch 99
2026-04-12 20:24:29,971 P1479894 INFO mestgad - f1  best score:0.9655172413793103 at epoch 101
2026-04-12 20:24:30,007 P1479894 INFO calculate scores...
2026-04-12 20:24:30,010 P1479894 INFO calculate label with loss...
2026-04-12 20:24:30,010 P1479894 INFO mestgad on results/lambda/mestgad_msds_lam0.05_seed1/mestgad-MSDS-save-9b30aea5-1776037233 loading...
2026-04-12 20:24:31,037 P1479894 INFO pr:0.9007  rc:0.9845  auc:0.9977 ap:0.9636 f1: 0.9407 pred_right: 16359 pred_wrong:141 actu_right: 16371 actu_wrong: 129
2026-04-12 20:24:31,037 P1479894 INFO calculate label with f1...
2026-04-12 20:24:31,037 P1479894 INFO mestgad on results/lambda/mestgad_msds_lam0.05_seed1/mestgad-MSDS-save-9b30aea5-1776037233 loading...
2026-04-12 20:24:32,027 P1479894 INFO pr:0.9197  rc:0.9767  auc:0.9902 ap:0.9720 f1: 0.9474 pred_right: 16363 pred_wrong:137 actu_right: 16371 actu_wrong: 129
2026-04-12 20:24:32,032 P1479894 INFO ^^^^^^ Current Model: ----mestgad----9b30aea5 ^^^^^
