2026-04-12 20:28:46,838 P3588171 INFO ---- Model: ----mestgad-88f4d4b5----train : True----evaluate : False
2026-04-12 20:28:46,843 P3588171 INFO read Tranform data
2026-04-12 20:29:35,208 P3588171 INFO read Graph edge data
2026-04-12 20:29:39,148 P3588171 INFO model : init weight
2026-04-12 20:29:39,149 P3588171 INFO Using GPU...
2026-04-12 20:29:39,156 P3588171 INFO optimizer : using AdaBelief
2026-04-12 20:29:39,156 P3588171 INFO ----------------------------------------------------------------------------------------------------
2026-04-12 20:29:39,156 P3588171 INFO 0/300 starting... lr: 0.001 para:1.0
2026-04-12 20:30:26,700 P3588171 INFO Epoch 0/300, all_loss:48.29690 cls_loss:28.48884 rec_loss:48.44414 [47.49s]; best loss:48.29690, patience : 0
2026-04-12 20:30:26,700 P3588171 INFO ----------------------------------------------------------------------------------------------------
2026-04-12 20:30:26,701 P3588171 INFO 1/300 starting... lr: 0.001 para:0.5
2026-04-12 20:31:13,592 P3588171 INFO Epoch 1/300, all_loss:28.34342 cls_loss:14.73296 rec_loss:42.26482 [46.86s]; best loss:28.34342, patience : 0
2026-04-12 20:31:13,593 P3588171 INFO ----------------------------------------------------------------------------------------------------
2026-04-12 20:31:13,593 P3588171 INFO 2/300 starting... lr: 0.001 para:0.3333333432674408
2026-04-12 20:32:00,512 P3588171 INFO Epoch 2/300, all_loss:18.53115 cls_loss:7.27707 rec_loss:41.51677 [46.89s]; best loss:18.53115, patience : 0
2026-04-12 20:32:02,826 P3588171 INFO pr:1.0000  rc:0.0833  auc:0.7611 ap:0.7506 f1: 0.1538 pred_right: 38967 pred_wrong:33 actu_right: 38604 actu_wrong: 396
2026-04-12 20:32:03,829 P3588171 INFO pr:1.0000  rc:0.0775  auc:0.8327 ap:0.7828 f1: 0.1439 pred_right: 16490 pred_wrong:10 actu_right: 16371 actu_wrong: 129
2026-04-12 20:32:03,838 P3588171 INFO ----------------------------------------------------------------------------------------------------
2026-04-12 20:32:03,838 P3588171 INFO 3/300 starting... lr: 0.001 para:0.25
2026-04-12 20:32:50,534 P3588171 INFO Epoch 3/300, all_loss:43.70003 cls_loss:44.65507 rec_loss:41.47654 [46.69s]; best loss:18.53115, patience : 1
2026-04-12 20:32:52,896 P3588171 INFO pr:0.9081  rc:0.4232  auc:0.9201 ap:0.8258 f1: 0.5773 pred_right: 38815 pred_wrong:185 actu_right: 38603 actu_wrong: 397
2026-04-12 20:32:53,915 P3588171 INFO pr:0.9111  rc:0.3178  auc:0.9586 ap:0.8115 f1: 0.4713 pred_right: 16455 pred_wrong:45 actu_right: 16371 actu_wrong: 129
2026-04-12 20:32:53,924 P3588171 INFO ----------------------------------------------------------------------------------------------------
2026-04-12 20:32:53,925 P3588171 INFO 4/300 starting... lr: 0.001 para:0.20000000298023224
2026-04-12 20:33:40,503 P3588171 INFO Epoch 4/300, all_loss:9.69598 cls_loss:2.00144 rec_loss:41.27798 [46.55s]; best loss:9.69598, patience : 0
2026-04-12 20:33:42,857 P3588171 INFO pr:0.8110  rc:0.6700  auc:0.9602 ap:0.8776 f1: 0.7338 pred_right: 38672 pred_wrong:328 actu_right: 38603 actu_wrong: 397
2026-04-12 20:33:43,807 P3588171 INFO pr:0.8495  rc:0.6124  auc:0.9891 ap:0.8683 f1: 0.7117 pred_right: 16407 pred_wrong:93 actu_right: 16371 actu_wrong: 129
2026-04-12 20:33:43,817 P3588171 INFO ----------------------------------------------------------------------------------------------------
2026-04-12 20:33:43,817 P3588171 INFO 5/300 starting... lr: 0.001 para:0.1666666716337204
2026-04-12 20:34:30,346 P3588171 INFO Epoch 5/300, all_loss:8.36130 cls_loss:1.97771 rec_loss:41.24442 [46.50s]; best loss:8.36130, patience : 0
2026-04-12 20:34:32,669 P3588171 INFO pr:0.9329  rc:0.8060  auc:0.9568 ap:0.9421 f1: 0.8649 pred_right: 38657 pred_wrong:343 actu_right: 38603 actu_wrong: 397
2026-04-12 20:34:33,689 P3588171 INFO pr:0.9196  rc:0.7984  auc:0.9840 ap:0.9524 f1: 0.8548 pred_right: 16388 pred_wrong:112 actu_right: 16371 actu_wrong: 129
2026-04-12 20:34:33,698 P3588171 INFO ----------------------------------------------------------------------------------------------------
2026-04-12 20:34:33,699 P3588171 INFO 6/300 starting... lr: 0.001 para:0.1428571492433548
2026-04-12 20:35:20,394 P3588171 INFO Epoch 6/300, all_loss:7.37376 cls_loss:1.95003 rec_loss:41.04221 [46.67s]; best loss:7.37376, patience : 0
2026-04-12 20:35:22,790 P3588171 INFO pr:0.9448  rc:0.8186  auc:0.9467 ap:0.9433 f1: 0.8772 pred_right: 38656 pred_wrong:344 actu_right: 38603 actu_wrong: 397
2026-04-12 20:35:23,771 P3588171 INFO pr:0.9412  rc:0.8682  auc:0.9843 ap:0.9686 f1: 0.9032 pred_right: 16381 pred_wrong:119 actu_right: 16371 actu_wrong: 129
2026-04-12 20:35:23,781 P3588171 INFO ----------------------------------------------------------------------------------------------------
2026-04-12 20:35:23,781 P3588171 INFO 7/300 starting... lr: 0.001 para:0.125
2026-04-12 20:36:10,763 P3588171 INFO Epoch 7/300, all_loss:6.26622 cls_loss:1.50885 rec_loss:40.85474 [46.96s]; best loss:6.26622, patience : 0
2026-04-12 20:36:13,168 P3588171 INFO pr:0.9683  rc:0.7683  auc:0.9681 ap:0.9567 f1: 0.8567 pred_right: 38685 pred_wrong:315 actu_right: 38603 actu_wrong: 397
2026-04-12 20:36:14,221 P3588171 INFO pr:0.9636  rc:0.8217  auc:0.9921 ap:0.9826 f1: 0.8870 pred_right: 16390 pred_wrong:110 actu_right: 16371 actu_wrong: 129
2026-04-12 20:36:14,222 P3588171 INFO ----------------------------------------------------------------------------------------------------
2026-04-12 20:36:14,222 P3588171 INFO 8/300 starting... lr: 0.001 para:0.1111111119389534
2026-04-12 20:37:00,722 P3588171 INFO Epoch 8/300, all_loss:5.70389 cls_loss:1.50485 rec_loss:40.74424 [46.47s]; best loss:5.70389, patience : 0
2026-04-12 20:37:03,069 P3588171 INFO pr:0.9556  rc:0.8687  auc:0.9666 ap:0.9631 f1: 0.9101 pred_right: 38640 pred_wrong:360 actu_right: 38604 actu_wrong: 396
2026-04-12 20:37:04,034 P3588171 INFO pr:0.9593  rc:0.9147  auc:0.9925 ap:0.9876 f1: 0.9365 pred_right: 16377 pred_wrong:123 actu_right: 16371 actu_wrong: 129
2026-04-12 20:37:04,044 P3588171 INFO ----------------------------------------------------------------------------------------------------
2026-04-12 20:37:04,044 P3588171 INFO 9/300 starting... lr: 0.001 para:0.10000000149011612
2026-04-12 20:37:50,535 P3588171 INFO Epoch 9/300, all_loss:57.06676 cls_loss:59.06903 rec_loss:40.65539 [46.49s]; best loss:5.70389, patience : 1
2026-04-12 20:37:52,960 P3588171 INFO pr:0.9123  rc:0.9215  auc:0.9661 ap:0.9627 f1: 0.9169 pred_right: 38601 pred_wrong:399 actu_right: 38605 actu_wrong: 395
2026-04-12 20:37:54,010 P3588171 INFO pr:0.9058  rc:0.9690  auc:0.9852 ap:0.9695 f1: 0.9363 pred_right: 16362 pred_wrong:138 actu_right: 16371 actu_wrong: 129
2026-04-12 20:37:54,019 P3588171 INFO ----------------------------------------------------------------------------------------------------
2026-04-12 20:37:54,020 P3588171 INFO 10/300 starting... lr: 0.001 para:0.09090909361839294
2026-04-12 20:38:40,428 P3588171 INFO Epoch 10/300, all_loss:4.86835 cls_loss:1.47046 rec_loss:40.61698 [46.38s]; best loss:4.86835, patience : 0
2026-04-12 20:38:42,779 P3588171 INFO pr:0.9780  rc:0.6725  auc:0.9638 ap:0.9504 f1: 0.7970 pred_right: 38727 pred_wrong:273 actu_right: 38603 actu_wrong: 397
2026-04-12 20:38:43,785 P3588171 INFO pr:0.9789  rc:0.7209  auc:0.9923 ap:0.9811 f1: 0.8304 pred_right: 16405 pred_wrong:95 actu_right: 16371 actu_wrong: 129
2026-04-12 20:38:43,786 P3588171 INFO ----------------------------------------------------------------------------------------------------
2026-04-12 20:38:43,786 P3588171 INFO 11/300 starting... lr: 0.001 para:0.0833333358168602
2026-04-12 20:39:30,317 P3588171 INFO Epoch 11/300, all_loss:5.04504 cls_loss:1.99202 rec_loss:40.55880 [46.53s]; best loss:4.86835, patience : 1
2026-04-12 20:39:32,721 P3588171 INFO pr:0.9674  rc:0.8212  auc:0.9406 ap:0.9496 f1: 0.8883 pred_right: 38663 pred_wrong:337 actu_right: 38603 actu_wrong: 397
2026-04-12 20:39:33,784 P3588171 INFO pr:0.9754  rc:0.9225  auc:0.9850 ap:0.9782 f1: 0.9482 pred_right: 16378 pred_wrong:122 actu_right: 16371 actu_wrong: 129
2026-04-12 20:39:33,785 P3588171 INFO ----------------------------------------------------------------------------------------------------
2026-04-12 20:39:33,785 P3588171 INFO 12/300 starting... lr: 0.001 para:0.07692307978868484
2026-04-12 20:40:20,192 P3588171 INFO Epoch 12/300, all_loss:3.67560 cls_loss:0.78012 rec_loss:40.51297 [46.38s]; best loss:3.67560, patience : 0
2026-04-12 20:40:22,542 P3588171 INFO pr:0.9634  rc:0.8615  auc:0.9619 ap:0.9590 f1: 0.9096 pred_right: 38645 pred_wrong:355 actu_right: 38603 actu_wrong: 397
2026-04-12 20:40:23,516 P3588171 INFO pr:0.9535  rc:0.9535  auc:0.9939 ap:0.9825 f1: 0.9535 pred_right: 16371 pred_wrong:129 actu_right: 16371 actu_wrong: 129
2026-04-12 20:40:23,516 P3588171 INFO ----------------------------------------------------------------------------------------------------
2026-04-12 20:40:23,516 P3588171 INFO 13/300 starting... lr: 0.001 para:0.0714285746216774
2026-04-12 20:41:09,870 P3588171 INFO Epoch 13/300, all_loss:4.22479 cls_loss:1.61103 rec_loss:40.45633 [46.35s]; best loss:3.67560, patience : 1
2026-04-12 20:41:12,257 P3588171 INFO pr:0.9617  rc:0.8866  auc:0.9659 ap:0.9669 f1: 0.9227 pred_right: 38634 pred_wrong:366 actu_right: 38603 actu_wrong: 397
2026-04-12 20:41:13,302 P3588171 INFO pr:0.9528  rc:0.9380  auc:0.9848 ap:0.9809 f1: 0.9453 pred_right: 16373 pred_wrong:127 actu_right: 16371 actu_wrong: 129
2026-04-12 20:41:13,312 P3588171 INFO ----------------------------------------------------------------------------------------------------
2026-04-12 20:41:13,312 P3588171 INFO 14/300 starting... lr: 0.001 para:0.06666667014360428
2026-04-12 20:41:59,666 P3588171 INFO Epoch 14/300, all_loss:4.37293 cls_loss:1.96852 rec_loss:40.44820 [46.35s]; best loss:3.67560, patience : 2
2026-04-12 20:42:02,021 P3588171 INFO pr:0.9533  rc:0.8741  auc:0.9376 ap:0.9515 f1: 0.9120 pred_right: 38636 pred_wrong:364 actu_right: 38603 actu_wrong: 397
2026-04-12 20:42:02,998 P3588171 INFO pr:0.9535  rc:0.9535  auc:0.9924 ap:0.9790 f1: 0.9535 pred_right: 16371 pred_wrong:129 actu_right: 16371 actu_wrong: 129
2026-04-12 20:42:02,998 P3588171 INFO ----------------------------------------------------------------------------------------------------
2026-04-12 20:42:02,998 P3588171 INFO 15/300 starting... lr: 0.001 para:0.0625
2026-04-12 20:42:49,427 P3588171 INFO Epoch 15/300, all_loss:3.66395 cls_loss:1.38418 rec_loss:40.43484 [46.40s]; best loss:3.66395, patience : 0
2026-04-12 20:42:51,802 P3588171 INFO pr:0.9551  rc:0.8035  auc:0.9543 ap:0.9156 f1: 0.8728 pred_right: 38666 pred_wrong:334 actu_right: 38603 actu_wrong: 397
2026-04-12 20:42:52,846 P3588171 INFO pr:0.9426  rc:0.8915  auc:0.9930 ap:0.9273 f1: 0.9163 pred_right: 16378 pred_wrong:122 actu_right: 16371 actu_wrong: 129
2026-04-12 20:42:52,847 P3588171 INFO ----------------------------------------------------------------------------------------------------
2026-04-12 20:42:52,847 P3588171 INFO 16/300 starting... lr: 0.001 para:0.05882352963089943
2026-04-12 20:43:39,213 P3588171 INFO Epoch 16/300, all_loss:3.33706 cls_loss:1.19243 rec_loss:40.38652 [46.34s]; best loss:3.33706, patience : 0
2026-04-12 20:43:41,544 P3588171 INFO pr:0.9712  rc:0.8532  auc:0.9652 ap:0.9648 f1: 0.9084 pred_right: 38653 pred_wrong:347 actu_right: 38605 actu_wrong: 395
2026-04-12 20:43:42,508 P3588171 INFO pr:0.9756  rc:0.9302  auc:0.9867 ap:0.9714 f1: 0.9524 pred_right: 16377 pred_wrong:123 actu_right: 16371 actu_wrong: 129
2026-04-12 20:43:42,508 P3588171 INFO ----------------------------------------------------------------------------------------------------
2026-04-12 20:43:42,509 P3588171 INFO 17/300 starting... lr: 0.001 para:0.0555555559694767
2026-04-12 20:44:28,907 P3588171 INFO Epoch 17/300, all_loss:2.74282 cls_loss:0.70147 rec_loss:40.34198 [46.37s]; best loss:2.74282, patience : 0
2026-04-12 20:44:31,298 P3588171 INFO pr:0.9452  rc:0.9118  auc:0.9829 ap:0.9525 f1: 0.9282 pred_right: 38617 pred_wrong:383 actu_right: 38603 actu_wrong: 397
2026-04-12 20:44:32,340 P3588171 INFO pr:0.9449  rc:0.9302  auc:0.9997 ap:0.9575 f1: 0.9375 pred_right: 16373 pred_wrong:127 actu_right: 16371 actu_wrong: 129
2026-04-12 20:44:32,351 P3588171 INFO ----------------------------------------------------------------------------------------------------
2026-04-12 20:44:32,351 P3588171 INFO 18/300 starting... lr: 0.001 para:0.05263157933950424
2026-04-12 20:45:18,776 P3588171 INFO Epoch 18/300, all_loss:3.33347 cls_loss:1.44745 rec_loss:40.33894 [46.42s]; best loss:2.74282, patience : 1
2026-04-12 20:45:21,134 P3588171 INFO pr:0.7633  rc:0.9421  auc:0.9841 ap:0.9462 f1: 0.8433 pred_right: 38510 pred_wrong:490 actu_right: 38603 actu_wrong: 397
2026-04-12 20:45:22,098 P3588171 INFO pr:0.7665  rc:0.9922  auc:0.9995 ap:0.9487 f1: 0.8649 pred_right: 16333 pred_wrong:167 actu_right: 16371 actu_wrong: 129
2026-04-12 20:45:22,099 P3588171 INFO ----------------------------------------------------------------------------------------------------
2026-04-12 20:45:22,099 P3588171 INFO 19/300 starting... lr: 0.001 para:0.05000000074505806
2026-04-12 20:46:08,584 P3588171 INFO Epoch 19/300, all_loss:2.30716 cls_loss:0.47633 rec_loss:40.31063 [46.46s]; best loss:2.30716, patience : 0
2026-04-12 20:46:10,921 P3588171 INFO pr:0.9521  rc:0.9018  auc:0.9593 ap:0.9638 f1: 0.9263 pred_right: 38624 pred_wrong:376 actu_right: 38603 actu_wrong: 397
2026-04-12 20:46:11,964 P3588171 INFO pr:0.9612  rc:0.9612  auc:0.9851 ap:0.9737 f1: 0.9612 pred_right: 16371 pred_wrong:129 actu_right: 16371 actu_wrong: 129
2026-04-12 20:46:11,964 P3588171 INFO ----------------------------------------------------------------------------------------------------
2026-04-12 20:46:11,964 P3588171 INFO 20/300 starting... lr: 0.001 para:0.0476190485060215
2026-04-12 20:46:58,275 P3588171 INFO Epoch 20/300, all_loss:4.10286 cls_loss:2.46235 rec_loss:40.29161 [46.31s]; best loss:2.30716, patience : 1
2026-04-12 20:47:00,628 P3588171 INFO pr:0.9519  rc:0.8967  auc:0.9757 ap:0.9618 f1: 0.9235 pred_right: 38626 pred_wrong:374 actu_right: 38603 actu_wrong: 397
2026-04-12 20:47:01,590 P3588171 INFO pr:0.9531  rc:0.9457  auc:0.9971 ap:0.9651 f1: 0.9494 pred_right: 16372 pred_wrong:128 actu_right: 16371 actu_wrong: 129
2026-04-12 20:47:01,591 P3588171 INFO ----------------------------------------------------------------------------------------------------
2026-04-12 20:47:01,591 P3588171 INFO 21/300 starting... lr: 0.001 para:0.04545454680919647
2026-04-12 20:47:47,910 P3588171 INFO Epoch 21/300, all_loss:2.62287 cls_loss:0.99759 rec_loss:40.29343 [46.32s]; best loss:2.30716, patience : 1
2026-04-12 20:47:50,251 P3588171 INFO pr:0.9755  rc:0.9018  auc:0.9711 ap:0.9727 f1: 0.9372 pred_right: 38633 pred_wrong:367 actu_right: 38603 actu_wrong: 397
2026-04-12 20:47:51,261 P3588171 INFO pr:0.9603  rc:0.9380  auc:0.9856 ap:0.9713 f1: 0.9490 pred_right: 16374 pred_wrong:126 actu_right: 16371 actu_wrong: 129
2026-04-12 20:47:51,272 P3588171 INFO ----------------------------------------------------------------------------------------------------
2026-04-12 20:47:51,272 P3588171 INFO 22/300 starting... lr: 0.001 para:0.043478261679410934
2026-04-12 20:48:37,858 P3588171 INFO Epoch 22/300, all_loss:3.79065 cls_loss:2.30230 rec_loss:40.23450 [46.58s]; best loss:2.30716, patience : 2
2026-04-12 20:48:40,231 P3588171 INFO pr:0.9592  rc:0.8892  auc:0.9745 ap:0.9521 f1: 0.9229 pred_right: 38632 pred_wrong:368 actu_right: 38603 actu_wrong: 397
2026-04-12 20:48:41,194 P3588171 INFO pr:0.9308  rc:0.9380  auc:0.9926 ap:0.9469 f1: 0.9344 pred_right: 16370 pred_wrong:130 actu_right: 16371 actu_wrong: 129
2026-04-12 20:48:41,194 P3588171 INFO ----------------------------------------------------------------------------------------------------
2026-04-12 20:48:41,195 P3588171 INFO 23/300 starting... lr: 0.001 para:0.0416666679084301
2026-04-12 20:49:27,624 P3588171 INFO Epoch 23/300, all_loss:2.94119 cls_loss:1.48855 rec_loss:40.21301 [46.43s]; best loss:2.30716, patience : 2
2026-04-12 20:49:29,975 P3588171 INFO pr:0.9495  rc:0.8992  auc:0.9597 ap:0.9579 f1: 0.9237 pred_right: 38624 pred_wrong:376 actu_right: 38603 actu_wrong: 397
2026-04-12 20:49:30,952 P3588171 INFO pr:0.9323  rc:0.9612  auc:0.9880 ap:0.9784 f1: 0.9466 pred_right: 16367 pred_wrong:133 actu_right: 16371 actu_wrong: 129
2026-04-12 20:49:30,953 P3588171 INFO ----------------------------------------------------------------------------------------------------
2026-04-12 20:49:30,953 P3588171 INFO 24/300 starting... lr: 0.001 para:0.03999999910593033
2026-04-12 20:50:17,302 P3588171 INFO Epoch 24/300, all_loss:2.63105 cls_loss:1.23138 rec_loss:40.24521 [46.35s]; best loss:2.30716, patience : 2
2026-04-12 20:50:19,661 P3588171 INFO pr:0.9002  rc:0.9343  auc:0.9765 ap:0.9660 f1: 0.9170 pred_right: 38589 pred_wrong:411 actu_right: 38604 actu_wrong: 396
2026-04-12 20:50:20,622 P3588171 INFO pr:0.8873  rc:0.9767  auc:0.9877 ap:0.9690 f1: 0.9299 pred_right: 16358 pred_wrong:142 actu_right: 16371 actu_wrong: 129
2026-04-12 20:50:20,622 P3588171 INFO ----------------------------------------------------------------------------------------------------
2026-04-12 20:50:20,622 P3588171 INFO 25/300 starting... lr: 0.001 para:0.03846153989434242
2026-04-12 20:51:07,013 P3588171 INFO Epoch 25/300, all_loss:2.77439 cls_loss:1.44463 rec_loss:40.20141 [46.39s]; best loss:2.30716, patience : 3
2026-04-12 20:51:09,368 P3588171 INFO pr:0.9862  rc:0.9040  auc:0.9755 ap:0.9760 f1: 0.9433 pred_right: 38637 pred_wrong:363 actu_right: 38604 actu_wrong: 396
2026-04-12 20:51:10,336 P3588171 INFO pr:0.9531  rc:0.9457  auc:0.9887 ap:0.9706 f1: 0.9494 pred_right: 16372 pred_wrong:128 actu_right: 16371 actu_wrong: 129
2026-04-12 20:51:10,346 P3588171 INFO ----------------------------------------------------------------------------------------------------
2026-04-12 20:51:10,346 P3588171 INFO 26/300 starting... lr: 0.001 para:0.03703703731298447
2026-04-12 20:51:56,814 P3588171 INFO Epoch 26/300, all_loss:5.85366 cls_loss:4.70083 rec_loss:40.17122 [46.47s]; best loss:2.30716, patience : 4
2026-04-12 20:51:59,157 P3588171 INFO pr:0.9845  rc:0.8010  auc:0.9655 ap:0.9619 f1: 0.8833 pred_right: 38677 pred_wrong:323 actu_right: 38603 actu_wrong: 397
2026-04-12 20:52:00,110 P3588171 INFO pr:0.9643  rc:0.8372  auc:0.9921 ap:0.9570 f1: 0.8963 pred_right: 16388 pred_wrong:112 actu_right: 16371 actu_wrong: 129
2026-04-12 20:52:00,110 P3588171 INFO ----------------------------------------------------------------------------------------------------
2026-04-12 20:52:00,111 P3588171 INFO 27/300 starting... lr: 0.001 para:0.0357142873108387
2026-04-12 20:52:46,551 P3588171 INFO Epoch 27/300, all_loss:2.52596 cls_loss:1.29754 rec_loss:40.19813 [46.44s]; best loss:2.30716, patience : 4
2026-04-12 20:52:48,898 P3588171 INFO pr:0.9622  rc:0.8338  auc:0.9641 ap:0.9314 f1: 0.8934 pred_right: 38656 pred_wrong:344 actu_right: 38603 actu_wrong: 397
2026-04-12 20:52:49,861 P3588171 INFO pr:0.9435  rc:0.9070  auc:0.9936 ap:0.9318 f1: 0.9249 pred_right: 16376 pred_wrong:124 actu_right: 16371 actu_wrong: 129
2026-04-12 20:52:49,862 P3588171 INFO ----------------------------------------------------------------------------------------------------
2026-04-12 20:52:49,862 P3588171 INFO 28/300 starting... lr: 0.001 para:0.03448275849223137
2026-04-12 20:53:36,099 P3588171 INFO Epoch 28/300, all_loss:2.67075 cls_loss:1.49877 rec_loss:40.15187 [46.24s]; best loss:2.30716, patience : 5
2026-04-12 20:53:38,461 P3588171 INFO pr:0.9888  rc:0.8892  auc:0.9687 ap:0.9725 f1: 0.9363 pred_right: 38643 pred_wrong:357 actu_right: 38603 actu_wrong: 397
2026-04-12 20:53:39,419 P3588171 INFO pr:0.9760  rc:0.9457  auc:0.9941 ap:0.9840 f1: 0.9606 pred_right: 16375 pred_wrong:125 actu_right: 16371 actu_wrong: 129
2026-04-12 20:53:39,420 P3588171 INFO ----------------------------------------------------------------------------------------------------
2026-04-12 20:53:39,420 P3588171 INFO 29/300 starting... lr: 0.001 para:0.03333333507180214
2026-04-12 20:54:25,735 P3588171 INFO Epoch 29/300, all_loss:2.95878 cls_loss:1.84282 rec_loss:40.14847 [46.31s]; best loss:2.30716, patience : 6
2026-04-12 20:54:28,082 P3588171 INFO pr:0.9273  rc:0.9320  auc:0.9768 ap:0.9712 f1: 0.9296 pred_right: 38601 pred_wrong:399 actu_right: 38603 actu_wrong: 397
2026-04-12 20:54:29,040 P3588171 INFO pr:0.9118  rc:0.9612  auc:0.9888 ap:0.9787 f1: 0.9358 pred_right: 16364 pred_wrong:136 actu_right: 16371 actu_wrong: 129
2026-04-12 20:54:29,041 P3588171 INFO ----------------------------------------------------------------------------------------------------
2026-04-12 20:54:29,041 P3588171 INFO 30/300 starting... lr: 0.001 para:0.032258063554763794
2026-04-12 20:55:15,337 P3588171 INFO Epoch 30/300, all_loss:1.95591 cls_loss:0.85127 rec_loss:40.08281 [46.27s]; best loss:1.95591, patience : 0
2026-04-12 20:55:17,662 P3588171 INFO pr:0.9459  rc:0.9244  auc:0.9776 ap:0.9646 f1: 0.9350 pred_right: 38612 pred_wrong:388 actu_right: 38603 actu_wrong: 397
2026-04-12 20:55:18,622 P3588171 INFO pr:0.9323  rc:0.9612  auc:0.9939 ap:0.9705 f1: 0.9466 pred_right: 16367 pred_wrong:133 actu_right: 16371 actu_wrong: 129
2026-04-12 20:55:18,623 P3588171 INFO ----------------------------------------------------------------------------------------------------
2026-04-12 20:55:18,623 P3588171 INFO 31/300 starting... lr: 0.001 para:0.03125
2026-04-12 20:56:05,055 P3588171 INFO Epoch 31/300, all_loss:2.73470 cls_loss:1.69560 rec_loss:40.09581 [46.43s]; best loss:1.95591, patience : 1
2026-04-12 20:56:07,437 P3588171 INFO pr:0.9837  rc:0.9093  auc:0.9754 ap:0.9769 f1: 0.9450 pred_right: 38633 pred_wrong:367 actu_right: 38603 actu_wrong: 397
2026-04-12 20:56:08,398 P3588171 INFO pr:0.9609  rc:0.9535  auc:0.9870 ap:0.9791 f1: 0.9572 pred_right: 16372 pred_wrong:128 actu_right: 16371 actu_wrong: 129
2026-04-12 20:56:08,409 P3588171 INFO ----------------------------------------------------------------------------------------------------
2026-04-12 20:56:08,409 P3588171 INFO 32/300 starting... lr: 0.001 para:0.03030303120613098
2026-04-12 20:56:54,798 P3588171 INFO Epoch 32/300, all_loss:2.74928 cls_loss:1.74829 rec_loss:40.09083 [46.39s]; best loss:1.95591, patience : 2
2026-04-12 20:56:57,146 P3588171 INFO pr:0.9971  rc:0.8690  auc:0.9532 ap:0.9605 f1: 0.9287 pred_right: 38654 pred_wrong:346 actu_right: 38603 actu_wrong: 397
2026-04-12 20:56:58,099 P3588171 INFO pr:0.9677  rc:0.9302  auc:0.9881 ap:0.9751 f1: 0.9486 pred_right: 16376 pred_wrong:124 actu_right: 16371 actu_wrong: 129
2026-04-12 20:56:58,100 P3588171 INFO ----------------------------------------------------------------------------------------------------
2026-04-12 20:56:58,100 P3588171 INFO 33/300 starting... lr: 0.001 para:0.029411764815449715
2026-04-12 20:57:44,425 P3588171 INFO Epoch 33/300, all_loss:2.50268 cls_loss:1.52718 rec_loss:40.16467 [46.32s]; best loss:1.95591, patience : 2
2026-04-12 20:57:46,777 P3588171 INFO pr:0.9808  rc:0.9018  auc:0.9627 ap:0.9673 f1: 0.9396 pred_right: 38635 pred_wrong:365 actu_right: 38603 actu_wrong: 397
2026-04-12 20:57:47,743 P3588171 INFO pr:0.9538  rc:0.9612  auc:0.9882 ap:0.9798 f1: 0.9575 pred_right: 16370 pred_wrong:130 actu_right: 16371 actu_wrong: 129
2026-04-12 20:57:47,743 P3588171 INFO ----------------------------------------------------------------------------------------------------
2026-04-12 20:57:47,743 P3588171 INFO 34/300 starting... lr: 0.001 para:0.02857142873108387
2026-04-12 20:58:34,037 P3588171 INFO Epoch 34/300, all_loss:2.48890 cls_loss:1.54832 rec_loss:40.10017 [46.29s]; best loss:1.95591, patience : 2
2026-04-12 20:58:36,389 P3588171 INFO pr:0.9434  rc:0.9244  auc:0.9792 ap:0.9688 f1: 0.9338 pred_right: 38611 pred_wrong:389 actu_right: 38603 actu_wrong: 397
2026-04-12 20:58:37,376 P3588171 INFO pr:0.9333  rc:0.9767  auc:0.9927 ap:0.9804 f1: 0.9545 pred_right: 16365 pred_wrong:135 actu_right: 16371 actu_wrong: 129
2026-04-12 20:58:37,376 P3588171 INFO ----------------------------------------------------------------------------------------------------
2026-04-12 20:58:37,376 P3588171 INFO 35/300 starting... lr: 0.001 para:0.02777777798473835
2026-04-12 20:59:23,748 P3588171 INFO Epoch 35/300, all_loss:2.28992 cls_loss:1.37652 rec_loss:40.05143 [46.37s]; best loss:1.95591, patience : 2
2026-04-12 20:59:26,073 P3588171 INFO pr:0.9703  rc:0.9043  auc:0.9743 ap:0.9713 f1: 0.9361 pred_right: 38630 pred_wrong:370 actu_right: 38603 actu_wrong: 397
2026-04-12 20:59:27,032 P3588171 INFO pr:0.9389  rc:0.9535  auc:0.9935 ap:0.9823 f1: 0.9462 pred_right: 16369 pred_wrong:131 actu_right: 16371 actu_wrong: 129
2026-04-12 20:59:27,033 P3588171 INFO ----------------------------------------------------------------------------------------------------
2026-04-12 20:59:27,033 P3588171 INFO 36/300 starting... lr: 0.001 para:0.027027027681469917
2026-04-12 21:00:12,900 P3588171 INFO Epoch 36/300, all_loss:2.26039 cls_loss:1.37459 rec_loss:40.10254 [45.87s]; best loss:1.95591, patience : 2
2026-04-12 21:00:15,228 P3588171 INFO pr:0.9623  rc:0.8992  auc:0.9602 ap:0.9618 f1: 0.9297 pred_right: 38629 pred_wrong:371 actu_right: 38603 actu_wrong: 397
2026-04-12 21:00:16,177 P3588171 INFO pr:0.9466  rc:0.9612  auc:0.9880 ap:0.9797 f1: 0.9538 pred_right: 16369 pred_wrong:131 actu_right: 16371 actu_wrong: 129
2026-04-12 21:00:16,178 P3588171 INFO ----------------------------------------------------------------------------------------------------
2026-04-12 21:00:16,178 P3588171 INFO 37/300 starting... lr: 0.001 para:0.02631578966975212
2026-04-12 21:01:02,367 P3588171 INFO Epoch 37/300, all_loss:3.11683 cls_loss:2.28526 rec_loss:39.99908 [46.19s]; best loss:1.95591, patience : 3
2026-04-12 21:01:04,695 P3588171 INFO pr:0.9591  rc:0.9446  auc:0.9853 ap:0.9794 f1: 0.9518 pred_right: 38609 pred_wrong:391 actu_right: 38603 actu_wrong: 397
2026-04-12 21:01:05,650 P3588171 INFO pr:0.9545  rc:0.9767  auc:0.9999 ap:0.9875 f1: 0.9655 pred_right: 16368 pred_wrong:132 actu_right: 16371 actu_wrong: 129
2026-04-12 21:01:05,661 P3588171 INFO ----------------------------------------------------------------------------------------------------
2026-04-12 21:01:05,661 P3588171 INFO 38/300 starting... lr: 0.001 para:0.025641025975346565
2026-04-12 21:01:51,954 P3588171 INFO Epoch 38/300, all_loss:1.80979 cls_loss:0.97002 rec_loss:39.99621 [46.27s]; best loss:1.80979, patience : 0
2026-04-12 21:01:54,276 P3588171 INFO pr:0.9610  rc:0.9343  auc:0.9780 ap:0.9740 f1: 0.9475 pred_right: 38615 pred_wrong:385 actu_right: 38604 actu_wrong: 396
2026-04-12 21:01:55,230 P3588171 INFO pr:0.9323  rc:0.9612  auc:0.9998 ap:0.9839 f1: 0.9466 pred_right: 16367 pred_wrong:133 actu_right: 16371 actu_wrong: 129
2026-04-12 21:01:55,231 P3588171 INFO ----------------------------------------------------------------------------------------------------
2026-04-12 21:01:55,231 P3588171 INFO 39/300 starting... lr: 0.001 para:0.02500000037252903
2026-04-12 21:02:41,584 P3588171 INFO Epoch 39/300, all_loss:1.76720 cls_loss:0.95133 rec_loss:40.02295 [46.33s]; best loss:1.76720, patience : 0
2026-04-12 21:02:43,906 P3588171 INFO pr:0.9753  rc:0.8942  auc:0.9648 ap:0.9650 f1: 0.9330 pred_right: 38636 pred_wrong:364 actu_right: 38603 actu_wrong: 397
2026-04-12 21:02:44,857 P3588171 INFO pr:0.9609  rc:0.9535  auc:0.9882 ap:0.9804 f1: 0.9572 pred_right: 16372 pred_wrong:128 actu_right: 16371 actu_wrong: 129
2026-04-12 21:02:44,857 P3588171 INFO ----------------------------------------------------------------------------------------------------
2026-04-12 21:02:44,858 P3588171 INFO 40/300 starting... lr: 0.001 para:0.024390242993831635
2026-04-12 21:03:31,037 P3588171 INFO Epoch 40/300, all_loss:3.35268 cls_loss:2.60002 rec_loss:40.05722 [46.18s]; best loss:1.76720, patience : 1
2026-04-12 21:03:33,369 P3588171 INFO pr:0.9866  rc:0.9244  auc:0.9811 ap:0.9785 f1: 0.9545 pred_right: 38628 pred_wrong:372 actu_right: 38603 actu_wrong: 397
2026-04-12 21:03:34,321 P3588171 INFO pr:0.9535  rc:0.9535  auc:0.9939 ap:0.9779 f1: 0.9535 pred_right: 16371 pred_wrong:129 actu_right: 16371 actu_wrong: 129
2026-04-12 21:03:34,331 P3588171 INFO ----------------------------------------------------------------------------------------------------
2026-04-12 21:03:34,331 P3588171 INFO 41/300 starting... lr: 0.001 para:0.02380952425301075
2026-04-12 21:04:20,549 P3588171 INFO Epoch 41/300, all_loss:2.26879 cls_loss:1.51275 rec_loss:40.02540 [46.22s]; best loss:1.76720, patience : 1
2026-04-12 21:04:22,897 P3588171 INFO pr:0.9515  rc:0.9395  auc:0.9913 ap:0.9770 f1: 0.9455 pred_right: 38608 pred_wrong:392 actu_right: 38603 actu_wrong: 397
2026-04-12 21:04:23,850 P3588171 INFO pr:0.9191  rc:0.9690  auc:0.9997 ap:0.9715 f1: 0.9434 pred_right: 16364 pred_wrong:136 actu_right: 16371 actu_wrong: 129
2026-04-12 21:04:23,850 P3588171 INFO ----------------------------------------------------------------------------------------------------
2026-04-12 21:04:23,851 P3588171 INFO 42/300 starting... lr: 0.001 para:0.023255813866853714
2026-04-12 21:05:10,052 P3588171 INFO Epoch 42/300, all_loss:1.18925 cls_loss:0.42981 rec_loss:40.00550 [46.18s]; best loss:1.18925, patience : 0
2026-04-12 21:05:12,357 P3588171 INFO pr:0.7962  rc:0.9446  auc:0.9765 ap:0.9702 f1: 0.8641 pred_right: 38529 pred_wrong:471 actu_right: 38603 actu_wrong: 397
2026-04-12 21:05:13,305 P3588171 INFO pr:0.7368  rc:0.9767  auc:0.9857 ap:0.9753 f1: 0.8400 pred_right: 16329 pred_wrong:171 actu_right: 16371 actu_wrong: 129
2026-04-12 21:05:13,305 P3588171 INFO ----------------------------------------------------------------------------------------------------
2026-04-12 21:05:13,305 P3588171 INFO 43/300 starting... lr: 0.001 para:0.022727273404598236
2026-04-12 21:05:59,639 P3588171 INFO Epoch 43/300, all_loss:1.47477 cls_loss:0.74326 rec_loss:40.01047 [46.33s]; best loss:1.18925, patience : 1
2026-04-12 21:06:01,958 P3588171 INFO pr:0.9463  rc:0.9320  auc:0.9795 ap:0.9733 f1: 0.9391 pred_right: 38609 pred_wrong:391 actu_right: 38603 actu_wrong: 397
2026-04-12 21:06:02,914 P3588171 INFO pr:0.9474  rc:0.9767  auc:0.9929 ap:0.9840 f1: 0.9618 pred_right: 16367 pred_wrong:133 actu_right: 16371 actu_wrong: 129
2026-04-12 21:06:02,914 P3588171 INFO ----------------------------------------------------------------------------------------------------
2026-04-12 21:06:02,914 P3588171 INFO 44/300 starting... lr: 0.001 para:0.02222222276031971
2026-04-12 21:06:49,155 P3588171 INFO Epoch 44/300, all_loss:1.95880 cls_loss:1.26654 rec_loss:39.65987 [46.24s]; best loss:1.18925, patience : 2
2026-04-12 21:06:51,485 P3588171 INFO pr:0.9560  rc:0.9295  auc:0.9855 ap:0.9674 f1: 0.9425 pred_right: 38614 pred_wrong:386 actu_right: 38603 actu_wrong: 397
2026-04-12 21:06:52,435 P3588171 INFO pr:0.9328  rc:0.9690  auc:0.9938 ap:0.9654 f1: 0.9506 pred_right: 16366 pred_wrong:134 actu_right: 16371 actu_wrong: 129
2026-04-12 21:06:52,435 P3588171 INFO ----------------------------------------------------------------------------------------------------
2026-04-12 21:06:52,435 P3588171 INFO 45/300 starting... lr: 0.001 para:0.021739130839705467
2026-04-12 21:07:38,637 P3588171 INFO Epoch 45/300, all_loss:1.84520 cls_loss:1.16282 rec_loss:39.95492 [46.20s]; best loss:1.18925, patience : 2
2026-04-12 21:07:41,062 P3588171 INFO pr:0.9611  rc:0.9369  auc:0.9790 ap:0.9738 f1: 0.9488 pred_right: 38614 pred_wrong:386 actu_right: 38604 actu_wrong: 396
2026-04-12 21:07:42,015 P3588171 INFO pr:0.9470  rc:0.9690  auc:0.9939 ap:0.9761 f1: 0.9579 pred_right: 16368 pred_wrong:132 actu_right: 16371 actu_wrong: 129
2026-04-12 21:07:42,016 P3588171 INFO ----------------------------------------------------------------------------------------------------
2026-04-12 21:07:42,016 P3588171 INFO 46/300 starting... lr: 0.001 para:0.021276595070958138
2026-04-12 21:08:28,222 P3588171 INFO Epoch 46/300, all_loss:2.38119 cls_loss:1.72849 rec_loss:39.96865 [46.21s]; best loss:1.18925, patience : 3
2026-04-12 21:08:30,549 P3588171 INFO pr:0.9837  rc:0.9118  auc:0.9768 ap:0.9725 f1: 0.9464 pred_right: 38632 pred_wrong:368 actu_right: 38603 actu_wrong: 397
2026-04-12 21:08:31,496 P3588171 INFO pr:0.9603  rc:0.9380  auc:0.9939 ap:0.9799 f1: 0.9490 pred_right: 16374 pred_wrong:126 actu_right: 16371 actu_wrong: 129
2026-04-12 21:08:31,497 P3588171 INFO ----------------------------------------------------------------------------------------------------
2026-04-12 21:08:31,497 P3588171 INFO 47/300 starting... lr: 0.001 para:0.02083333395421505
2026-04-12 21:09:17,769 P3588171 INFO Epoch 47/300, all_loss:1.94259 cls_loss:1.29816 rec_loss:39.95547 [46.27s]; best loss:1.18925, patience : 3
2026-04-12 21:09:20,123 P3588171 INFO pr:0.9860  rc:0.8889  auc:0.9669 ap:0.9658 f1: 0.9349 pred_right: 38643 pred_wrong:357 actu_right: 38604 actu_wrong: 396
2026-04-12 21:09:21,071 P3588171 INFO pr:0.9758  rc:0.9380  auc:0.9881 ap:0.9763 f1: 0.9565 pred_right: 16376 pred_wrong:124 actu_right: 16371 actu_wrong: 129
2026-04-12 21:09:21,072 P3588171 INFO ----------------------------------------------------------------------------------------------------
2026-04-12 21:09:21,072 P3588171 INFO 48/300 starting... lr: 0.001 para:0.020408162847161293
2026-04-12 21:10:07,231 P3588171 INFO Epoch 48/300, all_loss:2.14504 cls_loss:1.52196 rec_loss:39.93843 [46.16s]; best loss:1.18925, patience : 4
2026-04-12 21:10:09,535 P3588171 INFO pr:0.9560  rc:0.9318  auc:0.9856 ap:0.9706 f1: 0.9437 pred_right: 38614 pred_wrong:386 actu_right: 38604 actu_wrong: 396
2026-04-12 21:10:10,475 P3588171 INFO pr:0.9394  rc:0.9612  auc:0.9938 ap:0.9678 f1: 0.9502 pred_right: 16368 pred_wrong:132 actu_right: 16371 actu_wrong: 129
2026-04-12 21:10:10,475 P3588171 INFO ----------------------------------------------------------------------------------------------------
2026-04-12 21:10:10,475 P3588171 INFO 49/300 starting... lr: 0.001 para:0.019999999552965164
2026-04-12 21:10:56,503 P3588171 INFO Epoch 49/300, all_loss:1.82354 cls_loss:1.20984 rec_loss:39.94146 [46.03s]; best loss:1.18925, patience : 4
2026-04-12 21:10:58,814 P3588171 INFO pr:0.9807  rc:0.8942  auc:0.9724 ap:0.9682 f1: 0.9354 pred_right: 38638 pred_wrong:362 actu_right: 38603 actu_wrong: 397
2026-04-12 21:10:59,757 P3588171 INFO pr:0.9685  rc:0.9535  auc:0.9941 ap:0.9837 f1: 0.9609 pred_right: 16373 pred_wrong:127 actu_right: 16371 actu_wrong: 129
2026-04-12 21:10:59,758 P3588171 INFO ----------------------------------------------------------------------------------------------------
2026-04-12 21:10:59,758 P3588171 INFO 50/300 starting... lr: 0.001 para:0.019607843831181526
2026-04-12 21:11:45,816 P3588171 INFO Epoch 50/300, all_loss:2.11970 cls_loss:1.52650 rec_loss:39.98724 [46.06s]; best loss:1.18925, patience : 5
2026-04-12 21:11:48,121 P3588171 INFO pr:0.9660  rc:0.9318  auc:0.9841 ap:0.9753 f1: 0.9486 pred_right: 38618 pred_wrong:382 actu_right: 38604 actu_wrong: 396
2026-04-12 21:11:49,075 P3588171 INFO pr:0.9545  rc:0.9767  auc:0.9938 ap:0.9817 f1: 0.9655 pred_right: 16368 pred_wrong:132 actu_right: 16371 actu_wrong: 129
2026-04-12 21:11:49,075 P3588171 INFO ----------------------------------------------------------------------------------------------------
2026-04-12 21:11:49,075 P3588171 INFO 51/300 starting... lr: 0.001 para:0.01923076994717121
2026-04-12 21:12:35,131 P3588171 INFO Epoch 51/300, all_loss:3.39096 cls_loss:2.83772 rec_loss:39.97488 [46.06s]; best loss:1.18925, patience : 6
2026-04-12 21:12:37,431 P3588171 INFO pr:0.9782  rc:0.9066  auc:0.9757 ap:0.9717 f1: 0.9410 pred_right: 38633 pred_wrong:367 actu_right: 38604 actu_wrong: 396
2026-04-12 21:12:38,487 P3588171 INFO pr:0.9535  rc:0.9535  auc:0.9881 ap:0.9770 f1: 0.9535 pred_right: 16371 pred_wrong:129 actu_right: 16371 actu_wrong: 129
2026-04-12 21:12:38,488 P3588171 INFO ----------------------------------------------------------------------------------------------------
2026-04-12 21:12:38,488 P3588171 INFO 52/300 starting... lr: 0.001 para:0.01886792480945587
2026-04-12 21:13:24,649 P3588171 INFO Epoch 52/300, all_loss:1.31580 cls_loss:0.73712 rec_loss:39.93613 [46.16s]; best loss:1.18925, patience : 6
2026-04-12 21:13:27,001 P3588171 INFO pr:0.8471  rc:0.9068  auc:0.9769 ap:0.9109 f1: 0.8759 pred_right: 38575 pred_wrong:425 actu_right: 38603 actu_wrong: 397
2026-04-12 21:13:27,985 P3588171 INFO pr:0.9015  rc:0.9225  auc:0.9876 ap:0.9538 f1: 0.9119 pred_right: 16368 pred_wrong:132 actu_right: 16371 actu_wrong: 129
2026-04-12 21:13:27,985 P3588171 INFO ----------------------------------------------------------------------------------------------------
2026-04-12 21:13:27,985 P3588171 INFO 53/300 starting... lr: 0.001 para:0.018518518656492233
2026-04-12 21:14:14,006 P3588171 INFO Epoch 53/300, all_loss:2.46688 cls_loss:1.92352 rec_loss:39.95526 [46.02s]; best loss:1.18925, patience : 7
2026-04-12 21:14:16,311 P3588171 INFO pr:0.9836  rc:0.9043  auc:0.9709 ap:0.9683 f1: 0.9423 pred_right: 38635 pred_wrong:365 actu_right: 38603 actu_wrong: 397
2026-04-12 21:14:17,252 P3588171 INFO pr:0.9538  rc:0.9612  auc:0.9939 ap:0.9829 f1: 0.9575 pred_right: 16370 pred_wrong:130 actu_right: 16371 actu_wrong: 129
2026-04-12 21:14:17,252 P3588171 INFO ----------------------------------------------------------------------------------------------------
2026-04-12 21:14:17,252 P3588171 INFO 54/300 starting... lr: 0.001 para:0.0181818176060915
2026-04-12 21:15:03,323 P3588171 INFO Epoch 54/300, all_loss:2.44187 cls_loss:1.91188 rec_loss:39.91256 [46.07s]; best loss:1.18925, patience : 7
2026-04-12 21:15:05,635 P3588171 INFO pr:0.9860  rc:0.8914  auc:0.9699 ap:0.9672 f1: 0.9363 pred_right: 38642 pred_wrong:358 actu_right: 38604 actu_wrong: 396
2026-04-12 21:15:06,577 P3588171 INFO pr:0.9688  rc:0.9612  auc:0.9882 ap:0.9798 f1: 0.9650 pred_right: 16372 pred_wrong:128 actu_right: 16371 actu_wrong: 129
2026-04-12 21:15:06,577 P3588171 INFO ----------------------------------------------------------------------------------------------------
2026-04-12 21:15:06,577 P3588171 INFO 55/300 starting... lr: 0.001 para:0.01785714365541935
2026-04-12 21:15:52,628 P3588171 INFO Epoch 55/300, all_loss:1.55731 cls_loss:1.02358 rec_loss:39.92445 [46.05s]; best loss:1.18925, patience : 7
2026-04-12 21:15:54,941 P3588171 INFO pr:0.9705  rc:0.9118  auc:0.9737 ap:0.9658 f1: 0.9403 pred_right: 38627 pred_wrong:373 actu_right: 38603 actu_wrong: 397
2026-04-12 21:15:55,893 P3588171 INFO pr:0.9542  rc:0.9690  auc:0.9939 ap:0.9775 f1: 0.9615 pred_right: 16369 pred_wrong:131 actu_right: 16371 actu_wrong: 129
2026-04-12 21:15:55,894 P3588171 INFO ----------------------------------------------------------------------------------------------------
2026-04-12 21:15:55,894 P3588171 INFO 56/300 starting... lr: 0.001 para:0.017543859779834747
2026-04-12 21:16:42,014 P3588171 INFO Epoch 56/300, all_loss:2.47635 cls_loss:1.97065 rec_loss:39.96865 [46.12s]; best loss:1.18925, patience : 8
2026-04-12 21:16:44,334 P3588171 INFO pr:0.9504  rc:0.9192  auc:0.9808 ap:0.9633 f1: 0.9345 pred_right: 38617 pred_wrong:383 actu_right: 38604 actu_wrong: 396
2026-04-12 21:16:45,362 P3588171 INFO pr:0.9328  rc:0.9690  auc:0.9938 ap:0.9649 f1: 0.9506 pred_right: 16366 pred_wrong:134 actu_right: 16371 actu_wrong: 129
2026-04-12 21:16:45,363 P3588171 INFO ----------------------------------------------------------------------------------------------------
2026-04-12 21:16:45,363 P3588171 INFO 57/300 starting... lr: 0.001 para:0.017241379246115685
2026-04-12 21:17:31,495 P3588171 INFO Epoch 57/300, all_loss:4.99706 cls_loss:4.54715 rec_loss:39.97628 [46.13s]; best loss:1.18925, patience : 9
2026-04-12 21:17:33,826 P3588171 INFO pr:0.9730  rc:0.9091  auc:0.9640 ap:0.9662 f1: 0.9399 pred_right: 38630 pred_wrong:370 actu_right: 38604 actu_wrong: 396
2026-04-12 21:17:34,775 P3588171 INFO pr:0.9612  rc:0.9612  auc:0.9939 ap:0.9754 f1: 0.9612 pred_right: 16371 pred_wrong:129 actu_right: 16371 actu_wrong: 129
2026-04-12 21:17:34,775 P3588171 INFO ----------------------------------------------------------------------------------------------------
2026-04-12 21:17:34,775 P3588171 INFO 58/300 starting... lr: 0.001 para:0.016949152573943138
2026-04-12 21:18:20,955 P3588171 INFO Epoch 58/300, all_loss:1.56568 cls_loss:1.06772 rec_loss:39.94215 [46.18s]; best loss:1.18925, patience : 9
2026-04-12 21:18:23,279 P3588171 INFO pr:0.9662  rc:0.9370  auc:0.9843 ap:0.9756 f1: 0.9514 pred_right: 38615 pred_wrong:385 actu_right: 38603 actu_wrong: 397
2026-04-12 21:18:24,223 P3588171 INFO pr:0.9474  rc:0.9767  auc:0.9997 ap:0.9687 f1: 0.9618 pred_right: 16367 pred_wrong:133 actu_right: 16371 actu_wrong: 129
2026-04-12 21:18:24,224 P3588171 INFO ----------------------------------------------------------------------------------------------------
2026-04-12 21:18:24,224 P3588171 INFO 59/300 starting... lr: 0.001 para:0.01666666753590107
2026-04-12 21:19:10,353 P3588171 INFO Epoch 59/300, all_loss:1.88527 cls_loss:1.40410 rec_loss:39.93015 [46.13s]; best loss:1.18925, patience : 10
2026-04-12 21:19:12,692 P3588171 INFO pr:0.9708  rc:0.9242  auc:0.9781 ap:0.9740 f1: 0.9470 pred_right: 38623 pred_wrong:377 actu_right: 38604 actu_wrong: 396
2026-04-12 21:19:13,641 P3588171 INFO pr:0.9318  rc:0.9535  auc:0.9939 ap:0.9716 f1: 0.9425 pred_right: 16368 pred_wrong:132 actu_right: 16371 actu_wrong: 129
2026-04-12 21:19:13,642 P3588171 INFO ----------------------------------------------------------------------------------------------------
2026-04-12 21:19:13,642 P3588171 INFO 60/300 starting... lr: 0.001 para:0.016393441706895828
2026-04-12 21:19:59,834 P3588171 INFO Epoch 60/300, all_loss:4.41846 cls_loss:3.99032 rec_loss:39.92311 [46.19s]; best loss:1.18925, patience : 11
2026-04-12 21:20:02,166 P3588171 INFO pr:0.9581  rc:0.9242  auc:0.9799 ap:0.9733 f1: 0.9409 pred_right: 38618 pred_wrong:382 actu_right: 38604 actu_wrong: 396
2026-04-12 21:20:03,112 P3588171 INFO pr:0.9542  rc:0.9690  auc:0.9939 ap:0.9777 f1: 0.9615 pred_right: 16369 pred_wrong:131 actu_right: 16371 actu_wrong: 129
2026-04-12 21:20:03,112 P3588171 INFO ----------------------------------------------------------------------------------------------------
2026-04-12 21:20:03,112 P3588171 INFO 61/300 starting... lr: 0.001 para:0.016129031777381897
2026-04-12 21:20:49,287 P3588171 INFO Epoch 61/300, all_loss:8.14883 cls_loss:7.79156 rec_loss:39.91929 [46.17s]; best loss:1.18925, patience : 12
2026-04-12 21:20:51,605 P3588171 INFO pr:0.9606  rc:0.9219  auc:0.9862 ap:0.9701 f1: 0.9409 pred_right: 38619 pred_wrong:381 actu_right: 38603 actu_wrong: 397
2026-04-12 21:20:52,549 P3588171 INFO pr:0.9318  rc:0.9535  auc:0.9995 ap:0.9556 f1: 0.9425 pred_right: 16368 pred_wrong:132 actu_right: 16371 actu_wrong: 129
2026-04-12 21:20:52,549 P3588171 INFO ----------------------------------------------------------------------------------------------------
2026-04-12 21:20:52,549 P3588171 INFO 62/300 starting... lr: 0.001 para:0.01587301678955555
2026-04-12 21:21:38,627 P3588171 INFO Epoch 62/300, all_loss:1.56715 cls_loss:1.11159 rec_loss:39.95024 [46.08s]; best loss:1.18925, patience : 12
2026-04-12 21:21:40,954 P3588171 INFO pr:0.8670  rc:0.9241  auc:0.9788 ap:0.9287 f1: 0.8946 pred_right: 38579 pred_wrong:421 actu_right: 38605 actu_wrong: 395
2026-04-12 21:21:41,901 P3588171 INFO pr:0.8993  rc:0.9690  auc:0.9936 ap:0.9514 f1: 0.9328 pred_right: 16361 pred_wrong:139 actu_right: 16371 actu_wrong: 129
2026-04-12 21:21:41,901 P3588171 INFO ----------------------------------------------------------------------------------------------------
2026-04-12 21:21:41,901 P3588171 INFO 63/300 starting... lr: 0.001 para:0.015625
2026-04-12 21:22:27,822 P3588171 INFO Epoch 63/300, all_loss:2.41532 cls_loss:1.98298 rec_loss:39.95224 [45.92s]; best loss:1.18925, patience : 13
2026-04-12 21:22:30,107 P3588171 INFO pr:0.9809  rc:0.9043  auc:0.9742 ap:0.9699 f1: 0.9410 pred_right: 38634 pred_wrong:366 actu_right: 38603 actu_wrong: 397
2026-04-12 21:22:31,052 P3588171 INFO pr:0.9688  rc:0.9612  auc:0.9863 ap:0.9808 f1: 0.9650 pred_right: 16372 pred_wrong:128 actu_right: 16371 actu_wrong: 129
2026-04-12 21:22:31,052 P3588171 INFO ----------------------------------------------------------------------------------------------------
2026-04-12 21:22:31,052 P3588171 INFO 64/300 starting... lr: 0.001 para:0.015384615398943424
2026-04-12 21:23:16,826 P3588171 INFO Epoch 64/300, all_loss:1.37610 cls_loss:0.93729 rec_loss:39.92064 [45.77s]; best loss:1.18925, patience : 13
2026-04-12 21:23:19,115 P3588171 INFO pr:0.9606  rc:0.9219  auc:0.9793 ap:0.9703 f1: 0.9409 pred_right: 38619 pred_wrong:381 actu_right: 38603 actu_wrong: 397
2026-04-12 21:23:20,049 P3588171 INFO pr:0.9545  rc:0.9767  auc:0.9938 ap:0.9781 f1: 0.9655 pred_right: 16368 pred_wrong:132 actu_right: 16371 actu_wrong: 129
2026-04-12 21:23:20,049 P3588171 INFO ----------------------------------------------------------------------------------------------------
2026-04-12 21:23:20,049 P3588171 INFO 65/300 starting... lr: 0.001 para:0.01515151560306549
2026-04-12 21:24:05,782 P3588171 INFO Epoch 65/300, all_loss:2.12003 cls_loss:1.70232 rec_loss:39.89203 [45.73s]; best loss:1.18925, patience : 14
2026-04-12 21:24:08,080 P3588171 INFO pr:0.9683  rc:0.9219  auc:0.9809 ap:0.9683 f1: 0.9445 pred_right: 38622 pred_wrong:378 actu_right: 38603 actu_wrong: 397
2026-04-12 21:24:09,018 P3588171 INFO pr:0.9398  rc:0.9690  auc:0.9978 ap:0.9861 f1: 0.9542 pred_right: 16367 pred_wrong:133 actu_right: 16371 actu_wrong: 129
2026-04-12 21:24:09,019 P3588171 INFO ----------------------------------------------------------------------------------------------------
2026-04-12 21:24:09,019 P3588171 INFO 66/300 starting... lr: 0.001 para:0.014925372786819935
2026-04-12 21:24:54,712 P3588171 INFO Epoch 66/300, all_loss:1.55866 cls_loss:1.14032 rec_loss:39.95020 [45.69s]; best loss:1.18925, patience : 14
2026-04-12 21:24:57,006 P3588171 INFO pr:0.9457  rc:0.9266  auc:0.9862 ap:0.9663 f1: 0.9361 pred_right: 38613 pred_wrong:387 actu_right: 38605 actu_wrong: 395
2026-04-12 21:24:57,940 P3588171 INFO pr:0.9394  rc:0.9612  auc:0.9997 ap:0.9731 f1: 0.9502 pred_right: 16368 pred_wrong:132 actu_right: 16371 actu_wrong: 129
2026-04-12 21:24:57,940 P3588171 INFO ----------------------------------------------------------------------------------------------------
2026-04-12 21:24:57,940 P3588171 INFO 67/300 starting... lr: 0.001 para:0.014705882407724857
2026-04-12 21:25:43,675 P3588171 INFO Early stop at epoch: 67
2026-04-12 21:25:43,676 P3588171 INFO saving model...
2026-04-12 21:25:43,676 P3588171 INFO mestgad - loss  best score:1.1892495155334473 at epoch 42
2026-04-12 21:25:43,712 P3588171 INFO mestgad - f1  best score:0.954486345903771 at epoch 40
2026-04-12 21:25:43,744 P3588171 INFO calculate scores...
2026-04-12 21:25:43,747 P3588171 INFO calculate label with loss...
2026-04-12 21:25:43,747 P3588171 INFO mestgad on results/lambda/mestgad_msds_lam0.1_seed2/mestgad-MSDS-save-88f4d4b5-1776043726 loading...
2026-04-12 21:25:44,745 P3588171 INFO pr:0.7368  rc:0.9767  auc:0.9857 ap:0.9753 f1: 0.8400 pred_right: 16329 pred_wrong:171 actu_right: 16371 actu_wrong: 129
2026-04-12 21:25:44,745 P3588171 INFO calculate label with f1...
2026-04-12 21:25:44,745 P3588171 INFO mestgad on results/lambda/mestgad_msds_lam0.1_seed2/mestgad-MSDS-save-88f4d4b5-1776043726 loading...
2026-04-12 21:25:45,698 P3588171 INFO pr:0.9535  rc:0.9535  auc:0.9939 ap:0.9779 f1: 0.9535 pred_right: 16371 pred_wrong:129 actu_right: 16371 actu_wrong: 129
2026-04-12 21:25:45,702 P3588171 INFO ^^^^^^ Current Model: ----mestgad----88f4d4b5 ^^^^^
