2026-04-09 14:55:20,867 P982885 INFO ---- Model: ----mstgad-11d70533----train : True----evaluate : False
2026-04-09 14:55:20,873 P982885 INFO read Tranform data
2026-04-09 14:57:00,498 P982885 INFO read Graph edge data
2026-04-09 14:57:04,615 P982885 INFO model : init weight
2026-04-09 14:57:04,617 P982885 INFO Using GPU...
2026-04-09 14:57:04,623 P982885 INFO optimizer : using AdaBelief
2026-04-09 14:57:04,624 P982885 INFO ----------------------------------------------------------------------------------------------------
2026-04-09 14:57:04,625 P982885 INFO 0/300 starting... lr: 0.001 para:1.0
2026-04-09 14:57:34,285 P982885 INFO Epoch 0/300, all_loss:51.36995 cls_loss:45.78416 rec_loss:51.36995 [29.60s]; best loss:51.36995, patience : 0
2026-04-09 14:57:34,285 P982885 INFO ----------------------------------------------------------------------------------------------------
2026-04-09 14:57:34,285 P982885 INFO 1/300 starting... lr: 0.001 para:0.5
2026-04-09 14:58:01,682 P982885 INFO Epoch 1/300, all_loss:28.95900 cls_loss:15.41569 rec_loss:42.50231 [27.37s]; best loss:28.95900, patience : 0
2026-04-09 14:58:01,683 P982885 INFO ----------------------------------------------------------------------------------------------------
2026-04-09 14:58:01,683 P982885 INFO 2/300 starting... lr: 0.001 para:0.3333333432674408
2026-04-09 14:58:29,020 P982885 INFO Epoch 2/300, all_loss:16.87869 cls_loss:4.51476 rec_loss:41.60655 [27.32s]; best loss:16.87869, patience : 0
2026-04-09 14:58:30,785 P982885 INFO pr:1.0000  rc:0.0783  auc:0.7582 ap:0.7664 f1: 0.1452 pred_right: 38969 pred_wrong:31 actu_right: 38604 actu_wrong: 396
2026-04-09 14:58:31,575 P982885 INFO pr:1.0000  rc:0.0543  auc:0.8090 ap:0.7935 f1: 0.1029 pred_right: 16493 pred_wrong:7 actu_right: 16371 actu_wrong: 129
2026-04-09 14:58:31,583 P982885 INFO ----------------------------------------------------------------------------------------------------
2026-04-09 14:58:31,583 P982885 INFO 3/300 starting... lr: 0.001 para:0.25
2026-04-09 14:58:58,247 P982885 INFO Epoch 3/300, all_loss:179.09767 cls_loss:224.96886 rec_loss:41.48415 [26.66s]; best loss:16.87869, patience : 1
2026-04-09 14:59:00,057 P982885 INFO pr:0.8758  rc:0.3552  auc:0.8503 ap:0.7760 f1: 0.5054 pred_right: 38839 pred_wrong:161 actu_right: 38603 actu_wrong: 397
2026-04-09 14:59:00,769 P982885 INFO pr:0.8718  rc:0.2636  auc:0.8712 ap:0.7736 f1: 0.4048 pred_right: 16461 pred_wrong:39 actu_right: 16371 actu_wrong: 129
2026-04-09 14:59:00,778 P982885 INFO ----------------------------------------------------------------------------------------------------
2026-04-09 14:59:00,778 P982885 INFO 4/300 starting... lr: 0.001 para:0.20000000298023224
2026-04-09 14:59:27,554 P982885 INFO Epoch 4/300, all_loss:9.87126 cls_loss:1.97747 rec_loss:41.44641 [26.76s]; best loss:9.87126, patience : 0
2026-04-09 14:59:29,305 P982885 INFO pr:0.8675  rc:0.3627  auc:0.9302 ap:0.7880 f1: 0.5115 pred_right: 38834 pred_wrong:166 actu_right: 38603 actu_wrong: 397
2026-04-09 14:59:30,096 P982885 INFO pr:0.8205  rc:0.2481  auc:0.9470 ap:0.7702 f1: 0.3810 pred_right: 16461 pred_wrong:39 actu_right: 16371 actu_wrong: 129
2026-04-09 14:59:30,104 P982885 INFO ----------------------------------------------------------------------------------------------------
2026-04-09 14:59:30,105 P982885 INFO 5/300 starting... lr: 0.001 para:0.1666666716337204
2026-04-09 14:59:56,730 P982885 INFO Epoch 5/300, all_loss:50.83672 cls_loss:52.74291 rec_loss:41.30585 [26.62s]; best loss:9.87126, patience : 1
2026-04-09 14:59:58,473 P982885 INFO pr:0.8902  rc:0.5919  auc:0.9537 ap:0.8447 f1: 0.7110 pred_right: 38736 pred_wrong:264 actu_right: 38603 actu_wrong: 397
2026-04-09 14:59:59,171 P982885 INFO pr:0.8554  rc:0.5504  auc:0.9805 ap:0.8326 f1: 0.6698 pred_right: 16417 pred_wrong:83 actu_right: 16371 actu_wrong: 129
2026-04-09 14:59:59,180 P982885 INFO ----------------------------------------------------------------------------------------------------
2026-04-09 14:59:59,180 P982885 INFO 6/300 starting... lr: 0.001 para:0.1428571492433548
2026-04-09 15:00:25,347 P982885 INFO Epoch 6/300, all_loss:43.80825 cls_loss:44.20620 rec_loss:41.42051 [26.17s]; best loss:9.87126, patience : 1
2026-04-09 15:00:27,134 P982885 INFO pr:0.9494  rc:0.5668  auc:0.9559 ap:0.9017 f1: 0.7098 pred_right: 38763 pred_wrong:237 actu_right: 38603 actu_wrong: 397
2026-04-09 15:00:27,924 P982885 INFO pr:0.9487  rc:0.5736  auc:0.9810 ap:0.9083 f1: 0.7150 pred_right: 16422 pred_wrong:78 actu_right: 16371 actu_wrong: 129
2026-04-09 15:00:27,925 P982885 INFO ----------------------------------------------------------------------------------------------------
2026-04-09 15:00:27,925 P982885 INFO 7/300 starting... lr: 0.001 para:0.125
2026-04-09 15:00:54,507 P982885 INFO Epoch 7/300, all_loss:12.57648 cls_loss:8.47359 rec_loss:41.29676 [26.58s]; best loss:9.87126, patience : 1
2026-04-09 15:00:56,212 P982885 INFO pr:0.9490  rc:0.6096  auc:0.9626 ap:0.9324 f1: 0.7423 pred_right: 38745 pred_wrong:255 actu_right: 38603 actu_wrong: 397
2026-04-09 15:00:56,904 P982885 INFO pr:0.9634  rc:0.6124  auc:0.9845 ap:0.9500 f1: 0.7488 pred_right: 16418 pred_wrong:82 actu_right: 16371 actu_wrong: 129
2026-04-09 15:00:56,913 P982885 INFO ----------------------------------------------------------------------------------------------------
2026-04-09 15:00:56,913 P982885 INFO 8/300 starting... lr: 0.001 para:0.1111111119389534
2026-04-09 15:01:23,948 P982885 INFO Epoch 8/300, all_loss:25.12345 cls_loss:23.11902 rec_loss:41.15887 [27.03s]; best loss:9.87126, patience : 2
2026-04-09 15:01:25,787 P982885 INFO pr:0.9309  rc:0.8816  auc:0.9636 ap:0.9519 f1: 0.9056 pred_right: 38624 pred_wrong:376 actu_right: 38603 actu_wrong: 397
2026-04-09 15:01:26,513 P982885 INFO pr:0.9104  rc:0.9457  auc:0.9850 ap:0.9755 f1: 0.9278 pred_right: 16366 pred_wrong:134 actu_right: 16371 actu_wrong: 129
2026-04-09 15:01:26,522 P982885 INFO ----------------------------------------------------------------------------------------------------
2026-04-09 15:01:26,522 P982885 INFO 9/300 starting... lr: 0.001 para:0.10000000149011612
2026-04-09 15:01:53,243 P982885 INFO Epoch 9/300, all_loss:6.73689 cls_loss:2.93036 rec_loss:40.99573 [26.70s]; best loss:6.73689, patience : 0
2026-04-09 15:01:54,943 P982885 INFO pr:0.9532  rc:0.8715  auc:0.9621 ap:0.9541 f1: 0.9105 pred_right: 38637 pred_wrong:363 actu_right: 38603 actu_wrong: 397
2026-04-09 15:01:55,689 P982885 INFO pr:0.9603  rc:0.9380  auc:0.9860 ap:0.9818 f1: 0.9490 pred_right: 16374 pred_wrong:126 actu_right: 16371 actu_wrong: 129
2026-04-09 15:01:55,698 P982885 INFO ----------------------------------------------------------------------------------------------------
2026-04-09 15:01:55,698 P982885 INFO 10/300 starting... lr: 0.001 para:0.09090909361839294
2026-04-09 15:02:22,333 P982885 INFO Epoch 10/300, all_loss:47.56927 cls_loss:48.23566 rec_loss:40.90550 [26.63s]; best loss:6.73689, patience : 1
2026-04-09 15:02:24,067 P982885 INFO pr:0.9640  rc:0.8788  auc:0.9798 ap:0.9629 f1: 0.9194 pred_right: 38639 pred_wrong:361 actu_right: 38604 actu_wrong: 396
2026-04-09 15:02:24,775 P982885 INFO pr:0.9590  rc:0.9070  auc:0.9996 ap:0.9927 f1: 0.9323 pred_right: 16378 pred_wrong:122 actu_right: 16371 actu_wrong: 129
2026-04-09 15:02:24,784 P982885 INFO ----------------------------------------------------------------------------------------------------
2026-04-09 15:02:24,784 P982885 INFO 11/300 starting... lr: 0.001 para:0.0833333358168602
2026-04-09 15:02:51,470 P982885 INFO Epoch 11/300, all_loss:4.96781 cls_loss:1.70814 rec_loss:40.82417 [26.66s]; best loss:4.96781, patience : 0
2026-04-09 15:02:53,295 P982885 INFO pr:0.9736  rc:0.8384  auc:0.9604 ap:0.9550 f1: 0.9009 pred_right: 38659 pred_wrong:341 actu_right: 38604 actu_wrong: 396
2026-04-09 15:02:53,993 P982885 INFO pr:0.9829  rc:0.8915  auc:0.9874 ap:0.9877 f1: 0.9350 pred_right: 16383 pred_wrong:117 actu_right: 16371 actu_wrong: 129
2026-04-09 15:02:53,994 P982885 INFO ----------------------------------------------------------------------------------------------------
2026-04-09 15:02:53,994 P982885 INFO 12/300 starting... lr: 0.001 para:0.07692307978868484
2026-04-09 15:03:20,610 P982885 INFO Epoch 12/300, all_loss:6.32917 cls_loss:3.46093 rec_loss:40.74803 [26.62s]; best loss:4.96781, patience : 1
2026-04-09 15:03:22,344 P982885 INFO pr:0.9635  rc:0.8640  auc:0.9518 ap:0.9541 f1: 0.9110 pred_right: 38644 pred_wrong:356 actu_right: 38603 actu_wrong: 397
2026-04-09 15:03:23,128 P982885 INFO pr:0.9538  rc:0.9612  auc:0.9863 ap:0.9873 f1: 0.9575 pred_right: 16370 pred_wrong:130 actu_right: 16371 actu_wrong: 129
2026-04-09 15:03:23,129 P982885 INFO ----------------------------------------------------------------------------------------------------
2026-04-09 15:03:23,129 P982885 INFO 13/300 starting... lr: 0.001 para:0.0714285746216774
2026-04-09 15:03:49,719 P982885 INFO Epoch 13/300, all_loss:3.93062 cls_loss:1.10096 rec_loss:40.71623 [26.57s]; best loss:3.93062, patience : 0
2026-04-09 15:03:51,443 P982885 INFO pr:0.9601  rc:0.8489  auc:0.9742 ap:0.9515 f1: 0.9011 pred_right: 38649 pred_wrong:351 actu_right: 38603 actu_wrong: 397
2026-04-09 15:03:52,145 P982885 INFO pr:0.9520  rc:0.9225  auc:0.9927 ap:0.9616 f1: 0.9370 pred_right: 16375 pred_wrong:125 actu_right: 16371 actu_wrong: 129
2026-04-09 15:03:52,146 P982885 INFO ----------------------------------------------------------------------------------------------------
2026-04-09 15:03:52,146 P982885 INFO 14/300 starting... lr: 0.001 para:0.06666667014360428
2026-04-09 15:04:18,877 P982885 INFO Epoch 14/300, all_loss:3.47622 cls_loss:0.82527 rec_loss:40.58955 [26.71s]; best loss:3.47622, patience : 0
2026-04-09 15:04:20,640 P982885 INFO pr:0.9454  rc:0.8287  auc:0.9618 ap:0.9215 f1: 0.8832 pred_right: 38652 pred_wrong:348 actu_right: 38603 actu_wrong: 397
2026-04-09 15:04:21,339 P982885 INFO pr:0.9370  rc:0.9225  auc:0.9913 ap:0.9333 f1: 0.9297 pred_right: 16373 pred_wrong:127 actu_right: 16371 actu_wrong: 129
2026-04-09 15:04:21,339 P982885 INFO ----------------------------------------------------------------------------------------------------
2026-04-09 15:04:21,339 P982885 INFO 15/300 starting... lr: 0.001 para:0.0625
2026-04-09 15:04:47,960 P982885 INFO Epoch 15/300, all_loss:3.92791 cls_loss:1.48452 rec_loss:40.57868 [26.62s]; best loss:3.47622, patience : 1
2026-04-09 15:04:49,714 P982885 INFO pr:0.9321  rc:0.8992  auc:0.9683 ap:0.9641 f1: 0.9154 pred_right: 38617 pred_wrong:383 actu_right: 38603 actu_wrong: 397
2026-04-09 15:04:50,494 P982885 INFO pr:0.9130  rc:0.9767  auc:0.9927 ap:0.9885 f1: 0.9438 pred_right: 16362 pred_wrong:138 actu_right: 16371 actu_wrong: 129
2026-04-09 15:04:50,495 P982885 INFO ----------------------------------------------------------------------------------------------------
2026-04-09 15:04:50,495 P982885 INFO 16/300 starting... lr: 0.001 para:0.05882352963089943
2026-04-09 15:05:17,194 P982885 INFO Epoch 16/300, all_loss:3.38547 cls_loss:1.06239 rec_loss:40.55480 [26.68s]; best loss:3.38547, patience : 0
2026-04-09 15:05:18,929 P982885 INFO pr:0.9668  rc:0.8791  auc:0.9619 ap:0.9608 f1: 0.9208 pred_right: 38639 pred_wrong:361 actu_right: 38603 actu_wrong: 397
2026-04-09 15:05:19,636 P982885 INFO pr:0.9535  rc:0.9535  auc:0.9879 ap:0.9825 f1: 0.9535 pred_right: 16371 pred_wrong:129 actu_right: 16371 actu_wrong: 129
2026-04-09 15:05:19,645 P982885 INFO ----------------------------------------------------------------------------------------------------
2026-04-09 15:05:19,645 P982885 INFO 17/300 starting... lr: 0.001 para:0.0555555559694767
2026-04-09 15:05:46,356 P982885 INFO Epoch 17/300, all_loss:3.49353 cls_loss:1.31665 rec_loss:40.50065 [26.71s]; best loss:3.38547, patience : 1
2026-04-09 15:05:48,095 P982885 INFO pr:0.9803  rc:0.8766  auc:0.9683 ap:0.9653 f1: 0.9255 pred_right: 38645 pred_wrong:355 actu_right: 38603 actu_wrong: 397
2026-04-09 15:05:48,801 P982885 INFO pr:0.9554  rc:0.8295  auc:0.9903 ap:0.9738 f1: 0.8880 pred_right: 16388 pred_wrong:112 actu_right: 16371 actu_wrong: 129
2026-04-09 15:05:48,810 P982885 INFO ----------------------------------------------------------------------------------------------------
2026-04-09 15:05:48,811 P982885 INFO 18/300 starting... lr: 0.001 para:0.05263157933950424
2026-04-09 15:06:15,643 P982885 INFO Epoch 18/300, all_loss:4.79713 cls_loss:2.81811 rec_loss:40.41957 [26.83s]; best loss:3.38547, patience : 2
2026-04-09 15:06:17,462 P982885 INFO pr:0.9694  rc:0.8813  auc:0.9553 ap:0.9614 f1: 0.9233 pred_right: 38640 pred_wrong:360 actu_right: 38604 actu_wrong: 396
2026-04-09 15:06:18,248 P982885 INFO pr:0.9612  rc:0.9612  auc:0.9856 ap:0.9728 f1: 0.9612 pred_right: 16371 pred_wrong:129 actu_right: 16371 actu_wrong: 129
2026-04-09 15:06:18,248 P982885 INFO ----------------------------------------------------------------------------------------------------
2026-04-09 15:06:18,248 P982885 INFO 19/300 starting... lr: 0.001 para:0.05000000074505806
2026-04-09 15:06:44,909 P982885 INFO Epoch 19/300, all_loss:3.23511 cls_loss:1.27817 rec_loss:40.41698 [26.64s]; best loss:3.23511, patience : 0
2026-04-09 15:06:46,646 P982885 INFO pr:0.9668  rc:0.8791  auc:0.9562 ap:0.9612 f1: 0.9208 pred_right: 38639 pred_wrong:361 actu_right: 38603 actu_wrong: 397
2026-04-09 15:06:47,351 P982885 INFO pr:0.9538  rc:0.9612  auc:0.9855 ap:0.9732 f1: 0.9575 pred_right: 16370 pred_wrong:130 actu_right: 16371 actu_wrong: 129
2026-04-09 15:06:47,352 P982885 INFO ----------------------------------------------------------------------------------------------------
2026-04-09 15:06:47,352 P982885 INFO 20/300 starting... lr: 0.001 para:0.0476190485060215
2026-04-09 15:07:13,916 P982885 INFO Epoch 20/300, all_loss:3.27957 cls_loss:1.42594 rec_loss:40.35225 [26.56s]; best loss:3.23511, patience : 1
2026-04-09 15:07:15,657 P982885 INFO pr:0.9753  rc:0.8987  auc:0.9739 ap:0.9701 f1: 0.9354 pred_right: 38636 pred_wrong:364 actu_right: 38605 actu_wrong: 395
2026-04-09 15:07:16,366 P982885 INFO pr:0.9538  rc:0.9612  auc:0.9881 ap:0.9716 f1: 0.9575 pred_right: 16370 pred_wrong:130 actu_right: 16371 actu_wrong: 129
2026-04-09 15:07:16,375 P982885 INFO ----------------------------------------------------------------------------------------------------
2026-04-09 15:07:16,376 P982885 INFO 21/300 starting... lr: 0.001 para:0.04545454680919647
2026-04-09 15:07:43,167 P982885 INFO Epoch 21/300, all_loss:2.61426 cls_loss:0.81882 rec_loss:40.31853 [26.77s]; best loss:2.61426, patience : 0
2026-04-09 15:07:45,003 P982885 INFO pr:0.9496  rc:0.9018  auc:0.9602 ap:0.9616 f1: 0.9251 pred_right: 38623 pred_wrong:377 actu_right: 38603 actu_wrong: 397
2026-04-09 15:07:45,747 P982885 INFO pr:0.9265  rc:0.9767  auc:0.9855 ap:0.9696 f1: 0.9509 pred_right: 16364 pred_wrong:136 actu_right: 16371 actu_wrong: 129
2026-04-09 15:07:45,747 P982885 INFO ----------------------------------------------------------------------------------------------------
2026-04-09 15:07:45,747 P982885 INFO 22/300 starting... lr: 0.001 para:0.043478261679410934
2026-04-09 15:08:12,381 P982885 INFO Epoch 22/300, all_loss:2.92984 cls_loss:1.22985 rec_loss:40.32975 [26.63s]; best loss:2.61426, patience : 1
2026-04-09 15:08:14,127 P982885 INFO pr:0.9531  rc:0.9219  auc:0.9751 ap:0.9647 f1: 0.9373 pred_right: 38616 pred_wrong:384 actu_right: 38603 actu_wrong: 397
2026-04-09 15:08:14,887 P982885 INFO pr:0.9474  rc:0.9767  auc:0.9998 ap:0.9710 f1: 0.9618 pred_right: 16367 pred_wrong:133 actu_right: 16371 actu_wrong: 129
2026-04-09 15:08:14,896 P982885 INFO ----------------------------------------------------------------------------------------------------
2026-04-09 15:08:14,896 P982885 INFO 23/300 starting... lr: 0.001 para:0.0416666679084301
2026-04-09 15:08:41,578 P982885 INFO Epoch 23/300, all_loss:3.27173 cls_loss:1.66264 rec_loss:40.28087 [26.68s]; best loss:2.61426, patience : 2
2026-04-09 15:08:43,316 P982885 INFO pr:0.9857  rc:0.8665  auc:0.9661 ap:0.9670 f1: 0.9223 pred_right: 38651 pred_wrong:349 actu_right: 38603 actu_wrong: 397
2026-04-09 15:08:44,024 P982885 INFO pr:0.9672  rc:0.9147  auc:0.9878 ap:0.9662 f1: 0.9402 pred_right: 16378 pred_wrong:122 actu_right: 16371 actu_wrong: 129
2026-04-09 15:08:44,025 P982885 INFO ----------------------------------------------------------------------------------------------------
2026-04-09 15:08:44,025 P982885 INFO 24/300 starting... lr: 0.001 para:0.03999999910593033
2026-04-09 15:09:10,654 P982885 INFO Epoch 24/300, all_loss:2.82628 cls_loss:1.26625 rec_loss:40.26699 [26.63s]; best loss:2.61426, patience : 2
2026-04-09 15:09:12,479 P982885 INFO pr:0.9584  rc:0.9295  auc:0.9771 ap:0.9731 f1: 0.9437 pred_right: 38615 pred_wrong:385 actu_right: 38603 actu_wrong: 397
2026-04-09 15:09:13,179 P982885 INFO pr:0.9545  rc:0.9767  auc:0.9933 ap:0.9717 f1: 0.9655 pred_right: 16368 pred_wrong:132 actu_right: 16371 actu_wrong: 129
2026-04-09 15:09:13,189 P982885 INFO ----------------------------------------------------------------------------------------------------
2026-04-09 15:09:13,189 P982885 INFO 25/300 starting... lr: 0.001 para:0.03846153989434242
2026-04-09 15:09:39,856 P982885 INFO Epoch 25/300, all_loss:2.54549 cls_loss:1.03654 rec_loss:40.26939 [26.65s]; best loss:2.54549, patience : 0
2026-04-09 15:09:41,563 P982885 INFO pr:0.9940  rc:0.8338  auc:0.9635 ap:0.9664 f1: 0.9068 pred_right: 38667 pred_wrong:333 actu_right: 38603 actu_wrong: 397
2026-04-09 15:09:42,343 P982885 INFO pr:0.9917  rc:0.9302  auc:0.9858 ap:0.9855 f1: 0.9600 pred_right: 16379 pred_wrong:121 actu_right: 16371 actu_wrong: 129
2026-04-09 15:09:42,343 P982885 INFO ----------------------------------------------------------------------------------------------------
2026-04-09 15:09:42,343 P982885 INFO 26/300 starting... lr: 0.001 para:0.03703703731298447
2026-04-09 15:10:09,053 P982885 INFO Epoch 26/300, all_loss:2.26959 cls_loss:0.81094 rec_loss:40.19464 [26.69s]; best loss:2.26959, patience : 0
2026-04-09 15:10:10,759 P982885 INFO pr:0.9427  rc:0.9118  auc:0.9558 ap:0.9603 f1: 0.9270 pred_right: 38616 pred_wrong:384 actu_right: 38603 actu_wrong: 397
2026-04-09 15:10:11,453 P982885 INFO pr:0.9333  rc:0.9767  auc:0.9871 ap:0.9714 f1: 0.9545 pred_right: 16365 pred_wrong:135 actu_right: 16371 actu_wrong: 129
2026-04-09 15:10:11,454 P982885 INFO ----------------------------------------------------------------------------------------------------
2026-04-09 15:10:11,454 P982885 INFO 27/300 starting... lr: 0.001 para:0.0357142873108387
2026-04-09 15:10:38,750 P982885 INFO Epoch 27/300, all_loss:3.26592 cls_loss:1.89913 rec_loss:40.16930 [27.30s]; best loss:2.26959, patience : 1
2026-04-09 15:10:40,558 P982885 INFO pr:0.9605  rc:0.9194  auc:0.9761 ap:0.9759 f1: 0.9395 pred_right: 38620 pred_wrong:380 actu_right: 38603 actu_wrong: 397
2026-04-09 15:10:41,265 P982885 INFO pr:0.9621  rc:0.9845  auc:0.9999 ap:0.9856 f1: 0.9732 pred_right: 16368 pred_wrong:132 actu_right: 16371 actu_wrong: 129
2026-04-09 15:10:41,266 P982885 INFO ----------------------------------------------------------------------------------------------------
2026-04-09 15:10:41,266 P982885 INFO 28/300 starting... lr: 0.001 para:0.03448275849223137
2026-04-09 15:11:07,952 P982885 INFO Epoch 28/300, all_loss:2.30525 cls_loss:0.95422 rec_loss:40.13418 [26.69s]; best loss:2.26959, patience : 1
2026-04-09 15:11:09,708 P982885 INFO pr:0.9529  rc:0.9169  auc:0.9595 ap:0.9658 f1: 0.9345 pred_right: 38618 pred_wrong:382 actu_right: 38603 actu_wrong: 397
2026-04-09 15:11:10,488 P982885 INFO pr:0.9618  rc:0.9767  auc:0.9866 ap:0.9803 f1: 0.9692 pred_right: 16369 pred_wrong:131 actu_right: 16371 actu_wrong: 129
2026-04-09 15:11:10,488 P982885 INFO ----------------------------------------------------------------------------------------------------
2026-04-09 15:11:10,489 P982885 INFO 29/300 starting... lr: 0.001 para:0.03333333507180214
2026-04-09 15:11:37,103 P982885 INFO Epoch 29/300, all_loss:34.97081 cls_loss:34.79198 rec_loss:40.15711 [26.61s]; best loss:2.26959, patience : 2
2026-04-09 15:11:38,855 P982885 INFO pr:0.9733  rc:0.9217  auc:0.9748 ap:0.9755 f1: 0.9468 pred_right: 38625 pred_wrong:375 actu_right: 38604 actu_wrong: 396
2026-04-09 15:11:39,560 P982885 INFO pr:0.9615  rc:0.9690  auc:0.9881 ap:0.9788 f1: 0.9653 pred_right: 16370 pred_wrong:130 actu_right: 16371 actu_wrong: 129
2026-04-09 15:11:39,570 P982885 INFO ----------------------------------------------------------------------------------------------------
2026-04-09 15:11:39,570 P982885 INFO 30/300 starting... lr: 0.001 para:0.032258063554763794
2026-04-09 15:12:06,211 P982885 INFO Epoch 30/300, all_loss:2.95619 cls_loss:1.71921 rec_loss:40.06567 [26.64s]; best loss:2.26959, patience : 2
2026-04-09 15:12:07,964 P982885 INFO pr:0.9532  rc:0.9244  auc:0.9768 ap:0.9735 f1: 0.9386 pred_right: 38615 pred_wrong:385 actu_right: 38603 actu_wrong: 397
2026-04-09 15:12:08,666 P982885 INFO pr:0.9197  rc:0.9767  auc:0.9870 ap:0.9732 f1: 0.9474 pred_right: 16363 pred_wrong:137 actu_right: 16371 actu_wrong: 129
2026-04-09 15:12:08,667 P982885 INFO ----------------------------------------------------------------------------------------------------
2026-04-09 15:12:08,667 P982885 INFO 31/300 starting... lr: 0.001 para:0.03125
2026-04-09 15:12:35,411 P982885 INFO Epoch 31/300, all_loss:3.09520 cls_loss:1.90384 rec_loss:40.02729 [26.74s]; best loss:2.26959, patience : 3
2026-04-09 15:12:37,192 P982885 INFO pr:0.8817  rc:0.9572  auc:0.9851 ap:0.9679 f1: 0.9179 pred_right: 38569 pred_wrong:431 actu_right: 38603 actu_wrong: 397
2026-04-09 15:12:37,985 P982885 INFO pr:0.8205  rc:0.9922  auc:0.9997 ap:0.9736 f1: 0.8982 pred_right: 16344 pred_wrong:156 actu_right: 16371 actu_wrong: 129
2026-04-09 15:12:37,986 P982885 INFO ----------------------------------------------------------------------------------------------------
2026-04-09 15:12:37,986 P982885 INFO 32/300 starting... lr: 0.001 para:0.03030303120613098
2026-04-09 15:13:04,646 P982885 INFO Epoch 32/300, all_loss:1.65087 cls_loss:0.45254 rec_loss:39.99731 [26.64s]; best loss:1.65087, patience : 0
2026-04-09 15:13:06,371 P982885 INFO pr:0.9710  rc:0.9293  auc:0.9822 ap:0.9709 f1: 0.9497 pred_right: 38621 pred_wrong:379 actu_right: 38604 actu_wrong: 396
2026-04-09 15:13:07,072 P982885 INFO pr:0.9470  rc:0.9690  auc:0.9929 ap:0.9628 f1: 0.9579 pred_right: 16368 pred_wrong:132 actu_right: 16371 actu_wrong: 129
2026-04-09 15:13:07,080 P982885 INFO ----------------------------------------------------------------------------------------------------
2026-04-09 15:13:07,081 P982885 INFO 33/300 starting... lr: 0.001 para:0.029411764815449715
2026-04-09 15:13:33,669 P982885 INFO Epoch 33/300, all_loss:3.45290 cls_loss:2.34584 rec_loss:39.98583 [26.59s]; best loss:1.65087, patience : 1
2026-04-09 15:13:35,439 P982885 INFO pr:0.9809  rc:0.9068  auc:0.9714 ap:0.9708 f1: 0.9424 pred_right: 38633 pred_wrong:367 actu_right: 38603 actu_wrong: 397
2026-04-09 15:13:36,145 P982885 INFO pr:0.9680  rc:0.9380  auc:0.9888 ap:0.9715 f1: 0.9528 pred_right: 16375 pred_wrong:125 actu_right: 16371 actu_wrong: 129
2026-04-09 15:13:36,146 P982885 INFO ----------------------------------------------------------------------------------------------------
2026-04-09 15:13:36,146 P982885 INFO 34/300 starting... lr: 0.001 para:0.02857142873108387
2026-04-09 15:14:02,774 P982885 INFO Epoch 34/300, all_loss:1.74361 cls_loss:0.61946 rec_loss:39.96473 [26.63s]; best loss:1.65087, patience : 1
2026-04-09 15:14:04,652 P982885 INFO pr:0.9835  rc:0.8992  auc:0.9662 ap:0.9676 f1: 0.9395 pred_right: 38637 pred_wrong:363 actu_right: 38603 actu_wrong: 397
2026-04-09 15:14:05,431 P982885 INFO pr:0.9683  rc:0.9457  auc:0.9880 ap:0.9775 f1: 0.9569 pred_right: 16374 pred_wrong:126 actu_right: 16371 actu_wrong: 129
2026-04-09 15:14:05,432 P982885 INFO ----------------------------------------------------------------------------------------------------
2026-04-09 15:14:05,432 P982885 INFO 35/300 starting... lr: 0.001 para:0.02777777798473835
2026-04-09 15:14:32,032 P982885 INFO Epoch 35/300, all_loss:2.94447 cls_loss:1.88840 rec_loss:39.90718 [26.60s]; best loss:1.65087, patience : 2
2026-04-09 15:14:33,771 P982885 INFO pr:0.9836  rc:0.9091  auc:0.9621 ap:0.9668 f1: 0.9449 pred_right: 38634 pred_wrong:366 actu_right: 38604 actu_wrong: 396
2026-04-09 15:14:34,499 P982885 INFO pr:0.9612  rc:0.9612  auc:0.9870 ap:0.9806 f1: 0.9612 pred_right: 16371 pred_wrong:129 actu_right: 16371 actu_wrong: 129
2026-04-09 15:14:34,500 P982885 INFO ----------------------------------------------------------------------------------------------------
2026-04-09 15:14:34,500 P982885 INFO 36/300 starting... lr: 0.001 para:0.027027027681469917
2026-04-09 15:15:01,170 P982885 INFO Epoch 36/300, all_loss:1.68091 cls_loss:0.61980 rec_loss:39.88107 [26.67s]; best loss:1.65087, patience : 2
2026-04-09 15:15:03,013 P982885 INFO pr:0.9812  rc:0.9219  auc:0.9669 ap:0.9737 f1: 0.9506 pred_right: 38627 pred_wrong:373 actu_right: 38603 actu_wrong: 397
2026-04-09 15:15:03,715 P982885 INFO pr:0.9692  rc:0.9767  auc:0.9868 ap:0.9892 f1: 0.9730 pred_right: 16370 pred_wrong:130 actu_right: 16371 actu_wrong: 129
2026-04-09 15:15:03,724 P982885 INFO ----------------------------------------------------------------------------------------------------
2026-04-09 15:15:03,724 P982885 INFO 37/300 starting... lr: 0.001 para:0.02631578966975212
2026-04-09 15:15:30,473 P982885 INFO Epoch 37/300, all_loss:1.65558 cls_loss:0.62334 rec_loss:39.84872 [26.75s]; best loss:1.65087, patience : 2
2026-04-09 15:15:32,308 P982885 INFO pr:0.9732  rc:0.9144  auc:0.9721 ap:0.9741 f1: 0.9429 pred_right: 38627 pred_wrong:373 actu_right: 38603 actu_wrong: 397
2026-04-09 15:15:33,007 P982885 INFO pr:0.9538  rc:0.9612  auc:0.9882 ap:0.9782 f1: 0.9575 pred_right: 16370 pred_wrong:130 actu_right: 16371 actu_wrong: 129
2026-04-09 15:15:33,008 P982885 INFO ----------------------------------------------------------------------------------------------------
2026-04-09 15:15:33,008 P982885 INFO 38/300 starting... lr: 0.001 para:0.025641025975346565
2026-04-09 15:15:59,582 P982885 INFO Epoch 38/300, all_loss:2.22857 cls_loss:1.23754 rec_loss:39.88754 [26.57s]; best loss:1.65087, patience : 3
2026-04-09 15:16:01,311 P982885 INFO pr:0.9686  rc:0.9320  auc:0.9769 ap:0.9766 f1: 0.9499 pred_right: 38618 pred_wrong:382 actu_right: 38603 actu_wrong: 397
2026-04-09 15:16:02,089 P982885 INFO pr:0.9545  rc:0.9767  auc:0.9941 ap:0.9823 f1: 0.9655 pred_right: 16368 pred_wrong:132 actu_right: 16371 actu_wrong: 129
2026-04-09 15:16:02,090 P982885 INFO ----------------------------------------------------------------------------------------------------
2026-04-09 15:16:02,090 P982885 INFO 39/300 starting... lr: 0.001 para:0.02500000037252903
2026-04-09 15:16:28,611 P982885 INFO Epoch 39/300, all_loss:2.73087 cls_loss:1.78062 rec_loss:39.79065 [26.52s]; best loss:1.65087, patience : 4
2026-04-09 15:16:30,328 P982885 INFO pr:0.9607  rc:0.9244  auc:0.9757 ap:0.9743 f1: 0.9422 pred_right: 38618 pred_wrong:382 actu_right: 38603 actu_wrong: 397
2026-04-09 15:16:31,026 P982885 INFO pr:0.9338  rc:0.9845  auc:0.9940 ap:0.9803 f1: 0.9585 pred_right: 16364 pred_wrong:136 actu_right: 16371 actu_wrong: 129
2026-04-09 15:16:31,027 P982885 INFO ----------------------------------------------------------------------------------------------------
2026-04-09 15:16:31,027 P982885 INFO 40/300 starting... lr: 0.001 para:0.024390242993831635
2026-04-09 15:16:57,655 P982885 INFO Epoch 40/300, all_loss:1.57866 cls_loss:0.62207 rec_loss:39.84222 [26.61s]; best loss:1.57866, patience : 0
2026-04-09 15:16:59,379 P982885 INFO pr:0.9633  rc:0.9244  auc:0.9756 ap:0.9662 f1: 0.9434 pred_right: 38619 pred_wrong:381 actu_right: 38603 actu_wrong: 397
2026-04-09 15:17:00,069 P982885 INFO pr:0.9270  rc:0.9845  auc:0.9939 ap:0.9677 f1: 0.9549 pred_right: 16363 pred_wrong:137 actu_right: 16371 actu_wrong: 129
2026-04-09 15:17:00,070 P982885 INFO ----------------------------------------------------------------------------------------------------
2026-04-09 15:17:00,070 P982885 INFO 41/300 starting... lr: 0.001 para:0.02380952425301075
2026-04-09 15:17:26,674 P982885 INFO Epoch 41/300, all_loss:12.27150 cls_loss:11.60185 rec_loss:39.72749 [26.60s]; best loss:1.57866, patience : 1
2026-04-09 15:17:28,397 P982885 INFO pr:0.9564  rc:0.9395  auc:0.9827 ap:0.9745 f1: 0.9479 pred_right: 38610 pred_wrong:390 actu_right: 38603 actu_wrong: 397
2026-04-09 15:17:29,169 P982885 INFO pr:0.9343  rc:0.9922  auc:0.9997 ap:0.9682 f1: 0.9624 pred_right: 16363 pred_wrong:137 actu_right: 16371 actu_wrong: 129
2026-04-09 15:17:29,169 P982885 INFO ----------------------------------------------------------------------------------------------------
2026-04-09 15:17:29,169 P982885 INFO 42/300 starting... lr: 0.001 para:0.023255813866853714
2026-04-09 15:17:55,845 P982885 INFO Epoch 42/300, all_loss:2.45191 cls_loss:1.56385 rec_loss:39.75062 [26.68s]; best loss:1.57866, patience : 1
2026-04-09 15:17:57,565 P982885 INFO pr:0.9613  rc:0.9395  auc:0.9861 ap:0.9713 f1: 0.9503 pred_right: 38612 pred_wrong:388 actu_right: 38603 actu_wrong: 397
2026-04-09 15:17:58,265 P982885 INFO pr:0.9203  rc:0.9845  auc:0.9994 ap:0.9635 f1: 0.9513 pred_right: 16362 pred_wrong:138 actu_right: 16371 actu_wrong: 129
2026-04-09 15:17:58,265 P982885 INFO ----------------------------------------------------------------------------------------------------
2026-04-09 15:17:58,265 P982885 INFO 43/300 starting... lr: 0.001 para:0.022727273404598236
2026-04-09 15:18:24,840 P982885 INFO Epoch 43/300, all_loss:1.77635 cls_loss:0.89241 rec_loss:39.78606 [26.57s]; best loss:1.57866, patience : 1
2026-04-09 15:18:26,573 P982885 INFO pr:0.9590  rc:0.9421  auc:0.9828 ap:0.9696 f1: 0.9504 pred_right: 38610 pred_wrong:390 actu_right: 38603 actu_wrong: 397
2026-04-09 15:18:27,272 P982885 INFO pr:0.9333  rc:0.9767  auc:0.9935 ap:0.9629 f1: 0.9545 pred_right: 16365 pred_wrong:135 actu_right: 16371 actu_wrong: 129
2026-04-09 15:18:27,273 P982885 INFO ----------------------------------------------------------------------------------------------------
2026-04-09 15:18:27,273 P982885 INFO 44/300 starting... lr: 0.001 para:0.02222222276031971
2026-04-09 15:18:53,836 P982885 INFO Epoch 44/300, all_loss:2.40769 cls_loss:1.55843 rec_loss:39.77526 [26.56s]; best loss:1.57866, patience : 2
2026-04-09 15:18:55,601 P982885 INFO pr:0.9863  rc:0.9043  auc:0.9747 ap:0.9739 f1: 0.9435 pred_right: 38636 pred_wrong:364 actu_right: 38603 actu_wrong: 397
2026-04-09 15:18:56,383 P982885 INFO pr:0.9538  rc:0.9612  auc:0.9940 ap:0.9741 f1: 0.9575 pred_right: 16370 pred_wrong:130 actu_right: 16371 actu_wrong: 129
2026-04-09 15:18:56,383 P982885 INFO ----------------------------------------------------------------------------------------------------
2026-04-09 15:18:56,383 P982885 INFO 45/300 starting... lr: 0.001 para:0.021739130839705467
2026-04-09 15:19:22,981 P982885 INFO Epoch 45/300, all_loss:1.78647 cls_loss:0.94108 rec_loss:39.82909 [26.60s]; best loss:1.57866, patience : 2
2026-04-09 15:19:24,697 P982885 INFO pr:0.9839  rc:0.9244  auc:0.9792 ap:0.9789 f1: 0.9532 pred_right: 38627 pred_wrong:373 actu_right: 38603 actu_wrong: 397
2026-04-09 15:19:25,391 P982885 INFO pr:0.9265  rc:0.9767  auc:0.9999 ap:0.9875 f1: 0.9509 pred_right: 16364 pred_wrong:136 actu_right: 16371 actu_wrong: 129
2026-04-09 15:19:25,400 P982885 INFO ----------------------------------------------------------------------------------------------------
2026-04-09 15:19:25,401 P982885 INFO 46/300 starting... lr: 0.001 para:0.021276595070958138
2026-04-09 15:19:51,862 P982885 INFO Epoch 46/300, all_loss:1.54886 cls_loss:0.71858 rec_loss:39.74212 [26.44s]; best loss:1.54886, patience : 0
2026-04-09 15:19:53,561 P982885 INFO pr:0.9634  rc:0.9270  auc:0.9772 ap:0.9762 f1: 0.9448 pred_right: 38618 pred_wrong:382 actu_right: 38603 actu_wrong: 397
2026-04-09 15:19:54,253 P982885 INFO pr:0.9338  rc:0.9845  auc:0.9881 ap:0.9785 f1: 0.9585 pred_right: 16364 pred_wrong:136 actu_right: 16371 actu_wrong: 129
2026-04-09 15:19:54,254 P982885 INFO ----------------------------------------------------------------------------------------------------
2026-04-09 15:19:54,254 P982885 INFO 47/300 starting... lr: 0.001 para:0.02083333395421505
2026-04-09 15:20:20,979 P982885 INFO Epoch 47/300, all_loss:2.22677 cls_loss:1.42810 rec_loss:39.76424 [26.72s]; best loss:1.54886, patience : 1
2026-04-09 15:20:22,747 P982885 INFO pr:0.9543  rc:0.9471  auc:0.9817 ap:0.9765 f1: 0.9507 pred_right: 38606 pred_wrong:394 actu_right: 38603 actu_wrong: 397
2026-04-09 15:20:23,530 P982885 INFO pr:0.9333  rc:0.9767  auc:0.9973 ap:0.9788 f1: 0.9545 pred_right: 16365 pred_wrong:135 actu_right: 16371 actu_wrong: 129
2026-04-09 15:20:23,531 P982885 INFO ----------------------------------------------------------------------------------------------------
2026-04-09 15:20:23,531 P982885 INFO 48/300 starting... lr: 0.001 para:0.020408162847161293
2026-04-09 15:20:50,063 P982885 INFO Epoch 48/300, all_loss:2.06558 cls_loss:1.27935 rec_loss:39.80435 [26.53s]; best loss:1.54886, patience : 1
2026-04-09 15:20:51,781 P982885 INFO pr:0.9735  rc:0.9268  auc:0.9740 ap:0.9731 f1: 0.9495 pred_right: 38623 pred_wrong:377 actu_right: 38604 actu_wrong: 396
2026-04-09 15:20:52,471 P982885 INFO pr:0.9545  rc:0.9767  auc:0.9941 ap:0.9791 f1: 0.9655 pred_right: 16368 pred_wrong:132 actu_right: 16371 actu_wrong: 129
2026-04-09 15:20:52,471 P982885 INFO ----------------------------------------------------------------------------------------------------
2026-04-09 15:20:52,471 P982885 INFO 49/300 starting... lr: 0.001 para:0.019999999552965164
2026-04-09 15:21:19,026 P982885 INFO Epoch 49/300, all_loss:2.91067 cls_loss:2.15872 rec_loss:39.75589 [26.55s]; best loss:1.54886, patience : 2
2026-04-09 15:21:20,725 P982885 INFO pr:0.9864  rc:0.9118  auc:0.9732 ap:0.9743 f1: 0.9476 pred_right: 38633 pred_wrong:367 actu_right: 38603 actu_wrong: 397
2026-04-09 15:21:21,417 P982885 INFO pr:0.9615  rc:0.9690  auc:0.9883 ap:0.9824 f1: 0.9653 pred_right: 16370 pred_wrong:130 actu_right: 16371 actu_wrong: 129
2026-04-09 15:21:21,418 P982885 INFO ----------------------------------------------------------------------------------------------------
2026-04-09 15:21:21,418 P982885 INFO 50/300 starting... lr: 0.001 para:0.019607843831181526
2026-04-09 15:21:48,114 P982885 INFO Epoch 50/300, all_loss:2.36498 cls_loss:1.61764 rec_loss:39.73170 [26.70s]; best loss:1.54886, patience : 2
2026-04-09 15:21:49,895 P982885 INFO pr:0.9538  rc:0.9370  auc:0.9804 ap:0.9778 f1: 0.9454 pred_right: 38610 pred_wrong:390 actu_right: 38603 actu_wrong: 397
2026-04-09 15:21:50,632 P982885 INFO pr:0.9407  rc:0.9845  auc:0.9940 ap:0.9825 f1: 0.9621 pred_right: 16365 pred_wrong:135 actu_right: 16371 actu_wrong: 129
2026-04-09 15:21:50,632 P982885 INFO ----------------------------------------------------------------------------------------------------
2026-04-09 15:21:50,632 P982885 INFO 51/300 starting... lr: 0.001 para:0.01923076994717121
2026-04-09 15:22:17,278 P982885 INFO Epoch 51/300, all_loss:2.01657 cls_loss:1.27741 rec_loss:39.71362 [26.65s]; best loss:1.54886, patience : 2
2026-04-09 15:22:18,998 P982885 INFO pr:0.9604  rc:0.9169  auc:0.9700 ap:0.9618 f1: 0.9381 pred_right: 38621 pred_wrong:379 actu_right: 38603 actu_wrong: 397
2026-04-09 15:22:19,742 P982885 INFO pr:0.9270  rc:0.9845  auc:0.9939 ap:0.9691 f1: 0.9549 pred_right: 16363 pred_wrong:137 actu_right: 16371 actu_wrong: 129
2026-04-09 15:22:19,743 P982885 INFO ----------------------------------------------------------------------------------------------------
2026-04-09 15:22:19,743 P982885 INFO 52/300 starting... lr: 0.001 para:0.01886792480945587
2026-04-09 15:22:46,373 P982885 INFO Epoch 52/300, all_loss:1.59174 cls_loss:0.85703 rec_loss:39.79639 [26.63s]; best loss:1.54886, patience : 2
2026-04-09 15:22:48,087 P982885 INFO pr:0.9788  rc:0.9295  auc:0.9792 ap:0.9783 f1: 0.9535 pred_right: 38623 pred_wrong:377 actu_right: 38603 actu_wrong: 397
2026-04-09 15:22:48,783 P982885 INFO pr:0.9621  rc:0.9845  auc:0.9940 ap:0.9853 f1: 0.9732 pred_right: 16368 pred_wrong:132 actu_right: 16371 actu_wrong: 129
2026-04-09 15:22:48,791 P982885 INFO ----------------------------------------------------------------------------------------------------
2026-04-09 15:22:48,792 P982885 INFO 53/300 starting... lr: 0.001 para:0.018518518656492233
2026-04-09 15:23:15,425 P982885 INFO Epoch 53/300, all_loss:1.72469 cls_loss:1.00533 rec_loss:39.85112 [26.63s]; best loss:1.54886, patience : 3
2026-04-09 15:23:17,138 P982885 INFO pr:0.9564  rc:0.9419  auc:0.9798 ap:0.9756 f1: 0.9491 pred_right: 38610 pred_wrong:390 actu_right: 38604 actu_wrong: 396
2026-04-09 15:23:17,830 P982885 INFO pr:0.9270  rc:0.9845  auc:0.9940 ap:0.9796 f1: 0.9549 pred_right: 16363 pred_wrong:137 actu_right: 16371 actu_wrong: 129
2026-04-09 15:23:17,830 P982885 INFO ----------------------------------------------------------------------------------------------------
2026-04-09 15:23:17,830 P982885 INFO 54/300 starting... lr: 0.001 para:0.0181818176060915
2026-04-09 15:23:44,474 P982885 INFO Epoch 54/300, all_loss:2.26154 cls_loss:1.56730 rec_loss:39.75047 [26.64s]; best loss:1.54886, patience : 4
2026-04-09 15:23:46,197 P982885 INFO pr:0.9712  rc:0.9345  auc:0.9837 ap:0.9798 f1: 0.9525 pred_right: 38618 pred_wrong:382 actu_right: 38603 actu_wrong: 397
2026-04-09 15:23:46,983 P982885 INFO pr:0.9338  rc:0.9845  auc:0.9998 ap:0.9851 f1: 0.9585 pred_right: 16364 pred_wrong:136 actu_right: 16371 actu_wrong: 129
2026-04-09 15:23:46,983 P982885 INFO ----------------------------------------------------------------------------------------------------
2026-04-09 15:23:46,983 P982885 INFO 55/300 starting... lr: 0.001 para:0.01785714365541935
2026-04-09 15:24:13,622 P982885 INFO Epoch 55/300, all_loss:2.10654 cls_loss:1.42317 rec_loss:39.69191 [26.64s]; best loss:1.54886, patience : 4
2026-04-09 15:24:15,331 P982885 INFO pr:0.9443  rc:0.9395  auc:0.9835 ap:0.9619 f1: 0.9419 pred_right: 38605 pred_wrong:395 actu_right: 38603 actu_wrong: 397
2026-04-09 15:24:16,019 P982885 INFO pr:0.9058  rc:0.9690  auc:0.9996 ap:0.9640 f1: 0.9363 pred_right: 16362 pred_wrong:138 actu_right: 16371 actu_wrong: 129
2026-04-09 15:24:16,019 P982885 INFO ----------------------------------------------------------------------------------------------------
2026-04-09 15:24:16,019 P982885 INFO 56/300 starting... lr: 0.001 para:0.017543859779834747
2026-04-09 15:24:42,594 P982885 INFO Epoch 56/300, all_loss:3.32146 cls_loss:2.67203 rec_loss:39.68977 [26.57s]; best loss:1.54886, patience : 5
2026-04-09 15:24:44,306 P982885 INFO pr:0.9810  rc:0.9093  auc:0.9705 ap:0.9695 f1: 0.9438 pred_right: 38632 pred_wrong:368 actu_right: 38603 actu_wrong: 397
2026-04-09 15:24:45,021 P982885 INFO pr:0.9474  rc:0.9767  auc:0.9932 ap:0.9783 f1: 0.9618 pred_right: 16367 pred_wrong:133 actu_right: 16371 actu_wrong: 129
2026-04-09 15:24:45,022 P982885 INFO ----------------------------------------------------------------------------------------------------
2026-04-09 15:24:45,022 P982885 INFO 57/300 starting... lr: 0.001 para:0.017241379246115685
2026-04-09 15:25:11,487 P982885 INFO Epoch 57/300, all_loss:1.85463 cls_loss:1.19087 rec_loss:39.68932 [26.46s]; best loss:1.54886, patience : 5
2026-04-09 15:25:13,182 P982885 INFO pr:0.9437  rc:0.9295  auc:0.9756 ap:0.9686 f1: 0.9365 pred_right: 38609 pred_wrong:391 actu_right: 38603 actu_wrong: 397
2026-04-09 15:25:13,947 P982885 INFO pr:0.9065  rc:0.9767  auc:0.9939 ap:0.9755 f1: 0.9403 pred_right: 16361 pred_wrong:139 actu_right: 16371 actu_wrong: 129
2026-04-09 15:25:13,948 P982885 INFO ----------------------------------------------------------------------------------------------------
2026-04-09 15:25:13,948 P982885 INFO 58/300 starting... lr: 0.001 para:0.016949152573943138
2026-04-09 15:25:40,345 P982885 INFO Epoch 58/300, all_loss:2.11678 cls_loss:1.46934 rec_loss:39.66833 [26.40s]; best loss:1.54886, patience : 6
2026-04-09 15:25:42,036 P982885 INFO pr:0.9609  rc:0.9295  auc:0.9755 ap:0.9707 f1: 0.9449 pred_right: 38616 pred_wrong:384 actu_right: 38603 actu_wrong: 397
2026-04-09 15:25:42,726 P982885 INFO pr:0.9474  rc:0.9767  auc:0.9948 ap:0.9755 f1: 0.9618 pred_right: 16367 pred_wrong:133 actu_right: 16371 actu_wrong: 129
2026-04-09 15:25:42,727 P982885 INFO ----------------------------------------------------------------------------------------------------
2026-04-09 15:25:42,727 P982885 INFO 59/300 starting... lr: 0.001 para:0.01666666753590107
2026-04-09 15:26:09,146 P982885 INFO Epoch 59/300, all_loss:90.96992 cls_loss:91.83968 rec_loss:39.65318 [26.42s]; best loss:1.54886, patience : 7
2026-04-09 15:26:10,837 P982885 INFO pr:0.9789  rc:0.9345  auc:0.9776 ap:0.9764 f1: 0.9562 pred_right: 38621 pred_wrong:379 actu_right: 38603 actu_wrong: 397
2026-04-09 15:26:11,521 P982885 INFO pr:0.9618  rc:0.9767  auc:0.9883 ap:0.9761 f1: 0.9692 pred_right: 16369 pred_wrong:131 actu_right: 16371 actu_wrong: 129
2026-04-09 15:26:11,530 P982885 INFO ----------------------------------------------------------------------------------------------------
2026-04-09 15:26:11,530 P982885 INFO 60/300 starting... lr: 0.001 para:0.016393441706895828
2026-04-09 15:26:38,095 P982885 INFO Epoch 60/300, all_loss:2.18051 cls_loss:1.55577 rec_loss:39.66470 [26.56s]; best loss:1.54886, patience : 7
2026-04-09 15:26:39,812 P982885 INFO pr:0.9738  rc:0.9345  auc:0.9811 ap:0.9765 f1: 0.9537 pred_right: 38619 pred_wrong:381 actu_right: 38603 actu_wrong: 397
2026-04-09 15:26:40,565 P982885 INFO pr:0.9481  rc:0.9922  auc:0.9940 ap:0.9837 f1: 0.9697 pred_right: 16365 pred_wrong:135 actu_right: 16371 actu_wrong: 129
2026-04-09 15:26:40,565 P982885 INFO ----------------------------------------------------------------------------------------------------
2026-04-09 15:26:40,565 P982885 INFO 61/300 starting... lr: 0.001 para:0.016129031777381897
2026-04-09 15:27:07,127 P982885 INFO Epoch 61/300, all_loss:3.11091 cls_loss:2.51117 rec_loss:39.69491 [26.56s]; best loss:1.54886, patience : 8
2026-04-09 15:27:08,839 P982885 INFO pr:0.9784  rc:0.9118  auc:0.9730 ap:0.9731 f1: 0.9439 pred_right: 38630 pred_wrong:370 actu_right: 38603 actu_wrong: 397
2026-04-09 15:27:09,531 P982885 INFO pr:0.9615  rc:0.9690  auc:0.9999 ap:0.9855 f1: 0.9653 pred_right: 16370 pred_wrong:130 actu_right: 16371 actu_wrong: 129
2026-04-09 15:27:09,531 P982885 INFO ----------------------------------------------------------------------------------------------------
2026-04-09 15:27:09,531 P982885 INFO 62/300 starting... lr: 0.001 para:0.01587301678955555
2026-04-09 15:27:36,139 P982885 INFO Epoch 62/300, all_loss:1.27192 cls_loss:0.65181 rec_loss:39.71864 [26.59s]; best loss:1.27192, patience : 0
2026-04-09 15:27:37,853 P982885 INFO pr:0.9837  rc:0.9165  auc:0.9768 ap:0.9782 f1: 0.9489 pred_right: 38632 pred_wrong:368 actu_right: 38605 actu_wrong: 395
2026-04-09 15:27:38,552 P982885 INFO pr:0.9690  rc:0.9690  auc:0.9941 ap:0.9866 f1: 0.9690 pred_right: 16371 pred_wrong:129 actu_right: 16371 actu_wrong: 129
2026-04-09 15:27:38,552 P982885 INFO ----------------------------------------------------------------------------------------------------
2026-04-09 15:27:38,553 P982885 INFO 63/300 starting... lr: 0.001 para:0.015625
2026-04-09 15:28:05,127 P982885 INFO Epoch 63/300, all_loss:1.29942 cls_loss:0.68966 rec_loss:39.71408 [26.57s]; best loss:1.27192, patience : 1
2026-04-09 15:28:06,847 P982885 INFO pr:0.9712  rc:0.9345  auc:0.9836 ap:0.9766 f1: 0.9525 pred_right: 38618 pred_wrong:382 actu_right: 38603 actu_wrong: 397
2026-04-09 15:28:07,546 P982885 INFO pr:0.9470  rc:0.9690  auc:0.9940 ap:0.9755 f1: 0.9579 pred_right: 16368 pred_wrong:132 actu_right: 16371 actu_wrong: 129
2026-04-09 15:28:07,547 P982885 INFO ----------------------------------------------------------------------------------------------------
2026-04-09 15:28:07,547 P982885 INFO 64/300 starting... lr: 0.001 para:0.015384615398943424
2026-04-09 15:28:33,975 P982885 INFO Epoch 64/300, all_loss:1.65119 cls_loss:1.05743 rec_loss:39.65225 [26.43s]; best loss:1.27192, patience : 2
2026-04-09 15:28:35,677 P982885 INFO pr:0.9764  rc:0.9418  auc:0.9861 ap:0.9827 f1: 0.9588 pred_right: 38619 pred_wrong:381 actu_right: 38605 actu_wrong: 395
2026-04-09 15:28:36,376 P982885 INFO pr:0.9478  rc:0.9845  auc:0.9941 ap:0.9801 f1: 0.9658 pred_right: 16366 pred_wrong:134 actu_right: 16371 actu_wrong: 129
2026-04-09 15:28:36,385 P982885 INFO ----------------------------------------------------------------------------------------------------
2026-04-09 15:28:36,385 P982885 INFO 65/300 starting... lr: 0.001 para:0.01515151560306549
2026-04-09 15:29:03,028 P982885 INFO Epoch 65/300, all_loss:1.26856 cls_loss:0.67764 rec_loss:39.67839 [26.62s]; best loss:1.26856, patience : 0
2026-04-09 15:29:04,734 P982885 INFO pr:0.9916  rc:0.8892  auc:0.9723 ap:0.9744 f1: 0.9376 pred_right: 38644 pred_wrong:356 actu_right: 38603 actu_wrong: 397
2026-04-09 15:29:05,419 P982885 INFO pr:0.9606  rc:0.9457  auc:0.9883 ap:0.9819 f1: 0.9531 pred_right: 16373 pred_wrong:127 actu_right: 16371 actu_wrong: 129
2026-04-09 15:29:05,419 P982885 INFO ----------------------------------------------------------------------------------------------------
2026-04-09 15:29:05,419 P982885 INFO 66/300 starting... lr: 0.001 para:0.014925372786819935
2026-04-09 15:29:32,012 P982885 INFO Epoch 66/300, all_loss:1.41686 cls_loss:0.83786 rec_loss:39.63128 [26.59s]; best loss:1.26856, patience : 1
2026-04-09 15:29:33,716 P982885 INFO pr:0.9841  rc:0.9370  auc:0.9767 ap:0.9765 f1: 0.9600 pred_right: 38622 pred_wrong:378 actu_right: 38603 actu_wrong: 397
2026-04-09 15:29:34,419 P982885 INFO pr:0.9259  rc:0.9690  auc:0.9883 ap:0.9778 f1: 0.9470 pred_right: 16365 pred_wrong:135 actu_right: 16371 actu_wrong: 129
2026-04-09 15:29:34,428 P982885 INFO ----------------------------------------------------------------------------------------------------
2026-04-09 15:29:34,428 P982885 INFO 67/300 starting... lr: 0.001 para:0.014705882407724857
2026-04-09 15:30:00,728 P982885 INFO Epoch 67/300, all_loss:1.67858 cls_loss:1.11161 rec_loss:39.66546 [26.30s]; best loss:1.26856, patience : 2
2026-04-09 15:30:02,436 P982885 INFO pr:0.9740  rc:0.9446  auc:0.9852 ap:0.9807 f1: 0.9591 pred_right: 38615 pred_wrong:385 actu_right: 38603 actu_wrong: 397
2026-04-09 15:30:03,155 P982885 INFO pr:0.9403  rc:0.9767  auc:0.9941 ap:0.9826 f1: 0.9582 pred_right: 16366 pred_wrong:134 actu_right: 16371 actu_wrong: 129
2026-04-09 15:30:03,155 P982885 INFO ----------------------------------------------------------------------------------------------------
2026-04-09 15:30:03,155 P982885 INFO 68/300 starting... lr: 0.001 para:0.014492753893136978
2026-04-09 15:30:29,757 P982885 INFO Epoch 68/300, all_loss:1.19707 cls_loss:0.63087 rec_loss:39.69806 [26.58s]; best loss:1.19707, patience : 0
2026-04-09 15:30:31,429 P982885 INFO pr:0.9590  rc:0.9421  auc:0.9808 ap:0.9768 f1: 0.9504 pred_right: 38610 pred_wrong:390 actu_right: 38603 actu_wrong: 397
2026-04-09 15:30:32,112 P982885 INFO pr:0.9203  rc:0.9845  auc:0.9895 ap:0.9799 f1: 0.9513 pred_right: 16362 pred_wrong:138 actu_right: 16371 actu_wrong: 129
2026-04-09 15:30:32,112 P982885 INFO ----------------------------------------------------------------------------------------------------
2026-04-09 15:30:32,112 P982885 INFO 69/300 starting... lr: 0.001 para:0.014285714365541935
2026-04-09 15:30:58,459 P982885 INFO Epoch 69/300, all_loss:1.97114 cls_loss:1.42370 rec_loss:39.74422 [26.35s]; best loss:1.19707, patience : 1
2026-04-09 15:31:00,145 P982885 INFO pr:0.9917  rc:0.9068  auc:0.9779 ap:0.9775 f1: 0.9474 pred_right: 38637 pred_wrong:363 actu_right: 38603 actu_wrong: 397
2026-04-09 15:31:00,827 P982885 INFO pr:0.9685  rc:0.9535  auc:0.9899 ap:0.9861 f1: 0.9609 pred_right: 16373 pred_wrong:127 actu_right: 16371 actu_wrong: 129
2026-04-09 15:31:00,828 P982885 INFO ----------------------------------------------------------------------------------------------------
2026-04-09 15:31:00,828 P982885 INFO 70/300 starting... lr: 0.001 para:0.014084506779909134
2026-04-09 15:31:27,108 P982885 INFO Epoch 70/300, all_loss:1.09950 cls_loss:0.54788 rec_loss:39.71281 [26.26s]; best loss:1.09950, patience : 0
2026-04-09 15:31:28,792 P982885 INFO pr:0.9404  rc:0.9547  auc:0.9881 ap:0.9811 f1: 0.9475 pred_right: 38597 pred_wrong:403 actu_right: 38603 actu_wrong: 397
2026-04-09 15:31:29,476 P982885 INFO pr:0.8312  rc:0.9922  auc:0.9939 ap:0.9800 f1: 0.9046 pred_right: 16346 pred_wrong:154 actu_right: 16371 actu_wrong: 129
2026-04-09 15:31:29,476 P982885 INFO ----------------------------------------------------------------------------------------------------
2026-04-09 15:31:29,476 P982885 INFO 71/300 starting... lr: 0.001 para:0.013888888992369175
2026-04-09 15:31:55,798 P982885 INFO Epoch 71/300, all_loss:1.10811 cls_loss:0.56423 rec_loss:39.72358 [26.32s]; best loss:1.09950, patience : 1
2026-04-09 15:31:57,517 P982885 INFO pr:0.9714  rc:0.9421  auc:0.9809 ap:0.9775 f1: 0.9565 pred_right: 38615 pred_wrong:385 actu_right: 38603 actu_wrong: 397
2026-04-09 15:31:58,210 P982885 INFO pr:0.9474  rc:0.9767  auc:0.9998 ap:0.9810 f1: 0.9618 pred_right: 16367 pred_wrong:133 actu_right: 16371 actu_wrong: 129
2026-04-09 15:31:58,210 P982885 INFO ----------------------------------------------------------------------------------------------------
2026-04-09 15:31:58,210 P982885 INFO 72/300 starting... lr: 0.001 para:0.013698630034923553
2026-04-09 15:32:24,639 P982885 INFO Epoch 72/300, all_loss:1.70609 cls_loss:1.17777 rec_loss:39.74522 [26.43s]; best loss:1.09950, patience : 2
2026-04-09 15:32:26,340 P982885 INFO pr:0.9739  rc:0.9419  auc:0.9793 ap:0.9779 f1: 0.9576 pred_right: 38617 pred_wrong:383 actu_right: 38604 actu_wrong: 396
2026-04-09 15:32:27,029 P982885 INFO pr:0.9343  rc:0.9922  auc:0.9979 ap:0.9811 f1: 0.9624 pred_right: 16363 pred_wrong:137 actu_right: 16371 actu_wrong: 129
2026-04-09 15:32:27,029 P982885 INFO ----------------------------------------------------------------------------------------------------
2026-04-09 15:32:27,030 P982885 INFO 73/300 starting... lr: 0.001 para:0.013513513840734959
2026-04-09 15:32:53,488 P982885 INFO Epoch 73/300, all_loss:1.45599 cls_loss:0.93157 rec_loss:39.73886 [26.46s]; best loss:1.09950, patience : 2
2026-04-09 15:32:55,177 P982885 INFO pr:0.9811  rc:0.9144  auc:0.9800 ap:0.9740 f1: 0.9465 pred_right: 38630 pred_wrong:370 actu_right: 38603 actu_wrong: 397
2026-04-09 15:32:55,865 P982885 INFO pr:0.9531  rc:0.9457  auc:0.9977 ap:0.9815 f1: 0.9494 pred_right: 16372 pred_wrong:128 actu_right: 16371 actu_wrong: 129
2026-04-09 15:32:55,866 P982885 INFO ----------------------------------------------------------------------------------------------------
2026-04-09 15:32:55,866 P982885 INFO 74/300 starting... lr: 0.001 para:0.013333333656191826
2026-04-09 15:33:22,488 P982885 INFO Epoch 74/300, all_loss:1.80416 cls_loss:1.29122 rec_loss:39.76149 [26.62s]; best loss:1.09950, patience : 3
2026-04-09 15:33:24,209 P982885 INFO pr:0.9842  rc:0.9395  auc:0.9804 ap:0.9773 f1: 0.9613 pred_right: 38621 pred_wrong:379 actu_right: 38603 actu_wrong: 397
2026-04-09 15:33:24,910 P982885 INFO pr:0.9695  rc:0.9845  auc:0.9941 ap:0.9798 f1: 0.9769 pred_right: 16369 pred_wrong:131 actu_right: 16371 actu_wrong: 129
2026-04-09 15:33:24,919 P982885 INFO ----------------------------------------------------------------------------------------------------
2026-04-09 15:33:24,919 P982885 INFO 75/300 starting... lr: 0.001 para:0.01315789483487606
2026-04-09 15:33:51,437 P982885 INFO Epoch 75/300, all_loss:1.12058 cls_loss:0.60564 rec_loss:39.74143 [26.52s]; best loss:1.09950, patience : 3
2026-04-09 15:33:53,141 P982885 INFO pr:0.9640  rc:0.9470  auc:0.9871 ap:0.9807 f1: 0.9554 pred_right: 38611 pred_wrong:389 actu_right: 38604 actu_wrong: 396
2026-04-09 15:33:53,837 P982885 INFO pr:0.9137  rc:0.9845  auc:0.9998 ap:0.9758 f1: 0.9478 pred_right: 16361 pred_wrong:139 actu_right: 16371 actu_wrong: 129
2026-04-09 15:33:53,837 P982885 INFO ----------------------------------------------------------------------------------------------------
2026-04-09 15:33:53,837 P982885 INFO 76/300 starting... lr: 0.001 para:0.012987012974917889
2026-04-09 15:34:20,216 P982885 INFO Epoch 76/300, all_loss:0.90127 cls_loss:0.39008 rec_loss:39.75177 [26.36s]; best loss:0.90127, patience : 0
2026-04-09 15:34:21,911 P982885 INFO pr:0.9058  rc:0.9470  auc:0.9821 ap:0.9616 f1: 0.9259 pred_right: 38586 pred_wrong:414 actu_right: 38604 actu_wrong: 396
2026-04-09 15:34:22,599 P982885 INFO pr:0.8312  rc:0.9922  auc:0.9939 ap:0.9527 f1: 0.9046 pred_right: 16346 pred_wrong:154 actu_right: 16371 actu_wrong: 129
2026-04-09 15:34:22,599 P982885 INFO ----------------------------------------------------------------------------------------------------
2026-04-09 15:34:22,599 P982885 INFO 77/300 starting... lr: 0.001 para:0.012820512987673283
2026-04-09 15:34:49,008 P982885 INFO Epoch 77/300, all_loss:1.38887 cls_loss:0.89151 rec_loss:39.68534 [26.41s]; best loss:0.90127, patience : 1
2026-04-09 15:34:50,702 P982885 INFO pr:0.9348  rc:0.9419  auc:0.9824 ap:0.9635 f1: 0.9384 pred_right: 38601 pred_wrong:399 actu_right: 38604 actu_wrong: 396
2026-04-09 15:34:51,392 P982885 INFO pr:0.8581  rc:0.9845  auc:0.9941 ap:0.9544 f1: 0.9170 pred_right: 16352 pred_wrong:148 actu_right: 16371 actu_wrong: 129
2026-04-09 15:34:51,393 P982885 INFO ----------------------------------------------------------------------------------------------------
2026-04-09 15:34:51,393 P982885 INFO 78/300 starting... lr: 0.001 para:0.012658228166401386
2026-04-09 15:35:17,900 P982885 INFO Epoch 78/300, all_loss:1.08970 cls_loss:0.59348 rec_loss:39.79490 [26.51s]; best loss:0.90127, patience : 1
2026-04-09 15:35:19,610 P982885 INFO pr:0.9764  rc:0.9395  auc:0.9774 ap:0.9760 f1: 0.9576 pred_right: 38618 pred_wrong:382 actu_right: 38603 actu_wrong: 397
2026-04-09 15:35:20,306 P982885 INFO pr:0.9407  rc:0.9845  auc:0.9941 ap:0.9799 f1: 0.9621 pred_right: 16365 pred_wrong:135 actu_right: 16371 actu_wrong: 129
2026-04-09 15:35:20,306 P982885 INFO ----------------------------------------------------------------------------------------------------
2026-04-09 15:35:20,306 P982885 INFO 79/300 starting... lr: 0.001 para:0.012500000186264515
2026-04-09 15:35:46,815 P982885 INFO Epoch 79/300, all_loss:1.30392 cls_loss:0.81737 rec_loss:39.74145 [26.51s]; best loss:0.90127, patience : 2
2026-04-09 15:35:48,513 P982885 INFO pr:0.9518  rc:0.9446  auc:0.9813 ap:0.9758 f1: 0.9482 pred_right: 38606 pred_wrong:394 actu_right: 38603 actu_wrong: 397
2026-04-09 15:35:49,202 P982885 INFO pr:0.9014  rc:0.9922  auc:0.9941 ap:0.9803 f1: 0.9446 pred_right: 16358 pred_wrong:142 actu_right: 16371 actu_wrong: 129
2026-04-09 15:35:49,202 P982885 INFO ----------------------------------------------------------------------------------------------------
2026-04-09 15:35:49,202 P982885 INFO 80/300 starting... lr: 0.001 para:0.012345679104328156
2026-04-09 15:36:15,750 P982885 INFO Epoch 80/300, all_loss:1.48725 cls_loss:1.00938 rec_loss:39.71700 [26.55s]; best loss:0.90127, patience : 3
2026-04-09 15:36:17,443 P982885 INFO pr:0.9569  rc:0.9496  auc:0.9851 ap:0.9800 f1: 0.9532 pred_right: 38606 pred_wrong:394 actu_right: 38603 actu_wrong: 397
2026-04-09 15:36:18,128 P982885 INFO pr:0.9078  rc:0.9922  auc:0.9977 ap:0.9842 f1: 0.9481 pred_right: 16359 pred_wrong:141 actu_right: 16371 actu_wrong: 129
2026-04-09 15:36:18,129 P982885 INFO ----------------------------------------------------------------------------------------------------
2026-04-09 15:36:18,129 P982885 INFO 81/300 starting... lr: 0.001 para:0.012195121496915817
2026-04-09 15:36:44,765 P982885 INFO Epoch 81/300, all_loss:1.16871 cls_loss:0.69176 rec_loss:39.80106 [26.64s]; best loss:0.90127, patience : 3
2026-04-09 15:36:46,473 P982885 INFO pr:0.9616  rc:0.9495  auc:0.9854 ap:0.9806 f1: 0.9555 pred_right: 38609 pred_wrong:391 actu_right: 38604 actu_wrong: 396
2026-04-09 15:36:47,170 P982885 INFO pr:0.9143  rc:0.9922  auc:0.9977 ap:0.9840 f1: 0.9517 pred_right: 16360 pred_wrong:140 actu_right: 16371 actu_wrong: 129
2026-04-09 15:36:47,171 P982885 INFO ----------------------------------------------------------------------------------------------------
2026-04-09 15:36:47,171 P982885 INFO 82/300 starting... lr: 0.001 para:0.012048192322254181
2026-04-09 15:37:13,684 P982885 INFO Epoch 82/300, all_loss:0.91291 cls_loss:0.43872 rec_loss:39.79647 [26.51s]; best loss:0.90127, patience : 3
2026-04-09 15:37:15,406 P982885 INFO pr:0.9474  rc:0.9521  auc:0.9866 ap:0.9688 f1: 0.9497 pred_right: 38601 pred_wrong:399 actu_right: 38603 actu_wrong: 397
2026-04-09 15:37:16,100 P982885 INFO pr:0.8699  rc:0.9845  auc:0.9997 ap:0.9651 f1: 0.9236 pred_right: 16354 pred_wrong:146 actu_right: 16371 actu_wrong: 129
2026-04-09 15:37:16,100 P982885 INFO ----------------------------------------------------------------------------------------------------
2026-04-09 15:37:16,100 P982885 INFO 83/300 starting... lr: 0.001 para:0.011904762126505375
2026-04-09 15:37:42,658 P982885 INFO Epoch 83/300, all_loss:2.17588 cls_loss:1.72338 rec_loss:39.73346 [26.56s]; best loss:0.90127, patience : 4
2026-04-09 15:37:44,361 P982885 INFO pr:0.9786  rc:0.9194  auc:0.9773 ap:0.9749 f1: 0.9481 pred_right: 38627 pred_wrong:373 actu_right: 38603 actu_wrong: 397
2026-04-09 15:37:45,052 P982885 INFO pr:0.9394  rc:0.9612  auc:0.9919 ap:0.9740 f1: 0.9502 pred_right: 16368 pred_wrong:132 actu_right: 16371 actu_wrong: 129
2026-04-09 15:37:45,052 P982885 INFO ----------------------------------------------------------------------------------------------------
2026-04-09 15:37:45,053 P982885 INFO 84/300 starting... lr: 0.001 para:0.0117647061124444
2026-04-09 15:38:11,627 P982885 INFO Epoch 84/300, all_loss:1.44370 cls_loss:0.98805 rec_loss:39.71807 [26.57s]; best loss:0.90127, patience : 4
2026-04-09 15:38:13,334 P982885 INFO pr:0.9640  rc:0.9446  auc:0.9830 ap:0.9717 f1: 0.9542 pred_right: 38611 pred_wrong:389 actu_right: 38603 actu_wrong: 397
2026-04-09 15:38:14,028 P982885 INFO pr:0.9191  rc:0.9690  auc:0.9888 ap:0.9646 f1: 0.9434 pred_right: 16364 pred_wrong:136 actu_right: 16371 actu_wrong: 129
2026-04-09 15:38:14,029 P982885 INFO ----------------------------------------------------------------------------------------------------
2026-04-09 15:38:14,029 P982885 INFO 85/300 starting... lr: 0.001 para:0.011627906933426857
2026-04-09 15:38:40,583 P982885 INFO Epoch 85/300, all_loss:0.75394 cls_loss:0.29373 rec_loss:39.87143 [26.53s]; best loss:0.75394, patience : 0
2026-04-09 15:38:42,281 P982885 INFO pr:0.9684  rc:0.9293  auc:0.9785 ap:0.9727 f1: 0.9485 pred_right: 38620 pred_wrong:380 actu_right: 38604 actu_wrong: 396
2026-04-09 15:38:42,978 P982885 INFO pr:0.9328  rc:0.9690  auc:0.9919 ap:0.9655 f1: 0.9506 pred_right: 16366 pred_wrong:134 actu_right: 16371 actu_wrong: 129
2026-04-09 15:38:42,978 P982885 INFO ----------------------------------------------------------------------------------------------------
2026-04-09 15:38:42,978 P982885 INFO 86/300 starting... lr: 0.001 para:0.01149425283074379
2026-04-09 15:39:09,538 P982885 INFO Epoch 86/300, all_loss:1.22715 cls_loss:0.77697 rec_loss:39.94252 [26.56s]; best loss:0.75394, patience : 1
2026-04-09 15:39:11,255 P982885 INFO pr:0.9860  rc:0.8892  auc:0.9658 ap:0.9692 f1: 0.9351 pred_right: 38642 pred_wrong:358 actu_right: 38603 actu_wrong: 397
2026-04-09 15:39:11,954 P982885 INFO pr:0.9385  rc:0.9457  auc:0.9883 ap:0.9699 f1: 0.9421 pred_right: 16370 pred_wrong:130 actu_right: 16371 actu_wrong: 129
2026-04-09 15:39:11,954 P982885 INFO ----------------------------------------------------------------------------------------------------
2026-04-09 15:39:11,955 P982885 INFO 87/300 starting... lr: 0.001 para:0.011363636702299118
2026-04-09 15:39:38,345 P982885 INFO Epoch 87/300, all_loss:0.99492 cls_loss:0.55005 rec_loss:39.69843 [26.39s]; best loss:0.75394, patience : 1
2026-04-09 15:39:40,037 P982885 INFO pr:0.9789  rc:0.9369  auc:0.9794 ap:0.9757 f1: 0.9574 pred_right: 38621 pred_wrong:379 actu_right: 38604 actu_wrong: 396
2026-04-09 15:39:40,728 P982885 INFO pr:0.9328  rc:0.9690  auc:0.9940 ap:0.9758 f1: 0.9506 pred_right: 16366 pred_wrong:134 actu_right: 16371 actu_wrong: 129
2026-04-09 15:39:40,728 P982885 INFO ----------------------------------------------------------------------------------------------------
2026-04-09 15:39:40,728 P982885 INFO 88/300 starting... lr: 0.001 para:0.01123595517128706
2026-04-09 15:40:07,153 P982885 INFO Epoch 88/300, all_loss:1.45166 cls_loss:1.01637 rec_loss:39.75732 [26.42s]; best loss:0.75394, patience : 2
2026-04-09 15:40:08,850 P982885 INFO pr:0.9646  rc:0.9597  auc:0.9901 ap:0.9793 f1: 0.9621 pred_right: 38605 pred_wrong:395 actu_right: 38603 actu_wrong: 397
2026-04-09 15:40:09,538 P982885 INFO pr:0.9071  rc:0.9845  auc:0.9940 ap:0.9625 f1: 0.9442 pred_right: 16360 pred_wrong:140 actu_right: 16371 actu_wrong: 129
2026-04-09 15:40:09,547 P982885 INFO ----------------------------------------------------------------------------------------------------
2026-04-09 15:40:09,547 P982885 INFO 89/300 starting... lr: 0.001 para:0.011111111380159855
2026-04-09 15:40:36,085 P982885 INFO Epoch 89/300, all_loss:0.55107 cls_loss:0.11105 rec_loss:39.71273 [26.52s]; best loss:0.55107, patience : 0
2026-04-09 15:40:37,755 P982885 INFO pr:0.9640  rc:0.9446  auc:0.9828 ap:0.9741 f1: 0.9542 pred_right: 38611 pred_wrong:389 actu_right: 38603 actu_wrong: 397
2026-04-09 15:40:38,436 P982885 INFO pr:0.9197  rc:0.9767  auc:0.9940 ap:0.9622 f1: 0.9474 pred_right: 16363 pred_wrong:137 actu_right: 16371 actu_wrong: 129
2026-04-09 15:40:38,436 P982885 INFO ----------------------------------------------------------------------------------------------------
2026-04-09 15:40:38,436 P982885 INFO 90/300 starting... lr: 0.001 para:0.010989011265337467
2026-04-09 15:41:04,676 P982885 INFO Epoch 90/300, all_loss:0.59822 cls_loss:0.16427 rec_loss:39.65330 [26.24s]; best loss:0.55107, patience : 1
2026-04-09 15:41:06,373 P982885 INFO pr:0.9635  rc:0.9320  auc:0.9798 ap:0.9764 f1: 0.9475 pred_right: 38616 pred_wrong:384 actu_right: 38603 actu_wrong: 397
2026-04-09 15:41:07,066 P982885 INFO pr:0.9124  rc:0.9690  auc:0.9940 ap:0.9708 f1: 0.9398 pred_right: 16363 pred_wrong:137 actu_right: 16371 actu_wrong: 129
2026-04-09 15:41:07,067 P982885 INFO ----------------------------------------------------------------------------------------------------
2026-04-09 15:41:07,067 P982885 INFO 91/300 starting... lr: 0.001 para:0.010869565419852734
2026-04-09 15:41:33,357 P982885 INFO Epoch 91/300, all_loss:1.44970 cls_loss:1.02989 rec_loss:39.65221 [26.29s]; best loss:0.55107, patience : 2
2026-04-09 15:41:35,068 P982885 INFO pr:0.9692  rc:0.9521  auc:0.9870 ap:0.9807 f1: 0.9606 pred_right: 38610 pred_wrong:390 actu_right: 38603 actu_wrong: 397
2026-04-09 15:41:35,765 P982885 INFO pr:0.9407  rc:0.9845  auc:0.9940 ap:0.9731 f1: 0.9621 pred_right: 16365 pred_wrong:135 actu_right: 16371 actu_wrong: 129
2026-04-09 15:41:35,766 P982885 INFO ----------------------------------------------------------------------------------------------------
2026-04-09 15:41:35,766 P982885 INFO 92/300 starting... lr: 0.001 para:0.01075268816202879
2026-04-09 15:42:01,989 P982885 INFO Epoch 92/300, all_loss:1.25903 cls_loss:0.84172 rec_loss:39.65117 [26.22s]; best loss:0.55107, patience : 2
2026-04-09 15:42:03,680 P982885 INFO pr:0.9525  rc:0.9597  auc:0.9880 ap:0.9820 f1: 0.9561 pred_right: 38600 pred_wrong:400 actu_right: 38603 actu_wrong: 397
2026-04-09 15:42:04,373 P982885 INFO pr:0.9071  rc:0.9845  auc:0.9940 ap:0.9729 f1: 0.9442 pred_right: 16360 pred_wrong:140 actu_right: 16371 actu_wrong: 129
2026-04-09 15:42:04,374 P982885 INFO ----------------------------------------------------------------------------------------------------
2026-04-09 15:42:04,374 P982885 INFO 93/300 starting... lr: 0.001 para:0.010638297535479069
2026-04-09 15:42:30,694 P982885 INFO Epoch 93/300, all_loss:0.45252 cls_loss:0.03087 rec_loss:39.66663 [26.30s]; best loss:0.45252, patience : 0
2026-04-09 15:42:32,386 P982885 INFO pr:0.9868  rc:0.9395  auc:0.9850 ap:0.9823 f1: 0.9626 pred_right: 38622 pred_wrong:378 actu_right: 38603 actu_wrong: 397
2026-04-09 15:42:33,073 P982885 INFO pr:0.9474  rc:0.9767  auc:0.9945 ap:0.9837 f1: 0.9618 pred_right: 16367 pred_wrong:133 actu_right: 16371 actu_wrong: 129
2026-04-09 15:42:33,082 P982885 INFO ----------------------------------------------------------------------------------------------------
2026-04-09 15:42:33,082 P982885 INFO 94/300 starting... lr: 0.001 para:0.010526316240429878
2026-04-09 15:42:59,522 P982885 INFO Epoch 94/300, all_loss:0.63798 cls_loss:0.22330 rec_loss:39.61732 [26.44s]; best loss:0.45252, patience : 1
2026-04-09 15:43:01,222 P982885 INFO pr:0.9868  rc:0.9395  auc:0.9870 ap:0.9826 f1: 0.9626 pred_right: 38622 pred_wrong:378 actu_right: 38603 actu_wrong: 397
2026-04-09 15:43:01,913 P982885 INFO pr:0.9474  rc:0.9767  auc:0.9999 ap:0.9862 f1: 0.9618 pred_right: 16367 pred_wrong:133 actu_right: 16371 actu_wrong: 129
2026-04-09 15:43:01,922 P982885 INFO ----------------------------------------------------------------------------------------------------
2026-04-09 15:43:01,922 P982885 INFO 95/300 starting... lr: 0.001 para:0.010416666977107525
2026-04-09 15:43:28,295 P982885 INFO Epoch 95/300, all_loss:1.19728 cls_loss:0.79204 rec_loss:39.69534 [26.37s]; best loss:0.45252, patience : 2
2026-04-09 15:43:29,984 P982885 INFO pr:0.9842  rc:0.9421  auc:0.9812 ap:0.9803 f1: 0.9627 pred_right: 38620 pred_wrong:380 actu_right: 38603 actu_wrong: 397
2026-04-09 15:43:30,667 P982885 INFO pr:0.9474  rc:0.9767  auc:0.9999 ap:0.9874 f1: 0.9618 pred_right: 16367 pred_wrong:133 actu_right: 16371 actu_wrong: 129
2026-04-09 15:43:30,676 P982885 INFO ----------------------------------------------------------------------------------------------------
2026-04-09 15:43:30,676 P982885 INFO 96/300 starting... lr: 0.001 para:0.010309278033673763
2026-04-09 15:43:57,100 P982885 INFO Epoch 96/300, all_loss:7.32975 cls_loss:6.99463 rec_loss:39.50107 [26.42s]; best loss:0.45252, patience : 3
2026-04-09 15:43:58,788 P982885 INFO pr:0.9475  rc:0.9547  auc:0.9907 ap:0.9770 f1: 0.9511 pred_right: 38600 pred_wrong:400 actu_right: 38603 actu_wrong: 397
2026-04-09 15:43:59,471 P982885 INFO pr:0.9275  rc:0.9922  auc:0.9977 ap:0.9773 f1: 0.9588 pred_right: 16362 pred_wrong:138 actu_right: 16371 actu_wrong: 129
2026-04-09 15:43:59,471 P982885 INFO ----------------------------------------------------------------------------------------------------
2026-04-09 15:43:59,471 P982885 INFO 97/300 starting... lr: 0.001 para:0.010204081423580647
2026-04-09 15:44:25,786 P982885 INFO Epoch 97/300, all_loss:1.02925 cls_loss:0.63115 rec_loss:39.64483 [26.31s]; best loss:0.45252, patience : 3
2026-04-09 15:44:27,459 P982885 INFO pr:0.9667  rc:0.9520  auc:0.9886 ap:0.9789 f1: 0.9593 pred_right: 38610 pred_wrong:390 actu_right: 38604 actu_wrong: 396
2026-04-09 15:44:28,136 P982885 INFO pr:0.9270  rc:0.9845  auc:0.9998 ap:0.9765 f1: 0.9549 pred_right: 16363 pred_wrong:137 actu_right: 16371 actu_wrong: 129
2026-04-09 15:44:28,136 P982885 INFO ----------------------------------------------------------------------------------------------------
2026-04-09 15:44:28,136 P982885 INFO 98/300 starting... lr: 0.001 para:0.010101010091602802
2026-04-09 15:44:54,533 P982885 INFO Epoch 98/300, all_loss:0.72059 cls_loss:0.32331 rec_loss:39.65420 [26.40s]; best loss:0.45252, patience : 3
2026-04-09 15:44:56,233 P982885 INFO pr:0.9641  rc:0.9495  auc:0.9875 ap:0.9785 f1: 0.9567 pred_right: 38610 pred_wrong:390 actu_right: 38604 actu_wrong: 396
2026-04-09 15:44:56,921 P982885 INFO pr:0.9265  rc:0.9767  auc:0.9998 ap:0.9753 f1: 0.9509 pred_right: 16364 pred_wrong:136 actu_right: 16371 actu_wrong: 129
2026-04-09 15:44:56,922 P982885 INFO ----------------------------------------------------------------------------------------------------
2026-04-09 15:44:56,922 P982885 INFO 99/300 starting... lr: 0.001 para:0.01
2026-04-09 15:45:23,419 P982885 INFO Epoch 99/300, all_loss:0.87609 cls_loss:0.48206 rec_loss:39.88544 [26.50s]; best loss:0.45252, patience : 4
2026-04-09 15:45:25,122 P982885 INFO pr:0.9766  rc:0.9471  auc:0.9846 ap:0.9816 f1: 0.9616 pred_right: 38615 pred_wrong:385 actu_right: 38603 actu_wrong: 397
2026-04-09 15:45:25,807 P982885 INFO pr:0.9542  rc:0.9690  auc:0.9979 ap:0.9851 f1: 0.9615 pred_right: 16369 pred_wrong:131 actu_right: 16371 actu_wrong: 129
2026-04-09 15:45:25,808 P982885 INFO ----------------------------------------------------------------------------------------------------
2026-04-09 15:45:25,808 P982885 INFO 100/300 starting... lr: 0.0009000000000000001 para:0.01
2026-04-09 15:45:52,260 P982885 INFO Epoch 100/300, all_loss:1.77453 cls_loss:1.39033 rec_loss:39.81087 [26.45s]; best loss:0.45252, patience : 5
2026-04-09 15:45:53,935 P982885 INFO pr:0.9843  rc:0.9471  auc:0.9838 ap:0.9837 f1: 0.9653 pred_right: 38618 pred_wrong:382 actu_right: 38603 actu_wrong: 397
2026-04-09 15:45:54,613 P982885 INFO pr:0.9618  rc:0.9767  auc:0.9980 ap:0.9862 f1: 0.9692 pred_right: 16369 pred_wrong:131 actu_right: 16371 actu_wrong: 129
2026-04-09 15:45:54,622 P982885 INFO ----------------------------------------------------------------------------------------------------
2026-04-09 15:45:54,622 P982885 INFO 101/300 starting... lr: 0.0009000000000000001 para:0.01
2026-04-09 15:46:21,159 P982885 INFO Epoch 101/300, all_loss:0.95355 cls_loss:0.56163 rec_loss:39.75309 [26.54s]; best loss:0.45252, patience : 5
2026-04-09 15:46:22,880 P982885 INFO pr:0.9817  rc:0.9471  auc:0.9847 ap:0.9814 f1: 0.9641 pred_right: 38617 pred_wrong:383 actu_right: 38603 actu_wrong: 397
2026-04-09 15:46:23,564 P982885 INFO pr:0.9545  rc:0.9767  auc:0.9980 ap:0.9859 f1: 0.9655 pred_right: 16368 pred_wrong:132 actu_right: 16371 actu_wrong: 129
2026-04-09 15:46:23,564 P982885 INFO ----------------------------------------------------------------------------------------------------
2026-04-09 15:46:23,564 P982885 INFO 102/300 starting... lr: 0.0009000000000000001 para:0.01
2026-04-09 15:46:50,071 P982885 INFO Epoch 102/300, all_loss:0.72013 cls_loss:0.32719 rec_loss:39.62120 [26.51s]; best loss:0.45252, patience : 5
2026-04-09 15:46:51,778 P982885 INFO pr:0.9842  rc:0.9421  auc:0.9813 ap:0.9768 f1: 0.9627 pred_right: 38620 pred_wrong:380 actu_right: 38603 actu_wrong: 397
2026-04-09 15:46:52,469 P982885 INFO pr:0.9403  rc:0.9767  auc:0.9979 ap:0.9774 f1: 0.9582 pred_right: 16366 pred_wrong:134 actu_right: 16371 actu_wrong: 129
2026-04-09 15:46:52,469 P982885 INFO ----------------------------------------------------------------------------------------------------
2026-04-09 15:46:52,469 P982885 INFO 103/300 starting... lr: 0.0009000000000000001 para:0.01
2026-04-09 15:47:18,909 P982885 INFO Epoch 103/300, all_loss:0.59545 cls_loss:0.20089 rec_loss:39.65740 [26.44s]; best loss:0.45252, patience : 5
2026-04-09 15:47:20,616 P982885 INFO pr:0.9789  rc:0.9370  auc:0.9812 ap:0.9782 f1: 0.9575 pred_right: 38620 pred_wrong:380 actu_right: 38603 actu_wrong: 397
2026-04-09 15:47:21,311 P982885 INFO pr:0.9478  rc:0.9845  auc:0.9999 ap:0.9820 f1: 0.9658 pred_right: 16366 pred_wrong:134 actu_right: 16371 actu_wrong: 129
2026-04-09 15:47:21,311 P982885 INFO ----------------------------------------------------------------------------------------------------
2026-04-09 15:47:21,311 P982885 INFO 104/300 starting... lr: 0.0009000000000000001 para:0.01
2026-04-09 15:47:47,621 P982885 INFO Epoch 104/300, all_loss:0.43637 cls_loss:0.04010 rec_loss:39.66680 [26.29s]; best loss:0.43637, patience : 0
2026-04-09 15:47:49,319 P982885 INFO pr:0.9761  rc:0.9244  auc:0.9804 ap:0.9728 f1: 0.9495 pred_right: 38624 pred_wrong:376 actu_right: 38603 actu_wrong: 397
2026-04-09 15:47:50,011 P982885 INFO pr:0.9259  rc:0.9690  auc:0.9920 ap:0.9683 f1: 0.9470 pred_right: 16365 pred_wrong:135 actu_right: 16371 actu_wrong: 129
2026-04-09 15:47:50,011 P982885 INFO ----------------------------------------------------------------------------------------------------
2026-04-09 15:47:50,011 P982885 INFO 105/300 starting... lr: 0.0009000000000000001 para:0.01
2026-04-09 15:48:16,431 P982885 INFO Epoch 105/300, all_loss:1.34901 cls_loss:0.96100 rec_loss:39.76256 [26.42s]; best loss:0.43637, patience : 1
2026-04-09 15:48:18,129 P982885 INFO pr:0.9742  rc:0.9545  auc:0.9866 ap:0.9805 f1: 0.9643 pred_right: 38612 pred_wrong:388 actu_right: 38604 actu_wrong: 396
2026-04-09 15:48:18,816 P982885 INFO pr:0.9407  rc:0.9845  auc:0.9941 ap:0.9801 f1: 0.9621 pred_right: 16365 pred_wrong:135 actu_right: 16371 actu_wrong: 129
2026-04-09 15:48:18,816 P982885 INFO ----------------------------------------------------------------------------------------------------
2026-04-09 15:48:18,816 P982885 INFO 106/300 starting... lr: 0.0009000000000000001 para:0.01
2026-04-09 15:48:45,082 P982885 INFO Epoch 106/300, all_loss:0.54127 cls_loss:0.14648 rec_loss:39.62539 [26.26s]; best loss:0.43637, patience : 1
2026-04-09 15:48:46,782 P982885 INFO pr:0.9714  rc:0.9444  auc:0.9850 ap:0.9792 f1: 0.9577 pred_right: 38615 pred_wrong:385 actu_right: 38604 actu_wrong: 396
2026-04-09 15:48:47,474 P982885 INFO pr:0.9403  rc:0.9767  auc:0.9998 ap:0.9749 f1: 0.9582 pred_right: 16366 pred_wrong:134 actu_right: 16371 actu_wrong: 129
2026-04-09 15:48:47,475 P982885 INFO ----------------------------------------------------------------------------------------------------
2026-04-09 15:48:47,475 P982885 INFO 107/300 starting... lr: 0.0009000000000000001 para:0.01
2026-04-09 15:49:13,723 P982885 INFO Epoch 107/300, all_loss:1.13918 cls_loss:0.75013 rec_loss:39.65524 [26.25s]; best loss:0.43637, patience : 2
2026-04-09 15:49:15,416 P982885 INFO pr:0.9719  rc:0.9597  auc:0.9921 ap:0.9865 f1: 0.9658 pred_right: 38608 pred_wrong:392 actu_right: 38603 actu_wrong: 397
2026-04-09 15:49:16,102 P982885 INFO pr:0.9416  rc:1.0000  auc:0.9999 ap:0.9881 f1: 0.9699 pred_right: 16363 pred_wrong:137 actu_right: 16371 actu_wrong: 129
2026-04-09 15:49:16,111 P982885 INFO ----------------------------------------------------------------------------------------------------
2026-04-09 15:49:16,111 P982885 INFO 108/300 starting... lr: 0.0009000000000000001 para:0.01
2026-04-09 15:49:42,426 P982885 INFO Epoch 108/300, all_loss:0.53597 cls_loss:0.14283 rec_loss:39.45630 [26.31s]; best loss:0.43637, patience : 2
2026-04-09 15:49:44,134 P982885 INFO pr:0.9720  rc:0.9622  auc:0.9911 ap:0.9852 f1: 0.9671 pred_right: 38607 pred_wrong:393 actu_right: 38603 actu_wrong: 397
2026-04-09 15:49:44,823 P982885 INFO pr:0.9485  rc:1.0000  auc:0.9999 ap:0.9879 f1: 0.9736 pred_right: 16364 pred_wrong:136 actu_right: 16371 actu_wrong: 129
2026-04-09 15:49:44,832 P982885 INFO ----------------------------------------------------------------------------------------------------
2026-04-09 15:49:44,833 P982885 INFO 109/300 starting... lr: 0.0009000000000000001 para:0.01
2026-04-09 15:50:11,022 P982885 INFO Epoch 109/300, all_loss:0.40919 cls_loss:0.01337 rec_loss:39.59480 [26.17s]; best loss:0.40919, patience : 0
2026-04-09 15:50:12,703 P982885 INFO pr:0.9843  rc:0.9496  auc:0.9901 ap:0.9900 f1: 0.9667 pred_right: 38617 pred_wrong:383 actu_right: 38603 actu_wrong: 397
2026-04-09 15:50:13,390 P982885 INFO pr:0.9621  rc:0.9845  auc:0.9999 ap:0.9878 f1: 0.9732 pred_right: 16368 pred_wrong:132 actu_right: 16371 actu_wrong: 129
2026-04-09 15:50:13,391 P982885 INFO ----------------------------------------------------------------------------------------------------
2026-04-09 15:50:13,391 P982885 INFO 110/300 starting... lr: 0.0009000000000000001 para:0.01
2026-04-09 15:50:39,756 P982885 INFO Epoch 110/300, all_loss:0.68806 cls_loss:0.29519 rec_loss:39.58300 [26.36s]; best loss:0.40919, patience : 1
2026-04-09 15:50:41,461 P982885 INFO pr:0.9895  rc:0.9521  auc:0.9894 ap:0.9881 f1: 0.9705 pred_right: 38618 pred_wrong:382 actu_right: 38603 actu_wrong: 397
2026-04-09 15:50:42,150 P982885 INFO pr:0.9624  rc:0.9922  auc:0.9999 ap:0.9877 f1: 0.9771 pred_right: 16367 pred_wrong:133 actu_right: 16371 actu_wrong: 129
2026-04-09 15:50:42,159 P982885 INFO ----------------------------------------------------------------------------------------------------
2026-04-09 15:50:42,160 P982885 INFO 111/300 starting... lr: 0.0009000000000000001 para:0.01
2026-04-09 15:51:08,539 P982885 INFO Epoch 111/300, all_loss:0.49358 cls_loss:0.09851 rec_loss:39.60524 [26.38s]; best loss:0.40919, patience : 1
2026-04-09 15:51:10,230 P982885 INFO pr:0.9842  rc:0.9443  auc:0.9841 ap:0.9817 f1: 0.9638 pred_right: 38621 pred_wrong:379 actu_right: 38605 actu_wrong: 395
2026-04-09 15:51:10,912 P982885 INFO pr:0.9538  rc:0.9612  auc:0.9980 ap:0.9866 f1: 0.9575 pred_right: 16370 pred_wrong:130 actu_right: 16371 actu_wrong: 129
2026-04-09 15:51:10,912 P982885 INFO ----------------------------------------------------------------------------------------------------
2026-04-09 15:51:10,912 P982885 INFO 112/300 starting... lr: 0.0009000000000000001 para:0.01
2026-04-09 15:51:37,416 P982885 INFO Epoch 112/300, all_loss:0.57607 cls_loss:0.18245 rec_loss:39.54449 [26.50s]; best loss:0.40919, patience : 2
2026-04-09 15:51:39,124 P982885 INFO pr:0.9673  rc:0.9697  auc:0.9896 ap:0.9867 f1: 0.9685 pred_right: 38603 pred_wrong:397 actu_right: 38604 actu_wrong: 396
2026-04-09 15:51:39,817 P982885 INFO pr:0.9149  rc:1.0000  auc:0.9999 ap:0.9881 f1: 0.9556 pred_right: 16359 pred_wrong:141 actu_right: 16371 actu_wrong: 129
2026-04-09 15:51:39,817 P982885 INFO ----------------------------------------------------------------------------------------------------
2026-04-09 15:51:39,818 P982885 INFO 113/300 starting... lr: 0.0009000000000000001 para:0.01
2026-04-09 15:52:06,126 P982885 INFO Epoch 113/300, all_loss:0.47279 cls_loss:0.07697 rec_loss:39.65881 [26.31s]; best loss:0.40919, patience : 2
2026-04-09 15:52:07,806 P982885 INFO pr:0.9863  rc:0.9093  auc:0.9711 ap:0.9733 f1: 0.9463 pred_right: 38634 pred_wrong:366 actu_right: 38603 actu_wrong: 397
2026-04-09 15:52:08,491 P982885 INFO pr:0.9508  rc:0.8992  auc:0.9902 ap:0.9780 f1: 0.9243 pred_right: 16378 pred_wrong:122 actu_right: 16371 actu_wrong: 129
2026-04-09 15:52:08,491 P982885 INFO ----------------------------------------------------------------------------------------------------
2026-04-09 15:52:08,491 P982885 INFO 114/300 starting... lr: 0.0009000000000000001 para:0.01
2026-04-09 15:52:34,657 P982885 INFO Epoch 114/300, all_loss:0.54061 cls_loss:0.14650 rec_loss:39.55764 [26.17s]; best loss:0.40919, patience : 3
2026-04-09 15:52:36,332 P982885 INFO pr:0.9666  rc:0.9471  auc:0.9831 ap:0.9765 f1: 0.9567 pred_right: 38611 pred_wrong:389 actu_right: 38603 actu_wrong: 397
2026-04-09 15:52:37,014 P982885 INFO pr:0.9197  rc:0.9767  auc:0.9921 ap:0.9677 f1: 0.9474 pred_right: 16363 pred_wrong:137 actu_right: 16371 actu_wrong: 129
2026-04-09 15:52:37,015 P982885 INFO ----------------------------------------------------------------------------------------------------
2026-04-09 15:52:37,015 P982885 INFO 115/300 starting... lr: 0.0009000000000000001 para:0.01
2026-04-09 15:53:03,180 P982885 INFO Epoch 115/300, all_loss:0.57876 cls_loss:0.18504 rec_loss:39.55675 [26.16s]; best loss:0.40919, patience : 4
2026-04-09 15:53:04,880 P982885 INFO pr:0.9841  rc:0.9345  auc:0.9825 ap:0.9754 f1: 0.9587 pred_right: 38623 pred_wrong:377 actu_right: 38603 actu_wrong: 397
2026-04-09 15:53:05,570 P982885 INFO pr:0.9328  rc:0.9690  auc:0.9959 ap:0.9749 f1: 0.9506 pred_right: 16366 pred_wrong:134 actu_right: 16371 actu_wrong: 129
2026-04-09 15:53:05,570 P982885 INFO ----------------------------------------------------------------------------------------------------
2026-04-09 15:53:05,570 P982885 INFO 116/300 starting... lr: 0.0009000000000000001 para:0.01
2026-04-09 15:53:31,812 P982885 INFO Epoch 116/300, all_loss:0.51527 cls_loss:0.12115 rec_loss:39.53328 [26.24s]; best loss:0.40919, patience : 4
2026-04-09 15:53:33,486 P982885 INFO pr:0.9868  rc:0.9421  auc:0.9824 ap:0.9809 f1: 0.9639 pred_right: 38621 pred_wrong:379 actu_right: 38603 actu_wrong: 397
2026-04-09 15:53:34,180 P982885 INFO pr:0.9615  rc:0.9690  auc:0.9921 ap:0.9823 f1: 0.9653 pred_right: 16370 pred_wrong:130 actu_right: 16371 actu_wrong: 129
2026-04-09 15:53:34,180 P982885 INFO ----------------------------------------------------------------------------------------------------
2026-04-09 15:53:34,180 P982885 INFO 117/300 starting... lr: 0.0009000000000000001 para:0.01
2026-04-09 15:54:00,430 P982885 INFO Epoch 117/300, all_loss:0.67870 cls_loss:0.28589 rec_loss:39.56657 [26.25s]; best loss:0.40919, patience : 5
2026-04-09 15:54:02,110 P982885 INFO pr:0.9868  rc:0.9419  auc:0.9738 ap:0.9732 f1: 0.9638 pred_right: 38622 pred_wrong:378 actu_right: 38604 actu_wrong: 396
2026-04-09 15:54:02,792 P982885 INFO pr:0.9478  rc:0.9845  auc:0.9941 ap:0.9838 f1: 0.9658 pred_right: 16366 pred_wrong:134 actu_right: 16371 actu_wrong: 129
2026-04-09 15:54:02,792 P982885 INFO ----------------------------------------------------------------------------------------------------
2026-04-09 15:54:02,792 P982885 INFO 118/300 starting... lr: 0.0009000000000000001 para:0.01
2026-04-09 15:54:28,939 P982885 INFO Epoch 118/300, all_loss:0.82664 cls_loss:0.43573 rec_loss:39.52671 [26.15s]; best loss:0.40919, patience : 6
2026-04-09 15:54:30,619 P982885 INFO pr:0.9794  rc:0.9572  auc:0.9877 ap:0.9827 f1: 0.9682 pred_right: 38612 pred_wrong:388 actu_right: 38603 actu_wrong: 397
2026-04-09 15:54:31,301 P982885 INFO pr:0.9338  rc:0.9845  auc:0.9999 ap:0.9731 f1: 0.9585 pred_right: 16364 pred_wrong:136 actu_right: 16371 actu_wrong: 129
2026-04-09 15:54:31,302 P982885 INFO ----------------------------------------------------------------------------------------------------
2026-04-09 15:54:31,302 P982885 INFO 119/300 starting... lr: 0.0009000000000000001 para:0.01
2026-04-09 15:54:57,435 P982885 INFO Epoch 119/300, all_loss:0.54929 cls_loss:0.15482 rec_loss:39.60124 [26.13s]; best loss:0.40919, patience : 6
2026-04-09 15:54:59,122 P982885 INFO pr:0.9791  rc:0.9446  auc:0.9861 ap:0.9829 f1: 0.9615 pred_right: 38617 pred_wrong:383 actu_right: 38603 actu_wrong: 397
2026-04-09 15:54:59,802 P982885 INFO pr:0.9621  rc:0.9845  auc:0.9999 ap:0.9872 f1: 0.9732 pred_right: 16368 pred_wrong:132 actu_right: 16371 actu_wrong: 129
2026-04-09 15:54:59,803 P982885 INFO ----------------------------------------------------------------------------------------------------
2026-04-09 15:54:59,803 P982885 INFO 120/300 starting... lr: 0.0009000000000000001 para:0.01
2026-04-09 15:55:26,004 P982885 INFO Epoch 120/300, all_loss:0.92570 cls_loss:0.53535 rec_loss:39.56997 [26.20s]; best loss:0.40919, patience : 7
2026-04-09 15:55:27,686 P982885 INFO pr:0.9719  rc:0.9572  auc:0.9880 ap:0.9794 f1: 0.9645 pred_right: 38609 pred_wrong:391 actu_right: 38603 actu_wrong: 397
2026-04-09 15:55:28,367 P982885 INFO pr:0.9265  rc:0.9767  auc:0.9998 ap:0.9764 f1: 0.9509 pred_right: 16364 pred_wrong:136 actu_right: 16371 actu_wrong: 129
2026-04-09 15:55:28,367 P982885 INFO ----------------------------------------------------------------------------------------------------
2026-04-09 15:55:28,367 P982885 INFO 121/300 starting... lr: 0.0009000000000000001 para:0.01
2026-04-09 15:55:54,706 P982885 INFO Epoch 121/300, all_loss:0.45993 cls_loss:0.06528 rec_loss:39.52995 [26.34s]; best loss:0.40919, patience : 7
2026-04-09 15:55:56,409 P982885 INFO pr:0.9792  rc:0.9496  auc:0.9792 ap:0.9772 f1: 0.9642 pred_right: 38615 pred_wrong:385 actu_right: 38603 actu_wrong: 397
2026-04-09 15:55:57,101 P982885 INFO pr:0.9474  rc:0.9767  auc:0.9884 ap:0.9805 f1: 0.9618 pred_right: 16367 pred_wrong:133 actu_right: 16371 actu_wrong: 129
2026-04-09 15:55:57,102 P982885 INFO ----------------------------------------------------------------------------------------------------
2026-04-09 15:55:57,102 P982885 INFO 122/300 starting... lr: 0.0009000000000000001 para:0.01
2026-04-09 15:56:23,364 P982885 INFO Epoch 122/300, all_loss:0.53443 cls_loss:0.14044 rec_loss:39.53959 [26.26s]; best loss:0.40919, patience : 8
2026-04-09 15:56:25,066 P982885 INFO pr:0.9573  rc:0.9597  auc:0.9862 ap:0.9796 f1: 0.9585 pred_right: 38602 pred_wrong:398 actu_right: 38603 actu_wrong: 397
2026-04-09 15:56:25,768 P982885 INFO pr:0.9203  rc:0.9845  auc:0.9941 ap:0.9801 f1: 0.9513 pred_right: 16362 pred_wrong:138 actu_right: 16371 actu_wrong: 129
2026-04-09 15:56:25,768 P982885 INFO ----------------------------------------------------------------------------------------------------
2026-04-09 15:56:25,768 P982885 INFO 123/300 starting... lr: 0.0009000000000000001 para:0.01
2026-04-09 15:56:52,092 P982885 INFO Epoch 123/300, all_loss:0.41291 cls_loss:0.01692 rec_loss:39.61610 [26.32s]; best loss:0.40919, patience : 8
2026-04-09 15:56:53,800 P982885 INFO pr:0.9766  rc:0.9471  auc:0.9824 ap:0.9753 f1: 0.9616 pred_right: 38615 pred_wrong:385 actu_right: 38603 actu_wrong: 397
2026-04-09 15:56:54,491 P982885 INFO pr:0.9398  rc:0.9690  auc:0.9941 ap:0.9790 f1: 0.9542 pred_right: 16367 pred_wrong:133 actu_right: 16371 actu_wrong: 129
2026-04-09 15:56:54,491 P982885 INFO ----------------------------------------------------------------------------------------------------
2026-04-09 15:56:54,491 P982885 INFO 124/300 starting... lr: 0.0009000000000000001 para:0.01
2026-04-09 15:57:20,782 P982885 INFO Epoch 124/300, all_loss:0.41971 cls_loss:0.02503 rec_loss:39.49320 [26.29s]; best loss:0.40919, patience : 9
2026-04-09 15:57:22,494 P982885 INFO pr:0.9843  rc:0.9520  auc:0.9839 ap:0.9803 f1: 0.9679 pred_right: 38617 pred_wrong:383 actu_right: 38604 actu_wrong: 396
2026-04-09 15:57:23,186 P982885 INFO pr:0.9398  rc:0.9690  auc:0.9922 ap:0.9832 f1: 0.9542 pred_right: 16367 pred_wrong:133 actu_right: 16371 actu_wrong: 129
2026-04-09 15:57:23,186 P982885 INFO ----------------------------------------------------------------------------------------------------
2026-04-09 15:57:23,186 P982885 INFO 125/300 starting... lr: 0.0009000000000000001 para:0.01
2026-04-09 15:57:49,420 P982885 INFO Epoch 125/300, all_loss:0.54068 cls_loss:0.14706 rec_loss:39.50916 [26.23s]; best loss:0.40919, patience : 10
2026-04-09 15:57:51,118 P982885 INFO pr:0.9620  rc:0.9572  auc:0.9868 ap:0.9772 f1: 0.9596 pred_right: 38605 pred_wrong:395 actu_right: 38603 actu_wrong: 397
2026-04-09 15:57:51,814 P982885 INFO pr:0.9071  rc:0.9845  auc:0.9940 ap:0.9693 f1: 0.9442 pred_right: 16360 pred_wrong:140 actu_right: 16371 actu_wrong: 129
2026-04-09 15:57:51,814 P982885 INFO ----------------------------------------------------------------------------------------------------
2026-04-09 15:57:51,814 P982885 INFO 126/300 starting... lr: 0.0009000000000000001 para:0.01
2026-04-09 15:58:18,073 P982885 INFO Epoch 126/300, all_loss:0.64611 cls_loss:0.25303 rec_loss:39.56129 [26.26s]; best loss:0.40919, patience : 11
2026-04-09 15:58:19,771 P982885 INFO pr:0.9766  rc:0.9471  auc:0.9825 ap:0.9798 f1: 0.9616 pred_right: 38615 pred_wrong:385 actu_right: 38603 actu_wrong: 397
2026-04-09 15:58:20,462 P982885 INFO pr:0.9542  rc:0.9690  auc:0.9942 ap:0.9832 f1: 0.9615 pred_right: 16369 pred_wrong:131 actu_right: 16371 actu_wrong: 129
2026-04-09 15:58:20,462 P982885 INFO ----------------------------------------------------------------------------------------------------
2026-04-09 15:58:20,462 P982885 INFO 127/300 starting... lr: 0.0009000000000000001 para:0.01
2026-04-09 15:58:46,791 P982885 INFO Epoch 127/300, all_loss:1.08347 cls_loss:0.69542 rec_loss:39.50063 [26.33s]; best loss:0.40919, patience : 12
2026-04-09 15:58:48,511 P982885 INFO pr:0.9617  rc:0.9496  auc:0.9845 ap:0.9776 f1: 0.9556 pred_right: 38608 pred_wrong:392 actu_right: 38603 actu_wrong: 397
2026-04-09 15:58:49,207 P982885 INFO pr:0.9270  rc:0.9845  auc:0.9979 ap:0.9721 f1: 0.9549 pred_right: 16363 pred_wrong:137 actu_right: 16371 actu_wrong: 129
2026-04-09 15:58:49,207 P982885 INFO ----------------------------------------------------------------------------------------------------
2026-04-09 15:58:49,207 P982885 INFO 128/300 starting... lr: 0.0009000000000000001 para:0.01
2026-04-09 15:59:15,509 P982885 INFO Epoch 128/300, all_loss:0.60655 cls_loss:0.21330 rec_loss:39.53918 [26.30s]; best loss:0.40919, patience : 12
2026-04-09 15:59:17,241 P982885 INFO pr:0.9828  rc:0.8636  auc:0.9635 ap:0.9650 f1: 0.9194 pred_right: 38652 pred_wrong:348 actu_right: 38604 actu_wrong: 396
2026-04-09 15:59:17,925 P982885 INFO pr:0.9754  rc:0.9225  auc:0.9867 ap:0.9830 f1: 0.9482 pred_right: 16378 pred_wrong:122 actu_right: 16371 actu_wrong: 129
2026-04-09 15:59:17,926 P982885 INFO ----------------------------------------------------------------------------------------------------
2026-04-09 15:59:17,926 P982885 INFO 129/300 starting... lr: 0.0009000000000000001 para:0.01
2026-04-09 15:59:44,304 P982885 INFO Epoch 129/300, all_loss:1.21455 cls_loss:0.82783 rec_loss:39.50064 [26.38s]; best loss:0.40919, patience : 13
2026-04-09 15:59:46,014 P982885 INFO pr:0.9763  rc:0.9345  auc:0.9707 ap:0.9737 f1: 0.9550 pred_right: 38620 pred_wrong:380 actu_right: 38603 actu_wrong: 397
2026-04-09 15:59:46,703 P982885 INFO pr:0.9612  rc:0.9612  auc:0.9956 ap:0.9823 f1: 0.9612 pred_right: 16371 pred_wrong:129 actu_right: 16371 actu_wrong: 129
2026-04-09 15:59:46,703 P982885 INFO ----------------------------------------------------------------------------------------------------
2026-04-09 15:59:46,704 P982885 INFO 130/300 starting... lr: 0.0009000000000000001 para:0.01
2026-04-09 16:00:13,586 P982885 INFO Epoch 130/300, all_loss:0.41563 cls_loss:0.01953 rec_loss:39.62931 [26.88s]; best loss:0.40919, patience : 13
2026-04-09 16:00:15,287 P982885 INFO pr:0.9741  rc:0.9471  auc:0.9776 ap:0.9722 f1: 0.9604 pred_right: 38614 pred_wrong:386 actu_right: 38603 actu_wrong: 397
2026-04-09 16:00:15,983 P982885 INFO pr:0.9403  rc:0.9767  auc:0.9978 ap:0.9742 f1: 0.9582 pred_right: 16366 pred_wrong:134 actu_right: 16371 actu_wrong: 129
2026-04-09 16:00:15,983 P982885 INFO ----------------------------------------------------------------------------------------------------
2026-04-09 16:00:15,983 P982885 INFO 131/300 starting... lr: 0.0009000000000000001 para:0.01
2026-04-09 16:00:42,327 P982885 INFO Epoch 131/300, all_loss:0.56129 cls_loss:0.16756 rec_loss:39.54098 [26.34s]; best loss:0.40919, patience : 14
2026-04-09 16:00:44,020 P982885 INFO pr:0.9789  rc:0.9370  auc:0.9818 ap:0.9776 f1: 0.9575 pred_right: 38620 pred_wrong:380 actu_right: 38603 actu_wrong: 397
2026-04-09 16:00:44,705 P982885 INFO pr:0.9615  rc:0.9690  auc:0.9979 ap:0.9852 f1: 0.9653 pred_right: 16370 pred_wrong:130 actu_right: 16371 actu_wrong: 129
2026-04-09 16:00:44,705 P982885 INFO ----------------------------------------------------------------------------------------------------
2026-04-09 16:00:44,706 P982885 INFO 132/300 starting... lr: 0.0009000000000000001 para:0.01
2026-04-09 16:01:10,760 P982885 INFO Early stop at epoch: 132
2026-04-09 16:01:10,761 P982885 INFO saving model...
2026-04-09 16:01:10,761 P982885 INFO my - loss  best score:0.40918657183647156 at epoch 109
2026-04-09 16:01:10,811 P982885 INFO my - f1  best score:0.9704749679075738 at epoch 110
2026-04-09 16:01:10,847 P982885 INFO calculate scores...
2026-04-09 16:01:10,853 P982885 INFO calculate label with loss...
2026-04-09 16:01:10,853 P982885 INFO my on results/detect/mstgad_msds_seed0/mstgad-MSDS-save-11d70533-1775764520 loading...
2026-04-09 16:01:11,704 P982885 INFO pr:0.9621  rc:0.9845  auc:0.9999 ap:0.9878 f1: 0.9732 pred_right: 16368 pred_wrong:132 actu_right: 16371 actu_wrong: 129
2026-04-09 16:01:11,704 P982885 INFO calculate label with f1...
2026-04-09 16:01:11,704 P982885 INFO my on results/detect/mstgad_msds_seed0/mstgad-MSDS-save-11d70533-1775764520 loading...
2026-04-09 16:01:12,409 P982885 INFO pr:0.9624  rc:0.9922  auc:0.9999 ap:0.9877 f1: 0.9771 pred_right: 16367 pred_wrong:133 actu_right: 16371 actu_wrong: 129
2026-04-09 16:01:12,412 P982885 INFO ^^^^^^ Current Model: ----mstgad----11d70533 ^^^^^
