2026-04-12 21:10:20,598 P3997493 INFO ---- Model: ----mestgad-e2d41970----train : True----evaluate : False
2026-04-12 21:10:20,603 P3997493 INFO read Tranform data
2026-04-12 21:11:04,142 P3997493 INFO read Graph edge data
2026-04-12 21:11:07,951 P3997493 INFO model : init weight
2026-04-12 21:11:07,953 P3997493 INFO Using GPU...
2026-04-12 21:11:07,959 P3997493 INFO optimizer : using AdaBelief
2026-04-12 21:11:07,960 P3997493 INFO ----------------------------------------------------------------------------------------------------
2026-04-12 21:11:07,960 P3997493 INFO 0/300 starting... lr: 0.001 para:1.0
2026-04-12 21:11:55,469 P3997493 INFO Epoch 0/300, all_loss:46.97156 cls_loss:28.48895 rec_loss:48.44415 [47.46s]; best loss:46.97156, patience : 0
2026-04-12 21:11:55,470 P3997493 INFO ----------------------------------------------------------------------------------------------------
2026-04-12 21:11:55,470 P3997493 INFO 1/300 starting... lr: 0.001 para:0.5
2026-04-12 21:12:42,380 P3997493 INFO Epoch 1/300, all_loss:26.94453 cls_loss:14.73589 rec_loss:42.26417 [46.88s]; best loss:26.94453, patience : 0
2026-04-12 21:12:42,381 P3997493 INFO ----------------------------------------------------------------------------------------------------
2026-04-12 21:12:42,381 P3997493 INFO 2/300 starting... lr: 0.001 para:0.3333333432674408
2026-04-12 21:13:29,220 P3997493 INFO Epoch 2/300, all_loss:17.11663 cls_loss:7.30533 rec_loss:41.51560 [46.81s]; best loss:17.11663, patience : 0
2026-04-12 21:13:31,669 P3997493 INFO pr:1.0000  rc:0.0808  auc:0.7610 ap:0.7511 f1: 0.1495 pred_right: 38968 pred_wrong:32 actu_right: 38604 actu_wrong: 396
2026-04-12 21:13:32,714 P3997493 INFO pr:1.0000  rc:0.0775  auc:0.8332 ap:0.7836 f1: 0.1439 pred_right: 16490 pred_wrong:10 actu_right: 16371 actu_wrong: 129
2026-04-12 21:13:32,723 P3997493 INFO ----------------------------------------------------------------------------------------------------
2026-04-12 21:13:32,723 P3997493 INFO 3/300 starting... lr: 0.001 para:0.25
2026-04-12 21:14:19,260 P3997493 INFO Epoch 3/300, all_loss:42.70461 cls_loss:45.25219 rec_loss:41.47940 [46.54s]; best loss:17.11663, patience : 1
2026-04-12 21:14:21,763 P3997493 INFO pr:0.9116  rc:0.4156  auc:0.9204 ap:0.8254 f1: 0.5709 pred_right: 38819 pred_wrong:181 actu_right: 38603 actu_wrong: 397
2026-04-12 21:14:22,721 P3997493 INFO pr:0.9091  rc:0.3101  auc:0.9586 ap:0.8033 f1: 0.4624 pred_right: 16456 pred_wrong:44 actu_right: 16371 actu_wrong: 129
2026-04-12 21:14:22,731 P3997493 INFO ----------------------------------------------------------------------------------------------------
2026-04-12 21:14:22,731 P3997493 INFO 4/300 starting... lr: 0.001 para:0.20000000298023224
2026-04-12 21:15:09,138 P3997493 INFO Epoch 4/300, all_loss:8.17582 cls_loss:1.91462 rec_loss:41.26079 [46.38s]; best loss:8.17582, patience : 0
2026-04-12 21:15:11,440 P3997493 INFO pr:0.7988  rc:0.6801  auc:0.9666 ap:0.8639 f1: 0.7347 pred_right: 38662 pred_wrong:338 actu_right: 38603 actu_wrong: 397
2026-04-12 21:15:12,532 P3997493 INFO pr:0.8587  rc:0.6124  auc:0.9962 ap:0.8641 f1: 0.7149 pred_right: 16408 pred_wrong:92 actu_right: 16371 actu_wrong: 129
2026-04-12 21:15:12,541 P3997493 INFO ----------------------------------------------------------------------------------------------------
2026-04-12 21:15:12,542 P3997493 INFO 5/300 starting... lr: 0.001 para:0.1666666716337204
2026-04-12 21:15:59,200 P3997493 INFO Epoch 5/300, all_loss:6.72557 cls_loss:1.75870 rec_loss:41.21375 [46.63s]; best loss:6.72557, patience : 0
2026-04-12 21:16:01,639 P3997493 INFO pr:0.9258  rc:0.7859  auc:0.9569 ap:0.9417 f1: 0.8501 pred_right: 38663 pred_wrong:337 actu_right: 38603 actu_wrong: 397
2026-04-12 21:16:02,684 P3997493 INFO pr:0.9107  rc:0.7907  auc:0.9838 ap:0.9414 f1: 0.8465 pred_right: 16388 pred_wrong:112 actu_right: 16371 actu_wrong: 129
2026-04-12 21:16:02,693 P3997493 INFO ----------------------------------------------------------------------------------------------------
2026-04-12 21:16:02,693 P3997493 INFO 6/300 starting... lr: 0.001 para:0.1428571492433548
2026-04-12 21:16:49,112 P3997493 INFO Epoch 6/300, all_loss:5.32641 cls_loss:1.25412 rec_loss:41.02433 [46.39s]; best loss:5.32641, patience : 0
2026-04-12 21:16:51,411 P3997493 INFO pr:0.9133  rc:0.8489  auc:0.9703 ap:0.9503 f1: 0.8799 pred_right: 38631 pred_wrong:369 actu_right: 38603 actu_wrong: 397
2026-04-12 21:16:52,368 P3997493 INFO pr:0.9291  rc:0.9147  auc:0.9920 ap:0.9695 f1: 0.9219 pred_right: 16373 pred_wrong:127 actu_right: 16371 actu_wrong: 129
2026-04-12 21:16:52,377 P3997493 INFO ----------------------------------------------------------------------------------------------------
2026-04-12 21:16:52,377 P3997493 INFO 7/300 starting... lr: 0.001 para:0.125
2026-04-12 21:17:39,113 P3997493 INFO Epoch 7/300, all_loss:4.95294 cls_loss:1.65999 rec_loss:40.87784 [46.71s]; best loss:4.95294, patience : 0
2026-04-12 21:17:41,505 P3997493 INFO pr:0.9643  rc:0.6801  auc:0.9474 ap:0.9437 f1: 0.7976 pred_right: 38720 pred_wrong:280 actu_right: 38603 actu_wrong: 397
2026-04-12 21:17:42,549 P3997493 INFO pr:0.9670  rc:0.6822  auc:0.9850 ap:0.9794 f1: 0.8000 pred_right: 16409 pred_wrong:91 actu_right: 16371 actu_wrong: 129
2026-04-12 21:17:42,549 P3997493 INFO ----------------------------------------------------------------------------------------------------
2026-04-12 21:17:42,549 P3997493 INFO 8/300 starting... lr: 0.001 para:0.1111111119389534
2026-04-12 21:18:29,081 P3997493 INFO Epoch 8/300, all_loss:4.64457 cls_loss:1.94162 rec_loss:40.75219 [46.51s]; best loss:4.64457, patience : 0
2026-04-12 21:18:31,402 P3997493 INFO pr:0.9434  rc:0.8838  auc:0.9713 ap:0.9645 f1: 0.9126 pred_right: 38629 pred_wrong:371 actu_right: 38604 actu_wrong: 396
2026-04-12 21:18:32,359 P3997493 INFO pr:0.9453  rc:0.9380  auc:0.9924 ap:0.9838 f1: 0.9416 pred_right: 16372 pred_wrong:128 actu_right: 16371 actu_wrong: 129
2026-04-12 21:18:32,368 P3997493 INFO ----------------------------------------------------------------------------------------------------
2026-04-12 21:18:32,368 P3997493 INFO 9/300 starting... lr: 0.001 para:0.10000000149011612
2026-04-12 21:19:18,925 P3997493 INFO Epoch 9/300, all_loss:7.20098 cls_loss:5.27178 rec_loss:40.65712 [46.56s]; best loss:4.64457, patience : 1
2026-04-12 21:19:21,378 P3997493 INFO pr:0.9079  rc:0.8987  auc:0.9645 ap:0.9624 f1: 0.9033 pred_right: 38609 pred_wrong:391 actu_right: 38605 actu_wrong: 395
2026-04-12 21:19:22,410 P3997493 INFO pr:0.9191  rc:0.9690  auc:0.9922 ap:0.9717 f1: 0.9434 pred_right: 16364 pred_wrong:136 actu_right: 16371 actu_wrong: 129
2026-04-12 21:19:22,410 P3997493 INFO ----------------------------------------------------------------------------------------------------
2026-04-12 21:19:22,411 P3997493 INFO 10/300 starting... lr: 0.001 para:0.09090909361839294
2026-04-12 21:20:08,801 P3997493 INFO Epoch 10/300, all_loss:4.01274 cls_loss:2.12350 rec_loss:40.60793 [46.36s]; best loss:4.01274, patience : 0
2026-04-12 21:20:11,090 P3997493 INFO pr:0.9862  rc:0.7179  auc:0.9627 ap:0.9642 f1: 0.8309 pred_right: 38711 pred_wrong:289 actu_right: 38603 actu_wrong: 397
2026-04-12 21:20:12,038 P3997493 INFO pr:0.9798  rc:0.7519  auc:0.9848 ap:0.9784 f1: 0.8509 pred_right: 16401 pred_wrong:99 actu_right: 16371 actu_wrong: 129
2026-04-12 21:20:12,038 P3997493 INFO ----------------------------------------------------------------------------------------------------
2026-04-12 21:20:12,038 P3997493 INFO 11/300 starting... lr: 0.001 para:0.0833333358168602
2026-04-12 21:20:58,594 P3997493 INFO Epoch 11/300, all_loss:4.13604 cls_loss:2.58166 rec_loss:40.54659 [46.55s]; best loss:4.01274, patience : 1
2026-04-12 21:21:01,050 P3997493 INFO pr:0.9636  rc:0.8665  auc:0.9697 ap:0.9654 f1: 0.9125 pred_right: 38643 pred_wrong:357 actu_right: 38603 actu_wrong: 397
2026-04-12 21:21:02,010 P3997493 INFO pr:0.9675  rc:0.9225  auc:0.9924 ap:0.9799 f1: 0.9444 pred_right: 16377 pred_wrong:123 actu_right: 16371 actu_wrong: 129
2026-04-12 21:21:02,010 P3997493 INFO ----------------------------------------------------------------------------------------------------
2026-04-12 21:21:02,011 P3997493 INFO 12/300 starting... lr: 0.001 para:0.07692307978868484
2026-04-12 21:21:48,403 P3997493 INFO Epoch 12/300, all_loss:1.99567 cls_loss:0.52847 rec_loss:40.52394 [46.37s]; best loss:1.99567, patience : 0
2026-04-12 21:21:50,732 P3997493 INFO pr:0.9595  rc:0.8942  auc:0.9766 ap:0.9708 f1: 0.9257 pred_right: 38630 pred_wrong:370 actu_right: 38603 actu_wrong: 397
2026-04-12 21:21:51,770 P3997493 INFO pr:0.9606  rc:0.9457  auc:0.9880 ap:0.9785 f1: 0.9531 pred_right: 16373 pred_wrong:127 actu_right: 16371 actu_wrong: 129
2026-04-12 21:21:51,779 P3997493 INFO ----------------------------------------------------------------------------------------------------
2026-04-12 21:21:51,779 P3997493 INFO 13/300 starting... lr: 0.001 para:0.0714285746216774
2026-04-12 21:22:38,217 P3997493 INFO Epoch 13/300, all_loss:3.13594 cls_loss:1.99831 rec_loss:40.45657 [46.44s]; best loss:1.99567, patience : 1
2026-04-12 21:22:40,642 P3997493 INFO pr:0.9569  rc:0.8942  auc:0.9662 ap:0.9681 f1: 0.9245 pred_right: 38629 pred_wrong:371 actu_right: 38603 actu_wrong: 397
2026-04-12 21:22:41,592 P3997493 INFO pr:0.9612  rc:0.9612  auc:0.9849 ap:0.9795 f1: 0.9612 pred_right: 16371 pred_wrong:129 actu_right: 16371 actu_wrong: 129
2026-04-12 21:22:41,592 P3997493 INFO ----------------------------------------------------------------------------------------------------
2026-04-12 21:22:41,592 P3997493 INFO 14/300 starting... lr: 0.001 para:0.06666667014360428
2026-04-12 21:23:28,140 P3997493 INFO Epoch 14/300, all_loss:1.79034 cls_loss:0.75451 rec_loss:40.43275 [46.52s]; best loss:1.79034, patience : 0
2026-04-12 21:23:30,439 P3997493 INFO pr:0.9581  rc:0.8640  auc:0.9711 ap:0.9456 f1: 0.9086 pred_right: 38642 pred_wrong:358 actu_right: 38603 actu_wrong: 397
2026-04-12 21:23:31,477 P3997493 INFO pr:0.9516  rc:0.9147  auc:0.9922 ap:0.9532 f1: 0.9328 pred_right: 16376 pred_wrong:124 actu_right: 16371 actu_wrong: 129
2026-04-12 21:23:31,477 P3997493 INFO ----------------------------------------------------------------------------------------------------
2026-04-12 21:23:31,477 P3997493 INFO 15/300 starting... lr: 0.001 para:0.0625
2026-04-12 21:24:17,937 P3997493 INFO Epoch 15/300, all_loss:2.26311 cls_loss:1.43680 rec_loss:40.40786 [46.46s]; best loss:1.79034, patience : 1
2026-04-12 21:24:20,252 P3997493 INFO pr:0.8394  rc:0.8161  auc:0.9748 ap:0.8746 f1: 0.8276 pred_right: 38614 pred_wrong:386 actu_right: 38603 actu_wrong: 397
2026-04-12 21:24:21,199 P3997493 INFO pr:0.8214  rc:0.8915  auc:0.9915 ap:0.9096 f1: 0.8550 pred_right: 16360 pred_wrong:140 actu_right: 16371 actu_wrong: 129
2026-04-12 21:24:21,200 P3997493 INFO ----------------------------------------------------------------------------------------------------
2026-04-12 21:24:21,200 P3997493 INFO 16/300 starting... lr: 0.001 para:0.05882352963089943
2026-04-12 21:25:07,970 P3997493 INFO Epoch 16/300, all_loss:1.58785 cls_loss:0.87213 rec_loss:40.39890 [46.74s]; best loss:1.58785, patience : 0
2026-04-12 21:25:10,345 P3997493 INFO pr:0.9469  rc:0.9038  auc:0.9751 ap:0.9697 f1: 0.9249 pred_right: 38623 pred_wrong:377 actu_right: 38605 actu_wrong: 395
2026-04-12 21:25:11,379 P3997493 INFO pr:0.9606  rc:0.9457  auc:0.9865 ap:0.9697 f1: 0.9531 pred_right: 16373 pred_wrong:127 actu_right: 16371 actu_wrong: 129
2026-04-12 21:25:11,380 P3997493 INFO ----------------------------------------------------------------------------------------------------
2026-04-12 21:25:11,380 P3997493 INFO 17/300 starting... lr: 0.001 para:0.0555555559694767
2026-04-12 21:25:57,952 P3997493 INFO Epoch 17/300, all_loss:1.39058 cls_loss:0.80323 rec_loss:40.34446 [46.55s]; best loss:1.39058, patience : 0
2026-04-12 21:26:00,318 P3997493 INFO pr:0.9300  rc:0.9370  auc:0.9826 ap:0.9683 f1: 0.9335 pred_right: 38600 pred_wrong:400 actu_right: 38603 actu_wrong: 397
2026-04-12 21:26:01,269 P3997493 INFO pr:0.9323  rc:0.9612  auc:0.9997 ap:0.9598 f1: 0.9466 pred_right: 16367 pred_wrong:133 actu_right: 16371 actu_wrong: 129
2026-04-12 21:26:01,278 P3997493 INFO ----------------------------------------------------------------------------------------------------
2026-04-12 21:26:01,278 P3997493 INFO 18/300 starting... lr: 0.001 para:0.05263157933950424
2026-04-12 21:26:47,957 P3997493 INFO Epoch 18/300, all_loss:2.41022 cls_loss:2.00315 rec_loss:40.31573 [46.68s]; best loss:1.39058, patience : 1
2026-04-12 21:26:50,284 P3997493 INFO pr:0.9446  rc:0.9018  auc:0.9539 ap:0.9593 f1: 0.9227 pred_right: 38621 pred_wrong:379 actu_right: 38603 actu_wrong: 397
2026-04-12 21:26:51,322 P3997493 INFO pr:0.9197  rc:0.9767  auc:0.9848 ap:0.9697 f1: 0.9474 pred_right: 16363 pred_wrong:137 actu_right: 16371 actu_wrong: 129
2026-04-12 21:26:51,322 P3997493 INFO ----------------------------------------------------------------------------------------------------
2026-04-12 21:26:51,322 P3997493 INFO 19/300 starting... lr: 0.001 para:0.05000000074505806
2026-04-12 21:27:37,751 P3997493 INFO Epoch 19/300, all_loss:2.15890 cls_loss:1.84530 rec_loss:40.30496 [46.43s]; best loss:1.39058, patience : 1
2026-04-12 21:27:40,123 P3997493 INFO pr:0.9773  rc:0.8665  auc:0.9587 ap:0.9647 f1: 0.9186 pred_right: 38648 pred_wrong:352 actu_right: 38603 actu_wrong: 397
2026-04-12 21:27:41,080 P3997493 INFO pr:0.9752  rc:0.9147  auc:0.9852 ap:0.9810 f1: 0.9440 pred_right: 16379 pred_wrong:121 actu_right: 16371 actu_wrong: 129
2026-04-12 21:27:41,080 P3997493 INFO ----------------------------------------------------------------------------------------------------
2026-04-12 21:27:41,081 P3997493 INFO 20/300 starting... lr: 0.001 para:0.0476190485060215
2026-04-12 21:28:27,800 P3997493 INFO Epoch 20/300, all_loss:3.69828 cls_loss:3.55792 rec_loss:40.30238 [46.72s]; best loss:1.39058, patience : 2
2026-04-12 21:28:30,215 P3997493 INFO pr:0.9110  rc:0.8766  auc:0.9787 ap:0.9498 f1: 0.8935 pred_right: 38618 pred_wrong:382 actu_right: 38603 actu_wrong: 397
2026-04-12 21:28:31,257 P3997493 INFO pr:0.9174  rc:0.8605  auc:0.9973 ap:0.9410 f1: 0.8880 pred_right: 16379 pred_wrong:121 actu_right: 16371 actu_wrong: 129
2026-04-12 21:28:31,258 P3997493 INFO ----------------------------------------------------------------------------------------------------
2026-04-12 21:28:31,258 P3997493 INFO 21/300 starting... lr: 0.001 para:0.04545454680919647
2026-04-12 21:29:17,770 P3997493 INFO Epoch 21/300, all_loss:2.20910 cls_loss:2.08158 rec_loss:40.29340 [46.51s]; best loss:1.39058, patience : 2
2026-04-12 21:29:20,101 P3997493 INFO pr:0.9609  rc:0.9295  auc:0.9773 ap:0.9752 f1: 0.9449 pred_right: 38616 pred_wrong:384 actu_right: 38603 actu_wrong: 397
2026-04-12 21:29:21,050 P3997493 INFO pr:0.9470  rc:0.9690  auc:0.9853 ap:0.9745 f1: 0.9579 pred_right: 16368 pred_wrong:132 actu_right: 16371 actu_wrong: 129
2026-04-12 21:29:21,059 P3997493 INFO ----------------------------------------------------------------------------------------------------
2026-04-12 21:29:21,059 P3997493 INFO 22/300 starting... lr: 0.001 para:0.043478261679410934
2026-04-12 21:30:07,699 P3997493 INFO Epoch 22/300, all_loss:123.56647 cls_loss:129.03578 rec_loss:40.25816 [46.64s]; best loss:1.39058, patience : 3
2026-04-12 21:30:10,088 P3997493 INFO pr:0.9367  rc:0.8942  auc:0.9504 ap:0.9403 f1: 0.9149 pred_right: 38621 pred_wrong:379 actu_right: 38603 actu_wrong: 397
2026-04-12 21:30:11,130 P3997493 INFO pr:0.9318  rc:0.9535  auc:0.9926 ap:0.9583 f1: 0.9425 pred_right: 16368 pred_wrong:132 actu_right: 16371 actu_wrong: 129
2026-04-12 21:30:11,131 P3997493 INFO ----------------------------------------------------------------------------------------------------
2026-04-12 21:30:11,131 P3997493 INFO 23/300 starting... lr: 0.001 para:0.0416666679084301
2026-04-12 21:30:57,595 P3997493 INFO Epoch 23/300, all_loss:1.39209 cls_loss:1.38400 rec_loss:40.20342 [46.46s]; best loss:1.39058, patience : 3
2026-04-12 21:30:59,907 P3997493 INFO pr:0.9678  rc:0.9093  auc:0.9629 ap:0.9659 f1: 0.9377 pred_right: 38627 pred_wrong:373 actu_right: 38603 actu_wrong: 397
2026-04-12 21:31:00,867 P3997493 INFO pr:0.9688  rc:0.9612  auc:0.9875 ap:0.9821 f1: 0.9650 pred_right: 16372 pred_wrong:128 actu_right: 16371 actu_wrong: 129
2026-04-12 21:31:00,867 P3997493 INFO ----------------------------------------------------------------------------------------------------
2026-04-12 21:31:00,867 P3997493 INFO 24/300 starting... lr: 0.001 para:0.03999999910593033
2026-04-12 21:31:47,409 P3997493 INFO Epoch 24/300, all_loss:1.60042 cls_loss:1.66843 rec_loss:40.20304 [46.54s]; best loss:1.39058, patience : 4
2026-04-12 21:31:49,842 P3997493 INFO pr:0.9510  rc:0.9318  auc:0.9733 ap:0.9729 f1: 0.9413 pred_right: 38612 pred_wrong:388 actu_right: 38604 actu_wrong: 396
2026-04-12 21:31:50,892 P3997493 INFO pr:0.9549  rc:0.9845  auc:0.9935 ap:0.9923 f1: 0.9695 pred_right: 16367 pred_wrong:133 actu_right: 16371 actu_wrong: 129
2026-04-12 21:31:50,893 P3997493 INFO ----------------------------------------------------------------------------------------------------
2026-04-12 21:31:50,893 P3997493 INFO 25/300 starting... lr: 0.001 para:0.03846153989434242
2026-04-12 21:32:37,403 P3997493 INFO Epoch 25/300, all_loss:1.02643 cls_loss:1.13307 rec_loss:40.20465 [46.49s]; best loss:1.02643, patience : 0
2026-04-12 21:32:39,698 P3997493 INFO pr:0.9754  rc:0.9015  auc:0.9741 ap:0.9756 f1: 0.9370 pred_right: 38634 pred_wrong:366 actu_right: 38604 actu_wrong: 396
2026-04-12 21:32:40,642 P3997493 INFO pr:0.9609  rc:0.9535  auc:0.9941 ap:0.9938 f1: 0.9572 pred_right: 16372 pred_wrong:128 actu_right: 16371 actu_wrong: 129
2026-04-12 21:32:40,642 P3997493 INFO ----------------------------------------------------------------------------------------------------
2026-04-12 21:32:40,642 P3997493 INFO 26/300 starting... lr: 0.001 para:0.03703703731298447
2026-04-12 21:33:27,114 P3997493 INFO Epoch 26/300, all_loss:1.79259 cls_loss:1.98677 rec_loss:40.19725 [46.47s]; best loss:1.02643, patience : 1
2026-04-12 21:33:29,571 P3997493 INFO pr:1.0000  rc:0.6499  auc:0.9560 ap:0.9622 f1: 0.7878 pred_right: 38742 pred_wrong:258 actu_right: 38603 actu_wrong: 397
2026-04-12 21:33:30,552 P3997493 INFO pr:1.0000  rc:0.6899  auc:0.9886 ap:0.9849 f1: 0.8165 pred_right: 16411 pred_wrong:89 actu_right: 16371 actu_wrong: 129
2026-04-12 21:33:30,552 P3997493 INFO ----------------------------------------------------------------------------------------------------
2026-04-12 21:33:30,552 P3997493 INFO 27/300 starting... lr: 0.001 para:0.0357142873108387
2026-04-12 21:34:16,993 P3997493 INFO Epoch 27/300, all_loss:1.52292 cls_loss:1.75711 rec_loss:40.26206 [46.44s]; best loss:1.02643, patience : 1
2026-04-12 21:34:19,313 P3997493 INFO pr:0.9814  rc:0.7960  auc:0.9697 ap:0.9605 f1: 0.8790 pred_right: 38678 pred_wrong:322 actu_right: 38603 actu_wrong: 397
2026-04-12 21:34:20,311 P3997493 INFO pr:0.9580  rc:0.8837  auc:0.9939 ap:0.9669 f1: 0.9194 pred_right: 16381 pred_wrong:119 actu_right: 16371 actu_wrong: 129
2026-04-12 21:34:20,312 P3997493 INFO ----------------------------------------------------------------------------------------------------
2026-04-12 21:34:20,312 P3997493 INFO 28/300 starting... lr: 0.001 para:0.03448275849223137
2026-04-12 21:35:06,753 P3997493 INFO Epoch 28/300, all_loss:1.33481 cls_loss:1.61439 rec_loss:40.17881 [46.44s]; best loss:1.02643, patience : 1
2026-04-12 21:35:09,168 P3997493 INFO pr:0.9805  rc:0.8866  auc:0.9729 ap:0.9693 f1: 0.9312 pred_right: 38641 pred_wrong:359 actu_right: 38603 actu_wrong: 397
2026-04-12 21:35:10,120 P3997493 INFO pr:0.9758  rc:0.9380  auc:0.9940 ap:0.9783 f1: 0.9565 pred_right: 16376 pred_wrong:124 actu_right: 16371 actu_wrong: 129
2026-04-12 21:35:10,120 P3997493 INFO ----------------------------------------------------------------------------------------------------
2026-04-12 21:35:10,120 P3997493 INFO 29/300 starting... lr: 0.001 para:0.03333333507180214
2026-04-12 21:35:56,647 P3997493 INFO Epoch 29/300, all_loss:2.77195 cls_loss:3.14674 rec_loss:40.18414 [46.53s]; best loss:1.02643, patience : 2
2026-04-12 21:35:58,975 P3997493 INFO pr:0.9530  rc:0.9194  auc:0.9754 ap:0.9653 f1: 0.9359 pred_right: 38617 pred_wrong:383 actu_right: 38603 actu_wrong: 397
2026-04-12 21:36:00,020 P3997493 INFO pr:0.9394  rc:0.9612  auc:0.9940 ap:0.9756 f1: 0.9502 pred_right: 16368 pred_wrong:132 actu_right: 16371 actu_wrong: 129
2026-04-12 21:36:00,021 P3997493 INFO ----------------------------------------------------------------------------------------------------
2026-04-12 21:36:00,021 P3997493 INFO 30/300 starting... lr: 0.001 para:0.032258063554763794
2026-04-12 21:36:46,441 P3997493 INFO Epoch 30/300, all_loss:0.88802 cls_loss:1.24403 rec_loss:40.09883 [46.39s]; best loss:0.88802, patience : 0
2026-04-12 21:36:48,796 P3997493 INFO pr:0.9237  rc:0.9144  auc:0.9782 ap:0.9480 f1: 0.9190 pred_right: 38607 pred_wrong:393 actu_right: 38603 actu_wrong: 397
2026-04-12 21:36:49,750 P3997493 INFO pr:0.9318  rc:0.9535  auc:0.9935 ap:0.9580 f1: 0.9425 pred_right: 16368 pred_wrong:132 actu_right: 16371 actu_wrong: 129
2026-04-12 21:36:49,751 P3997493 INFO ----------------------------------------------------------------------------------------------------
2026-04-12 21:36:49,751 P3997493 INFO 31/300 starting... lr: 0.001 para:0.03125
2026-04-12 21:37:36,428 P3997493 INFO Epoch 31/300, all_loss:1.59896 cls_loss:2.01909 rec_loss:40.07561 [46.68s]; best loss:0.88802, patience : 1
2026-04-12 21:37:38,756 P3997493 INFO pr:0.9705  rc:0.9118  auc:0.9784 ap:0.9741 f1: 0.9403 pred_right: 38627 pred_wrong:373 actu_right: 38603 actu_wrong: 397
2026-04-12 21:37:39,801 P3997493 INFO pr:0.9612  rc:0.9612  auc:0.9880 ap:0.9738 f1: 0.9612 pred_right: 16371 pred_wrong:129 actu_right: 16371 actu_wrong: 129
2026-04-12 21:37:39,802 P3997493 INFO ----------------------------------------------------------------------------------------------------
2026-04-12 21:37:39,802 P3997493 INFO 32/300 starting... lr: 0.001 para:0.03030303120613098
2026-04-12 21:38:26,257 P3997493 INFO Epoch 32/300, all_loss:1.16771 cls_loss:1.61159 rec_loss:40.07356 [46.45s]; best loss:0.88802, patience : 1
2026-04-12 21:38:28,601 P3997493 INFO pr:0.9915  rc:0.8841  auc:0.9696 ap:0.9696 f1: 0.9348 pred_right: 38646 pred_wrong:354 actu_right: 38603 actu_wrong: 397
2026-04-12 21:38:29,565 P3997493 INFO pr:0.9758  rc:0.9380  auc:0.9884 ap:0.9702 f1: 0.9565 pred_right: 16376 pred_wrong:124 actu_right: 16371 actu_wrong: 129
2026-04-12 21:38:29,565 P3997493 INFO ----------------------------------------------------------------------------------------------------
2026-04-12 21:38:29,565 P3997493 INFO 33/300 starting... lr: 0.001 para:0.029411764815449715
2026-04-12 21:39:16,383 P3997493 INFO Epoch 33/300, all_loss:0.12492 cls_loss:0.57261 rec_loss:40.07066 [46.79s]; best loss:0.12492, patience : 0
2026-04-12 21:39:18,732 P3997493 INFO pr:0.9669  rc:0.8841  auc:0.9565 ap:0.9591 f1: 0.9237 pred_right: 38637 pred_wrong:363 actu_right: 38603 actu_wrong: 397
2026-04-12 21:39:19,764 P3997493 INFO pr:0.9538  rc:0.9612  auc:0.9883 ap:0.9769 f1: 0.9575 pred_right: 16370 pred_wrong:130 actu_right: 16371 actu_wrong: 129
2026-04-12 21:39:19,764 P3997493 INFO ----------------------------------------------------------------------------------------------------
2026-04-12 21:39:19,764 P3997493 INFO 34/300 starting... lr: 0.001 para:0.02857142873108387
2026-04-12 21:40:06,294 P3997493 INFO Epoch 34/300, all_loss:1.69599 cls_loss:2.22249 rec_loss:40.12323 [46.53s]; best loss:0.12492, patience : 1
2026-04-12 21:40:08,660 P3997493 INFO pr:0.9560  rc:0.9295  auc:0.9853 ap:0.9663 f1: 0.9425 pred_right: 38614 pred_wrong:386 actu_right: 38603 actu_wrong: 397
2026-04-12 21:40:09,622 P3997493 INFO pr:0.9394  rc:0.9612  auc:0.9996 ap:0.9606 f1: 0.9502 pred_right: 16368 pred_wrong:132 actu_right: 16371 actu_wrong: 129
2026-04-12 21:40:09,623 P3997493 INFO ----------------------------------------------------------------------------------------------------
2026-04-12 21:40:09,623 P3997493 INFO 35/300 starting... lr: 0.001 para:0.02777777798473835
2026-04-12 21:40:56,328 P3997493 INFO Epoch 35/300, all_loss:0.83365 cls_loss:1.36841 rec_loss:40.05535 [46.70s]; best loss:0.12492, patience : 1
2026-04-12 21:40:58,731 P3997493 INFO pr:0.9633  rc:0.9244  auc:0.9806 ap:0.9748 f1: 0.9434 pred_right: 38619 pred_wrong:381 actu_right: 38603 actu_wrong: 397
2026-04-12 21:40:59,773 P3997493 INFO pr:0.9474  rc:0.9767  auc:0.9937 ap:0.9852 f1: 0.9618 pred_right: 16367 pred_wrong:133 actu_right: 16371 actu_wrong: 129
2026-04-12 21:40:59,773 P3997493 INFO ----------------------------------------------------------------------------------------------------
2026-04-12 21:40:59,773 P3997493 INFO 36/300 starting... lr: 0.001 para:0.027027027681469917
2026-04-12 21:41:46,299 P3997493 INFO Epoch 36/300, all_loss:1.28616 cls_loss:1.86210 rec_loss:40.10002 [46.52s]; best loss:0.12492, patience : 2
2026-04-12 21:41:48,634 P3997493 INFO pr:0.9699  rc:0.8917  auc:0.9601 ap:0.9607 f1: 0.9291 pred_right: 38635 pred_wrong:365 actu_right: 38603 actu_wrong: 397
2026-04-12 21:41:49,590 P3997493 INFO pr:0.9615  rc:0.9690  auc:0.9881 ap:0.9806 f1: 0.9653 pred_right: 16370 pred_wrong:130 actu_right: 16371 actu_wrong: 129
2026-04-12 21:41:49,590 P3997493 INFO ----------------------------------------------------------------------------------------------------
2026-04-12 21:41:49,590 P3997493 INFO 37/300 starting... lr: 0.001 para:0.02631578966975212
2026-04-12 21:42:36,241 P3997493 INFO Epoch 37/300, all_loss:3.36667 cls_loss:4.02882 rec_loss:40.02385 [46.65s]; best loss:0.12492, patience : 3
2026-04-12 21:42:38,642 P3997493 INFO pr:0.9250  rc:0.9320  auc:0.9848 ap:0.9543 f1: 0.9285 pred_right: 38600 pred_wrong:400 actu_right: 38603 actu_wrong: 397
2026-04-12 21:42:39,672 P3997493 INFO pr:0.9000  rc:0.9767  auc:0.9995 ap:0.9580 f1: 0.9368 pred_right: 16360 pred_wrong:140 actu_right: 16371 actu_wrong: 129
2026-04-12 21:42:39,672 P3997493 INFO ----------------------------------------------------------------------------------------------------
2026-04-12 21:42:39,672 P3997493 INFO 38/300 starting... lr: 0.001 para:0.025641025975346565
2026-04-12 21:43:26,169 P3997493 INFO Epoch 38/300, all_loss:1.57579 cls_loss:2.21523 rec_loss:40.04340 [46.50s]; best loss:0.12492, patience : 3
2026-04-12 21:43:28,504 P3997493 INFO pr:0.9734  rc:0.9242  auc:0.9791 ap:0.9785 f1: 0.9482 pred_right: 38624 pred_wrong:376 actu_right: 38604 actu_wrong: 396
2026-04-12 21:43:29,459 P3997493 INFO pr:0.9690  rc:0.9690  auc:0.9882 ap:0.9866 f1: 0.9690 pred_right: 16371 pred_wrong:129 actu_right: 16371 actu_wrong: 129
2026-04-12 21:43:29,469 P3997493 INFO ----------------------------------------------------------------------------------------------------
2026-04-12 21:43:29,469 P3997493 INFO 39/300 starting... lr: 0.001 para:0.02500000037252903
2026-04-12 21:44:16,150 P3997493 INFO Epoch 39/300, all_loss:0.18866 cls_loss:0.81810 rec_loss:40.01585 [46.68s]; best loss:0.12492, patience : 3
2026-04-12 21:44:18,577 P3997493 INFO pr:0.9764  rc:0.9370  auc:0.9800 ap:0.9778 f1: 0.9563 pred_right: 38619 pred_wrong:381 actu_right: 38603 actu_wrong: 397
2026-04-12 21:44:19,619 P3997493 INFO pr:0.9618  rc:0.9767  auc:0.9879 ap:0.9830 f1: 0.9692 pred_right: 16369 pred_wrong:131 actu_right: 16371 actu_wrong: 129
2026-04-12 21:44:19,628 P3997493 INFO ----------------------------------------------------------------------------------------------------
2026-04-12 21:44:19,629 P3997493 INFO 40/300 starting... lr: 0.001 para:0.024390242993831635
2026-04-12 21:45:06,107 P3997493 INFO Epoch 40/300, all_loss:1.51347 cls_loss:2.20063 rec_loss:40.01157 [46.48s]; best loss:0.12492, patience : 4
2026-04-12 21:45:08,445 P3997493 INFO pr:0.9890  rc:0.9018  auc:0.9771 ap:0.9788 f1: 0.9433 pred_right: 38638 pred_wrong:362 actu_right: 38603 actu_wrong: 397
2026-04-12 21:45:09,399 P3997493 INFO pr:0.9680  rc:0.9380  auc:0.9882 ap:0.9832 f1: 0.9528 pred_right: 16375 pred_wrong:125 actu_right: 16371 actu_wrong: 129
2026-04-12 21:45:09,399 P3997493 INFO ----------------------------------------------------------------------------------------------------
2026-04-12 21:45:09,399 P3997493 INFO 41/300 starting... lr: 0.001 para:0.02380952425301075
2026-04-12 21:45:55,916 P3997493 INFO Epoch 41/300, all_loss:1.02105 cls_loss:1.71920 rec_loss:39.99101 [46.52s]; best loss:0.12492, patience : 4
2026-04-12 21:45:58,406 P3997493 INFO pr:0.9662  rc:0.9370  auc:0.9854 ap:0.9688 f1: 0.9514 pred_right: 38615 pred_wrong:385 actu_right: 38603 actu_wrong: 397
2026-04-12 21:45:59,525 P3997493 INFO pr:0.9259  rc:0.9690  auc:0.9938 ap:0.9624 f1: 0.9470 pred_right: 16365 pred_wrong:135 actu_right: 16371 actu_wrong: 129
2026-04-12 21:45:59,526 P3997493 INFO ----------------------------------------------------------------------------------------------------
2026-04-12 21:45:59,526 P3997493 INFO 42/300 starting... lr: 0.001 para:0.023255813866853714
2026-04-12 21:46:45,895 P3997493 INFO Epoch 42/300, all_loss:0.02796 cls_loss:0.72311 rec_loss:40.03498 [46.34s]; best loss:0.02796, patience : 0
2026-04-12 21:46:48,224 P3997493 INFO pr:0.9197  rc:0.9521  auc:0.9901 ap:0.9807 f1: 0.9356 pred_right: 38589 pred_wrong:411 actu_right: 38603 actu_wrong: 397
2026-04-12 21:46:49,166 P3997493 INFO pr:0.8958  rc:1.0000  auc:0.9998 ap:0.9814 f1: 0.9451 pred_right: 16356 pred_wrong:144 actu_right: 16371 actu_wrong: 129
2026-04-12 21:46:49,166 P3997493 INFO ----------------------------------------------------------------------------------------------------
2026-04-12 21:46:49,167 P3997493 INFO 43/300 starting... lr: 0.001 para:0.022727273404598236
2026-04-12 21:47:35,496 P3997493 INFO Epoch 43/300, all_loss:0.02131 cls_loss:0.73905 rec_loss:39.97098 [46.30s]; best loss:0.02131, patience : 0
2026-04-12 21:47:37,917 P3997493 INFO pr:0.9560  rc:0.9295  auc:0.9831 ap:0.9737 f1: 0.9425 pred_right: 38614 pred_wrong:386 actu_right: 38603 actu_wrong: 397
2026-04-12 21:47:38,863 P3997493 INFO pr:0.9389  rc:0.9535  auc:0.9996 ap:0.9811 f1: 0.9462 pred_right: 16369 pred_wrong:131 actu_right: 16371 actu_wrong: 129
2026-04-12 21:47:38,863 P3997493 INFO ----------------------------------------------------------------------------------------------------
2026-04-12 21:47:38,863 P3997493 INFO 44/300 starting... lr: 0.001 para:0.02222222276031971
2026-04-12 21:48:25,289 P3997493 INFO Epoch 44/300, all_loss:0.37498 cls_loss:1.12789 rec_loss:39.66922 [46.42s]; best loss:0.02131, patience : 1
2026-04-12 21:48:27,593 P3997493 INFO pr:0.9661  rc:0.9345  auc:0.9829 ap:0.9754 f1: 0.9501 pred_right: 38616 pred_wrong:384 actu_right: 38603 actu_wrong: 397
2026-04-12 21:48:28,620 P3997493 INFO pr:0.9478  rc:0.9845  auc:0.9998 ap:0.9777 f1: 0.9658 pred_right: 16366 pred_wrong:134 actu_right: 16371 actu_wrong: 129
2026-04-12 21:48:28,620 P3997493 INFO ----------------------------------------------------------------------------------------------------
2026-04-12 21:48:28,620 P3997493 INFO 45/300 starting... lr: 0.001 para:0.021739130839705467
2026-04-12 21:49:14,913 P3997493 INFO Epoch 45/300, all_loss:0.63445 cls_loss:1.40519 rec_loss:39.98313 [46.29s]; best loss:0.02131, patience : 2
2026-04-12 21:49:17,245 P3997493 INFO pr:0.9918  rc:0.9217  auc:0.9781 ap:0.9781 f1: 0.9555 pred_right: 38632 pred_wrong:368 actu_right: 38604 actu_wrong: 396
2026-04-12 21:49:18,186 P3997493 INFO pr:0.9690  rc:0.9690  auc:0.9884 ap:0.9801 f1: 0.9690 pred_right: 16371 pred_wrong:129 actu_right: 16371 actu_wrong: 129
2026-04-12 21:49:18,187 P3997493 INFO ----------------------------------------------------------------------------------------------------
2026-04-12 21:49:18,187 P3997493 INFO 46/300 starting... lr: 0.001 para:0.021276595070958138
2026-04-12 21:50:04,612 P3997493 INFO Epoch 46/300, all_loss:0.69180 cls_loss:1.48139 rec_loss:40.01113 [46.42s]; best loss:0.02131, patience : 3
2026-04-12 21:50:06,907 P3997493 INFO pr:0.9893  rc:0.9295  auc:0.9786 ap:0.9777 f1: 0.9584 pred_right: 38627 pred_wrong:373 actu_right: 38603 actu_wrong: 397
2026-04-12 21:50:07,929 P3997493 INFO pr:0.9688  rc:0.9612  auc:0.9938 ap:0.9808 f1: 0.9650 pred_right: 16372 pred_wrong:128 actu_right: 16371 actu_wrong: 129
2026-04-12 21:50:07,939 P3997493 INFO ----------------------------------------------------------------------------------------------------
2026-04-12 21:50:07,939 P3997493 INFO 47/300 starting... lr: 0.001 para:0.02083333395421505
2026-04-12 21:50:54,243 P3997493 INFO Epoch 47/300, all_loss:-0.02551 cls_loss:0.76656 rec_loss:39.99682 [46.28s]; best loss:-0.02551, patience : 0
2026-04-12 21:50:56,527 P3997493 INFO pr:0.9763  rc:0.9343  auc:0.9790 ap:0.9775 f1: 0.9548 pred_right: 38621 pred_wrong:379 actu_right: 38604 actu_wrong: 396
2026-04-12 21:50:57,465 P3997493 INFO pr:0.9615  rc:0.9690  auc:0.9882 ap:0.9785 f1: 0.9653 pred_right: 16370 pred_wrong:130 actu_right: 16371 actu_wrong: 129
2026-04-12 21:50:57,465 P3997493 INFO ----------------------------------------------------------------------------------------------------
2026-04-12 21:50:57,465 P3997493 INFO 48/300 starting... lr: 0.001 para:0.020408162847161293
2026-04-12 21:51:43,843 P3997493 INFO Epoch 48/300, all_loss:1.32642 cls_loss:2.16390 rec_loss:39.98676 [46.38s]; best loss:-0.02551, patience : 1
2026-04-12 21:51:46,201 P3997493 INFO pr:0.9730  rc:0.9116  auc:0.9855 ap:0.9720 f1: 0.9413 pred_right: 38629 pred_wrong:371 actu_right: 38604 actu_wrong: 396
2026-04-12 21:51:47,228 P3997493 INFO pr:0.9370  rc:0.9225  auc:0.9933 ap:0.9613 f1: 0.9297 pred_right: 16373 pred_wrong:127 actu_right: 16371 actu_wrong: 129
2026-04-12 21:51:47,229 P3997493 INFO ----------------------------------------------------------------------------------------------------
2026-04-12 21:51:47,229 P3997493 INFO 49/300 starting... lr: 0.001 para:0.019999999552965164
2026-04-12 21:52:33,513 P3997493 INFO Epoch 49/300, all_loss:-0.24464 cls_loss:0.57429 rec_loss:40.09678 [46.26s]; best loss:-0.24464, patience : 0
2026-04-12 21:52:35,779 P3997493 INFO pr:0.9447  rc:0.9471  auc:0.9931 ap:0.9787 f1: 0.9459 pred_right: 38602 pred_wrong:398 actu_right: 38603 actu_wrong: 397
2026-04-12 21:52:36,713 P3997493 INFO pr:0.9407  rc:0.9845  auc:0.9939 ap:0.9718 f1: 0.9621 pred_right: 16365 pred_wrong:135 actu_right: 16371 actu_wrong: 129
2026-04-12 21:52:36,713 P3997493 INFO ----------------------------------------------------------------------------------------------------
2026-04-12 21:52:36,713 P3997493 INFO 50/300 starting... lr: 0.001 para:0.019607843831181526
2026-04-12 21:53:23,000 P3997493 INFO Epoch 50/300, all_loss:0.55513 cls_loss:1.40729 rec_loss:40.02459 [46.29s]; best loss:-0.24464, patience : 1
2026-04-12 21:53:25,364 P3997493 INFO pr:0.9780  rc:0.8965  auc:0.9587 ap:0.9601 f1: 0.9354 pred_right: 38637 pred_wrong:363 actu_right: 38604 actu_wrong: 396
2026-04-12 21:53:26,388 P3997493 INFO pr:0.9474  rc:0.9767  auc:0.9879 ap:0.9845 f1: 0.9618 pred_right: 16367 pred_wrong:133 actu_right: 16371 actu_wrong: 129
2026-04-12 21:53:26,388 P3997493 INFO ----------------------------------------------------------------------------------------------------
2026-04-12 21:53:26,388 P3997493 INFO 51/300 starting... lr: 0.001 para:0.01923076994717121
2026-04-12 21:54:12,719 P3997493 INFO Epoch 51/300, all_loss:1.17060 cls_loss:2.04942 rec_loss:40.03853 [46.33s]; best loss:-0.24464, patience : 2
2026-04-12 21:54:15,014 P3997493 INFO pr:0.9732  rc:0.9167  auc:0.9795 ap:0.9762 f1: 0.9441 pred_right: 38627 pred_wrong:373 actu_right: 38604 actu_wrong: 396
2026-04-12 21:54:15,951 P3997493 INFO pr:0.9318  rc:0.9535  auc:0.9880 ap:0.9752 f1: 0.9425 pred_right: 16368 pred_wrong:132 actu_right: 16371 actu_wrong: 129
2026-04-12 21:54:15,951 P3997493 INFO ----------------------------------------------------------------------------------------------------
2026-04-12 21:54:15,951 P3997493 INFO 52/300 starting... lr: 0.001 para:0.01886792480945587
2026-04-12 21:55:02,389 P3997493 INFO Epoch 52/300, all_loss:0.38874 cls_loss:1.26806 rec_loss:39.96024 [46.44s]; best loss:-0.24464, patience : 2
2026-04-12 21:55:04,737 P3997493 INFO pr:0.9787  rc:0.9270  auc:0.9841 ap:0.9797 f1: 0.9521 pred_right: 38624 pred_wrong:376 actu_right: 38603 actu_wrong: 397
2026-04-12 21:55:05,780 P3997493 INFO pr:0.9545  rc:0.9767  auc:0.9940 ap:0.9805 f1: 0.9655 pred_right: 16368 pred_wrong:132 actu_right: 16371 actu_wrong: 129
2026-04-12 21:55:05,781 P3997493 INFO ----------------------------------------------------------------------------------------------------
2026-04-12 21:55:05,781 P3997493 INFO 53/300 starting... lr: 0.001 para:0.018518518656492233
2026-04-12 21:55:52,182 P3997493 INFO Epoch 53/300, all_loss:0.89377 cls_loss:1.79565 rec_loss:40.00056 [46.40s]; best loss:-0.24464, patience : 3
2026-04-12 21:55:54,497 P3997493 INFO pr:0.9588  rc:0.9370  auc:0.9857 ap:0.9799 f1: 0.9478 pred_right: 38612 pred_wrong:388 actu_right: 38603 actu_wrong: 397
2026-04-12 21:55:55,448 P3997493 INFO pr:0.9542  rc:0.9690  auc:0.9880 ap:0.9796 f1: 0.9615 pred_right: 16369 pred_wrong:131 actu_right: 16371 actu_wrong: 129
2026-04-12 21:55:55,448 P3997493 INFO ----------------------------------------------------------------------------------------------------
2026-04-12 21:55:55,448 P3997493 INFO 54/300 starting... lr: 0.001 para:0.0181818176060915
2026-04-12 21:56:41,878 P3997493 INFO Epoch 54/300, all_loss:0.15771 cls_loss:1.05897 rec_loss:40.00332 [46.43s]; best loss:-0.24464, patience : 3
2026-04-12 21:56:44,186 P3997493 INFO pr:0.9778  rc:0.8914  auc:0.9634 ap:0.9643 f1: 0.9326 pred_right: 38639 pred_wrong:361 actu_right: 38604 actu_wrong: 396
2026-04-12 21:56:45,201 P3997493 INFO pr:0.9528  rc:0.9380  auc:0.9882 ap:0.9740 f1: 0.9453 pred_right: 16373 pred_wrong:127 actu_right: 16371 actu_wrong: 129
2026-04-12 21:56:45,202 P3997493 INFO ----------------------------------------------------------------------------------------------------
2026-04-12 21:56:45,202 P3997493 INFO 55/300 starting... lr: 0.001 para:0.01785714365541935
2026-04-12 21:57:31,545 P3997493 INFO Epoch 55/300, all_loss:0.49657 cls_loss:1.41760 rec_loss:39.96216 [46.34s]; best loss:-0.24464, patience : 4
2026-04-12 21:57:33,835 P3997493 INFO pr:0.9790  rc:0.8237  auc:0.9628 ap:0.9511 f1: 0.8947 pred_right: 38666 pred_wrong:334 actu_right: 38603 actu_wrong: 397
2026-04-12 21:57:34,774 P3997493 INFO pr:0.9558  rc:0.8372  auc:0.9910 ap:0.9567 f1: 0.8926 pred_right: 16387 pred_wrong:113 actu_right: 16371 actu_wrong: 129
2026-04-12 21:57:34,774 P3997493 INFO ----------------------------------------------------------------------------------------------------
2026-04-12 21:57:34,774 P3997493 INFO 56/300 starting... lr: 0.001 para:0.017543859779834747
2026-04-12 21:58:21,114 P3997493 INFO Epoch 56/300, all_loss:0.25152 cls_loss:1.17988 rec_loss:39.99693 [46.34s]; best loss:-0.24464, patience : 4
2026-04-12 21:58:23,408 P3997493 INFO pr:0.9470  rc:0.9470  auc:0.9891 ap:0.9736 f1: 0.9470 pred_right: 38604 pred_wrong:396 actu_right: 38604 actu_wrong: 396
2026-04-12 21:58:24,439 P3997493 INFO pr:0.9203  rc:0.9845  auc:0.9996 ap:0.9635 f1: 0.9513 pred_right: 16362 pred_wrong:138 actu_right: 16371 actu_wrong: 129
2026-04-12 21:58:24,440 P3997493 INFO ----------------------------------------------------------------------------------------------------
2026-04-12 21:58:24,440 P3997493 INFO 57/300 starting... lr: 0.001 para:0.017241379246115685
2026-04-12 21:59:10,789 P3997493 INFO Epoch 57/300, all_loss:41.63877 cls_loss:43.30532 rec_loss:39.98888 [46.35s]; best loss:-0.24464, patience : 5
2026-04-12 21:59:13,120 P3997493 INFO pr:0.9757  rc:0.9116  auc:0.9802 ap:0.9721 f1: 0.9426 pred_right: 38630 pred_wrong:370 actu_right: 38604 actu_wrong: 396
2026-04-12 21:59:14,061 P3997493 INFO pr:0.9612  rc:0.9612  auc:0.9939 ap:0.9797 f1: 0.9612 pred_right: 16371 pred_wrong:129 actu_right: 16371 actu_wrong: 129
2026-04-12 21:59:14,062 P3997493 INFO ----------------------------------------------------------------------------------------------------
2026-04-12 21:59:14,062 P3997493 INFO 58/300 starting... lr: 0.001 para:0.016949152573943138
2026-04-12 22:00:00,467 P3997493 INFO Epoch 58/300, all_loss:0.39816 cls_loss:1.35369 rec_loss:39.93103 [46.40s]; best loss:-0.24464, patience : 5
2026-04-12 22:00:02,773 P3997493 INFO pr:0.9365  rc:0.9295  auc:0.9842 ap:0.9656 f1: 0.9330 pred_right: 38606 pred_wrong:394 actu_right: 38603 actu_wrong: 397
2026-04-12 22:00:03,709 P3997493 INFO pr:0.9403  rc:0.9767  auc:0.9997 ap:0.9675 f1: 0.9582 pred_right: 16366 pred_wrong:134 actu_right: 16371 actu_wrong: 129
2026-04-12 22:00:03,709 P3997493 INFO ----------------------------------------------------------------------------------------------------
2026-04-12 22:00:03,709 P3997493 INFO 59/300 starting... lr: 0.001 para:0.01666666753590107
2026-04-12 22:00:49,960 P3997493 INFO Epoch 59/300, all_loss:1.14187 cls_loss:2.12083 rec_loss:39.94495 [46.25s]; best loss:-0.24464, patience : 6
2026-04-12 22:00:52,246 P3997493 INFO pr:0.9727  rc:0.8990  auc:0.9769 ap:0.9729 f1: 0.9344 pred_right: 38634 pred_wrong:366 actu_right: 38604 actu_wrong: 396
2026-04-12 22:00:53,182 P3997493 INFO pr:0.9389  rc:0.9535  auc:0.9998 ap:0.9779 f1: 0.9462 pred_right: 16369 pred_wrong:131 actu_right: 16371 actu_wrong: 129
2026-04-12 22:00:53,182 P3997493 INFO ----------------------------------------------------------------------------------------------------
2026-04-12 22:00:53,182 P3997493 INFO 60/300 starting... lr: 0.001 para:0.016393441706895828
2026-04-12 22:01:39,479 P3997493 INFO Epoch 60/300, all_loss:1.57298 cls_loss:2.56956 rec_loss:39.94874 [46.30s]; best loss:-0.24464, patience : 7
2026-04-12 22:01:41,769 P3997493 INFO pr:0.9654  rc:0.9167  auc:0.9701 ap:0.9667 f1: 0.9404 pred_right: 38624 pred_wrong:376 actu_right: 38604 actu_wrong: 396
2026-04-12 22:01:42,710 P3997493 INFO pr:0.9470  rc:0.9690  auc:0.9938 ap:0.9717 f1: 0.9579 pred_right: 16368 pred_wrong:132 actu_right: 16371 actu_wrong: 129
2026-04-12 22:01:42,711 P3997493 INFO ----------------------------------------------------------------------------------------------------
2026-04-12 22:01:42,711 P3997493 INFO 61/300 starting... lr: 0.001 para:0.016129031777381897
2026-04-12 22:02:29,085 P3997493 INFO Epoch 61/300, all_loss:0.03767 cls_loss:1.01899 rec_loss:39.95723 [46.37s]; best loss:-0.24464, patience : 7
2026-04-12 22:02:31,378 P3997493 INFO pr:0.9365  rc:0.9295  auc:0.9866 ap:0.9602 f1: 0.9330 pred_right: 38606 pred_wrong:394 actu_right: 38603 actu_wrong: 397
2026-04-12 22:02:32,313 P3997493 INFO pr:0.9044  rc:0.9535  auc:0.9994 ap:0.9548 f1: 0.9283 pred_right: 16364 pred_wrong:136 actu_right: 16371 actu_wrong: 129
2026-04-12 22:02:32,313 P3997493 INFO ----------------------------------------------------------------------------------------------------
2026-04-12 22:02:32,313 P3997493 INFO 62/300 starting... lr: 0.001 para:0.01587301678955555
2026-04-12 22:03:18,579 P3997493 INFO Epoch 62/300, all_loss:-0.26608 cls_loss:0.71975 rec_loss:40.00196 [46.24s]; best loss:-0.26608, patience : 0
2026-04-12 22:03:20,855 P3997493 INFO pr:0.9707  rc:0.9215  auc:0.9838 ap:0.9770 f1: 0.9455 pred_right: 38625 pred_wrong:375 actu_right: 38605 actu_wrong: 395
2026-04-12 22:03:21,791 P3997493 INFO pr:0.9385  rc:0.9457  auc:0.9971 ap:0.9702 f1: 0.9421 pred_right: 16370 pred_wrong:130 actu_right: 16371 actu_wrong: 129
2026-04-12 22:03:21,792 P3997493 INFO ----------------------------------------------------------------------------------------------------
2026-04-12 22:03:21,792 P3997493 INFO 63/300 starting... lr: 0.001 para:0.015625
2026-04-12 22:04:07,904 P3997493 INFO Epoch 63/300, all_loss:0.29820 cls_loss:1.30351 rec_loss:39.96384 [46.11s]; best loss:-0.26608, patience : 1
2026-04-12 22:04:10,189 P3997493 INFO pr:0.9681  rc:0.9169  auc:0.9710 ap:0.9679 f1: 0.9418 pred_right: 38624 pred_wrong:376 actu_right: 38603 actu_wrong: 397
2026-04-12 22:04:11,120 P3997493 INFO pr:0.9466  rc:0.9612  auc:0.9938 ap:0.9726 f1: 0.9538 pred_right: 16369 pred_wrong:131 actu_right: 16371 actu_wrong: 129
2026-04-12 22:04:11,120 P3997493 INFO ----------------------------------------------------------------------------------------------------
2026-04-12 22:04:11,120 P3997493 INFO 64/300 starting... lr: 0.001 para:0.015384615398943424
2026-04-12 22:04:57,385 P3997493 INFO Epoch 64/300, all_loss:1.31041 cls_loss:2.34155 rec_loss:39.92548 [46.26s]; best loss:-0.26608, patience : 2
2026-04-12 22:04:59,670 P3997493 INFO pr:0.9677  rc:0.9043  auc:0.9716 ap:0.9666 f1: 0.9349 pred_right: 38629 pred_wrong:371 actu_right: 38603 actu_wrong: 397
2026-04-12 22:05:00,600 P3997493 INFO pr:0.9470  rc:0.9690  auc:0.9880 ap:0.9736 f1: 0.9579 pred_right: 16368 pred_wrong:132 actu_right: 16371 actu_wrong: 129
2026-04-12 22:05:00,601 P3997493 INFO ----------------------------------------------------------------------------------------------------
2026-04-12 22:05:00,601 P3997493 INFO 65/300 starting... lr: 0.001 para:0.01515151560306549
2026-04-12 22:05:46,899 P3997493 INFO Epoch 65/300, all_loss:0.35403 cls_loss:1.37915 rec_loss:39.94002 [46.30s]; best loss:-0.26608, patience : 2
2026-04-12 22:05:49,179 P3997493 INFO pr:0.9704  rc:0.9093  auc:0.9720 ap:0.9674 f1: 0.9389 pred_right: 38628 pred_wrong:372 actu_right: 38603 actu_wrong: 397
2026-04-12 22:05:50,113 P3997493 INFO pr:0.9474  rc:0.9767  auc:0.9881 ap:0.9715 f1: 0.9618 pred_right: 16367 pred_wrong:133 actu_right: 16371 actu_wrong: 129
2026-04-12 22:05:50,113 P3997493 INFO ----------------------------------------------------------------------------------------------------
2026-04-12 22:05:50,113 P3997493 INFO 66/300 starting... lr: 0.001 para:0.014925372786819935
2026-04-12 22:06:36,301 P3997493 INFO Epoch 66/300, all_loss:0.17832 cls_loss:1.20908 rec_loss:39.97653 [46.19s]; best loss:-0.26608, patience : 2
2026-04-12 22:06:38,576 P3997493 INFO pr:0.9605  rc:0.9241  auc:0.9803 ap:0.9722 f1: 0.9419 pred_right: 38620 pred_wrong:380 actu_right: 38605 actu_wrong: 395
2026-04-12 22:06:39,505 P3997493 INFO pr:0.9323  rc:0.9612  auc:0.9939 ap:0.9695 f1: 0.9466 pred_right: 16367 pred_wrong:133 actu_right: 16371 actu_wrong: 129
2026-04-12 22:06:39,505 P3997493 INFO ----------------------------------------------------------------------------------------------------
2026-04-12 22:06:39,505 P3997493 INFO 67/300 starting... lr: 0.001 para:0.014705882407724857
2026-04-12 22:07:25,685 P3997493 INFO Epoch 67/300, all_loss:1.05235 cls_loss:2.10499 rec_loss:39.96215 [46.18s]; best loss:-0.26608, patience : 3
2026-04-12 22:07:27,963 P3997493 INFO pr:0.9708  rc:0.9266  auc:0.9829 ap:0.9755 f1: 0.9482 pred_right: 38623 pred_wrong:377 actu_right: 38605 actu_wrong: 395
2026-04-12 22:07:28,894 P3997493 INFO pr:0.9328  rc:0.9690  auc:0.9939 ap:0.9749 f1: 0.9506 pred_right: 16366 pred_wrong:134 actu_right: 16371 actu_wrong: 129
2026-04-12 22:07:28,895 P3997493 INFO ----------------------------------------------------------------------------------------------------
2026-04-12 22:07:28,895 P3997493 INFO 68/300 starting... lr: 0.001 para:0.014492753893136978
2026-04-12 22:08:15,146 P3997493 INFO Epoch 68/300, all_loss:-0.21643 cls_loss:0.82580 rec_loss:39.95866 [46.25s]; best loss:-0.26608, patience : 3
2026-04-12 22:08:17,417 P3997493 INFO pr:0.9734  rc:0.9219  auc:0.9776 ap:0.9654 f1: 0.9470 pred_right: 38624 pred_wrong:376 actu_right: 38603 actu_wrong: 397
2026-04-12 22:08:18,358 P3997493 INFO pr:0.9318  rc:0.9535  auc:0.9939 ap:0.9698 f1: 0.9425 pred_right: 16368 pred_wrong:132 actu_right: 16371 actu_wrong: 129
2026-04-12 22:08:18,358 P3997493 INFO ----------------------------------------------------------------------------------------------------
2026-04-12 22:08:18,358 P3997493 INFO 69/300 starting... lr: 0.001 para:0.014285714365541935
2026-04-12 22:09:04,507 P3997493 INFO Epoch 69/300, all_loss:0.37273 cls_loss:1.43204 rec_loss:39.93675 [46.15s]; best loss:-0.26608, patience : 4
2026-04-12 22:09:06,832 P3997493 INFO pr:0.9780  rc:0.8942  auc:0.9738 ap:0.9685 f1: 0.9342 pred_right: 38637 pred_wrong:363 actu_right: 38603 actu_wrong: 397
2026-04-12 22:09:07,773 P3997493 INFO pr:0.9531  rc:0.9457  auc:0.9862 ap:0.9679 f1: 0.9494 pred_right: 16372 pred_wrong:128 actu_right: 16371 actu_wrong: 129
2026-04-12 22:09:07,773 P3997493 INFO ----------------------------------------------------------------------------------------------------
2026-04-12 22:09:07,773 P3997493 INFO 70/300 starting... lr: 0.001 para:0.014084506779909134
2026-04-12 22:09:54,020 P3997493 INFO Epoch 70/300, all_loss:-0.07380 cls_loss:0.98712 rec_loss:39.92704 [46.25s]; best loss:-0.26608, patience : 4
2026-04-12 22:09:56,289 P3997493 INFO pr:0.9677  rc:0.9043  auc:0.9798 ap:0.9680 f1: 0.9349 pred_right: 38629 pred_wrong:371 actu_right: 38603 actu_wrong: 397
2026-04-12 22:09:57,222 P3997493 INFO pr:0.9313  rc:0.9457  auc:0.9917 ap:0.9690 f1: 0.9385 pred_right: 16369 pred_wrong:131 actu_right: 16371 actu_wrong: 129
2026-04-12 22:09:57,222 P3997493 INFO ----------------------------------------------------------------------------------------------------
2026-04-12 22:09:57,223 P3997493 INFO 71/300 starting... lr: 0.001 para:0.013888888992369175
2026-04-12 22:10:43,401 P3997493 INFO Epoch 71/300, all_loss:-0.37536 cls_loss:0.68852 rec_loss:39.96400 [46.15s]; best loss:-0.37536, patience : 0
2026-04-12 22:10:45,688 P3997493 INFO pr:0.9760  rc:0.9219  auc:0.9740 ap:0.9692 f1: 0.9482 pred_right: 38625 pred_wrong:375 actu_right: 38603 actu_wrong: 397
2026-04-12 22:10:46,631 P3997493 INFO pr:0.9328  rc:0.9690  auc:0.9861 ap:0.9713 f1: 0.9506 pred_right: 16366 pred_wrong:134 actu_right: 16371 actu_wrong: 129
2026-04-12 22:10:46,632 P3997493 INFO ----------------------------------------------------------------------------------------------------
2026-04-12 22:10:46,632 P3997493 INFO 72/300 starting... lr: 0.001 para:0.013698630034923553
2026-04-12 22:11:32,977 P3997493 INFO Epoch 72/300, all_loss:0.34361 cls_loss:1.42484 rec_loss:39.97884 [46.34s]; best loss:-0.37536, patience : 1
2026-04-12 22:11:35,244 P3997493 INFO pr:0.9537  rc:0.9345  auc:0.9779 ap:0.9711 f1: 0.9440 pred_right: 38611 pred_wrong:389 actu_right: 38603 actu_wrong: 397
2026-04-12 22:11:36,175 P3997493 INFO pr:0.9398  rc:0.9690  auc:0.9860 ap:0.9643 f1: 0.9542 pred_right: 16367 pred_wrong:133 actu_right: 16371 actu_wrong: 129
2026-04-12 22:11:36,175 P3997493 INFO ----------------------------------------------------------------------------------------------------
2026-04-12 22:11:36,175 P3997493 INFO 73/300 starting... lr: 0.001 para:0.013513513840734959
2026-04-12 22:12:22,330 P3997493 INFO Epoch 73/300, all_loss:0.21886 cls_loss:1.30604 rec_loss:39.94864 [46.15s]; best loss:-0.37536, patience : 1
2026-04-12 22:12:24,695 P3997493 INFO pr:0.9730  rc:0.9068  auc:0.9702 ap:0.9636 f1: 0.9387 pred_right: 38630 pred_wrong:370 actu_right: 38603 actu_wrong: 397
2026-04-12 22:12:25,642 P3997493 INFO pr:0.9242  rc:0.9457  auc:0.9864 ap:0.9736 f1: 0.9349 pred_right: 16368 pred_wrong:132 actu_right: 16371 actu_wrong: 129
2026-04-12 22:12:25,642 P3997493 INFO ----------------------------------------------------------------------------------------------------
2026-04-12 22:12:25,642 P3997493 INFO 74/300 starting... lr: 0.001 para:0.013333333656191826
2026-04-12 22:13:11,994 P3997493 INFO Epoch 74/300, all_loss:0.09162 cls_loss:1.18426 rec_loss:39.93983 [46.35s]; best loss:-0.37536, patience : 1
2026-04-12 22:13:14,285 P3997493 INFO pr:0.9832  rc:0.8866  auc:0.9682 ap:0.9675 f1: 0.9325 pred_right: 38642 pred_wrong:358 actu_right: 38603 actu_wrong: 397
2026-04-12 22:13:15,224 P3997493 INFO pr:0.9426  rc:0.8915  auc:0.9842 ap:0.9729 f1: 0.9163 pred_right: 16378 pred_wrong:122 actu_right: 16371 actu_wrong: 129
2026-04-12 22:13:15,224 P3997493 INFO ----------------------------------------------------------------------------------------------------
2026-04-12 22:13:15,224 P3997493 INFO 75/300 starting... lr: 0.001 para:0.01315789483487606
2026-04-12 22:14:01,434 P3997493 INFO Epoch 75/300, all_loss:0.15501 cls_loss:1.25557 rec_loss:39.92576 [46.21s]; best loss:-0.37536, patience : 2
2026-04-12 22:14:03,707 P3997493 INFO pr:0.9685  rc:0.9318  auc:0.9785 ap:0.9709 f1: 0.9498 pred_right: 38619 pred_wrong:381 actu_right: 38604 actu_wrong: 396
2026-04-12 22:14:04,645 P3997493 INFO pr:0.9394  rc:0.9612  auc:0.9882 ap:0.9698 f1: 0.9502 pred_right: 16368 pred_wrong:132 actu_right: 16371 actu_wrong: 129
2026-04-12 22:14:04,645 P3997493 INFO ----------------------------------------------------------------------------------------------------
2026-04-12 22:14:04,645 P3997493 INFO 76/300 starting... lr: 0.001 para:0.012987012974917889
2026-04-12 22:14:50,972 P3997493 INFO Epoch 76/300, all_loss:0.23281 cls_loss:1.34114 rec_loss:39.92064 [46.33s]; best loss:-0.37536, patience : 3
2026-04-12 22:14:53,241 P3997493 INFO pr:0.9755  rc:0.9018  auc:0.9813 ap:0.9701 f1: 0.9372 pred_right: 38633 pred_wrong:367 actu_right: 38603 actu_wrong: 397
2026-04-12 22:14:54,179 P3997493 INFO pr:0.9389  rc:0.9535  auc:0.9997 ap:0.9726 f1: 0.9462 pred_right: 16369 pred_wrong:131 actu_right: 16371 actu_wrong: 129
2026-04-12 22:14:54,180 P3997493 INFO ----------------------------------------------------------------------------------------------------
2026-04-12 22:14:54,180 P3997493 INFO 77/300 starting... lr: 0.001 para:0.012820512987673283
2026-04-12 22:15:39,981 P3997493 INFO Epoch 77/300, all_loss:-0.23115 cls_loss:0.87696 rec_loss:39.97561 [45.80s]; best loss:-0.37536, patience : 3
2026-04-12 22:15:42,276 P3997493 INFO pr:0.9536  rc:0.9343  auc:0.9805 ap:0.9676 f1: 0.9439 pred_right: 38612 pred_wrong:388 actu_right: 38604 actu_wrong: 396
2026-04-12 22:15:43,215 P3997493 INFO pr:0.9197  rc:0.9767  auc:0.9919 ap:0.9623 f1: 0.9474 pred_right: 16363 pred_wrong:137 actu_right: 16371 actu_wrong: 129
2026-04-12 22:15:43,216 P3997493 INFO ----------------------------------------------------------------------------------------------------
2026-04-12 22:15:43,216 P3997493 INFO 78/300 starting... lr: 0.001 para:0.012658228166401386
2026-04-12 22:16:29,196 P3997493 INFO Epoch 78/300, all_loss:0.37244 cls_loss:1.49431 rec_loss:40.00735 [45.98s]; best loss:-0.37536, patience : 4
2026-04-12 22:16:31,508 P3997493 INFO pr:0.9783  rc:0.9068  auc:0.9704 ap:0.9648 f1: 0.9412 pred_right: 38632 pred_wrong:368 actu_right: 38603 actu_wrong: 397
2026-04-12 22:16:32,454 P3997493 INFO pr:0.9389  rc:0.9535  auc:0.9899 ap:0.9651 f1: 0.9462 pred_right: 16369 pred_wrong:131 actu_right: 16371 actu_wrong: 129
2026-04-12 22:16:32,454 P3997493 INFO ----------------------------------------------------------------------------------------------------
2026-04-12 22:16:32,454 P3997493 INFO 79/300 starting... lr: 0.001 para:0.012500000186264515
2026-04-12 22:17:18,664 P3997493 INFO Epoch 79/300, all_loss:-0.14049 cls_loss:0.98111 rec_loss:40.00377 [46.21s]; best loss:-0.37536, patience : 4
2026-04-12 22:17:21,030 P3997493 INFO pr:0.9468  rc:0.9421  auc:0.9851 ap:0.9760 f1: 0.9444 pred_right: 38605 pred_wrong:395 actu_right: 38603 actu_wrong: 397
2026-04-12 22:17:21,966 P3997493 INFO pr:0.9197  rc:0.9767  auc:0.9939 ap:0.9672 f1: 0.9474 pred_right: 16363 pred_wrong:137 actu_right: 16371 actu_wrong: 129
2026-04-12 22:17:21,967 P3997493 INFO ----------------------------------------------------------------------------------------------------
2026-04-12 22:17:21,967 P3997493 INFO 80/300 starting... lr: 0.001 para:0.012345679104328156
2026-04-12 22:18:08,165 P3997493 INFO Epoch 80/300, all_loss:-0.45711 cls_loss:0.66685 rec_loss:39.98549 [46.17s]; best loss:-0.45711, patience : 0
2026-04-12 22:18:10,452 P3997493 INFO pr:0.9355  rc:0.9496  auc:0.9849 ap:0.9769 f1: 0.9425 pred_right: 38597 pred_wrong:403 actu_right: 38603 actu_wrong: 397
2026-04-12 22:18:11,400 P3997493 INFO pr:0.9203  rc:0.9845  auc:0.9938 ap:0.9738 f1: 0.9513 pred_right: 16362 pred_wrong:138 actu_right: 16371 actu_wrong: 129
2026-04-12 22:18:11,401 P3997493 INFO ----------------------------------------------------------------------------------------------------
2026-04-12 22:18:11,401 P3997493 INFO 81/300 starting... lr: 0.001 para:0.012195121496915817
2026-04-12 22:18:57,609 P3997493 INFO Epoch 81/300, all_loss:-0.12441 cls_loss:1.00981 rec_loss:39.97262 [46.21s]; best loss:-0.45711, patience : 1
2026-04-12 22:18:59,912 P3997493 INFO pr:0.8091  rc:0.9419  auc:0.9855 ap:0.9023 f1: 0.8705 pred_right: 38539 pred_wrong:461 actu_right: 38604 actu_wrong: 396
2026-04-12 22:19:00,852 P3997493 INFO pr:0.8344  rc:0.9767  auc:0.9972 ap:0.9398 f1: 0.9000 pred_right: 16349 pred_wrong:151 actu_right: 16371 actu_wrong: 129
2026-04-12 22:19:00,852 P3997493 INFO ----------------------------------------------------------------------------------------------------
2026-04-12 22:19:00,852 P3997493 INFO 82/300 starting... lr: 0.001 para:0.012048192322254181
2026-04-12 22:19:47,131 P3997493 INFO Epoch 82/300, all_loss:0.40258 cls_loss:1.54929 rec_loss:39.95146 [46.28s]; best loss:-0.45711, patience : 2
2026-04-12 22:19:49,422 P3997493 INFO pr:0.9730  rc:0.9116  auc:0.9731 ap:0.9680 f1: 0.9413 pred_right: 38629 pred_wrong:371 actu_right: 38604 actu_wrong: 396
2026-04-12 22:19:50,371 P3997493 INFO pr:0.9542  rc:0.9690  auc:0.9917 ap:0.9735 f1: 0.9615 pred_right: 16369 pred_wrong:131 actu_right: 16371 actu_wrong: 129
2026-04-12 22:19:50,372 P3997493 INFO ----------------------------------------------------------------------------------------------------
2026-04-12 22:19:50,372 P3997493 INFO 83/300 starting... lr: 0.001 para:0.011904762126505375
2026-04-12 22:20:36,476 P3997493 INFO Epoch 83/300, all_loss:1.02690 cls_loss:2.18704 rec_loss:39.92391 [46.10s]; best loss:-0.45711, patience : 3
2026-04-12 22:20:38,780 P3997493 INFO pr:0.9627  rc:0.9093  auc:0.9698 ap:0.9629 f1: 0.9352 pred_right: 38625 pred_wrong:375 actu_right: 38603 actu_wrong: 397
2026-04-12 22:20:39,729 P3997493 INFO pr:0.9394  rc:0.9612  auc:0.9863 ap:0.9685 f1: 0.9502 pred_right: 16368 pred_wrong:132 actu_right: 16371 actu_wrong: 129
2026-04-12 22:20:39,729 P3997493 INFO ----------------------------------------------------------------------------------------------------
2026-04-12 22:20:39,729 P3997493 INFO 84/300 starting... lr: 0.001 para:0.0117647061124444
2026-04-12 22:21:25,825 P3997493 INFO Epoch 84/300, all_loss:-1.03960 cls_loss:0.10100 rec_loss:39.94850 [46.07s]; best loss:-1.03960, patience : 0
2026-04-12 22:21:28,094 P3997493 INFO pr:0.9704  rc:0.9116  auc:0.9737 ap:0.9673 f1: 0.9401 pred_right: 38628 pred_wrong:372 actu_right: 38604 actu_wrong: 396
2026-04-12 22:21:29,027 P3997493 INFO pr:0.9313  rc:0.9457  auc:0.9881 ap:0.9752 f1: 0.9385 pred_right: 16369 pred_wrong:131 actu_right: 16371 actu_wrong: 129
2026-04-12 22:21:29,027 P3997493 INFO ----------------------------------------------------------------------------------------------------
2026-04-12 22:21:29,027 P3997493 INFO 85/300 starting... lr: 0.001 para:0.011627906933426857
2026-04-12 22:22:15,241 P3997493 INFO Epoch 85/300, all_loss:-0.39712 cls_loss:0.75741 rec_loss:39.87481 [46.21s]; best loss:-1.03960, patience : 1
2026-04-12 22:22:17,579 P3997493 INFO pr:0.9629  rc:0.9167  auc:0.9784 ap:0.9649 f1: 0.9392 pred_right: 38623 pred_wrong:377 actu_right: 38604 actu_wrong: 396
2026-04-12 22:22:18,515 P3997493 INFO pr:0.9318  rc:0.9535  auc:0.9919 ap:0.9696 f1: 0.9425 pred_right: 16368 pred_wrong:132 actu_right: 16371 actu_wrong: 129
2026-04-12 22:22:18,516 P3997493 INFO ----------------------------------------------------------------------------------------------------
2026-04-12 22:22:18,516 P3997493 INFO 86/300 starting... lr: 0.001 para:0.01149425283074379
2026-04-12 22:23:04,624 P3997493 INFO Epoch 86/300, all_loss:0.51642 cls_loss:1.68607 rec_loss:39.94329 [46.11s]; best loss:-1.03960, patience : 2
2026-04-12 22:23:06,916 P3997493 INFO pr:0.9606  rc:0.9242  auc:0.9796 ap:0.9687 f1: 0.9421 pred_right: 38619 pred_wrong:381 actu_right: 38604 actu_wrong: 396
2026-04-12 22:23:07,850 P3997493 INFO pr:0.9318  rc:0.9535  auc:0.9938 ap:0.9636 f1: 0.9425 pred_right: 16368 pred_wrong:132 actu_right: 16371 actu_wrong: 129
2026-04-12 22:23:07,850 P3997493 INFO ----------------------------------------------------------------------------------------------------
2026-04-12 22:23:07,850 P3997493 INFO 87/300 starting... lr: 0.001 para:0.011363636702299118
2026-04-12 22:23:54,080 P3997493 INFO Epoch 87/300, all_loss:-0.36035 cls_loss:0.80462 rec_loss:39.91393 [46.23s]; best loss:-1.03960, patience : 2
2026-04-12 22:23:56,397 P3997493 INFO pr:0.9737  rc:0.9320  auc:0.9809 ap:0.9714 f1: 0.9524 pred_right: 38620 pred_wrong:380 actu_right: 38603 actu_wrong: 397
2026-04-12 22:23:57,332 P3997493 INFO pr:0.9394  rc:0.9612  auc:0.9880 ap:0.9714 f1: 0.9502 pred_right: 16368 pred_wrong:132 actu_right: 16371 actu_wrong: 129
2026-04-12 22:23:57,332 P3997493 INFO ----------------------------------------------------------------------------------------------------
2026-04-12 22:23:57,332 P3997493 INFO 88/300 starting... lr: 0.001 para:0.01123595517128706
2026-04-12 22:24:43,424 P3997493 INFO Epoch 88/300, all_loss:-0.81223 cls_loss:0.35244 rec_loss:39.93316 [46.09s]; best loss:-1.03960, patience : 2
2026-04-12 22:24:45,715 P3997493 INFO pr:0.9837  rc:0.9093  auc:0.9705 ap:0.9712 f1: 0.9450 pred_right: 38633 pred_wrong:367 actu_right: 38603 actu_wrong: 397
2026-04-12 22:24:46,657 P3997493 INFO pr:0.9457  rc:0.9457  auc:0.9861 ap:0.9742 f1: 0.9457 pred_right: 16371 pred_wrong:129 actu_right: 16371 actu_wrong: 129
2026-04-12 22:24:46,657 P3997493 INFO ----------------------------------------------------------------------------------------------------
2026-04-12 22:24:46,658 P3997493 INFO 89/300 starting... lr: 0.001 para:0.011111111380159855
2026-04-12 22:25:32,790 P3997493 INFO Epoch 89/300, all_loss:-0.83972 cls_loss:0.32935 rec_loss:39.95687 [46.13s]; best loss:-1.03960, patience : 2
2026-04-12 22:25:35,054 P3997493 INFO pr:0.9583  rc:0.9270  auc:0.9750 ap:0.9675 f1: 0.9424 pred_right: 38616 pred_wrong:384 actu_right: 38603 actu_wrong: 397
2026-04-12 22:25:35,982 P3997493 INFO pr:0.9403  rc:0.9767  auc:0.9881 ap:0.9633 f1: 0.9582 pred_right: 16366 pred_wrong:134 actu_right: 16371 actu_wrong: 129
2026-04-12 22:25:35,983 P3997493 INFO ----------------------------------------------------------------------------------------------------
2026-04-12 22:25:35,983 P3997493 INFO 90/300 starting... lr: 0.001 para:0.010989011265337467
2026-04-12 22:26:21,939 P3997493 INFO Epoch 90/300, all_loss:-0.01940 cls_loss:1.16381 rec_loss:39.93468 [45.96s]; best loss:-1.03960, patience : 3
2026-04-12 22:26:24,210 P3997493 INFO pr:0.9581  rc:0.9242  auc:0.9778 ap:0.9678 f1: 0.9409 pred_right: 38618 pred_wrong:382 actu_right: 38604 actu_wrong: 396
2026-04-12 22:26:25,146 P3997493 INFO pr:0.9323  rc:0.9612  auc:0.9884 ap:0.9665 f1: 0.9466 pred_right: 16367 pred_wrong:133 actu_right: 16371 actu_wrong: 129
2026-04-12 22:26:25,146 P3997493 INFO ----------------------------------------------------------------------------------------------------
2026-04-12 22:26:25,146 P3997493 INFO 91/300 starting... lr: 0.001 para:0.010869565419852734
2026-04-12 22:27:11,120 P3997493 INFO Epoch 91/300, all_loss:0.46776 cls_loss:1.66083 rec_loss:39.95707 [45.97s]; best loss:-1.03960, patience : 4
2026-04-12 22:27:13,385 P3997493 INFO pr:0.9605  rc:0.9194  auc:0.9731 ap:0.9661 f1: 0.9395 pred_right: 38620 pred_wrong:380 actu_right: 38603 actu_wrong: 397
2026-04-12 22:27:14,315 P3997493 INFO pr:0.9394  rc:0.9612  auc:0.9862 ap:0.9638 f1: 0.9502 pred_right: 16368 pred_wrong:132 actu_right: 16371 actu_wrong: 129
2026-04-12 22:27:14,316 P3997493 INFO ----------------------------------------------------------------------------------------------------
2026-04-12 22:27:14,316 P3997493 INFO 92/300 starting... lr: 0.001 para:0.01075268816202879
2026-04-12 22:28:00,294 P3997493 INFO Epoch 92/300, all_loss:-0.49680 cls_loss:0.69068 rec_loss:39.92443 [45.98s]; best loss:-1.03960, patience : 4
2026-04-12 22:28:02,555 P3997493 INFO pr:0.9490  rc:0.9370  auc:0.9795 ap:0.9608 f1: 0.9430 pred_right: 38608 pred_wrong:392 actu_right: 38603 actu_wrong: 397
2026-04-12 22:28:03,488 P3997493 INFO pr:0.9191  rc:0.9690  auc:0.9919 ap:0.9562 f1: 0.9434 pred_right: 16364 pred_wrong:136 actu_right: 16371 actu_wrong: 129
2026-04-12 22:28:03,488 P3997493 INFO ----------------------------------------------------------------------------------------------------
2026-04-12 22:28:03,488 P3997493 INFO 93/300 starting... lr: 0.001 para:0.010638297535479069
2026-04-12 22:28:49,645 P3997493 INFO Epoch 93/300, all_loss:0.23412 cls_loss:1.43451 rec_loss:39.87706 [46.16s]; best loss:-1.03960, patience : 5
2026-04-12 22:28:51,941 P3997493 INFO pr:0.9761  rc:0.9291  auc:0.9732 ap:0.9730 f1: 0.9520 pred_right: 38624 pred_wrong:376 actu_right: 38605 actu_wrong: 395
2026-04-12 22:28:52,879 P3997493 INFO pr:0.9462  rc:0.9535  auc:0.9862 ap:0.9677 f1: 0.9498 pred_right: 16370 pred_wrong:130 actu_right: 16371 actu_wrong: 129
2026-04-12 22:28:52,880 P3997493 INFO ----------------------------------------------------------------------------------------------------
2026-04-12 22:28:52,880 P3997493 INFO 94/300 starting... lr: 0.001 para:0.010526316240429878
2026-04-12 22:29:39,024 P3997493 INFO Epoch 94/300, all_loss:-0.46292 cls_loss:0.73440 rec_loss:39.87836 [46.14s]; best loss:-1.03960, patience : 5
2026-04-12 22:29:41,297 P3997493 INFO pr:0.7732  rc:0.9470  auc:0.9880 ap:0.9000 f1: 0.8513 pred_right: 38515 pred_wrong:485 actu_right: 38604 actu_wrong: 396
2026-04-12 22:29:42,226 P3997493 INFO pr:0.7456  rc:0.9767  auc:0.9912 ap:0.9185 f1: 0.8456 pred_right: 16331 pred_wrong:169 actu_right: 16371 actu_wrong: 129
2026-04-12 22:29:42,226 P3997493 INFO ----------------------------------------------------------------------------------------------------
2026-04-12 22:29:42,227 P3997493 INFO 95/300 starting... lr: 0.001 para:0.010416666977107525
2026-04-12 22:30:28,189 P3997493 INFO Epoch 95/300, all_loss:0.02155 cls_loss:1.22814 rec_loss:39.89565 [45.96s]; best loss:-1.03960, patience : 6
2026-04-12 22:30:30,465 P3997493 INFO pr:0.9560  rc:0.9318  auc:0.9756 ap:0.9642 f1: 0.9437 pred_right: 38614 pred_wrong:386 actu_right: 38604 actu_wrong: 396
2026-04-12 22:30:31,393 P3997493 INFO pr:0.9051  rc:0.9612  auc:0.9899 ap:0.9540 f1: 0.9323 pred_right: 16363 pred_wrong:137 actu_right: 16371 actu_wrong: 129
2026-04-12 22:30:31,394 P3997493 INFO ----------------------------------------------------------------------------------------------------
2026-04-12 22:30:31,394 P3997493 INFO 96/300 starting... lr: 0.001 para:0.010309278033673763
2026-04-12 22:31:17,528 P3997493 INFO Epoch 96/300, all_loss:0.22153 cls_loss:1.43379 rec_loss:39.95414 [46.13s]; best loss:-1.03960, patience : 7
2026-04-12 22:31:19,820 P3997493 INFO pr:0.9513  rc:0.9369  auc:0.9811 ap:0.9671 f1: 0.9440 pred_right: 38610 pred_wrong:390 actu_right: 38604 actu_wrong: 396
2026-04-12 22:31:20,766 P3997493 INFO pr:0.9323  rc:0.9612  auc:0.9919 ap:0.9641 f1: 0.9466 pred_right: 16367 pred_wrong:133 actu_right: 16371 actu_wrong: 129
2026-04-12 22:31:20,766 P3997493 INFO ----------------------------------------------------------------------------------------------------
2026-04-12 22:31:20,766 P3997493 INFO 97/300 starting... lr: 0.001 para:0.010204081423580647
2026-04-12 22:32:06,714 P3997493 INFO Epoch 97/300, all_loss:0.32359 cls_loss:1.54178 rec_loss:39.87867 [45.95s]; best loss:-1.03960, patience : 8
2026-04-12 22:32:08,958 P3997493 INFO pr:0.9614  rc:0.9421  auc:0.9862 ap:0.9708 f1: 0.9517 pred_right: 38611 pred_wrong:389 actu_right: 38603 actu_wrong: 397
2026-04-12 22:32:09,872 P3997493 INFO pr:0.9328  rc:0.9690  auc:0.9919 ap:0.9653 f1: 0.9506 pred_right: 16366 pred_wrong:134 actu_right: 16371 actu_wrong: 129
2026-04-12 22:32:09,872 P3997493 INFO ----------------------------------------------------------------------------------------------------
2026-04-12 22:32:09,872 P3997493 INFO 98/300 starting... lr: 0.001 para:0.010101010091602802
2026-04-12 22:32:55,577 P3997493 INFO Epoch 98/300, all_loss:-1.01494 cls_loss:0.19333 rec_loss:39.90437 [45.70s]; best loss:-1.03960, patience : 8
2026-04-12 22:32:57,818 P3997493 INFO pr:0.8486  rc:0.9320  auc:0.9792 ap:0.9169 f1: 0.8884 pred_right: 38564 pred_wrong:436 actu_right: 38603 actu_wrong: 397
2026-04-12 22:32:58,738 P3997493 INFO pr:0.8732  rc:0.9612  auc:0.9859 ap:0.9498 f1: 0.9151 pred_right: 16358 pred_wrong:142 actu_right: 16371 actu_wrong: 129
2026-04-12 22:32:58,739 P3997493 INFO ----------------------------------------------------------------------------------------------------
2026-04-12 22:32:58,739 P3997493 INFO 99/300 starting... lr: 0.001 para:0.01
2026-04-12 22:33:44,359 P3997493 INFO Epoch 99/300, all_loss:-0.58790 cls_loss:0.62830 rec_loss:39.94698 [45.62s]; best loss:-1.03960, patience : 9
2026-04-12 22:33:46,624 P3997493 INFO pr:0.9663  rc:0.9395  auc:0.9801 ap:0.9683 f1: 0.9527 pred_right: 38614 pred_wrong:386 actu_right: 38603 actu_wrong: 397
2026-04-12 22:33:47,548 P3997493 INFO pr:0.9328  rc:0.9690  auc:0.9880 ap:0.9643 f1: 0.9506 pred_right: 16366 pred_wrong:134 actu_right: 16371 actu_wrong: 129
2026-04-12 22:33:47,549 P3997493 INFO ----------------------------------------------------------------------------------------------------
2026-04-12 22:33:47,549 P3997493 INFO 100/300 starting... lr: 0.0009000000000000001 para:0.01
2026-04-12 22:34:33,352 P3997493 INFO Epoch 100/300, all_loss:1.10445 cls_loss:2.33787 rec_loss:39.93500 [45.80s]; best loss:-1.03960, patience : 10
2026-04-12 22:34:35,609 P3997493 INFO pr:0.9683  rc:0.9242  auc:0.9762 ap:0.9678 f1: 0.9457 pred_right: 38622 pred_wrong:378 actu_right: 38604 actu_wrong: 396
2026-04-12 22:34:36,532 P3997493 INFO pr:0.9323  rc:0.9612  auc:0.9861 ap:0.9601 f1: 0.9466 pred_right: 16367 pred_wrong:133 actu_right: 16371 actu_wrong: 129
2026-04-12 22:34:36,532 P3997493 INFO ----------------------------------------------------------------------------------------------------
2026-04-12 22:34:36,532 P3997493 INFO 101/300 starting... lr: 0.0009000000000000001 para:0.01
2026-04-12 22:35:22,339 P3997493 INFO Epoch 101/300, all_loss:-0.39585 cls_loss:0.82292 rec_loss:39.88474 [45.81s]; best loss:-1.03960, patience : 10
2026-04-12 22:35:24,603 P3997493 INFO pr:0.9442  rc:0.9370  auc:0.9798 ap:0.9628 f1: 0.9406 pred_right: 38606 pred_wrong:394 actu_right: 38603 actu_wrong: 397
2026-04-12 22:35:25,564 P3997493 INFO pr:0.9191  rc:0.9690  auc:0.9859 ap:0.9578 f1: 0.9434 pred_right: 16364 pred_wrong:136 actu_right: 16371 actu_wrong: 129
2026-04-12 22:35:25,565 P3997493 INFO ----------------------------------------------------------------------------------------------------
2026-04-12 22:35:25,565 P3997493 INFO 102/300 starting... lr: 0.0009000000000000001 para:0.01
2026-04-12 22:36:11,672 P3997493 INFO Epoch 102/300, all_loss:-0.55430 cls_loss:0.66294 rec_loss:39.87724 [46.11s]; best loss:-1.03960, patience : 10
2026-04-12 22:36:13,937 P3997493 INFO pr:0.9492  rc:0.9421  auc:0.9826 ap:0.9629 f1: 0.9456 pred_right: 38606 pred_wrong:394 actu_right: 38603 actu_wrong: 397
2026-04-12 22:36:14,862 P3997493 INFO pr:0.9058  rc:0.9690  auc:0.9917 ap:0.9510 f1: 0.9363 pred_right: 16362 pred_wrong:138 actu_right: 16371 actu_wrong: 129
2026-04-12 22:36:14,862 P3997493 INFO ----------------------------------------------------------------------------------------------------
2026-04-12 22:36:14,863 P3997493 INFO 103/300 starting... lr: 0.0009000000000000001 para:0.01
2026-04-12 22:37:00,657 P3997493 INFO Epoch 103/300, all_loss:0.19410 cls_loss:1.41916 rec_loss:39.85155 [45.79s]; best loss:-1.03960, patience : 11
2026-04-12 22:37:02,921 P3997493 INFO pr:0.9562  rc:0.9345  auc:0.9829 ap:0.9640 f1: 0.9452 pred_right: 38612 pred_wrong:388 actu_right: 38603 actu_wrong: 397
2026-04-12 22:37:03,845 P3997493 INFO pr:0.9185  rc:0.9612  auc:0.9860 ap:0.9605 f1: 0.9394 pred_right: 16365 pred_wrong:135 actu_right: 16371 actu_wrong: 129
2026-04-12 22:37:03,845 P3997493 INFO ----------------------------------------------------------------------------------------------------
2026-04-12 22:37:03,845 P3997493 INFO 104/300 starting... lr: 0.0009000000000000001 para:0.01
2026-04-12 22:37:49,629 P3997493 INFO Epoch 104/300, all_loss:-0.51879 cls_loss:0.69903 rec_loss:39.85575 [45.78s]; best loss:-1.03960, patience : 11
2026-04-12 22:37:51,878 P3997493 INFO pr:0.9635  rc:0.9320  auc:0.9801 ap:0.9687 f1: 0.9475 pred_right: 38616 pred_wrong:384 actu_right: 38603 actu_wrong: 397
2026-04-12 22:37:52,801 P3997493 INFO pr:0.9318  rc:0.9535  auc:0.9861 ap:0.9604 f1: 0.9425 pred_right: 16368 pred_wrong:132 actu_right: 16371 actu_wrong: 129
2026-04-12 22:37:52,801 P3997493 INFO ----------------------------------------------------------------------------------------------------
2026-04-12 22:37:52,801 P3997493 INFO 105/300 starting... lr: 0.0009000000000000001 para:0.01
2026-04-12 22:38:38,577 P3997493 INFO Epoch 105/300, all_loss:-0.70837 cls_loss:0.50807 rec_loss:39.80338 [45.78s]; best loss:-1.03960, patience : 11
2026-04-12 22:38:40,835 P3997493 INFO pr:0.9610  rc:0.9320  auc:0.9806 ap:0.9706 f1: 0.9463 pred_right: 38615 pred_wrong:385 actu_right: 38603 actu_wrong: 397
2026-04-12 22:38:41,761 P3997493 INFO pr:0.9185  rc:0.9612  auc:0.9867 ap:0.9619 f1: 0.9394 pred_right: 16365 pred_wrong:135 actu_right: 16371 actu_wrong: 129
2026-04-12 22:38:41,762 P3997493 INFO ----------------------------------------------------------------------------------------------------
2026-04-12 22:38:41,762 P3997493 INFO 106/300 starting... lr: 0.0009000000000000001 para:0.01
2026-04-12 22:39:27,632 P3997493 INFO Epoch 106/300, all_loss:0.17187 cls_loss:1.39710 rec_loss:39.81408 [45.87s]; best loss:-1.03960, patience : 12
2026-04-12 22:39:29,900 P3997493 INFO pr:0.9612  rc:0.9370  auc:0.9812 ap:0.9678 f1: 0.9490 pred_right: 38613 pred_wrong:387 actu_right: 38603 actu_wrong: 397
2026-04-12 22:39:30,831 P3997493 INFO pr:0.9058  rc:0.9690  auc:0.9899 ap:0.9666 f1: 0.9363 pred_right: 16362 pred_wrong:138 actu_right: 16371 actu_wrong: 129
2026-04-12 22:39:30,832 P3997493 INFO ----------------------------------------------------------------------------------------------------
2026-04-12 22:39:30,832 P3997493 INFO 107/300 starting... lr: 0.0009000000000000001 para:0.01
2026-04-12 22:40:16,631 P3997493 INFO Epoch 107/300, all_loss:-0.88265 cls_loss:0.33194 rec_loss:39.81235 [45.80s]; best loss:-1.03960, patience : 12
2026-04-12 22:40:18,885 P3997493 INFO pr:0.9589  rc:0.9395  auc:0.9838 ap:0.9658 f1: 0.9491 pred_right: 38611 pred_wrong:389 actu_right: 38603 actu_wrong: 397
2026-04-12 22:40:19,810 P3997493 INFO pr:0.9065  rc:0.9767  auc:0.9975 ap:0.9500 f1: 0.9403 pred_right: 16361 pred_wrong:139 actu_right: 16371 actu_wrong: 129
2026-04-12 22:40:19,810 P3997493 INFO ----------------------------------------------------------------------------------------------------
2026-04-12 22:40:19,810 P3997493 INFO 108/300 starting... lr: 0.0009000000000000001 para:0.01
2026-04-12 22:41:05,622 P3997493 INFO Epoch 108/300, all_loss:-0.53618 cls_loss:0.68214 rec_loss:39.79010 [45.81s]; best loss:-1.03960, patience : 13
2026-04-12 22:41:07,884 P3997493 INFO pr:0.9590  rc:0.9421  auc:0.9791 ap:0.9653 f1: 0.9504 pred_right: 38610 pred_wrong:390 actu_right: 38603 actu_wrong: 397
2026-04-12 22:41:08,804 P3997493 INFO pr:0.9179  rc:0.9535  auc:0.9918 ap:0.9528 f1: 0.9354 pred_right: 16366 pred_wrong:134 actu_right: 16371 actu_wrong: 129
2026-04-12 22:41:08,804 P3997493 INFO ----------------------------------------------------------------------------------------------------
2026-04-12 22:41:08,805 P3997493 INFO 109/300 starting... lr: 0.0009000000000000001 para:0.01
2026-04-12 22:41:54,605 P3997493 INFO Epoch 109/300, all_loss:-0.56646 cls_loss:0.65161 rec_loss:39.78456 [45.80s]; best loss:-1.03960, patience : 13
2026-04-12 22:41:56,856 P3997493 INFO pr:0.9665  rc:0.9470  auc:0.9870 ap:0.9784 f1: 0.9566 pred_right: 38612 pred_wrong:388 actu_right: 38604 actu_wrong: 396
2026-04-12 22:41:57,781 P3997493 INFO pr:0.9197  rc:0.9767  auc:0.9924 ap:0.9656 f1: 0.9474 pred_right: 16363 pred_wrong:137 actu_right: 16371 actu_wrong: 129
2026-04-12 22:41:57,781 P3997493 INFO ----------------------------------------------------------------------------------------------------
2026-04-12 22:41:57,781 P3997493 INFO 110/300 starting... lr: 0.0009000000000000001 para:0.01
2026-04-12 22:42:43,758 P3997493 INFO Epoch 110/300, all_loss:-0.62391 cls_loss:0.59310 rec_loss:39.83229 [45.98s]; best loss:-1.03960, patience : 13
2026-04-12 22:42:46,038 P3997493 INFO pr:0.9585  rc:0.9320  auc:0.9758 ap:0.9681 f1: 0.9451 pred_right: 38614 pred_wrong:386 actu_right: 38603 actu_wrong: 397
2026-04-12 22:42:46,962 P3997493 INFO pr:0.9248  rc:0.9535  auc:0.9899 ap:0.9584 f1: 0.9389 pred_right: 16367 pred_wrong:133 actu_right: 16371 actu_wrong: 129
2026-04-12 22:42:46,962 P3997493 INFO ----------------------------------------------------------------------------------------------------
2026-04-12 22:42:46,962 P3997493 INFO 111/300 starting... lr: 0.0009000000000000001 para:0.01
2026-04-12 22:43:32,636 P3997493 INFO Epoch 111/300, all_loss:-0.62197 cls_loss:0.59497 rec_loss:39.84046 [45.67s]; best loss:-1.03960, patience : 14
2026-04-12 22:43:34,857 P3997493 INFO pr:0.9564  rc:0.9395  auc:0.9811 ap:0.9727 f1: 0.9479 pred_right: 38610 pred_wrong:390 actu_right: 38603 actu_wrong: 397
2026-04-12 22:43:35,774 P3997493 INFO pr:0.9191  rc:0.9690  auc:0.9862 ap:0.9659 f1: 0.9434 pred_right: 16364 pred_wrong:136 actu_right: 16371 actu_wrong: 129
2026-04-12 22:43:35,775 P3997493 INFO ----------------------------------------------------------------------------------------------------
2026-04-12 22:43:35,775 P3997493 INFO 112/300 starting... lr: 0.0009000000000000001 para:0.01
2026-04-12 22:44:21,462 P3997493 INFO Early stop at epoch: 112
2026-04-12 22:44:21,463 P3997493 INFO saving model...
2026-04-12 22:44:21,463 P3997493 INFO mestgad - loss  best score:-1.0395982265472412 at epoch 84
2026-04-12 22:44:21,501 P3997493 INFO mestgad - f1  best score:0.9584415584415584 at epoch 46
2026-04-12 22:44:21,532 P3997493 INFO calculate scores...
2026-04-12 22:44:21,534 P3997493 INFO calculate label with loss...
2026-04-12 22:44:21,535 P3997493 INFO mestgad on results/lambda/mestgad_msds_lam1.0_seed2/mestgad-MSDS-save-e2d41970-1776046220 loading...
2026-04-12 22:44:22,508 P3997493 INFO pr:0.9313  rc:0.9457  auc:0.9881 ap:0.9752 f1: 0.9385 pred_right: 16369 pred_wrong:131 actu_right: 16371 actu_wrong: 129
2026-04-12 22:44:22,509 P3997493 INFO calculate label with f1...
2026-04-12 22:44:22,509 P3997493 INFO mestgad on results/lambda/mestgad_msds_lam1.0_seed2/mestgad-MSDS-save-e2d41970-1776046220 loading...
2026-04-12 22:44:23,443 P3997493 INFO pr:0.9688  rc:0.9612  auc:0.9938 ap:0.9808 f1: 0.9650 pred_right: 16372 pred_wrong:128 actu_right: 16371 actu_wrong: 129
2026-04-12 22:44:23,447 P3997493 INFO ^^^^^^ Current Model: ----mestgad----e2d41970 ^^^^^
