2026-04-12 19:35:40,240 P2732466 INFO ---- Model: ----mestgad-e503ed97----train : True----evaluate : False
2026-04-12 19:35:40,246 P2732466 INFO read Tranform data
2026-04-12 19:36:29,681 P2732466 INFO read Graph edge data
2026-04-12 19:36:33,361 P2732466 INFO model : init weight
2026-04-12 19:36:33,363 P2732466 INFO Using GPU...
2026-04-12 19:36:33,370 P2732466 INFO optimizer : using AdaBelief
2026-04-12 19:36:33,370 P2732466 INFO ----------------------------------------------------------------------------------------------------
2026-04-12 19:36:33,370 P2732466 INFO 0/300 starting... lr: 0.001 para:1.0
2026-04-12 19:37:21,150 P2732466 INFO Epoch 0/300, all_loss:48.37053 cls_loss:28.48883 rec_loss:48.44414 [47.72s]; best loss:48.37053, patience : 0
2026-04-12 19:37:21,151 P2732466 INFO ----------------------------------------------------------------------------------------------------
2026-04-12 19:37:21,151 P2732466 INFO 1/300 starting... lr: 0.001 para:0.5
2026-04-12 19:38:08,248 P2732466 INFO Epoch 1/300, all_loss:28.42154 cls_loss:14.73420 rec_loss:42.26435 [47.07s]; best loss:28.42154, patience : 0
2026-04-12 19:38:08,249 P2732466 INFO ----------------------------------------------------------------------------------------------------
2026-04-12 19:38:08,249 P2732466 INFO 2/300 starting... lr: 0.001 para:0.3333333432674408
2026-04-12 19:38:55,241 P2732466 INFO Epoch 2/300, all_loss:18.61002 cls_loss:7.27598 rec_loss:41.51681 [46.97s]; best loss:18.61002, patience : 0
2026-04-12 19:38:57,696 P2732466 INFO pr:1.0000  rc:0.0833  auc:0.7609 ap:0.7505 f1: 0.1538 pred_right: 38967 pred_wrong:33 actu_right: 38604 actu_wrong: 396
2026-04-12 19:38:58,770 P2732466 INFO pr:1.0000  rc:0.0775  auc:0.8324 ap:0.7826 f1: 0.1439 pred_right: 16490 pred_wrong:10 actu_right: 16371 actu_wrong: 129
2026-04-12 19:38:58,779 P2732466 INFO ----------------------------------------------------------------------------------------------------
2026-04-12 19:38:58,779 P2732466 INFO 3/300 starting... lr: 0.001 para:0.25
2026-04-12 19:39:45,496 P2732466 INFO Epoch 3/300, all_loss:43.74744 cls_loss:44.61140 rec_loss:41.47638 [46.72s]; best loss:18.61002, patience : 1
2026-04-12 19:39:48,067 P2732466 INFO pr:0.9130  rc:0.4232  auc:0.9204 ap:0.8263 f1: 0.5783 pred_right: 38816 pred_wrong:184 actu_right: 38603 actu_wrong: 397
2026-04-12 19:39:49,081 P2732466 INFO pr:0.8889  rc:0.3101  auc:0.9591 ap:0.8129 f1: 0.4598 pred_right: 16455 pred_wrong:45 actu_right: 16371 actu_wrong: 129
2026-04-12 19:39:49,092 P2732466 INFO ----------------------------------------------------------------------------------------------------
2026-04-12 19:39:49,092 P2732466 INFO 4/300 starting... lr: 0.001 para:0.20000000298023224
2026-04-12 19:40:35,670 P2732466 INFO Epoch 4/300, all_loss:9.77964 cls_loss:2.00265 rec_loss:41.28950 [46.55s]; best loss:9.77964, patience : 0
2026-04-12 19:40:38,031 P2732466 INFO pr:0.8255  rc:0.6675  auc:0.9616 ap:0.8891 f1: 0.7382 pred_right: 38679 pred_wrong:321 actu_right: 38603 actu_wrong: 397
2026-04-12 19:40:39,071 P2732466 INFO pr:0.8646  rc:0.6434  auc:0.9895 ap:0.8781 f1: 0.7378 pred_right: 16404 pred_wrong:96 actu_right: 16371 actu_wrong: 129
2026-04-12 19:40:39,080 P2732466 INFO ----------------------------------------------------------------------------------------------------
2026-04-12 19:40:39,080 P2732466 INFO 5/300 starting... lr: 0.001 para:0.1666666716337204
2026-04-12 19:41:25,729 P2732466 INFO Epoch 5/300, all_loss:8.27164 cls_loss:1.77319 rec_loss:41.24631 [46.62s]; best loss:8.27164, patience : 0
2026-04-12 19:41:28,173 P2732466 INFO pr:0.9302  rc:0.8060  auc:0.9575 ap:0.9475 f1: 0.8637 pred_right: 38656 pred_wrong:344 actu_right: 38603 actu_wrong: 397
2026-04-12 19:41:29,238 P2732466 INFO pr:0.9211  rc:0.8140  auc:0.9844 ap:0.9554 f1: 0.8642 pred_right: 16386 pred_wrong:114 actu_right: 16371 actu_wrong: 129
2026-04-12 19:41:29,248 P2732466 INFO ----------------------------------------------------------------------------------------------------
2026-04-12 19:41:29,248 P2732466 INFO 6/300 starting... lr: 0.001 para:0.1428571492433548
2026-04-12 19:42:15,679 P2732466 INFO Epoch 6/300, all_loss:7.78393 cls_loss:2.33489 rec_loss:41.04097 [46.41s]; best loss:7.78393, patience : 0
2026-04-12 19:42:18,037 P2732466 INFO pr:0.9251  rc:0.8086  auc:0.9302 ap:0.9319 f1: 0.8629 pred_right: 38653 pred_wrong:347 actu_right: 38603 actu_wrong: 397
2026-04-12 19:42:19,001 P2732466 INFO pr:0.9435  rc:0.9070  auc:0.9844 ap:0.9649 f1: 0.9249 pred_right: 16376 pred_wrong:124 actu_right: 16371 actu_wrong: 129
2026-04-12 19:42:19,002 P2732466 INFO ----------------------------------------------------------------------------------------------------
2026-04-12 19:42:19,002 P2732466 INFO 7/300 starting... lr: 0.001 para:0.125
2026-04-12 19:43:05,516 P2732466 INFO Epoch 7/300, all_loss:6.35825 cls_loss:1.52188 rec_loss:40.85612 [46.49s]; best loss:6.35825, patience : 0
2026-04-12 19:43:08,034 P2732466 INFO pr:0.9500  rc:0.8136  auc:0.9574 ap:0.9538 f1: 0.8765 pred_right: 38660 pred_wrong:340 actu_right: 38603 actu_wrong: 397
2026-04-12 19:43:09,139 P2732466 INFO pr:0.9600  rc:0.9302  auc:0.9849 ap:0.9821 f1: 0.9449 pred_right: 16375 pred_wrong:125 actu_right: 16371 actu_wrong: 129
2026-04-12 19:43:09,149 P2732466 INFO ----------------------------------------------------------------------------------------------------
2026-04-12 19:43:09,149 P2732466 INFO 8/300 starting... lr: 0.001 para:0.1111111119389534
2026-04-12 19:43:55,680 P2732466 INFO Epoch 8/300, all_loss:5.62710 cls_loss:1.32846 rec_loss:40.73994 [46.51s]; best loss:5.62710, patience : 0
2026-04-12 19:43:58,019 P2732466 INFO pr:0.9485  rc:0.8838  auc:0.9672 ap:0.9633 f1: 0.9150 pred_right: 38631 pred_wrong:369 actu_right: 38604 actu_wrong: 396
2026-04-12 19:43:58,984 P2732466 INFO pr:0.9520  rc:0.9225  auc:0.9850 ap:0.9808 f1: 0.9370 pred_right: 16375 pred_wrong:125 actu_right: 16371 actu_wrong: 129
2026-04-12 19:43:58,994 P2732466 INFO ----------------------------------------------------------------------------------------------------
2026-04-12 19:43:58,994 P2732466 INFO 9/300 starting... lr: 0.001 para:0.10000000149011612
2026-04-12 19:44:45,311 P2732466 INFO Epoch 9/300, all_loss:26.31622 cls_loss:24.81338 rec_loss:40.64580 [46.32s]; best loss:5.62710, patience : 1
2026-04-12 19:44:47,800 P2732466 INFO pr:0.9158  rc:0.9089  auc:0.9669 ap:0.9615 f1: 0.9123 pred_right: 38608 pred_wrong:392 actu_right: 38605 actu_wrong: 395
2026-04-12 19:44:48,880 P2732466 INFO pr:0.9130  rc:0.9767  auc:0.9922 ap:0.9734 f1: 0.9438 pred_right: 16362 pred_wrong:138 actu_right: 16371 actu_wrong: 129
2026-04-12 19:44:48,881 P2732466 INFO ----------------------------------------------------------------------------------------------------
2026-04-12 19:44:48,881 P2732466 INFO 10/300 starting... lr: 0.001 para:0.09090909361839294
2026-04-12 19:45:35,355 P2732466 INFO Epoch 10/300, all_loss:5.14820 cls_loss:1.68807 rec_loss:40.63385 [46.45s]; best loss:5.14820, patience : 0
2026-04-12 19:45:37,719 P2732466 INFO pr:0.9678  rc:0.7582  auc:0.9646 ap:0.9535 f1: 0.8503 pred_right: 38689 pred_wrong:311 actu_right: 38603 actu_wrong: 397
2026-04-12 19:45:38,696 P2732466 INFO pr:0.9630  rc:0.8062  auc:0.9923 ap:0.9707 f1: 0.8776 pred_right: 16392 pred_wrong:108 actu_right: 16371 actu_wrong: 129
2026-04-12 19:45:38,697 P2732466 INFO ----------------------------------------------------------------------------------------------------
2026-04-12 19:45:38,697 P2732466 INFO 11/300 starting... lr: 0.001 para:0.0833333358168602
2026-04-12 19:46:25,218 P2732466 INFO Epoch 11/300, all_loss:4.96293 cls_loss:1.81553 rec_loss:40.54913 [46.50s]; best loss:4.96293, patience : 0
2026-04-12 19:46:27,664 P2732466 INFO pr:0.9704  rc:0.8262  auc:0.9591 ap:0.9605 f1: 0.8925 pred_right: 38662 pred_wrong:338 actu_right: 38603 actu_wrong: 397
2026-04-12 19:46:28,725 P2732466 INFO pr:0.9756  rc:0.9302  auc:0.9850 ap:0.9788 f1: 0.9524 pred_right: 16377 pred_wrong:123 actu_right: 16371 actu_wrong: 129
2026-04-12 19:46:28,726 P2732466 INFO ----------------------------------------------------------------------------------------------------
2026-04-12 19:46:28,726 P2732466 INFO 12/300 starting... lr: 0.001 para:0.07692307978868484
2026-04-12 19:47:15,055 P2732466 INFO Epoch 12/300, all_loss:3.86693 cls_loss:0.90092 rec_loss:40.50426 [46.30s]; best loss:3.86693, patience : 0
2026-04-12 19:47:17,412 P2732466 INFO pr:0.9580  rc:0.8615  auc:0.9625 ap:0.9586 f1: 0.9072 pred_right: 38643 pred_wrong:357 actu_right: 38603 actu_wrong: 397
2026-04-12 19:47:18,384 P2732466 INFO pr:0.9612  rc:0.9612  auc:0.9940 ap:0.9781 f1: 0.9612 pred_right: 16371 pred_wrong:129 actu_right: 16371 actu_wrong: 129
2026-04-12 19:47:18,384 P2732466 INFO ----------------------------------------------------------------------------------------------------
2026-04-12 19:47:18,384 P2732466 INFO 13/300 starting... lr: 0.001 para:0.0714285746216774
2026-04-12 19:48:04,818 P2732466 INFO Epoch 13/300, all_loss:4.88908 cls_loss:2.23798 rec_loss:40.47903 [46.43s]; best loss:3.86693, patience : 1
2026-04-12 19:48:07,260 P2732466 INFO pr:0.8679  rc:0.9270  auc:0.9736 ap:0.9298 f1: 0.8965 pred_right: 38576 pred_wrong:424 actu_right: 38603 actu_wrong: 397
2026-04-12 19:48:08,326 P2732466 INFO pr:0.9265  rc:0.9767  auc:0.9845 ap:0.9547 f1: 0.9509 pred_right: 16364 pred_wrong:136 actu_right: 16371 actu_wrong: 129
2026-04-12 19:48:08,326 P2732466 INFO ----------------------------------------------------------------------------------------------------
2026-04-12 19:48:08,326 P2732466 INFO 14/300 starting... lr: 0.001 para:0.06666667014360428
2026-04-12 19:48:54,846 P2732466 INFO Epoch 14/300, all_loss:3.89881 cls_loss:1.37516 rec_loss:40.43630 [46.52s]; best loss:3.86693, patience : 1
2026-04-12 19:48:57,198 P2732466 INFO pr:0.9558  rc:0.8715  auc:0.9621 ap:0.9403 f1: 0.9117 pred_right: 38638 pred_wrong:362 actu_right: 38603 actu_wrong: 397
2026-04-12 19:48:58,158 P2732466 INFO pr:0.9453  rc:0.9380  auc:0.9922 ap:0.9483 f1: 0.9416 pred_right: 16372 pred_wrong:128 actu_right: 16371 actu_wrong: 129
2026-04-12 19:48:58,158 P2732466 INFO ----------------------------------------------------------------------------------------------------
2026-04-12 19:48:58,158 P2732466 INFO 15/300 starting... lr: 0.001 para:0.0625
2026-04-12 19:49:44,580 P2732466 INFO Epoch 15/300, all_loss:4.03441 cls_loss:1.69560 rec_loss:40.40329 [46.42s]; best loss:3.86693, patience : 2
2026-04-12 19:49:47,026 P2732466 INFO pr:0.9596  rc:0.7783  auc:0.9684 ap:0.9457 f1: 0.8595 pred_right: 38678 pred_wrong:322 actu_right: 38603 actu_wrong: 397
2026-04-12 19:49:48,088 P2732466 INFO pr:0.9369  rc:0.8062  auc:0.9920 ap:0.9433 f1: 0.8667 pred_right: 16389 pred_wrong:111 actu_right: 16371 actu_wrong: 129
2026-04-12 19:49:48,088 P2732466 INFO ----------------------------------------------------------------------------------------------------
2026-04-12 19:49:48,088 P2732466 INFO 16/300 starting... lr: 0.001 para:0.05882352963089943
2026-04-12 19:50:34,647 P2732466 INFO Epoch 16/300, all_loss:3.58214 cls_loss:1.36453 rec_loss:40.43113 [46.53s]; best loss:3.58214, patience : 0
2026-04-12 19:50:37,045 P2732466 INFO pr:0.9245  rc:0.8987  auc:0.9727 ap:0.9637 f1: 0.9114 pred_right: 38616 pred_wrong:384 actu_right: 38605 actu_wrong: 395
2026-04-12 19:50:38,020 P2732466 INFO pr:0.9302  rc:0.9302  auc:0.9876 ap:0.9643 f1: 0.9302 pred_right: 16371 pred_wrong:129 actu_right: 16371 actu_wrong: 129
2026-04-12 19:50:38,021 P2732466 INFO ----------------------------------------------------------------------------------------------------
2026-04-12 19:50:38,021 P2732466 INFO 17/300 starting... lr: 0.001 para:0.0555555559694767
2026-04-12 19:51:24,473 P2732466 INFO Epoch 17/300, all_loss:3.57067 cls_loss:1.49264 rec_loss:40.34480 [46.43s]; best loss:3.57067, patience : 0
2026-04-12 19:51:26,835 P2732466 INFO pr:0.9437  rc:0.9295  auc:0.9849 ap:0.9547 f1: 0.9365 pred_right: 38609 pred_wrong:391 actu_right: 38603 actu_wrong: 397
2026-04-12 19:51:27,840 P2732466 INFO pr:0.9323  rc:0.9612  auc:0.9922 ap:0.9406 f1: 0.9466 pred_right: 16367 pred_wrong:133 actu_right: 16371 actu_wrong: 129
2026-04-12 19:51:27,851 P2732466 INFO ----------------------------------------------------------------------------------------------------
2026-04-12 19:51:27,851 P2732466 INFO 18/300 starting... lr: 0.001 para:0.05263157933950424
2026-04-12 19:52:14,264 P2732466 INFO Epoch 18/300, all_loss:3.60536 cls_loss:1.64852 rec_loss:40.35637 [46.41s]; best loss:3.57067, patience : 1
2026-04-12 19:52:16,632 P2732466 INFO pr:0.8892  rc:0.9496  auc:0.9846 ap:0.9551 f1: 0.9184 pred_right: 38576 pred_wrong:424 actu_right: 38603 actu_wrong: 397
2026-04-12 19:52:17,665 P2732466 INFO pr:0.8707  rc:0.9922  auc:0.9996 ap:0.9526 f1: 0.9275 pred_right: 16353 pred_wrong:147 actu_right: 16371 actu_wrong: 129
2026-04-12 19:52:17,665 P2732466 INFO ----------------------------------------------------------------------------------------------------
2026-04-12 19:52:17,665 P2732466 INFO 19/300 starting... lr: 0.001 para:0.05000000074505806
2026-04-12 19:53:04,175 P2732466 INFO Epoch 19/300, all_loss:2.90463 cls_loss:1.02044 rec_loss:40.31232 [46.48s]; best loss:2.90463, patience : 0
2026-04-12 19:53:06,513 P2732466 INFO pr:0.9577  rc:0.9118  auc:0.9655 ap:0.9676 f1: 0.9342 pred_right: 38622 pred_wrong:378 actu_right: 38603 actu_wrong: 397
2026-04-12 19:53:07,484 P2732466 INFO pr:0.9683  rc:0.9457  auc:0.9853 ap:0.9822 f1: 0.9569 pred_right: 16374 pred_wrong:126 actu_right: 16371 actu_wrong: 129
2026-04-12 19:53:07,484 P2732466 INFO ----------------------------------------------------------------------------------------------------
2026-04-12 19:53:07,485 P2732466 INFO 20/300 starting... lr: 0.001 para:0.0476190485060215
2026-04-12 19:53:53,724 P2732466 INFO Epoch 20/300, all_loss:5.46899 cls_loss:3.81167 rec_loss:40.30381 [46.24s]; best loss:2.90463, patience : 1
2026-04-12 19:53:56,154 P2732466 INFO pr:0.9565  rc:0.8866  auc:0.9705 ap:0.9651 f1: 0.9203 pred_right: 38632 pred_wrong:368 actu_right: 38603 actu_wrong: 397
2026-04-12 19:53:57,170 P2732466 INFO pr:0.9609  rc:0.9535  auc:0.9881 ap:0.9776 f1: 0.9572 pred_right: 16372 pred_wrong:128 actu_right: 16371 actu_wrong: 129
2026-04-12 19:53:57,171 P2732466 INFO ----------------------------------------------------------------------------------------------------
2026-04-12 19:53:57,171 P2732466 INFO 21/300 starting... lr: 0.001 para:0.04545454680919647
2026-04-12 19:54:43,552 P2732466 INFO Epoch 21/300, all_loss:2.71895 cls_loss:1.01564 rec_loss:40.25750 [46.36s]; best loss:2.71895, patience : 0
2026-04-12 19:54:45,893 P2732466 INFO pr:0.9685  rc:0.9295  auc:0.9723 ap:0.9733 f1: 0.9486 pred_right: 38619 pred_wrong:381 actu_right: 38603 actu_wrong: 397
2026-04-12 19:54:46,863 P2732466 INFO pr:0.9760  rc:0.9457  auc:0.9850 ap:0.9711 f1: 0.9606 pred_right: 16375 pred_wrong:125 actu_right: 16371 actu_wrong: 129
2026-04-12 19:54:46,873 P2732466 INFO ----------------------------------------------------------------------------------------------------
2026-04-12 19:54:46,873 P2732466 INFO 22/300 starting... lr: 0.001 para:0.043478261679410934
2026-04-12 19:55:33,068 P2732466 INFO Epoch 22/300, all_loss:47.55357 cls_loss:47.97009 rec_loss:40.23959 [46.19s]; best loss:2.71895, patience : 1
2026-04-12 19:55:35,531 P2732466 INFO pr:0.9537  rc:0.8816  auc:0.9524 ap:0.9408 f1: 0.9162 pred_right: 38633 pred_wrong:367 actu_right: 38603 actu_wrong: 397
2026-04-12 19:55:36,559 P2732466 INFO pr:0.9318  rc:0.9535  auc:0.9928 ap:0.9420 f1: 0.9425 pred_right: 16368 pred_wrong:132 actu_right: 16371 actu_wrong: 129
2026-04-12 19:55:36,559 P2732466 INFO ----------------------------------------------------------------------------------------------------
2026-04-12 19:55:36,560 P2732466 INFO 23/300 starting... lr: 0.001 para:0.0416666679084301
2026-04-12 19:56:23,121 P2732466 INFO Epoch 23/300, all_loss:2.96301 cls_loss:1.42757 rec_loss:40.20765 [46.56s]; best loss:2.71895, patience : 1
2026-04-12 19:56:25,477 P2732466 INFO pr:0.8133  rc:0.9219  auc:0.9787 ap:0.8972 f1: 0.8642 pred_right: 38550 pred_wrong:450 actu_right: 38603 actu_wrong: 397
2026-04-12 19:56:26,432 P2732466 INFO pr:0.8630  rc:0.9767  auc:0.9876 ap:0.9519 f1: 0.9164 pred_right: 16354 pred_wrong:146 actu_right: 16371 actu_wrong: 129
2026-04-12 19:56:26,432 P2732466 INFO ----------------------------------------------------------------------------------------------------
2026-04-12 19:56:26,432 P2732466 INFO 24/300 starting... lr: 0.001 para:0.03999999910593033
2026-04-12 19:57:12,753 P2732466 INFO Epoch 24/300, all_loss:3.55189 cls_loss:2.10836 rec_loss:40.20675 [46.32s]; best loss:2.71895, patience : 2
2026-04-12 19:57:15,113 P2732466 INFO pr:0.8433  rc:0.9242  auc:0.9761 ap:0.9628 f1: 0.8819 pred_right: 38566 pred_wrong:434 actu_right: 38604 actu_wrong: 396
2026-04-12 19:57:16,086 P2732466 INFO pr:0.8235  rc:0.9767  auc:0.9878 ap:0.9674 f1: 0.8936 pred_right: 16347 pred_wrong:153 actu_right: 16371 actu_wrong: 129
2026-04-12 19:57:16,087 P2732466 INFO ----------------------------------------------------------------------------------------------------
2026-04-12 19:57:16,087 P2732466 INFO 25/300 starting... lr: 0.001 para:0.03846153989434242
2026-04-12 19:58:02,271 P2732466 INFO Epoch 25/300, all_loss:2.75381 cls_loss:1.34031 rec_loss:40.18118 [46.18s]; best loss:2.71895, patience : 2
2026-04-12 19:58:04,631 P2732466 INFO pr:0.9798  rc:0.8586  auc:0.9617 ap:0.9627 f1: 0.9152 pred_right: 38653 pred_wrong:347 actu_right: 38604 actu_wrong: 396
2026-04-12 19:58:05,597 P2732466 INFO pr:0.9744  rc:0.8837  auc:0.9882 ap:0.9740 f1: 0.9268 pred_right: 16383 pred_wrong:117 actu_right: 16371 actu_wrong: 129
2026-04-12 19:58:05,598 P2732466 INFO ----------------------------------------------------------------------------------------------------
2026-04-12 19:58:05,598 P2732466 INFO 26/300 starting... lr: 0.001 para:0.03703703731298447
2026-04-12 19:58:52,008 P2732466 INFO Epoch 26/300, all_loss:4.00540 cls_loss:2.69805 rec_loss:40.16700 [46.41s]; best loss:2.71895, patience : 3
2026-04-12 19:58:54,343 P2732466 INFO pr:0.9938  rc:0.8010  auc:0.9674 ap:0.9706 f1: 0.8870 pred_right: 38680 pred_wrong:320 actu_right: 38603 actu_wrong: 397
2026-04-12 19:58:55,295 P2732466 INFO pr:0.9727  rc:0.8295  auc:0.9940 ap:0.9567 f1: 0.8954 pred_right: 16390 pred_wrong:110 actu_right: 16371 actu_wrong: 129
2026-04-12 19:58:55,295 P2732466 INFO ----------------------------------------------------------------------------------------------------
2026-04-12 19:58:55,295 P2732466 INFO 27/300 starting... lr: 0.001 para:0.0357142873108387
2026-04-12 19:59:41,570 P2732466 INFO Epoch 27/300, all_loss:2.94353 cls_loss:1.64756 rec_loss:40.18575 [46.27s]; best loss:2.71895, patience : 3
2026-04-12 19:59:43,966 P2732466 INFO pr:0.9740  rc:0.8489  auc:0.9579 ap:0.9418 f1: 0.9071 pred_right: 38654 pred_wrong:346 actu_right: 38603 actu_wrong: 397
2026-04-12 19:59:44,947 P2732466 INFO pr:0.9590  rc:0.9070  auc:0.9937 ap:0.9501 f1: 0.9323 pred_right: 16378 pred_wrong:122 actu_right: 16371 actu_wrong: 129
2026-04-12 19:59:44,947 P2732466 INFO ----------------------------------------------------------------------------------------------------
2026-04-12 19:59:44,948 P2732466 INFO 28/300 starting... lr: 0.001 para:0.03448275849223137
2026-04-12 20:00:31,216 P2732466 INFO Epoch 28/300, all_loss:2.36110 cls_loss:1.09471 rec_loss:40.15131 [46.24s]; best loss:2.36110, patience : 0
2026-04-12 20:00:33,542 P2732466 INFO pr:0.9580  rc:0.9194  auc:0.9775 ap:0.9676 f1: 0.9383 pred_right: 38619 pred_wrong:381 actu_right: 38603 actu_wrong: 397
2026-04-12 20:00:34,498 P2732466 INFO pr:0.9394  rc:0.9612  auc:0.9938 ap:0.9656 f1: 0.9502 pred_right: 16368 pred_wrong:132 actu_right: 16371 actu_wrong: 129
2026-04-12 20:00:34,498 P2732466 INFO ----------------------------------------------------------------------------------------------------
2026-04-12 20:00:34,498 P2732466 INFO 29/300 starting... lr: 0.001 para:0.03333333507180214
2026-04-12 20:01:20,711 P2732466 INFO Epoch 29/300, all_loss:4.57694 cls_loss:3.43336 rec_loss:40.15310 [46.21s]; best loss:2.36110, patience : 1
2026-04-12 20:01:23,058 P2732466 INFO pr:0.9460  rc:0.9270  auc:0.9773 ap:0.9706 f1: 0.9364 pred_right: 38611 pred_wrong:389 actu_right: 38603 actu_wrong: 397
2026-04-12 20:01:24,023 P2732466 INFO pr:0.9254  rc:0.9612  auc:0.9883 ap:0.9776 f1: 0.9430 pred_right: 16366 pred_wrong:134 actu_right: 16371 actu_wrong: 129
2026-04-12 20:01:24,024 P2732466 INFO ----------------------------------------------------------------------------------------------------
2026-04-12 20:01:24,024 P2732466 INFO 30/300 starting... lr: 0.001 para:0.032258063554763794
2026-04-12 20:02:10,236 P2732466 INFO Epoch 30/300, all_loss:2.19418 cls_loss:1.01338 rec_loss:40.11094 [46.19s]; best loss:2.19418, patience : 0
2026-04-12 20:02:12,600 P2732466 INFO pr:0.9432  rc:0.9194  auc:0.9760 ap:0.9559 f1: 0.9311 pred_right: 38613 pred_wrong:387 actu_right: 38603 actu_wrong: 397
2026-04-12 20:02:13,558 P2732466 INFO pr:0.9385  rc:0.9457  auc:0.9938 ap:0.9626 f1: 0.9421 pred_right: 16370 pred_wrong:130 actu_right: 16371 actu_wrong: 129
2026-04-12 20:02:13,558 P2732466 INFO ----------------------------------------------------------------------------------------------------
2026-04-12 20:02:13,558 P2732466 INFO 31/300 starting... lr: 0.001 para:0.03125
2026-04-12 20:02:59,876 P2732466 INFO Epoch 31/300, all_loss:3.06682 cls_loss:1.95558 rec_loss:40.08868 [46.32s]; best loss:2.19418, patience : 1
2026-04-12 20:03:02,247 P2732466 INFO pr:0.9707  rc:0.9169  auc:0.9743 ap:0.9751 f1: 0.9430 pred_right: 38625 pred_wrong:375 actu_right: 38603 actu_wrong: 397
2026-04-12 20:03:03,208 P2732466 INFO pr:0.9612  rc:0.9612  auc:0.9882 ap:0.9702 f1: 0.9612 pred_right: 16371 pred_wrong:129 actu_right: 16371 actu_wrong: 129
2026-04-12 20:03:03,208 P2732466 INFO ----------------------------------------------------------------------------------------------------
2026-04-12 20:03:03,208 P2732466 INFO 32/300 starting... lr: 0.001 para:0.03030303120613098
2026-04-12 20:03:49,532 P2732466 INFO Epoch 32/300, all_loss:1.55349 cls_loss:0.43212 rec_loss:40.09111 [46.30s]; best loss:1.55349, patience : 0
2026-04-12 20:03:51,939 P2732466 INFO pr:0.9942  rc:0.8615  auc:0.9701 ap:0.9700 f1: 0.9231 pred_right: 38656 pred_wrong:344 actu_right: 38603 actu_wrong: 397
2026-04-12 20:03:52,891 P2732466 INFO pr:0.9829  rc:0.8915  auc:0.9880 ap:0.9702 f1: 0.9350 pred_right: 16383 pred_wrong:117 actu_right: 16371 actu_wrong: 129
2026-04-12 20:03:52,891 P2732466 INFO ----------------------------------------------------------------------------------------------------
2026-04-12 20:03:52,891 P2732466 INFO 33/300 starting... lr: 0.001 para:0.029411764815449715
2026-04-12 20:04:39,044 P2732466 INFO Epoch 33/300, all_loss:2.35141 cls_loss:1.29135 rec_loss:40.06771 [46.15s]; best loss:1.55349, patience : 1
2026-04-12 20:04:41,474 P2732466 INFO pr:0.9781  rc:0.8992  auc:0.9688 ap:0.9720 f1: 0.9370 pred_right: 38635 pred_wrong:365 actu_right: 38603 actu_wrong: 397
2026-04-12 20:04:42,440 P2732466 INFO pr:0.9606  rc:0.9457  auc:0.9882 ap:0.9801 f1: 0.9531 pred_right: 16373 pred_wrong:127 actu_right: 16371 actu_wrong: 129
2026-04-12 20:04:42,440 P2732466 INFO ----------------------------------------------------------------------------------------------------
2026-04-12 20:04:42,440 P2732466 INFO 34/300 starting... lr: 0.001 para:0.02857142873108387
2026-04-12 20:05:28,659 P2732466 INFO Epoch 34/300, all_loss:2.44122 cls_loss:1.41693 rec_loss:40.08174 [46.22s]; best loss:1.55349, patience : 2
2026-04-12 20:05:30,999 P2732466 INFO pr:0.9632  rc:0.9219  auc:0.9737 ap:0.9756 f1: 0.9421 pred_right: 38620 pred_wrong:380 actu_right: 38603 actu_wrong: 397
2026-04-12 20:05:31,950 P2732466 INFO pr:0.9612  rc:0.9612  auc:0.9871 ap:0.9774 f1: 0.9612 pred_right: 16371 pred_wrong:129 actu_right: 16371 actu_wrong: 129
2026-04-12 20:05:31,951 P2732466 INFO ----------------------------------------------------------------------------------------------------
2026-04-12 20:05:31,951 P2732466 INFO 35/300 starting... lr: 0.001 para:0.02777777798473835
2026-04-12 20:06:18,229 P2732466 INFO Epoch 35/300, all_loss:2.62987 cls_loss:1.64421 rec_loss:40.02309 [46.28s]; best loss:1.55349, patience : 3
2026-04-12 20:06:20,569 P2732466 INFO pr:0.9631  rc:0.9194  auc:0.9702 ap:0.9692 f1: 0.9407 pred_right: 38621 pred_wrong:379 actu_right: 38603 actu_wrong: 397
2026-04-12 20:06:21,529 P2732466 INFO pr:0.9683  rc:0.9457  auc:0.9923 ap:0.9771 f1: 0.9569 pred_right: 16374 pred_wrong:126 actu_right: 16371 actu_wrong: 129
2026-04-12 20:06:21,529 P2732466 INFO ----------------------------------------------------------------------------------------------------
2026-04-12 20:06:21,529 P2732466 INFO 36/300 starting... lr: 0.001 para:0.027027027681469917
2026-04-12 20:07:07,828 P2732466 INFO Epoch 36/300, all_loss:2.61467 cls_loss:1.65607 rec_loss:40.09980 [46.30s]; best loss:1.55349, patience : 3
2026-04-12 20:07:10,165 P2732466 INFO pr:0.9810  rc:0.9118  auc:0.9742 ap:0.9750 f1: 0.9452 pred_right: 38631 pred_wrong:369 actu_right: 38603 actu_wrong: 397
2026-04-12 20:07:11,123 P2732466 INFO pr:0.9685  rc:0.9535  auc:0.9939 ap:0.9791 f1: 0.9609 pred_right: 16373 pred_wrong:127 actu_right: 16371 actu_wrong: 129
2026-04-12 20:07:11,124 P2732466 INFO ----------------------------------------------------------------------------------------------------
2026-04-12 20:07:11,124 P2732466 INFO 37/300 starting... lr: 0.001 para:0.02631578966975212
2026-04-12 20:07:57,336 P2732466 INFO Epoch 37/300, all_loss:5.35585 cls_loss:4.50229 rec_loss:39.99343 [46.21s]; best loss:1.55349, patience : 4
2026-04-12 20:07:59,683 P2732466 INFO pr:0.9210  rc:0.9395  auc:0.9863 ap:0.9553 f1: 0.9302 pred_right: 38595 pred_wrong:405 actu_right: 38603 actu_wrong: 397
2026-04-12 20:08:00,645 P2732466 INFO pr:0.9000  rc:0.9767  auc:0.9995 ap:0.9521 f1: 0.9368 pred_right: 16360 pred_wrong:140 actu_right: 16371 actu_wrong: 129
2026-04-12 20:08:00,645 P2732466 INFO ----------------------------------------------------------------------------------------------------
2026-04-12 20:08:00,645 P2732466 INFO 38/300 starting... lr: 0.001 para:0.025641025975346565
2026-04-12 20:08:47,088 P2732466 INFO Epoch 38/300, all_loss:68.56949 cls_loss:69.40320 rec_loss:40.02497 [46.44s]; best loss:1.55349, patience : 5
2026-04-12 20:08:49,435 P2732466 INFO pr:0.9654  rc:0.9167  auc:0.9742 ap:0.9723 f1: 0.9404 pred_right: 38624 pred_wrong:376 actu_right: 38604 actu_wrong: 396
2026-04-12 20:08:50,392 P2732466 INFO pr:0.9612  rc:0.9612  auc:0.9880 ap:0.9790 f1: 0.9612 pred_right: 16371 pred_wrong:129 actu_right: 16371 actu_wrong: 129
2026-04-12 20:08:50,393 P2732466 INFO ----------------------------------------------------------------------------------------------------
2026-04-12 20:08:50,393 P2732466 INFO 39/300 starting... lr: 0.001 para:0.02500000037252903
2026-04-12 20:09:37,027 P2732466 INFO Epoch 39/300, all_loss:2.03295 cls_loss:1.14115 rec_loss:40.02998 [46.63s]; best loss:1.55349, patience : 5
2026-04-12 20:09:39,389 P2732466 INFO pr:0.9709  rc:0.9244  auc:0.9763 ap:0.9739 f1: 0.9471 pred_right: 38622 pred_wrong:378 actu_right: 38603 actu_wrong: 397
2026-04-12 20:09:40,330 P2732466 INFO pr:0.9612  rc:0.9612  auc:0.9878 ap:0.9774 f1: 0.9612 pred_right: 16371 pred_wrong:129 actu_right: 16371 actu_wrong: 129
2026-04-12 20:09:40,330 P2732466 INFO ----------------------------------------------------------------------------------------------------
2026-04-12 20:09:40,330 P2732466 INFO 40/300 starting... lr: 0.001 para:0.024390242993831635
2026-04-12 20:10:26,602 P2732466 INFO Epoch 40/300, all_loss:3.25578 cls_loss:2.41793 rec_loss:40.06762 [46.27s]; best loss:1.55349, patience : 6
2026-04-12 20:10:28,938 P2732466 INFO pr:0.8953  rc:0.9043  auc:0.9799 ap:0.9256 f1: 0.8997 pred_right: 38599 pred_wrong:401 actu_right: 38603 actu_wrong: 397
2026-04-12 20:10:29,851 P2732466 INFO pr:0.9389  rc:0.9535  auc:0.9879 ap:0.9506 f1: 0.9462 pred_right: 16369 pred_wrong:131 actu_right: 16371 actu_wrong: 129
2026-04-12 20:10:29,851 P2732466 INFO ----------------------------------------------------------------------------------------------------
2026-04-12 20:10:29,851 P2732466 INFO 41/300 starting... lr: 0.001 para:0.02380952425301075
2026-04-12 20:11:15,974 P2732466 INFO Epoch 41/300, all_loss:2.43056 cls_loss:1.59564 rec_loss:40.04034 [46.12s]; best loss:1.55349, patience : 6
2026-04-12 20:11:18,299 P2732466 INFO pr:0.9661  rc:0.9345  auc:0.9871 ap:0.9739 f1: 0.9501 pred_right: 38616 pred_wrong:384 actu_right: 38603 actu_wrong: 397
2026-04-12 20:11:19,214 P2732466 INFO pr:0.9398  rc:0.9690  auc:0.9971 ap:0.9677 f1: 0.9542 pred_right: 16367 pred_wrong:133 actu_right: 16371 actu_wrong: 129
2026-04-12 20:11:19,223 P2732466 INFO ----------------------------------------------------------------------------------------------------
2026-04-12 20:11:19,223 P2732466 INFO 42/300 starting... lr: 0.001 para:0.023255813866853714
2026-04-12 20:12:05,510 P2732466 INFO Epoch 42/300, all_loss:1.38740 cls_loss:0.54931 rec_loss:40.04561 [46.26s]; best loss:1.38740, patience : 0
2026-04-12 20:12:07,803 P2732466 INFO pr:0.9086  rc:0.9270  auc:0.9728 ap:0.9689 f1: 0.9177 pred_right: 38595 pred_wrong:405 actu_right: 38603 actu_wrong: 397
2026-04-12 20:12:08,722 P2732466 INFO pr:0.9130  rc:0.9767  auc:0.9934 ap:0.9754 f1: 0.9438 pred_right: 16362 pred_wrong:138 actu_right: 16371 actu_wrong: 129
2026-04-12 20:12:08,723 P2732466 INFO ----------------------------------------------------------------------------------------------------
2026-04-12 20:12:08,723 P2732466 INFO 43/300 starting... lr: 0.001 para:0.022727273404598236
2026-04-12 20:12:55,100 P2732466 INFO Epoch 43/300, all_loss:1.68531 cls_loss:0.87555 rec_loss:40.04367 [46.38s]; best loss:1.38740, patience : 1
2026-04-12 20:12:57,365 P2732466 INFO pr:0.8985  rc:0.9144  auc:0.9665 ap:0.9573 f1: 0.9064 pred_right: 38596 pred_wrong:404 actu_right: 38603 actu_wrong: 397
2026-04-12 20:12:58,270 P2732466 INFO pr:0.8681  rc:0.9690  auc:0.9931 ap:0.9632 f1: 0.9158 pred_right: 16356 pred_wrong:144 actu_right: 16371 actu_wrong: 129
2026-04-12 20:12:58,270 P2732466 INFO ----------------------------------------------------------------------------------------------------
2026-04-12 20:12:58,270 P2732466 INFO 44/300 starting... lr: 0.001 para:0.02222222276031971
2026-04-12 20:13:44,504 P2732466 INFO Epoch 44/300, all_loss:1.81402 cls_loss:1.03450 rec_loss:39.73203 [46.23s]; best loss:1.38740, patience : 2
2026-04-12 20:13:46,764 P2732466 INFO pr:0.9657  rc:0.9219  auc:0.9775 ap:0.9775 f1: 0.9433 pred_right: 38621 pred_wrong:379 actu_right: 38603 actu_wrong: 397
2026-04-12 20:13:47,686 P2732466 INFO pr:0.9618  rc:0.9767  auc:0.9947 ap:0.9817 f1: 0.9692 pred_right: 16369 pred_wrong:131 actu_right: 16371 actu_wrong: 129
2026-04-12 20:13:47,686 P2732466 INFO ----------------------------------------------------------------------------------------------------
2026-04-12 20:13:47,686 P2732466 INFO 45/300 starting... lr: 0.001 para:0.021739130839705467
2026-04-12 20:14:33,910 P2732466 INFO Epoch 45/300, all_loss:2.10851 cls_loss:1.34750 rec_loss:40.05356 [46.22s]; best loss:1.38740, patience : 3
2026-04-12 20:14:36,163 P2732466 INFO pr:0.9784  rc:0.9141  auc:0.9771 ap:0.9749 f1: 0.9452 pred_right: 38630 pred_wrong:370 actu_right: 38604 actu_wrong: 396
2026-04-12 20:14:37,078 P2732466 INFO pr:0.9615  rc:0.9690  auc:0.9881 ap:0.9753 f1: 0.9653 pred_right: 16370 pred_wrong:130 actu_right: 16371 actu_wrong: 129
2026-04-12 20:14:37,079 P2732466 INFO ----------------------------------------------------------------------------------------------------
2026-04-12 20:14:37,079 P2732466 INFO 46/300 starting... lr: 0.001 para:0.021276595070958138
2026-04-12 20:15:23,380 P2732466 INFO Epoch 46/300, all_loss:2.13417 cls_loss:1.39122 rec_loss:40.08984 [46.30s]; best loss:1.38740, patience : 4
2026-04-12 20:15:25,618 P2732466 INFO pr:0.9916  rc:0.8892  auc:0.9715 ap:0.9727 f1: 0.9376 pred_right: 38644 pred_wrong:356 actu_right: 38603 actu_wrong: 397
2026-04-12 20:15:26,540 P2732466 INFO pr:0.9683  rc:0.9457  auc:0.9877 ap:0.9771 f1: 0.9569 pred_right: 16374 pred_wrong:126 actu_right: 16371 actu_wrong: 129
2026-04-12 20:15:26,541 P2732466 INFO ----------------------------------------------------------------------------------------------------
2026-04-12 20:15:26,541 P2732466 INFO 47/300 starting... lr: 0.001 para:0.02083333395421505
2026-04-12 20:16:12,784 P2732466 INFO Epoch 47/300, all_loss:2.15223 cls_loss:1.42708 rec_loss:40.09404 [46.24s]; best loss:1.38740, patience : 5
2026-04-12 20:16:15,006 P2732466 INFO pr:0.9808  rc:0.9040  auc:0.9747 ap:0.9741 f1: 0.9409 pred_right: 38635 pred_wrong:365 actu_right: 38604 actu_wrong: 396
2026-04-12 20:16:15,963 P2732466 INFO pr:0.9531  rc:0.9457  auc:0.9880 ap:0.9749 f1: 0.9494 pred_right: 16372 pred_wrong:128 actu_right: 16371 actu_wrong: 129
2026-04-12 20:16:15,964 P2732466 INFO ----------------------------------------------------------------------------------------------------
2026-04-12 20:16:15,964 P2732466 INFO 48/300 starting... lr: 0.001 para:0.020408162847161293
2026-04-12 20:17:02,100 P2732466 INFO Epoch 48/300, all_loss:2.12481 cls_loss:1.41802 rec_loss:39.99041 [46.14s]; best loss:1.38740, patience : 5
2026-04-12 20:17:04,351 P2732466 INFO pr:0.9810  rc:0.9141  auc:0.9777 ap:0.9762 f1: 0.9464 pred_right: 38631 pred_wrong:369 actu_right: 38604 actu_wrong: 396
2026-04-12 20:17:05,312 P2732466 INFO pr:0.9542  rc:0.9690  auc:0.9916 ap:0.9742 f1: 0.9615 pred_right: 16369 pred_wrong:131 actu_right: 16371 actu_wrong: 129
2026-04-12 20:17:05,312 P2732466 INFO ----------------------------------------------------------------------------------------------------
2026-04-12 20:17:05,313 P2732466 INFO 49/300 starting... lr: 0.001 para:0.019999999552965164
2026-04-12 20:17:51,536 P2732466 INFO Epoch 49/300, all_loss:1.03098 cls_loss:0.31673 rec_loss:40.04966 [46.20s]; best loss:1.03098, patience : 0
2026-04-12 20:17:53,793 P2732466 INFO pr:0.9811  rc:0.9144  auc:0.9766 ap:0.9774 f1: 0.9465 pred_right: 38630 pred_wrong:370 actu_right: 38603 actu_wrong: 397
2026-04-12 20:17:54,759 P2732466 INFO pr:0.9683  rc:0.9457  auc:0.9917 ap:0.9740 f1: 0.9569 pred_right: 16374 pred_wrong:126 actu_right: 16371 actu_wrong: 129
2026-04-12 20:17:54,760 P2732466 INFO ----------------------------------------------------------------------------------------------------
2026-04-12 20:17:54,760 P2732466 INFO 50/300 starting... lr: 0.001 para:0.019607843831181526
2026-04-12 20:18:40,825 P2732466 INFO Epoch 50/300, all_loss:1.87523 cls_loss:1.19395 rec_loss:40.04020 [46.06s]; best loss:1.03098, patience : 1
2026-04-12 20:18:43,101 P2732466 INFO pr:0.9380  rc:0.9167  auc:0.9628 ap:0.9501 f1: 0.9272 pred_right: 38613 pred_wrong:387 actu_right: 38604 actu_wrong: 396
2026-04-12 20:18:44,058 P2732466 INFO pr:0.9065  rc:0.9767  auc:0.9934 ap:0.9580 f1: 0.9403 pred_right: 16361 pred_wrong:139 actu_right: 16371 actu_wrong: 129
2026-04-12 20:18:44,058 P2732466 INFO ----------------------------------------------------------------------------------------------------
2026-04-12 20:18:44,058 P2732466 INFO 51/300 starting... lr: 0.001 para:0.01923076994717121
2026-04-12 20:19:30,145 P2732466 INFO Epoch 51/300, all_loss:2.76300 cls_loss:2.11467 rec_loss:40.00937 [46.09s]; best loss:1.03098, patience : 2
2026-04-12 20:19:32,427 P2732466 INFO pr:0.9576  rc:0.9116  auc:0.9581 ap:0.9610 f1: 0.9340 pred_right: 38623 pred_wrong:377 actu_right: 38604 actu_wrong: 396
2026-04-12 20:19:33,378 P2732466 INFO pr:0.9470  rc:0.9690  auc:0.9880 ap:0.9733 f1: 0.9579 pred_right: 16368 pred_wrong:132 actu_right: 16371 actu_wrong: 129
2026-04-12 20:19:33,378 P2732466 INFO ----------------------------------------------------------------------------------------------------
2026-04-12 20:19:33,378 P2732466 INFO 52/300 starting... lr: 0.001 para:0.01886792480945587
2026-04-12 20:20:19,551 P2732466 INFO Epoch 52/300, all_loss:1.65339 cls_loss:0.99864 rec_loss:39.96272 [46.17s]; best loss:1.03098, patience : 2
2026-04-12 20:20:21,862 P2732466 INFO pr:0.9406  rc:0.9572  auc:0.9922 ap:0.9733 f1: 0.9488 pred_right: 38596 pred_wrong:404 actu_right: 38603 actu_wrong: 397
2026-04-12 20:20:22,814 P2732466 INFO pr:0.9203  rc:0.9845  auc:0.9997 ap:0.9684 f1: 0.9513 pred_right: 16362 pred_wrong:138 actu_right: 16371 actu_wrong: 129
2026-04-12 20:20:22,815 P2732466 INFO ----------------------------------------------------------------------------------------------------
2026-04-12 20:20:22,815 P2732466 INFO 53/300 starting... lr: 0.001 para:0.018518518656492233
2026-04-12 20:21:08,806 P2732466 INFO Epoch 53/300, all_loss:3.39461 cls_loss:2.78629 rec_loss:39.97923 [45.99s]; best loss:1.03098, patience : 3
2026-04-12 20:21:11,135 P2732466 INFO pr:0.9543  rc:0.8942  auc:0.9627 ap:0.9602 f1: 0.9233 pred_right: 38628 pred_wrong:372 actu_right: 38603 actu_wrong: 397
2026-04-12 20:21:12,090 P2732466 INFO pr:0.9323  rc:0.9612  auc:0.9878 ap:0.9739 f1: 0.9466 pred_right: 16367 pred_wrong:133 actu_right: 16371 actu_wrong: 129
2026-04-12 20:21:12,091 P2732466 INFO ----------------------------------------------------------------------------------------------------
2026-04-12 20:21:12,091 P2732466 INFO 54/300 starting... lr: 0.001 para:0.0181818176060915
2026-04-12 20:21:58,156 P2732466 INFO Epoch 54/300, all_loss:4.37928 cls_loss:3.80151 rec_loss:40.00274 [46.06s]; best loss:1.03098, patience : 4
2026-04-12 20:22:00,492 P2732466 INFO pr:0.9754  rc:0.9015  auc:0.9630 ap:0.9614 f1: 0.9370 pred_right: 38634 pred_wrong:366 actu_right: 38604 actu_wrong: 396
2026-04-12 20:22:01,451 P2732466 INFO pr:0.9542  rc:0.9690  auc:0.9881 ap:0.9712 f1: 0.9615 pred_right: 16369 pred_wrong:131 actu_right: 16371 actu_wrong: 129
2026-04-12 20:22:01,451 P2732466 INFO ----------------------------------------------------------------------------------------------------
2026-04-12 20:22:01,452 P2732466 INFO 55/300 starting... lr: 0.001 para:0.01785714365541935
2026-04-12 20:22:47,599 P2732466 INFO Epoch 55/300, all_loss:2.20999 cls_loss:1.60553 rec_loss:39.95987 [46.15s]; best loss:1.03098, patience : 4
2026-04-12 20:22:49,940 P2732466 INFO pr:0.9512  rc:0.9320  auc:0.9825 ap:0.9700 f1: 0.9415 pred_right: 38611 pred_wrong:389 actu_right: 38603 actu_wrong: 397
2026-04-12 20:22:50,892 P2732466 INFO pr:0.9197  rc:0.9767  auc:0.9996 ap:0.9639 f1: 0.9474 pred_right: 16363 pred_wrong:137 actu_right: 16371 actu_wrong: 129
2026-04-12 20:22:50,892 P2732466 INFO ----------------------------------------------------------------------------------------------------
2026-04-12 20:22:50,892 P2732466 INFO 56/300 starting... lr: 0.001 para:0.017543859779834747
2026-04-12 20:23:37,103 P2732466 INFO Epoch 56/300, all_loss:3.02839 cls_loss:2.45067 rec_loss:39.96578 [46.21s]; best loss:1.03098, patience : 5
2026-04-12 20:23:39,450 P2732466 INFO pr:0.9656  rc:0.9217  auc:0.9844 ap:0.9686 f1: 0.9432 pred_right: 38622 pred_wrong:378 actu_right: 38604 actu_wrong: 396
2026-04-12 20:23:40,410 P2732466 INFO pr:0.9254  rc:0.9612  auc:0.9995 ap:0.9571 f1: 0.9430 pred_right: 16366 pred_wrong:134 actu_right: 16371 actu_wrong: 129
2026-04-12 20:23:40,410 P2732466 INFO ----------------------------------------------------------------------------------------------------
2026-04-12 20:23:40,410 P2732466 INFO 57/300 starting... lr: 0.001 para:0.017241379246115685
2026-04-12 20:24:26,520 P2732466 INFO Epoch 57/300, all_loss:57.18173 cls_loss:57.56589 rec_loss:39.95013 [46.11s]; best loss:1.03098, patience : 6
2026-04-12 20:24:28,860 P2732466 INFO pr:0.9890  rc:0.9066  auc:0.9714 ap:0.9730 f1: 0.9460 pred_right: 38637 pred_wrong:363 actu_right: 38604 actu_wrong: 396
2026-04-12 20:24:29,832 P2732466 INFO pr:0.9609  rc:0.9535  auc:0.9940 ap:0.9812 f1: 0.9572 pred_right: 16372 pred_wrong:128 actu_right: 16371 actu_wrong: 129
2026-04-12 20:24:29,833 P2732466 INFO ----------------------------------------------------------------------------------------------------
2026-04-12 20:24:29,833 P2732466 INFO 58/300 starting... lr: 0.001 para:0.016949152573943138
2026-04-12 20:25:15,912 P2732466 INFO Epoch 58/300, all_loss:2.06180 cls_loss:1.49074 rec_loss:39.92896 [46.08s]; best loss:1.03098, patience : 6
2026-04-12 20:25:18,238 P2732466 INFO pr:0.9945  rc:0.9068  auc:0.9732 ap:0.9745 f1: 0.9486 pred_right: 38638 pred_wrong:362 actu_right: 38603 actu_wrong: 397
2026-04-12 20:25:19,190 P2732466 INFO pr:0.9524  rc:0.9302  auc:0.9881 ap:0.9784 f1: 0.9412 pred_right: 16374 pred_wrong:126 actu_right: 16371 actu_wrong: 129
2026-04-12 20:25:19,190 P2732466 INFO ----------------------------------------------------------------------------------------------------
2026-04-12 20:25:19,190 P2732466 INFO 59/300 starting... lr: 0.001 para:0.01666666753590107
2026-04-12 20:26:05,221 P2732466 INFO Epoch 59/300, all_loss:2.33278 cls_loss:1.77778 rec_loss:39.90344 [46.03s]; best loss:1.03098, patience : 7
2026-04-12 20:26:07,557 P2732466 INFO pr:0.9812  rc:0.9242  auc:0.9783 ap:0.9786 f1: 0.9519 pred_right: 38627 pred_wrong:373 actu_right: 38604 actu_wrong: 396
2026-04-12 20:26:08,509 P2732466 INFO pr:0.9398  rc:0.9690  auc:0.9940 ap:0.9839 f1: 0.9542 pred_right: 16367 pred_wrong:133 actu_right: 16371 actu_wrong: 129
2026-04-12 20:26:08,519 P2732466 INFO ----------------------------------------------------------------------------------------------------
2026-04-12 20:26:08,520 P2732466 INFO 60/300 starting... lr: 0.001 para:0.016393441706895828
2026-04-12 20:26:54,573 P2732466 INFO Epoch 60/300, all_loss:2.52360 cls_loss:1.98224 rec_loss:39.91122 [46.05s]; best loss:1.03098, patience : 8
2026-04-12 20:26:56,921 P2732466 INFO pr:0.9788  rc:0.9318  auc:0.9811 ap:0.9793 f1: 0.9547 pred_right: 38623 pred_wrong:377 actu_right: 38604 actu_wrong: 396
2026-04-12 20:26:57,879 P2732466 INFO pr:0.9545  rc:0.9767  auc:0.9940 ap:0.9826 f1: 0.9655 pred_right: 16368 pred_wrong:132 actu_right: 16371 actu_wrong: 129
2026-04-12 20:26:57,889 P2732466 INFO ----------------------------------------------------------------------------------------------------
2026-04-12 20:26:57,889 P2732466 INFO 61/300 starting... lr: 0.001 para:0.016129031777381897
2026-04-12 20:27:43,987 P2732466 INFO Epoch 61/300, all_loss:1.58877 cls_loss:1.04263 rec_loss:39.89038 [46.10s]; best loss:1.03098, patience : 8
2026-04-12 20:27:46,293 P2732466 INFO pr:0.9789  rc:0.9345  auc:0.9810 ap:0.9758 f1: 0.9562 pred_right: 38621 pred_wrong:379 actu_right: 38603 actu_wrong: 397
2026-04-12 20:27:47,238 P2732466 INFO pr:0.9474  rc:0.9767  auc:0.9939 ap:0.9783 f1: 0.9618 pred_right: 16367 pred_wrong:133 actu_right: 16371 actu_wrong: 129
2026-04-12 20:27:47,249 P2732466 INFO ----------------------------------------------------------------------------------------------------
2026-04-12 20:27:47,249 P2732466 INFO 62/300 starting... lr: 0.001 para:0.01587301678955555
2026-04-12 20:28:33,072 P2732466 INFO Epoch 62/300, all_loss:1.95007 cls_loss:1.41882 rec_loss:39.95423 [45.82s]; best loss:1.03098, patience : 9
2026-04-12 20:28:35,378 P2732466 INFO pr:0.9661  rc:0.9367  auc:0.9882 ap:0.9760 f1: 0.9512 pred_right: 38617 pred_wrong:383 actu_right: 38605 actu_wrong: 395
2026-04-12 20:28:36,317 P2732466 INFO pr:0.9333  rc:0.9767  auc:0.9938 ap:0.9716 f1: 0.9545 pred_right: 16365 pred_wrong:135 actu_right: 16371 actu_wrong: 129
2026-04-12 20:28:36,318 P2732466 INFO ----------------------------------------------------------------------------------------------------
2026-04-12 20:28:36,318 P2732466 INFO 63/300 starting... lr: 0.001 para:0.015625
2026-04-12 20:29:22,181 P2732466 INFO Epoch 63/300, all_loss:2.68236 cls_loss:2.17244 rec_loss:39.95429 [45.86s]; best loss:1.03098, patience : 10
2026-04-12 20:29:24,482 P2732466 INFO pr:0.9688  rc:0.9370  auc:0.9813 ap:0.9751 f1: 0.9526 pred_right: 38616 pred_wrong:384 actu_right: 38603 actu_wrong: 397
2026-04-12 20:29:25,436 P2732466 INFO pr:0.9538  rc:0.9612  auc:0.9882 ap:0.9713 f1: 0.9575 pred_right: 16370 pred_wrong:130 actu_right: 16371 actu_wrong: 129
2026-04-12 20:29:25,437 P2732466 INFO ----------------------------------------------------------------------------------------------------
2026-04-12 20:29:25,437 P2732466 INFO 64/300 starting... lr: 0.001 para:0.015384615398943424
2026-04-12 20:30:11,118 P2732466 INFO Epoch 64/300, all_loss:1.80299 cls_loss:1.28852 rec_loss:39.95685 [45.68s]; best loss:1.03098, patience : 10
2026-04-12 20:30:13,494 P2732466 INFO pr:0.9661  rc:0.9320  auc:0.9864 ap:0.9780 f1: 0.9487 pred_right: 38617 pred_wrong:383 actu_right: 38603 actu_wrong: 397
2026-04-12 20:30:14,429 P2732466 INFO pr:0.9333  rc:0.9767  auc:0.9939 ap:0.9747 f1: 0.9545 pred_right: 16365 pred_wrong:135 actu_right: 16371 actu_wrong: 129
2026-04-12 20:30:14,429 P2732466 INFO ----------------------------------------------------------------------------------------------------
2026-04-12 20:30:14,429 P2732466 INFO 65/300 starting... lr: 0.001 para:0.01515151560306549
2026-04-12 20:31:00,284 P2732466 INFO Epoch 65/300, all_loss:1.82457 cls_loss:1.31933 rec_loss:39.97338 [45.85s]; best loss:1.03098, patience : 11
2026-04-12 20:31:02,616 P2732466 INFO pr:0.9761  rc:0.9270  auc:0.9769 ap:0.9732 f1: 0.9509 pred_right: 38623 pred_wrong:377 actu_right: 38603 actu_wrong: 397
2026-04-12 20:31:03,556 P2732466 INFO pr:0.9398  rc:0.9690  auc:0.9918 ap:0.9764 f1: 0.9542 pred_right: 16367 pred_wrong:133 actu_right: 16371 actu_wrong: 129
2026-04-12 20:31:03,556 P2732466 INFO ----------------------------------------------------------------------------------------------------
2026-04-12 20:31:03,556 P2732466 INFO 66/300 starting... lr: 0.001 para:0.014925372786819935
2026-04-12 20:31:49,317 P2732466 INFO Epoch 66/300, all_loss:1.65904 cls_loss:1.15977 rec_loss:39.99990 [45.76s]; best loss:1.03098, patience : 11
2026-04-12 20:31:51,604 P2732466 INFO pr:0.9661  rc:0.9367  auc:0.9835 ap:0.9752 f1: 0.9512 pred_right: 38617 pred_wrong:383 actu_right: 38605 actu_wrong: 395
2026-04-12 20:31:52,545 P2732466 INFO pr:0.9474  rc:0.9767  auc:0.9940 ap:0.9746 f1: 0.9618 pred_right: 16367 pred_wrong:133 actu_right: 16371 actu_wrong: 129
2026-04-12 20:31:52,545 P2732466 INFO ----------------------------------------------------------------------------------------------------
2026-04-12 20:31:52,545 P2732466 INFO 67/300 starting... lr: 0.001 para:0.014705882407724857
2026-04-12 20:32:38,310 P2732466 INFO Epoch 67/300, all_loss:2.17470 cls_loss:1.69217 rec_loss:39.97438 [45.76s]; best loss:1.03098, patience : 12
2026-04-12 20:32:40,601 P2732466 INFO pr:0.9661  rc:0.9392  auc:0.9861 ap:0.9738 f1: 0.9525 pred_right: 38616 pred_wrong:384 actu_right: 38605 actu_wrong: 395
2026-04-12 20:32:41,546 P2732466 INFO pr:0.9333  rc:0.9767  auc:0.9938 ap:0.9671 f1: 0.9545 pred_right: 16365 pred_wrong:135 actu_right: 16371 actu_wrong: 129
2026-04-12 20:32:41,547 P2732466 INFO ----------------------------------------------------------------------------------------------------
2026-04-12 20:32:41,547 P2732466 INFO 68/300 starting... lr: 0.001 para:0.014492753893136978
2026-04-12 20:33:27,507 P2732466 INFO Epoch 68/300, all_loss:1.16504 cls_loss:0.67653 rec_loss:39.93437 [45.96s]; best loss:1.03098, patience : 12
2026-04-12 20:33:29,808 P2732466 INFO pr:0.9639  rc:0.9421  auc:0.9858 ap:0.9693 f1: 0.9529 pred_right: 38612 pred_wrong:388 actu_right: 38603 actu_wrong: 397
2026-04-12 20:33:30,761 P2732466 INFO pr:0.9259  rc:0.9690  auc:0.9938 ap:0.9635 f1: 0.9470 pred_right: 16365 pred_wrong:135 actu_right: 16371 actu_wrong: 129
2026-04-12 20:33:30,761 P2732466 INFO ----------------------------------------------------------------------------------------------------
2026-04-12 20:33:30,761 P2732466 INFO 69/300 starting... lr: 0.001 para:0.014285714365541935
2026-04-12 20:34:16,531 P2732466 INFO Epoch 69/300, all_loss:1.54004 cls_loss:1.06548 rec_loss:39.91535 [45.77s]; best loss:1.03098, patience : 13
2026-04-12 20:34:18,832 P2732466 INFO pr:0.9757  rc:0.9093  auc:0.9719 ap:0.9699 f1: 0.9413 pred_right: 38630 pred_wrong:370 actu_right: 38603 actu_wrong: 397
2026-04-12 20:34:19,772 P2732466 INFO pr:0.9538  rc:0.9612  auc:0.9940 ap:0.9773 f1: 0.9575 pred_right: 16370 pred_wrong:130 actu_right: 16371 actu_wrong: 129
2026-04-12 20:34:19,772 P2732466 INFO ----------------------------------------------------------------------------------------------------
2026-04-12 20:34:19,772 P2732466 INFO 70/300 starting... lr: 0.001 para:0.014084506779909134
2026-04-12 20:35:05,403 P2732466 INFO Epoch 70/300, all_loss:1.76249 cls_loss:1.29864 rec_loss:39.94374 [45.63s]; best loss:1.03098, patience : 14
2026-04-12 20:35:07,699 P2732466 INFO pr:0.9631  rc:0.9194  auc:0.9762 ap:0.9648 f1: 0.9407 pred_right: 38621 pred_wrong:379 actu_right: 38603 actu_wrong: 397
2026-04-12 20:35:08,642 P2732466 INFO pr:0.9466  rc:0.9612  auc:0.9919 ap:0.9669 f1: 0.9538 pred_right: 16369 pred_wrong:131 actu_right: 16371 actu_wrong: 129
2026-04-12 20:35:08,642 P2732466 INFO ----------------------------------------------------------------------------------------------------
2026-04-12 20:35:08,643 P2732466 INFO 71/300 starting... lr: 0.001 para:0.013888888992369175
2026-04-12 20:35:54,450 P2732466 INFO Epoch 71/300, all_loss:1.26143 cls_loss:0.79756 rec_loss:39.98828 [45.81s]; best loss:1.03098, patience : 14
2026-04-12 20:35:56,747 P2732466 INFO pr:0.9787  rc:0.9244  auc:0.9791 ap:0.9725 f1: 0.9508 pred_right: 38625 pred_wrong:375 actu_right: 38603 actu_wrong: 397
2026-04-12 20:35:57,692 P2732466 INFO pr:0.9328  rc:0.9690  auc:0.9939 ap:0.9758 f1: 0.9506 pred_right: 16366 pred_wrong:134 actu_right: 16371 actu_wrong: 129
2026-04-12 20:35:57,693 P2732466 INFO ----------------------------------------------------------------------------------------------------
2026-04-12 20:35:57,693 P2732466 INFO 72/300 starting... lr: 0.001 para:0.013698630034923553
2026-04-12 20:36:43,570 P2732466 INFO Early stop at epoch: 72
2026-04-12 20:36:43,570 P2732466 INFO saving model...
2026-04-12 20:36:43,571 P2732466 INFO mestgad - loss  best score:1.030979871749878 at epoch 49
2026-04-12 20:36:43,607 P2732466 INFO mestgad - f1  best score:0.9561855670103093 at epoch 61
2026-04-12 20:36:43,639 P2732466 INFO calculate scores...
2026-04-12 20:36:43,643 P2732466 INFO calculate label with loss...
2026-04-12 20:36:43,643 P2732466 INFO mestgad on results/lambda/mestgad_msds_lam0.05_seed2/mestgad-MSDS-save-e503ed97-1776040540 loading...
2026-04-12 20:36:44,645 P2732466 INFO pr:0.9683  rc:0.9457  auc:0.9917 ap:0.9740 f1: 0.9569 pred_right: 16374 pred_wrong:126 actu_right: 16371 actu_wrong: 129
2026-04-12 20:36:44,645 P2732466 INFO calculate label with f1...
2026-04-12 20:36:44,645 P2732466 INFO mestgad on results/lambda/mestgad_msds_lam0.05_seed2/mestgad-MSDS-save-e503ed97-1776040540 loading...
2026-04-12 20:36:45,598 P2732466 INFO pr:0.9474  rc:0.9767  auc:0.9939 ap:0.9783 f1: 0.9618 pred_right: 16367 pred_wrong:133 actu_right: 16371 actu_wrong: 129
2026-04-12 20:36:45,602 P2732466 INFO ^^^^^^ Current Model: ----mestgad----e503ed97 ^^^^^
